<?xml version="1.0" encoding="UTF-8"?>
<coverage generated="1596056105004" clover="3.2.0">
  <project timestamp="1596056105004" name="All files">
    <metrics statements="568" coveredstatements="493" conditionals="303" coveredconditionals="232" methods="242" coveredmethods="210" elements="1113" coveredelements="935" complexity="0" loc="568" ncloc="568" packages="16" files="60" classes="60"/>
    <package name="src">
      <metrics statements="14" coveredstatements="14" conditionals="2" coveredconditionals="2" methods="3" coveredmethods="3"/>
      <file name="error.ts" path="/Users/zeljko/Developer/entail-core/src/error.ts">
        <metrics statements="2" coveredstatements="2" conditionals="0" coveredconditionals="0" methods="1" coveredmethods="1"/>
        <line num="8" count="24" type="stmt"/>
        <line num="11" count="24" type="stmt"/>
      </file>
      <file name="formula-construction-util.ts" path="/Users/zeljko/Developer/entail-core/src/formula-construction-util.ts">
        <metrics statements="4" coveredstatements="4" conditionals="2" coveredconditionals="2" methods="2" coveredmethods="2"/>
        <line num="8" count="11" type="stmt"/>
        <line num="9" count="12" type="cond" truecount="2" falsecount="0"/>
        <line num="11" count="11" type="stmt"/>
        <line num="14" count="9" type="stmt"/>
      </file>
      <file name="primitive-syms.ts" path="/Users/zeljko/Developer/entail-core/src/primitive-syms.ts">
        <metrics statements="8" coveredstatements="8" conditionals="0" coveredconditionals="0" methods="0" coveredmethods="0"/>
        <line num="4" count="16" type="stmt"/>
        <line num="5" count="16" type="stmt"/>
        <line num="6" count="16" type="stmt"/>
        <line num="7" count="16" type="stmt"/>
        <line num="8" count="16" type="stmt"/>
        <line num="9" count="16" type="stmt"/>
        <line num="10" count="16" type="stmt"/>
        <line num="12" count="16" type="stmt"/>
      </file>
    </package>
    <package name="src.abstract-structures.expression">
      <metrics statements="93" coveredstatements="89" conditionals="59" coveredconditionals="53" methods="53" coveredmethods="51"/>
      <file name="error.ts" path="/Users/zeljko/Developer/entail-core/src/abstract-structures/expression/error.ts">
        <metrics statements="0" coveredstatements="0" conditionals="0" coveredconditionals="0" methods="0" coveredmethods="0"/>
      </file>
      <file name="expression-pointer.ts" path="/Users/zeljko/Developer/entail-core/src/abstract-structures/expression/expression-pointer.ts">
        <metrics statements="19" coveredstatements="18" conditionals="12" coveredconditionals="11" methods="12" coveredmethods="11"/>
        <line num="19" count="63" type="stmt"/>
        <line num="21" count="26" type="stmt"/>
        <line num="24" count="25" type="cond" truecount="2" falsecount="0"/>
        <line num="26" count="24" type="stmt"/>
        <line num="36" count="11" type="cond" truecount="2" falsecount="0"/>
        <line num="38" count="7" type="cond" truecount="1" falsecount="1"/>
        <line num="40" count="7" type="stmt"/>
        <line num="41" count="7" type="stmt"/>
        <line num="43" count="7" type="cond" truecount="2" falsecount="0"/>
        <line num="49" count="1" type="stmt"/>
        <line num="52" count="1" type="stmt"/>
        <line num="56" count="2" type="stmt"/>
        <line num="59" count="1" type="stmt"/>
        <line num="63" count="0" type="stmt"/>
        <line num="74" count="27" type="cond" truecount="2" falsecount="0"/>
        <line num="75" count="16" type="stmt"/>
        <line num="76" count="16" type="stmt"/>
        <line num="77" count="16" type="stmt"/>
        <line num="78" count="16" type="cond" truecount="2" falsecount="0"/>
      </file>
      <file name="expression-util.ts" path="/Users/zeljko/Developer/entail-core/src/abstract-structures/expression/expression-util.ts">
        <metrics statements="5" coveredstatements="5" conditionals="2" coveredconditionals="2" methods="2" coveredmethods="2"/>
        <line num="12" count="16" type="stmt"/>
        <line num="13" count="15" type="cond" truecount="2" falsecount="0"/>
        <line num="14" count="13" type="stmt"/>
        <line num="16" count="19" type="stmt"/>
        <line num="21" count="13" type="stmt"/>
      </file>
      <file name="expression.ts" path="/Users/zeljko/Developer/entail-core/src/abstract-structures/expression/expression.ts">
        <metrics statements="69" coveredstatements="66" conditionals="45" coveredconditionals="40" methods="39" coveredmethods="38"/>
        <line num="28" count="76" type="stmt"/>
        <line num="29" count="76" type="cond" truecount="1" falsecount="1"/>
        <line num="30" count="76" type="stmt"/>
        <line num="34" count="144" type="cond" truecount="2" falsecount="0"/>
        <line num="42" count="76" type="cond" truecount="2" falsecount="0"/>
        <line num="44" count="42" type="stmt"/>
        <line num="46" count="42" type="stmt"/>
        <line num="51" count="34" type="stmt"/>
        <line num="52" count="34" type="stmt"/>
        <line num="53" count="34" type="stmt"/>
        <line num="57" count="6" type="stmt"/>
        <line num="58" count="6" type="cond" truecount="2" falsecount="0"/>
        <line num="59" count="3" type="stmt"/>
        <line num="60" count="3" type="stmt"/>
        <line num="62" count="6" type="stmt"/>
        <line num="71" count="32" type="stmt"/>
        <line num="72" count="32" type="stmt"/>
        <line num="74" count="32" type="cond" truecount="4" falsecount="0"/>
        <line num="75" count="32" type="stmt"/>
        <line num="77" count="32" type="stmt"/>
        <line num="78" count="32" type="stmt"/>
        <line num="79" count="32" type="stmt"/>
        <line num="80" count="32" type="stmt"/>
        <line num="86" count="160" type="stmt"/>
        <line num="87" count="160" type="cond" truecount="2" falsecount="0"/>
        <line num="89" count="160" type="cond" truecount="2" falsecount="0"/>
        <line num="90" count="153" type="stmt"/>
        <line num="91" count="105" type="stmt"/>
        <line num="93" count="64" type="stmt"/>
        <line num="95" count="153" type="stmt"/>
        <line num="101" count="22" type="stmt"/>
        <line num="102" count="22" type="cond" truecount="2" falsecount="0"/>
        <line num="104" count="20" type="stmt"/>
        <line num="106" count="20" type="stmt"/>
        <line num="108" count="16" type="stmt"/>
        <line num="118" count="27" type="stmt"/>
        <line num="120" count="28" type="stmt"/>
        <line num="123" count="3" type="cond" truecount="2" falsecount="0"/>
        <line num="124" count="2" type="cond" truecount="2" falsecount="0"/>
        <line num="129" count="4" type="stmt"/>
        <line num="131" count="4" type="stmt"/>
        <line num="136" count="2" type="stmt"/>
        <line num="140" count="17" type="stmt"/>
        <line num="141" count="17" type="stmt"/>
        <line num="142" count="17" type="cond" truecount="2" falsecount="0"/>
        <line num="143" count="17" type="stmt"/>
        <line num="148" count="77" type="stmt"/>
        <line num="149" count="77" type="cond" truecount="2" falsecount="0"/>
        <line num="150" count="77" type="cond" truecount="2" falsecount="0"/>
        <line num="151" count="77" type="stmt"/>
        <line num="156" count="26" type="stmt"/>
        <line num="160" count="22" type="stmt"/>
        <line num="164" count="70" type="stmt"/>
        <line num="166" count="70" type="cond" truecount="2" falsecount="0"/>
        <line num="168" count="70" type="cond" truecount="2" falsecount="0"/>
        <line num="169" count="10" type="cond" truecount="2" falsecount="0"/>
        <line num="170" count="9" type="stmt"/>
        <line num="173" count="69" type="stmt"/>
        <line num="174" count="48" type="stmt"/>
        <line num="180" count="16" type="stmt"/>
        <line num="186" count="32" type="cond" truecount="1" falsecount="1"/>
        <line num="187" count="0" type="cond" truecount="0" falsecount="2"/>
        <line num="188" count="0" type="stmt"/>
        <line num="191" count="32" type="cond" truecount="2" falsecount="0"/>
        <line num="192" count="30" type="stmt"/>
        <line num="194" count="2" type="cond" truecount="1" falsecount="1"/>
        <line num="195" count="2" type="stmt"/>
        <line num="201" count="2" type="stmt"/>
        <line num="210" count="0" type="stmt"/>
      </file>
      <file name="index.ts" path="/Users/zeljko/Developer/entail-core/src/abstract-structures/expression/index.ts">
        <metrics statements="0" coveredstatements="0" conditionals="0" coveredconditionals="0" methods="0" coveredmethods="0"/>
      </file>
    </package>
    <package name="src.abstract-structures.sym">
      <metrics statements="26" coveredstatements="23" conditionals="19" coveredconditionals="18" methods="11" coveredmethods="10"/>
      <file name="category.ts" path="/Users/zeljko/Developer/entail-core/src/abstract-structures/sym/category.ts">
        <metrics statements="2" coveredstatements="2" conditionals="0" coveredconditionals="0" methods="1" coveredmethods="1"/>
        <line num="32" count="20" type="stmt"/>
        <line num="39" count="20" type="stmt"/>
      </file>
      <file name="index.ts" path="/Users/zeljko/Developer/entail-core/src/abstract-structures/sym/index.ts">
        <metrics statements="0" coveredstatements="0" conditionals="0" coveredconditionals="0" methods="0" coveredmethods="0"/>
      </file>
      <file name="kind.ts" path="/Users/zeljko/Developer/entail-core/src/abstract-structures/sym/kind.ts">
        <metrics statements="0" coveredstatements="0" conditionals="0" coveredconditionals="0" methods="0" coveredmethods="0"/>
      </file>
      <file name="sym.ts" path="/Users/zeljko/Developer/entail-core/src/abstract-structures/sym/sym.ts">
        <metrics statements="24" coveredstatements="21" conditionals="19" coveredconditionals="18" methods="10" coveredmethods="9"/>
        <line num="32" count="162" type="stmt"/>
        <line num="35" count="134" type="cond" truecount="1" falsecount="0"/>
        <line num="37" count="7" type="cond" truecount="1" falsecount="0"/>
        <line num="39" count="3" type="cond" truecount="1" falsecount="0"/>
        <line num="41" count="14" type="cond" truecount="1" falsecount="0"/>
        <line num="44" count="2" type="cond" truecount="2" falsecount="0"/>
        <line num="46" count="1" type="stmt"/>
        <line num="48" count="1" type="stmt"/>
        <line num="53" count="166" type="cond" truecount="4" falsecount="0"/>
        <line num="55" count="136" type="stmt"/>
        <line num="57" count="9" type="stmt"/>
        <line num="59" count="5" type="stmt"/>
        <line num="61" count="16" type="stmt"/>
        <line num="66" count="523" type="cond" truecount="2" falsecount="0"/>
        <line num="68" count="468" type="cond" truecount="2" falsecount="0"/>
        <line num="70" count="445" type="stmt"/>
        <line num="72" count="23" type="stmt"/>
        <line num="74" count="0" type="stmt"/>
        <line num="76" count="55" type="cond" truecount="2" falsecount="0"/>
        <line num="78" count="3" type="stmt"/>
        <line num="80" count="52" type="stmt"/>
        <line num="82" count="0" type="stmt"/>
        <line num="87" count="19" type="cond" truecount="1" falsecount="1"/>
        <line num="90" count="0" type="stmt"/>
      </file>
    </package>
    <package name="src.deduction-interface">
      <metrics statements="8" coveredstatements="6" conditionals="6" coveredconditionals="5" methods="7" coveredmethods="6"/>
      <file name="deduction-interface.ts" path="/Users/zeljko/Developer/entail-core/src/deduction-interface/deduction-interface.ts">
        <metrics statements="8" coveredstatements="6" conditionals="6" coveredconditionals="5" methods="7" coveredmethods="6"/>
        <line num="12" count="6" type="cond" truecount="1" falsecount="0"/>
        <line num="18" count="32" type="stmt"/>
        <line num="19" count="32" type="stmt"/>
        <line num="23" count="32" type="stmt"/>
        <line num="27" count="32" type="cond" truecount="1" falsecount="1"/>
        <line num="28" count="0" type="stmt"/>
        <line num="31" count="32" type="stmt"/>
        <line num="40" count="0" type="stmt"/>
      </file>
      <file name="error.ts" path="/Users/zeljko/Developer/entail-core/src/deduction-interface/error.ts">
        <metrics statements="0" coveredstatements="0" conditionals="0" coveredconditionals="0" methods="0" coveredmethods="0"/>
      </file>
      <file name="index.ts" path="/Users/zeljko/Developer/entail-core/src/deduction-interface/index.ts">
        <metrics statements="0" coveredstatements="0" conditionals="0" coveredconditionals="0" methods="0" coveredmethods="0"/>
      </file>
    </package>
    <package name="src.deduction-interface.rules-interface">
      <metrics statements="37" coveredstatements="34" conditionals="17" coveredconditionals="13" methods="12" coveredmethods="10"/>
      <file name="deduction-rule-interface.ts" path="/Users/zeljko/Developer/entail-core/src/deduction-interface/rules-interface/deduction-rule-interface.ts">
        <metrics statements="3" coveredstatements="3" conditionals="0" coveredconditionals="0" methods="2" coveredmethods="2"/>
        <line num="13" count="2" type="stmt"/>
        <line num="19" count="2" type="stmt"/>
        <line num="20" count="2" type="stmt"/>
      </file>
      <file name="index.ts" path="/Users/zeljko/Developer/entail-core/src/deduction-interface/rules-interface/index.ts">
        <metrics statements="0" coveredstatements="0" conditionals="0" coveredconditionals="0" methods="0" coveredmethods="0"/>
      </file>
      <file name="premise-rule-interface.ts" path="/Users/zeljko/Developer/entail-core/src/deduction-interface/rules-interface/premise-rule-interface.ts">
        <metrics statements="3" coveredstatements="3" conditionals="0" coveredconditionals="0" methods="2" coveredmethods="2"/>
        <line num="10" count="4" type="stmt"/>
        <line num="11" count="4" type="stmt"/>
        <line num="12" count="4" type="stmt"/>
      </file>
      <file name="rules-interface.ts" path="/Users/zeljko/Developer/entail-core/src/deduction-interface/rules-interface/rules-interface.ts">
        <metrics statements="23" coveredstatements="23" conditionals="14" coveredconditionals="12" methods="2" coveredmethods="2"/>
        <line num="19" count="9" type="stmt"/>
        <line num="20" count="32" type="stmt"/>
        <line num="22" count="32" type="stmt"/>
        <line num="27" count="32" type="cond" truecount="2" falsecount="0"/>
        <line num="28" count="4" type="stmt"/>
        <line num="29" count="4" type="stmt"/>
        <line num="30" count="28" type="cond" truecount="2" falsecount="0"/>
        <line num="31" count="26" type="stmt"/>
        <line num="33" count="26" type="stmt"/>
        <line num="35" count="26" type="cond" truecount="2" falsecount="0"/>
        <line num="36" count="7" type="stmt"/>
        <line num="40" count="19" type="cond" truecount="2" falsecount="0"/>
        <line num="41" count="9" type="stmt"/>
        <line num="48" count="26" type="stmt"/>
        <line num="52" count="26" type="stmt"/>
        <line num="56" count="2" type="cond" truecount="1" falsecount="1"/>
        <line num="57" count="2" type="stmt"/>
        <line num="58" count="4" type="stmt"/>
        <line num="60" count="2" type="stmt"/>
        <line num="61" count="2" type="stmt"/>
        <line num="64" count="2" type="cond" truecount="3" falsecount="1"/>
        <line num="65" count="2" type="stmt"/>
        <line num="73" count="32" type="stmt"/>
      </file>
      <file name="tautological-implication-rule-interface.ts" path="/Users/zeljko/Developer/entail-core/src/deduction-interface/rules-interface/tautological-implication-rule-interface.ts">
        <metrics statements="7" coveredstatements="5" conditionals="3" coveredconditionals="1" methods="4" coveredmethods="3"/>
        <line num="16" count="1" type="stmt"/>
        <line num="18" count="1" type="cond" truecount="1" falsecount="1"/>
        <line num="19" count="0" type="stmt"/>
        <line num="22" count="1" type="stmt"/>
        <line num="26" count="1" type="stmt"/>
        <line num="27" count="1" type="stmt"/>
        <line num="36" count="0" type="stmt"/>
      </file>
      <file name="theorem-rule-interface.ts" path="/Users/zeljko/Developer/entail-core/src/deduction-interface/rules-interface/theorem-rule-interface.ts">
        <metrics statements="1" coveredstatements="0" conditionals="0" coveredconditionals="0" methods="2" coveredmethods="1"/>
        <line num="7" count="0" type="stmt"/>
      </file>
    </package>
    <package name="src.deduction-interface.rules-interface.quantification">
      <metrics statements="61" coveredstatements="49" conditionals="32" coveredconditionals="19" methods="12" coveredmethods="12"/>
      <file name="existential-generalization-rule-interface.ts" path="/Users/zeljko/Developer/entail-core/src/deduction-interface/rules-interface/quantification/existential-generalization-rule-interface.ts">
        <metrics statements="3" coveredstatements="3" conditionals="0" coveredconditionals="0" methods="1" coveredmethods="1"/>
        <line num="8" count="3" type="stmt"/>
        <line num="14" count="3" type="stmt"/>
        <line num="15" count="3" type="stmt"/>
      </file>
      <file name="existential-instantiation-rule-interface.ts" path="/Users/zeljko/Developer/entail-core/src/deduction-interface/rules-interface/quantification/existential-instantiation-rule-interface.ts">
        <metrics statements="9" coveredstatements="4" conditionals="4" coveredconditionals="0" methods="1" coveredmethods="1"/>
        <line num="13" count="6" type="stmt"/>
        <line num="19" count="6" type="stmt"/>
        <line num="20" count="6" type="stmt"/>
        <line num="21" count="6" type="stmt"/>
        <line num="23" count="0" type="cond" truecount="0" falsecount="2"/>
        <line num="24" count="0" type="stmt"/>
        <line num="25" count="0" type="cond" truecount="0" falsecount="2"/>
        <line num="26" count="0" type="stmt"/>
        <line num="28" count="0" type="stmt"/>
      </file>
      <file name="generalization-rule-interface.ts" path="/Users/zeljko/Developer/entail-core/src/deduction-interface/rules-interface/quantification/generalization-rule-interface.ts">
        <metrics statements="18" coveredstatements="15" conditionals="14" coveredconditionals="9" methods="2" coveredmethods="2"/>
        <line num="18" count="11" type="stmt"/>
        <line num="20" count="11" type="stmt"/>
        <line num="21" count="11" type="cond" truecount="1" falsecount="1"/>
        <line num="22" count="11" type="cond" truecount="2" falsecount="0"/>
        <line num="23" count="1" type="stmt"/>
        <line num="26" count="10" type="cond" truecount="2" falsecount="0"/>
        <line num="30" count="1" type="stmt"/>
        <line num="34" count="9" type="stmt"/>
        <line num="44" count="2" type="stmt"/>
        <line num="45" count="2" type="cond" truecount="1" falsecount="1"/>
        <line num="47" count="2" type="stmt"/>
        <line num="48" count="2" type="stmt"/>
        <line num="49" count="2" type="cond" truecount="1" falsecount="1"/>
        <line num="50" count="2" type="stmt"/>
        <line num="51" count="2" type="stmt"/>
        <line num="53" count="0" type="cond" truecount="0" falsecount="2"/>
        <line num="54" count="0" type="stmt"/>
        <line num="56" count="0" type="stmt"/>
      </file>
      <file name="index.ts" path="/Users/zeljko/Developer/entail-core/src/deduction-interface/rules-interface/quantification/index.ts">
        <metrics statements="0" coveredstatements="0" conditionals="0" coveredconditionals="0" methods="0" coveredmethods="0"/>
      </file>
      <file name="instantiation-rule-interface.ts" path="/Users/zeljko/Developer/entail-core/src/deduction-interface/rules-interface/quantification/instantiation-rule-interface.ts">
        <metrics statements="16" coveredstatements="13" conditionals="10" coveredconditionals="7" methods="2" coveredmethods="2"/>
        <line num="16" count="14" type="stmt"/>
        <line num="18" count="14" type="cond" truecount="2" falsecount="0"/>
        <line num="19" count="4" type="cond" truecount="2" falsecount="0"/>
        <line num="20" count="2" type="stmt"/>
        <line num="23" count="10" type="stmt"/>
        <line num="24" count="10" type="stmt"/>
        <line num="25" count="10" type="cond" truecount="2" falsecount="0"/>
        <line num="26" count="2" type="stmt"/>
        <line num="30" count="10" type="stmt"/>
        <line num="40" count="5" type="stmt"/>
        <line num="41" count="5" type="cond" truecount="1" falsecount="1"/>
        <line num="43" count="5" type="stmt"/>
        <line num="44" count="5" type="stmt"/>
        <line num="46" count="0" type="cond" truecount="0" falsecount="2"/>
        <line num="47" count="0" type="stmt"/>
        <line num="49" count="0" type="stmt"/>
      </file>
      <file name="quantification-rule-interface.ts" path="/Users/zeljko/Developer/entail-core/src/deduction-interface/rules-interface/quantification/quantification-rule-interface.ts">
        <metrics statements="3" coveredstatements="3" conditionals="0" coveredconditionals="0" methods="4" coveredmethods="4"/>
        <line num="11" count="51" type="stmt"/>
        <line num="18" count="1" type="stmt"/>
        <line num="27" count="1" type="stmt"/>
      </file>
      <file name="universal-generalization-rule-interface.ts" path="/Users/zeljko/Developer/entail-core/src/deduction-interface/rules-interface/quantification/universal-generalization-rule-interface.ts">
        <metrics statements="9" coveredstatements="8" conditionals="4" coveredconditionals="3" methods="1" coveredmethods="1"/>
        <line num="13" count="6" type="stmt"/>
        <line num="20" count="6" type="stmt"/>
        <line num="21" count="6" type="stmt"/>
        <line num="22" count="4" type="stmt"/>
        <line num="24" count="2" type="cond" truecount="2" falsecount="0"/>
        <line num="25" count="1" type="stmt"/>
        <line num="26" count="1" type="cond" truecount="1" falsecount="1"/>
        <line num="27" count="1" type="stmt"/>
        <line num="29" count="0" type="stmt"/>
      </file>
      <file name="universal-instantiation-rule-interface.ts" path="/Users/zeljko/Developer/entail-core/src/deduction-interface/rules-interface/quantification/universal-instantiation-rule-interface.ts">
        <metrics statements="3" coveredstatements="3" conditionals="0" coveredconditionals="0" methods="1" coveredmethods="1"/>
        <line num="8" count="4" type="stmt"/>
        <line num="13" count="4" type="stmt"/>
        <line num="14" count="4" type="stmt"/>
      </file>
    </package>
    <package name="src.deduction-structure">
      <metrics statements="31" coveredstatements="28" conditionals="14" coveredconditionals="11" methods="16" coveredmethods="14"/>
      <file name="deduction.ts" path="/Users/zeljko/Developer/entail-core/src/deduction-structure/deduction.ts">
        <metrics statements="27" coveredstatements="24" conditionals="14" coveredconditionals="11" methods="14" coveredmethods="13"/>
        <line num="27" count="41" type="stmt"/>
        <line num="35" count="26" type="cond" truecount="1" falsecount="1"/>
        <line num="43" count="0" type="stmt"/>
        <line num="47" count="0" type="stmt"/>
        <line num="48" count="0" type="stmt"/>
        <line num="60" count="26" type="stmt"/>
        <line num="65" count="26" type="stmt"/>
        <line num="71" count="26" type="stmt"/>
        <line num="77" count="26" type="cond" truecount="2" falsecount="0"/>
        <line num="81" count="24" type="stmt"/>
        <line num="91" count="7" type="stmt"/>
        <line num="95" count="117" type="stmt"/>
        <line num="96" count="117" type="cond" truecount="1" falsecount="1"/>
        <line num="97" count="117" type="stmt"/>
        <line num="101" count="24" type="stmt"/>
        <line num="102" count="24" type="cond" truecount="1" falsecount="1"/>
        <line num="103" count="24" type="stmt"/>
        <line num="116" count="26" type="stmt"/>
        <line num="118" count="24" type="stmt"/>
        <line num="121" count="24" type="cond" truecount="4" falsecount="0"/>
        <line num="122" count="16" type="stmt"/>
        <line num="124" count="24" type="stmt"/>
        <line num="128" count="26" type="cond" truecount="2" falsecount="0"/>
        <line num="130" count="26" type="stmt"/>
        <line num="135" count="10" type="stmt"/>
        <line num="139" count="24" type="stmt"/>
        <line num="143" count="24" type="stmt"/>
      </file>
      <file name="index.ts" path="/Users/zeljko/Developer/entail-core/src/deduction-structure/index.ts">
        <metrics statements="0" coveredstatements="0" conditionals="0" coveredconditionals="0" methods="0" coveredmethods="0"/>
      </file>
      <file name="rule.ts" path="/Users/zeljko/Developer/entail-core/src/deduction-structure/rule.ts">
        <metrics statements="4" coveredstatements="4" conditionals="0" coveredconditionals="0" methods="2" coveredmethods="1"/>
        <line num="26" count="10" type="stmt"/>
        <line num="27" count="11" type="stmt"/>
        <line num="29" count="10" type="stmt"/>
        <line num="40" count="10" type="stmt"/>
      </file>
      <file name="step.ts" path="/Users/zeljko/Developer/entail-core/src/deduction-structure/step.ts">
        <metrics statements="0" coveredstatements="0" conditionals="0" coveredconditionals="0" methods="0" coveredmethods="0"/>
      </file>
    </package>
    <package name="src.deduction-structure.rule-application-spec">
      <metrics statements="15" coveredstatements="15" conditionals="12" coveredconditionals="12" methods="9" coveredmethods="9"/>
      <file name="index.ts" path="/Users/zeljko/Developer/entail-core/src/deduction-structure/rule-application-spec/index.ts">
        <metrics statements="0" coveredstatements="0" conditionals="0" coveredconditionals="0" methods="0" coveredmethods="0"/>
      </file>
      <file name="regular-rule-application-spec.ts" path="/Users/zeljko/Developer/entail-core/src/deduction-structure/rule-application-spec/regular-rule-application-spec.ts">
        <metrics statements="15" coveredstatements="15" conditionals="12" coveredconditionals="12" methods="9" coveredmethods="9"/>
        <line num="46" count="4" type="stmt"/>
        <line num="58" count="2" type="stmt"/>
        <line num="70" count="1" type="stmt"/>
        <line num="82" count="4" type="stmt"/>
        <line num="83" count="4" type="cond" truecount="2" falsecount="0"/>
        <line num="87" count="4" type="stmt"/>
        <line num="100" count="6" type="cond" truecount="2" falsecount="0"/>
        <line num="104" count="6" type="stmt"/>
        <line num="117" count="2" type="stmt"/>
        <line num="129" count="6" type="stmt"/>
        <line num="130" count="6" type="cond" truecount="2" falsecount="0"/>
        <line num="135" count="6" type="stmt"/>
        <line num="144" count="2" type="stmt"/>
        <line num="157" count="3" type="cond" truecount="2" falsecount="0"/>
        <line num="161" count="3" type="stmt"/>
      </file>
      <file name="theorem-rule-application-spec.ts" path="/Users/zeljko/Developer/entail-core/src/deduction-structure/rule-application-spec/theorem-rule-application-spec.ts">
        <metrics statements="0" coveredstatements="0" conditionals="0" coveredconditionals="0" methods="0" coveredmethods="0"/>
      </file>
    </package>
    <package name="src.deduction-structure.rule-application-summary">
      <metrics statements="0" coveredstatements="0" conditionals="0" coveredconditionals="0" methods="0" coveredmethods="0"/>
      <file name="index.ts" path="/Users/zeljko/Developer/entail-core/src/deduction-structure/rule-application-summary/index.ts">
        <metrics statements="0" coveredstatements="0" conditionals="0" coveredconditionals="0" methods="0" coveredmethods="0"/>
      </file>
      <file name="regular-rule-application-summary.ts" path="/Users/zeljko/Developer/entail-core/src/deduction-structure/rule-application-summary/regular-rule-application-summary.ts">
        <metrics statements="0" coveredstatements="0" conditionals="0" coveredconditionals="0" methods="0" coveredmethods="0"/>
      </file>
      <file name="theorem-rule-application-summary.ts" path="/Users/zeljko/Developer/entail-core/src/deduction-structure/rule-application-summary/theorem-rule-application-summary.ts">
        <metrics statements="0" coveredstatements="0" conditionals="0" coveredconditionals="0" methods="0" coveredmethods="0"/>
      </file>
    </package>
    <package name="src.deduction-structure.term-dependency-graph">
      <metrics statements="47" coveredstatements="47" conditionals="28" coveredconditionals="23" methods="28" coveredmethods="28"/>
      <file name="index.ts" path="/Users/zeljko/Developer/entail-core/src/deduction-structure/term-dependency-graph/index.ts">
        <metrics statements="0" coveredstatements="0" conditionals="0" coveredconditionals="0" methods="0" coveredmethods="0"/>
      </file>
      <file name="term-dependencies.ts" path="/Users/zeljko/Developer/entail-core/src/deduction-structure/term-dependency-graph/term-dependencies.ts">
        <metrics statements="1" coveredstatements="1" conditionals="0" coveredconditionals="0" methods="2" coveredmethods="2"/>
        <line num="13" count="4" type="stmt"/>
      </file>
      <file name="term-dependency-graph.ts" path="/Users/zeljko/Developer/entail-core/src/deduction-structure/term-dependency-graph/term-dependency-graph.ts">
        <metrics statements="46" coveredstatements="46" conditionals="28" coveredconditionals="23" methods="26" coveredmethods="26"/>
        <line num="20" count="17" type="stmt"/>
        <line num="22" count="17" type="cond" truecount="2" falsecount="0"/>
        <line num="23" count="2" type="stmt"/>
        <line num="26" count="15" type="stmt"/>
        <line num="27" count="11" type="stmt"/>
        <line num="29" count="15" type="cond" truecount="2" falsecount="0"/>
        <line num="30" count="3" type="stmt"/>
        <line num="33" count="12" type="stmt"/>
        <line num="34" count="8" type="stmt"/>
        <line num="36" count="8" type="stmt"/>
        <line num="38" count="12" type="stmt"/>
        <line num="43" count="16" type="stmt"/>
        <line num="45" count="34" type="stmt"/>
        <line num="46" count="9" type="stmt"/>
        <line num="50" count="2" type="stmt"/>
        <line num="53" count="6" type="cond" truecount="1" falsecount="1"/>
        <line num="54" count="6" type="stmt"/>
        <line num="56" count="6" type="stmt"/>
        <line num="58" count="6" type="stmt"/>
        <line num="59" count="4" type="stmt"/>
        <line num="64" count="2" type="stmt"/>
        <line num="67" count="6" type="cond" truecount="1" falsecount="1"/>
        <line num="68" count="6" type="stmt"/>
        <line num="70" count="6" type="stmt"/>
        <line num="72" count="6" type="stmt"/>
        <line num="73" count="4" type="stmt"/>
        <line num="79" count="7" type="cond" truecount="2" falsecount="0"/>
        <line num="83" count="16" type="stmt"/>
        <line num="87" count="24" type="cond" truecount="1" falsecount="1"/>
        <line num="88" count="24" type="stmt"/>
        <line num="90" count="24" type="stmt"/>
        <line num="92" count="24" type="stmt"/>
        <line num="94" count="8" type="stmt"/>
        <line num="99" count="8" type="stmt"/>
        <line num="101" count="8" type="stmt"/>
        <line num="103" count="3" type="stmt"/>
        <line num="113" count="13" type="cond" truecount="4" falsecount="0"/>
        <line num="114" count="2" type="stmt"/>
        <line num="117" count="11" type="cond" truecount="2" falsecount="0"/>
        <line num="119" count="2" type="stmt"/>
        <line num="125" count="2" type="stmt"/>
        <line num="126" count="2" type="cond" truecount="1" falsecount="1"/>
        <line num="128" count="2" type="stmt"/>
        <line num="130" count="2" type="stmt"/>
        <line num="143" count="2" type="stmt"/>
        <line num="152" count="3" type="stmt"/>
      </file>
    </package>
    <package name="src.parsers.deduction-parser">
      <metrics statements="86" coveredstatements="60" conditionals="40" coveredconditionals="21" methods="26" coveredmethods="13"/>
      <file name="ast-processor.ts" path="/Users/zeljko/Developer/entail-core/src/parsers/deduction-parser/ast-processor.ts">
        <metrics statements="79" coveredstatements="56" conditionals="40" coveredconditionals="21" methods="19" coveredmethods="9"/>
        <line num="17" count="1" type="stmt"/>
        <line num="19" count="0" type="stmt"/>
        <line num="21" count="0" type="stmt"/>
        <line num="24" count="3" type="stmt"/>
        <line num="28" count="3" type="stmt"/>
        <line num="30" count="3" type="stmt"/>
        <line num="31" count="11" type="stmt"/>
        <line num="35" count="3" type="stmt"/>
        <line num="43" count="11" type="stmt"/>
        <line num="45" count="11" type="stmt"/>
        <line num="47" count="11" type="stmt"/>
        <line num="49" count="11" type="stmt"/>
        <line num="50" count="11" type="stmt"/>
        <line num="51" count="11" type="stmt"/>
        <line num="52" count="11" type="stmt"/>
        <line num="54" count="11" type="cond" truecount="6" falsecount="2"/>
        <line num="56" count="3" type="stmt"/>
        <line num="57" count="3" type="cond" truecount="1" falsecount="1"/>
        <line num="58" count="3" type="stmt"/>
        <line num="59" count="3" type="stmt"/>
        <line num="62" count="1" type="stmt"/>
        <line num="63" count="1" type="cond" truecount="1" falsecount="1"/>
        <line num="64" count="1" type="stmt"/>
        <line num="65" count="1" type="stmt"/>
        <line num="68" count="0" type="stmt"/>
        <line num="69" count="0" type="cond" truecount="0" falsecount="2"/>
        <line num="70" count="0" type="stmt"/>
        <line num="71" count="0" type="stmt"/>
        <line num="74" count="2" type="stmt"/>
        <line num="75" count="2" type="cond" truecount="1" falsecount="1"/>
        <line num="76" count="2" type="stmt"/>
        <line num="77" count="2" type="stmt"/>
        <line num="78" count="2" type="stmt"/>
        <line num="81" count="1" type="stmt"/>
        <line num="82" count="1" type="cond" truecount="1" falsecount="1"/>
        <line num="86" count="1" type="stmt"/>
        <line num="87" count="1" type="stmt"/>
        <line num="88" count="1" type="stmt"/>
        <line num="91" count="3" type="stmt"/>
        <line num="92" count="3" type="cond" truecount="1" falsecount="1"/>
        <line num="93" count="3" type="stmt"/>
        <line num="94" count="3" type="stmt"/>
        <line num="95" count="3" type="stmt"/>
        <line num="98" count="1" type="stmt"/>
        <line num="99" count="1" type="cond" truecount="1" falsecount="1"/>
        <line num="103" count="1" type="stmt"/>
        <line num="104" count="1" type="stmt"/>
        <line num="105" count="1" type="stmt"/>
        <line num="107" count="0" type="stmt"/>
        <line num="108" count="0" type="cond" truecount="0" falsecount="2"/>
        <line num="109" count="0" type="stmt"/>
        <line num="110" count="0" type="stmt"/>
        <line num="114" count="11" type="stmt"/>
        <line num="116" count="11" type="stmt"/>
        <line num="117" count="11" type="cond" truecount="1" falsecount="1"/>
        <line num="118" count="0" type="stmt"/>
        <line num="121" count="11" type="cond" truecount="1" falsecount="1"/>
        <line num="123" count="11" type="stmt"/>
        <line num="130" count="11" type="cond" truecount="3" falsecount="1"/>
        <line num="131" count="0" type="stmt"/>
        <line num="139" count="11" type="stmt"/>
        <line num="141" count="11" type="cond" truecount="1" falsecount="1"/>
        <line num="142" count="0" type="stmt"/>
        <line num="145" count="11" type="stmt"/>
        <line num="147" count="11" type="stmt"/>
        <line num="148" count="7" type="cond" truecount="1" falsecount="1"/>
        <line num="149" count="0" type="stmt"/>
        <line num="152" count="7" type="stmt"/>
        <line num="157" count="7" type="cond" truecount="2" falsecount="2"/>
        <line num="158" count="0" type="stmt"/>
        <line num="164" count="0" type="stmt"/>
        <line num="167" count="4" type="stmt"/>
        <line num="177" count="0" type="stmt"/>
        <line num="183" count="0" type="stmt"/>
        <line num="189" count="0" type="stmt"/>
        <line num="198" count="0" type="stmt"/>
        <line num="207" count="0" type="stmt"/>
        <line num="218" count="0" type="stmt"/>
        <line num="224" count="0" type="stmt"/>
      </file>
      <file name="deduction-parser.ts" path="/Users/zeljko/Developer/entail-core/src/parsers/deduction-parser/deduction-parser.ts">
        <metrics statements="7" coveredstatements="4" conditionals="0" coveredconditionals="0" methods="7" coveredmethods="4"/>
        <line num="10" count="1" type="stmt"/>
        <line num="12" count="0" type="stmt"/>
        <line num="14" count="0" type="stmt"/>
        <line num="17" count="3" type="stmt"/>
        <line num="20" count="3" type="stmt"/>
        <line num="23" count="0" type="stmt"/>
        <line num="26" count="4" type="stmt"/>
      </file>
    </package>
    <package name="src.parsers.formula-parser">
      <metrics statements="57" coveredstatements="49" conditionals="31" coveredconditionals="26" methods="24" coveredmethods="20"/>
      <file name="ast-processor.ts" path="/Users/zeljko/Developer/entail-core/src/parsers/formula-parser/ast-processor.ts">
        <metrics statements="48" coveredstatements="41" conditionals="31" coveredconditionals="26" methods="17" coveredmethods="14"/>
        <line num="22" count="5" type="stmt"/>
        <line num="24" count="130" type="stmt"/>
        <line num="26" count="354" type="stmt"/>
        <line num="38" count="148" type="stmt"/>
        <line num="39" count="148" type="cond" truecount="2" falsecount="0"/>
        <line num="40" count="148" type="cond" truecount="2" falsecount="0"/>
        <line num="44" count="784" type="cond" truecount="2" falsecount="0"/>
        <line num="46" count="782" type="stmt"/>
        <line num="47" count="782" type="stmt"/>
        <line num="49" count="782" type="cond" truecount="2" falsecount="0"/>
        <line num="52" count="782" type="cond" truecount="1" falsecount="1"/>
        <line num="53" count="0" type="stmt"/>
        <line num="56" count="782" type="cond" truecount="1" falsecount="1"/>
        <line num="57" count="782" type="cond" truecount="2" falsecount="0"/>
        <line num="60" count="780" type="cond" truecount="2" falsecount="0"/>
        <line num="61" count="118" type="stmt"/>
        <line num="63" count="118" type="cond" truecount="2" falsecount="0"/>
        <line num="64" count="37" type="cond" truecount="2" falsecount="0"/>
        <line num="65" count="1" type="stmt"/>
        <line num="68" count="36" type="cond" truecount="1" falsecount="1"/>
        <line num="69" count="0" type="stmt"/>
        <line num="72" count="81" type="stmt"/>
        <line num="76" count="779" type="stmt"/>
        <line num="79" count="526" type="stmt"/>
        <line num="90" count="338" type="stmt"/>
        <line num="91" count="338" type="stmt"/>
        <line num="92" count="338" type="stmt"/>
        <line num="93" count="338" type="stmt"/>
        <line num="97" count="338" type="stmt"/>
        <line num="98" count="338" type="stmt"/>
        <line num="100" count="338" type="stmt"/>
        <line num="102" count="338" type="stmt"/>
        <line num="106" count="338" type="cond" truecount="2" falsecount="0"/>
        <line num="108" count="201" type="cond" truecount="2" falsecount="0"/>
        <line num="109" count="123" type="cond" truecount="1" falsecount="1"/>
        <line num="110" count="0" type="stmt"/>
        <line num="113" count="137" type="cond" truecount="1" falsecount="1"/>
        <line num="114" count="0" type="stmt"/>
        <line num="119" count="201" type="stmt"/>
        <line num="121" count="260" type="stmt"/>
        <line num="124" count="4" type="stmt"/>
        <line num="125" count="4" type="stmt"/>
        <line num="128" count="121" type="stmt"/>
        <line num="135" count="1" type="stmt"/>
        <line num="141" count="0" type="stmt"/>
        <line num="150" count="0" type="stmt"/>
        <line num="159" count="2" type="stmt"/>
        <line num="168" count="0" type="stmt"/>
      </file>
      <file name="formula-parser.ts" path="/Users/zeljko/Developer/entail-core/src/parsers/formula-parser/formula-parser.ts">
        <metrics statements="9" coveredstatements="8" conditionals="0" coveredconditionals="0" methods="7" coveredmethods="6"/>
        <line num="10" count="0" type="stmt"/>
        <line num="12" count="5" type="stmt"/>
        <line num="14" count="16" type="stmt"/>
        <line num="17" count="145" type="stmt"/>
        <line num="20" count="245" type="stmt"/>
        <line num="23" count="4" type="stmt"/>
        <line num="24" count="4" type="stmt"/>
        <line num="25" count="4" type="stmt"/>
        <line num="28" count="117" type="stmt"/>
      </file>
      <file name="index.ts" path="/Users/zeljko/Developer/entail-core/src/parsers/formula-parser/index.ts">
        <metrics statements="0" coveredstatements="0" conditionals="0" coveredconditionals="0" methods="0" coveredmethods="0"/>
      </file>
    </package>
    <package name="src.parsers.peg">
      <metrics statements="6" coveredstatements="6" conditionals="0" coveredconditionals="0" methods="3" coveredmethods="3"/>
      <file name="ast-formula.ts" path="/Users/zeljko/Developer/entail-core/src/parsers/peg/ast-formula.ts">
        <metrics statements="2" coveredstatements="2" conditionals="0" coveredconditionals="0" methods="1" coveredmethods="1"/>
        <line num="16" count="16" type="stmt"/>
        <line num="17" count="784" type="stmt"/>
      </file>
      <file name="index.ts" path="/Users/zeljko/Developer/entail-core/src/parsers/peg/index.ts">
        <metrics statements="4" coveredstatements="4" conditionals="0" coveredconditionals="0" methods="2" coveredmethods="2"/>
        <line num="5" count="18" type="stmt"/>
        <line num="6" count="248" type="stmt"/>
        <line num="8" count="18" type="stmt"/>
        <line num="9" count="4" type="stmt"/>
      </file>
    </package>
    <package name="src.presentation.sym-presentation">
      <metrics statements="18" coveredstatements="13" conditionals="8" coveredconditionals="1" methods="14" coveredmethods="11"/>
      <file name="index.ts" path="/Users/zeljko/Developer/entail-core/src/presentation/sym-presentation/index.ts">
        <metrics statements="0" coveredstatements="0" conditionals="0" coveredconditionals="0" methods="0" coveredmethods="0"/>
      </file>
      <file name="placement.ts" path="/Users/zeljko/Developer/entail-core/src/presentation/sym-presentation/placement.ts">
        <metrics statements="0" coveredstatements="0" conditionals="0" coveredconditionals="0" methods="0" coveredmethods="0"/>
      </file>
      <file name="presentation-ctx.ts" path="/Users/zeljko/Developer/entail-core/src/presentation/sym-presentation/presentation-ctx.ts">
        <metrics statements="10" coveredstatements="10" conditionals="2" coveredconditionals="1" methods="9" coveredmethods="9"/>
        <line num="9" count="148" type="stmt"/>
        <line num="12" count="1041" type="stmt"/>
        <line num="15" count="148" type="cond" truecount="1" falsecount="1"/>
        <line num="17" count="1041" type="stmt"/>
        <line num="20" count="17" type="stmt"/>
        <line num="21" count="1" type="stmt"/>
        <line num="23" count="8" type="stmt"/>
        <line num="24" count="15" type="stmt"/>
        <line num="26" count="8" type="stmt"/>
        <line num="28" count="4" type="stmt"/>
      </file>
      <file name="primitive-presentation-ctx.ts" path="/Users/zeljko/Developer/entail-core/src/presentation/sym-presentation/primitive-presentation-ctx.ts">
        <metrics statements="1" coveredstatements="1" conditionals="0" coveredconditionals="0" methods="0" coveredmethods="0"/>
        <line num="18" count="16" type="stmt"/>
      </file>
      <file name="sym-presentation.ts" path="/Users/zeljko/Developer/entail-core/src/presentation/sym-presentation/sym-presentation.ts">
        <metrics statements="2" coveredstatements="0" conditionals="3" coveredconditionals="0" methods="2" coveredmethods="0"/>
        <line num="16" count="0" type="cond" truecount="0" falsecount="2"/>
        <line num="18" count="0" type="cond" truecount="0" falsecount="1"/>
      </file>
      <file name="syntactic-info.ts" path="/Users/zeljko/Developer/entail-core/src/presentation/sym-presentation/syntactic-info.ts">
        <metrics statements="5" coveredstatements="2" conditionals="3" coveredconditionals="0" methods="3" coveredmethods="2"/>
        <line num="11" count="107" type="stmt"/>
        <line num="13" count="128" type="stmt"/>
        <line num="16" count="0" type="cond" truecount="0" falsecount="2"/>
        <line num="18" count="0" type="stmt"/>
        <line num="20" count="0" type="stmt"/>
      </file>
    </package>
    <package name="src.propositional-logic">
      <metrics statements="62" coveredstatements="60" conditionals="33" coveredconditionals="28" methods="23" coveredmethods="20"/>
      <file name="primitive-truth-functions.ts" path="/Users/zeljko/Developer/entail-core/src/propositional-logic/primitive-truth-functions.ts">
        <metrics statements="1" coveredstatements="1" conditionals="0" coveredconditionals="0" methods="0" coveredmethods="0"/>
        <line num="8" count="11" type="stmt"/>
      </file>
      <file name="propositional-logic-util.ts" path="/Users/zeljko/Developer/entail-core/src/propositional-logic/propositional-logic-util.ts">
        <metrics statements="30" coveredstatements="29" conditionals="20" coveredconditionals="17" methods="12" coveredmethods="12"/>
        <line num="10" count="11" type="stmt"/>
        <line num="14" count="14" type="cond" truecount="2" falsecount="0"/>
        <line num="16" count="12" type="cond" truecount="2" falsecount="0"/>
        <line num="17" count="8" type="stmt"/>
        <line num="18" count="8" type="cond" truecount="2" falsecount="0"/>
        <line num="19" count="7" type="stmt"/>
        <line num="22" count="6" type="stmt"/>
        <line num="24" count="3" type="stmt"/>
        <line num="30" count="11" type="stmt"/>
        <line num="31" count="30" type="stmt"/>
        <line num="36" count="11" type="stmt"/>
        <line num="41" count="309" type="cond" truecount="3" falsecount="1"/>
        <line num="42" count="0" type="stmt"/>
        <line num="45" count="309" type="cond" truecount="2" falsecount="0"/>
        <line num="46" count="214" type="stmt"/>
        <line num="47" count="214" type="cond" truecount="4" falsecount="0"/>
        <line num="48" count="106" type="stmt"/>
        <line num="51" count="95" type="stmt"/>
        <line num="53" count="350" type="stmt"/>
        <line num="54" count="151" type="stmt"/>
        <line num="55" count="151" type="stmt"/>
        <line num="56" count="287" type="stmt"/>
        <line num="63" count="151" type="stmt"/>
        <line num="69" count="11" type="stmt"/>
        <line num="74" count="287" type="stmt"/>
        <line num="75" count="279" type="stmt"/>
        <line num="82" count="11" type="stmt"/>
        <line num="83" count="98" type="stmt"/>
        <line num="84" count="98" type="cond" truecount="1" falsecount="1"/>
        <line num="85" count="98" type="stmt"/>
      </file>
      <file name="propositional-logic.ts" path="/Users/zeljko/Developer/entail-core/src/propositional-logic/propositional-logic.ts">
        <metrics statements="16" coveredstatements="15" conditionals="6" coveredconditionals="4" methods="8" coveredmethods="5"/>
        <line num="8" count="10" type="stmt"/>
        <line num="10" count="24" type="stmt"/>
        <line num="12" count="10" type="stmt"/>
        <line num="13" count="0" type="cond" truecount="0" falsecount="2"/>
        <line num="15" count="24" type="stmt"/>
        <line num="17" count="10" type="stmt"/>
        <line num="19" count="10" type="stmt"/>
        <line num="20" count="13" type="cond" truecount="2" falsecount="0"/>
        <line num="21" count="11" type="cond" truecount="2" falsecount="0"/>
        <line num="22" count="3" type="stmt"/>
        <line num="29" count="8" type="stmt"/>
        <line num="34" count="10" type="stmt"/>
        <line num="35" count="24" type="stmt"/>
        <line num="37" count="10" type="stmt"/>
        <line num="38" count="24" type="stmt"/>
        <line num="39" count="24" type="stmt"/>
      </file>
      <file name="reduce-to-truth-functional.ts" path="/Users/zeljko/Developer/entail-core/src/propositional-logic/reduce-to-truth-functional.ts">
        <metrics statements="15" coveredstatements="15" conditionals="7" coveredconditionals="7" methods="3" coveredmethods="3"/>
        <line num="11" count="10" type="stmt"/>
        <line num="12" count="24" type="stmt"/>
        <line num="14" count="10" type="stmt"/>
        <line num="18" count="132" type="stmt"/>
        <line num="20" count="132" type="cond" truecount="4" falsecount="0"/>
        <line num="21" count="110" type="stmt"/>
        <line num="26" count="108" type="stmt"/>
        <line num="27" count="108" type="stmt"/>
        <line num="30" count="110" type="stmt"/>
        <line num="33" count="22" type="stmt"/>
        <line num="35" count="22" type="stmt"/>
        <line num="36" count="22" type="cond" truecount="2" falsecount="0"/>
        <line num="37" count="14" type="stmt"/>
        <line num="38" count="14" type="stmt"/>
        <line num="41" count="22" type="stmt"/>
      </file>
    </package>
    <package name="src.utils">
      <metrics statements="7" coveredstatements="0" conditionals="2" coveredconditionals="0" methods="1" coveredmethods="0"/>
      <file name="index.ts" path="/Users/zeljko/Developer/entail-core/src/utils/index.ts">
        <metrics statements="7" coveredstatements="0" conditionals="2" coveredconditionals="0" methods="1" coveredmethods="0"/>
        <line num="4" count="0" type="stmt"/>
        <line num="5" count="0" type="stmt"/>
        <line num="7" count="0" type="stmt"/>
        <line num="8" count="0" type="cond" truecount="0" falsecount="2"/>
        <line num="9" count="0" type="stmt"/>
        <line num="11" count="0" type="stmt"/>
        <line num="15" count="0" type="stmt"/>
      </file>
    </package>
  </project>
</coverage>
