{"/Users/zeljko/Developer/entail-core/src/error.ts": {"path":"/Users/zeljko/Developer/entail-core/src/error.ts","statementMap":{"0":{"start":{"line":8,"column":8},"end":{"line":8,"column":22}},"1":{"start":{"line":11,"column":8},"end":{"line":11,"column":41}}},"fnMap":{"0":{"name":"(anonymous_0)","decl":{"start":{"line":7,"column":4},"end":{"line":7,"column":5}},"loc":{"start":{"line":7,"column":34},"end":{"line":12,"column":5}},"line":7}},"branchMap":{},"s":{"0":24,"1":24},"f":{"0":24},"b":{},"_coverageSchema":"1a1c01bbd47fc00a2c39e90264f33305004495a9","hash":"15f308fb8e3fddd997bcc656a30835ae6ab3d9dc"}
,"/Users/zeljko/Developer/entail-core/src/formula-construction-util.ts": {"path":"/Users/zeljko/Developer/entail-core/src/formula-construction-util.ts","statementMap":{"0":{"start":{"line":8,"column":33},"end":{"line":9,"column":85}},"1":{"start":{"line":9,"column":4},"end":{"line":9,"column":85}},"2":{"start":{"line":11,"column":61},"end":{"line":20,"column":2}},"3":{"start":{"line":14,"column":5},"end":{"line":20,"column":2}}},"fnMap":{"0":{"name":"(anonymous_0)","decl":{"start":{"line":8,"column":33},"end":{"line":8,"column":34}},"loc":{"start":{"line":9,"column":4},"end":{"line":9,"column":85}},"line":9},"1":{"name":"(anonymous_1)","decl":{"start":{"line":11,"column":61},"end":{"line":11,"column":62}},"loc":{"start":{"line":14,"column":5},"end":{"line":20,"column":2}},"line":14}},"branchMap":{"0":{"loc":{"start":{"line":9,"column":4},"end":{"line":9,"column":85}},"type":"cond-expr","locations":[{"start":{"line":9,"column":28},"end":{"line":9,"column":39}},{"start":{"line":9,"column":42},"end":{"line":9,"column":85}}],"line":9}},"s":{"0":11,"1":12,"2":11,"3":9},"f":{"0":12,"1":9},"b":{"0":[1,11]},"_coverageSchema":"1a1c01bbd47fc00a2c39e90264f33305004495a9","hash":"2c8011e2b7f4aefd928a048fcc796bdd952a94c1"}
,"/Users/zeljko/Developer/entail-core/src/primitive-syms.ts": {"path":"/Users/zeljko/Developer/entail-core/src/primitive-syms.ts","statementMap":{"0":{"start":{"line":4,"column":24},"end":{"line":4,"column":51}},"1":{"start":{"line":5,"column":27},"end":{"line":5,"column":54}},"2":{"start":{"line":6,"column":27},"end":{"line":6,"column":54}},"3":{"start":{"line":7,"column":27},"end":{"line":7,"column":54}},"4":{"start":{"line":8,"column":27},"end":{"line":8,"column":54}},"5":{"start":{"line":9,"column":35},"end":{"line":9,"column":75}},"6":{"start":{"line":10,"column":37},"end":{"line":10,"column":77}},"7":{"start":{"line":12,"column":29},"end":{"line":20,"column":1}}},"fnMap":{},"branchMap":{},"s":{"0":16,"1":16,"2":16,"3":16,"4":16,"5":16,"6":16,"7":16},"f":{},"b":{},"_coverageSchema":"1a1c01bbd47fc00a2c39e90264f33305004495a9","hash":"3f507805b59bad3122cf6d13fdda19da653c4b98"}
,"/Users/zeljko/Developer/entail-core/src/abstract-structures/expression/error.ts": {"path":"/Users/zeljko/Developer/entail-core/src/abstract-structures/expression/error.ts","statementMap":{},"fnMap":{},"branchMap":{},"s":{},"f":{},"b":{},"_coverageSchema":"1a1c01bbd47fc00a2c39e90264f33305004495a9","hash":"a399c4d7a00b9a757762f169d47fdc17a04cdf51"}
,"/Users/zeljko/Developer/entail-core/src/abstract-structures/expression/expression-pointer.ts": {"path":"/Users/zeljko/Developer/entail-core/src/abstract-structures/expression/expression-pointer.ts","statementMap":{"0":{"start":{"line":19,"column":19},"end":{"line":19,"column":49}},"1":{"start":{"line":21,"column":19},"end":{"line":21,"column":73}},"2":{"start":{"line":24,"column":8},"end":{"line":24,"column":61}},"3":{"start":{"line":24,"column":25},"end":{"line":24,"column":61}},"4":{"start":{"line":26,"column":8},"end":{"line":26,"column":70}},"5":{"start":{"line":26,"column":51},"end":{"line":26,"column":69}},"6":{"start":{"line":36,"column":8},"end":{"line":36,"column":41}},"7":{"start":{"line":36,"column":25},"end":{"line":36,"column":41}},"8":{"start":{"line":38,"column":8},"end":{"line":38,"column":36}},"9":{"start":{"line":40,"column":30},"end":{"line":40,"column":41}},"10":{"start":{"line":41,"column":29},"end":{"line":41,"column":49}},"11":{"start":{"line":43,"column":8},"end":{"line":45,"column":54}},"12":{"start":{"line":49,"column":8},"end":{"line":52,"column":60}},"13":{"start":{"line":52,"column":29},"end":{"line":52,"column":59}},"14":{"start":{"line":56,"column":8},"end":{"line":59,"column":60}},"15":{"start":{"line":59,"column":29},"end":{"line":59,"column":59}},"16":{"start":{"line":63,"column":8},"end":{"line":63,"column":69}},"17":{"start":{"line":74,"column":8},"end":{"line":74,"column":37}},"18":{"start":{"line":74,"column":25},"end":{"line":74,"column":37}},"19":{"start":{"line":75,"column":23},"end":{"line":75,"column":34}},"20":{"start":{"line":76,"column":25},"end":{"line":76,"column":47}},"21":{"start":{"line":77,"column":8},"end":{"line":79,"column":41}},"22":{"start":{"line":78,"column":40},"end":{"line":78,"column":89}},"23":{"start":{"line":78,"column":68},"end":{"line":78,"column":89}}},"fnMap":{"0":{"name":"(anonymous_0)","decl":{"start":{"line":19,"column":4},"end":{"line":19,"column":5}},"loc":{"start":{"line":19,"column":17},"end":{"line":19,"column":51}},"line":19},"1":{"name":"(anonymous_1)","decl":{"start":{"line":21,"column":4},"end":{"line":21,"column":5}},"loc":{"start":{"line":21,"column":17},"end":{"line":21,"column":75}},"line":21},"2":{"name":"(anonymous_2)","decl":{"start":{"line":23,"column":4},"end":{"line":23,"column":5}},"loc":{"start":{"line":23,"column":36},"end":{"line":27,"column":5}},"line":23},"3":{"name":"(anonymous_3)","decl":{"start":{"line":26,"column":39},"end":{"line":26,"column":40}},"loc":{"start":{"line":26,"column":51},"end":{"line":26,"column":69}},"line":26},"4":{"name":"(anonymous_4)","decl":{"start":{"line":35,"column":4},"end":{"line":35,"column":5}},"loc":{"start":{"line":35,"column":59},"end":{"line":46,"column":5}},"line":35},"5":{"name":"(anonymous_5)","decl":{"start":{"line":48,"column":4},"end":{"line":48,"column":5}},"loc":{"start":{"line":48,"column":50},"end":{"line":53,"column":5}},"line":48},"6":{"name":"(anonymous_6)","decl":{"start":{"line":52,"column":17},"end":{"line":52,"column":18}},"loc":{"start":{"line":52,"column":29},"end":{"line":52,"column":59}},"line":52},"7":{"name":"(anonymous_7)","decl":{"start":{"line":55,"column":4},"end":{"line":55,"column":5}},"loc":{"start":{"line":55,"column":43},"end":{"line":60,"column":5}},"line":55},"8":{"name":"(anonymous_8)","decl":{"start":{"line":59,"column":17},"end":{"line":59,"column":18}},"loc":{"start":{"line":59,"column":29},"end":{"line":59,"column":59}},"line":59},"9":{"name":"(anonymous_9)","decl":{"start":{"line":62,"column":4},"end":{"line":62,"column":5}},"loc":{"start":{"line":62,"column":30},"end":{"line":64,"column":5}},"line":62},"10":{"name":"(anonymous_10)","decl":{"start":{"line":73,"column":4},"end":{"line":73,"column":5}},"loc":{"start":{"line":73,"column":29},"end":{"line":80,"column":5}},"line":73},"11":{"name":"(anonymous_11)","decl":{"start":{"line":78,"column":27},"end":{"line":78,"column":28}},"loc":{"start":{"line":78,"column":38},"end":{"line":78,"column":91}},"line":78}},"branchMap":{"0":{"loc":{"start":{"line":24,"column":8},"end":{"line":24,"column":61}},"type":"if","locations":[{"start":{"line":24,"column":8},"end":{"line":24,"column":61}},{"start":{"line":24,"column":8},"end":{"line":24,"column":61}}],"line":24},"1":{"loc":{"start":{"line":36,"column":8},"end":{"line":36,"column":41}},"type":"if","locations":[{"start":{"line":36,"column":8},"end":{"line":36,"column":41}},{"start":{"line":36,"column":8},"end":{"line":36,"column":41}}],"line":36},"2":{"loc":{"start":{"line":38,"column":14},"end":{"line":38,"column":36}},"type":"binary-expr","locations":[{"start":{"line":38,"column":14},"end":{"line":38,"column":17}},{"start":{"line":38,"column":21},"end":{"line":38,"column":36}}],"line":38},"3":{"loc":{"start":{"line":43,"column":15},"end":{"line":45,"column":54}},"type":"cond-expr","locations":[{"start":{"line":44,"column":14},"end":{"line":44,"column":36}},{"start":{"line":45,"column":14},"end":{"line":45,"column":54}}],"line":43},"4":{"loc":{"start":{"line":74,"column":8},"end":{"line":74,"column":37}},"type":"if","locations":[{"start":{"line":74,"column":8},"end":{"line":74,"column":37}},{"start":{"line":74,"column":8},"end":{"line":74,"column":37}}],"line":74},"5":{"loc":{"start":{"line":78,"column":40},"end":{"line":78,"column":89}},"type":"if","locations":[{"start":{"line":78,"column":40},"end":{"line":78,"column":89}},{"start":{"line":78,"column":40},"end":{"line":78,"column":89}}],"line":78}},"s":{"0":63,"1":26,"2":25,"3":1,"4":24,"5":24,"6":11,"7":4,"8":7,"9":7,"10":7,"11":7,"12":1,"13":1,"14":2,"15":1,"16":0,"17":27,"18":11,"19":16,"20":16,"21":16,"22":16,"23":9},"f":{"0":63,"1":26,"2":25,"3":24,"4":11,"5":1,"6":1,"7":2,"8":1,"9":0,"10":27,"11":16},"b":{"0":[1,24],"1":[4,7],"2":[7,0],"3":[3,4],"4":[11,16],"5":[9,7]},"_coverageSchema":"1a1c01bbd47fc00a2c39e90264f33305004495a9","hash":"4728c635a69f43a269ac7dc0c3496bce6da6a35c"}
,"/Users/zeljko/Developer/entail-core/src/abstract-structures/expression/expression-util.ts": {"path":"/Users/zeljko/Developer/entail-core/src/abstract-structures/expression/expression-util.ts","statementMap":{"0":{"start":{"line":12,"column":36},"end":{"line":22,"column":1}},"1":{"start":{"line":13,"column":4},"end":{"line":13,"column":69}},"2":{"start":{"line":13,"column":32},"end":{"line":13,"column":69}},"3":{"start":{"line":14,"column":37},"end":{"line":14,"column":48}},"4":{"start":{"line":16,"column":20},"end":{"line":19,"column":6}},"5":{"start":{"line":16,"column":63},"end":{"line":19,"column":6}},"6":{"start":{"line":21,"column":4},"end":{"line":21,"column":55}}},"fnMap":{"0":{"name":"(anonymous_0)","decl":{"start":{"line":12,"column":36},"end":{"line":12,"column":37}},"loc":{"start":{"line":12,"column":77},"end":{"line":22,"column":1}},"line":12},"1":{"name":"(anonymous_1)","decl":{"start":{"line":16,"column":20},"end":{"line":16,"column":21}},"loc":{"start":{"line":16,"column":63},"end":{"line":19,"column":6}},"line":16}},"branchMap":{"0":{"loc":{"start":{"line":13,"column":4},"end":{"line":13,"column":69}},"type":"if","locations":[{"start":{"line":13,"column":4},"end":{"line":13,"column":69}},{"start":{"line":13,"column":4},"end":{"line":13,"column":69}}],"line":13}},"s":{"0":16,"1":15,"2":2,"3":13,"4":13,"5":19,"6":13},"f":{"0":15,"1":19},"b":{"0":[2,13]},"_coverageSchema":"1a1c01bbd47fc00a2c39e90264f33305004495a9","hash":"00bd2001f44bbbad430a8a257b41505559952cbe"}
,"/Users/zeljko/Developer/entail-core/src/abstract-structures/expression/expression.ts": {"path":"/Users/zeljko/Developer/entail-core/src/abstract-structures/expression/expression.ts","statementMap":{"0":{"start":{"line":28,"column":22},"end":{"line":28,"column":42}},"1":{"start":{"line":29,"column":8},"end":{"line":29,"column":71}},"2":{"start":{"line":29,"column":33},"end":{"line":29,"column":71}},"3":{"start":{"line":30,"column":8},"end":{"line":30,"column":20}},"4":{"start":{"line":34,"column":8},"end":{"line":38,"column":47}},"5":{"start":{"line":42,"column":8},"end":{"line":47,"column":14}},"6":{"start":{"line":44,"column":50},"end":{"line":47,"column":13}},"7":{"start":{"line":46,"column":25},"end":{"line":46,"column":70}},"8":{"start":{"line":51,"column":23},"end":{"line":51,"column":49}},"9":{"start":{"line":52,"column":26},"end":{"line":52,"column":40}},"10":{"start":{"line":53,"column":8},"end":{"line":53,"column":56}},"11":{"start":{"line":57,"column":18},"end":{"line":57,"column":43}},"12":{"start":{"line":58,"column":8},"end":{"line":61,"column":9}},"13":{"start":{"line":59,"column":26},"end":{"line":59,"column":52}},"14":{"start":{"line":60,"column":12},"end":{"line":60,"column":73}},"15":{"start":{"line":62,"column":8},"end":{"line":62,"column":18}},"16":{"start":{"line":71,"column":8},"end":{"line":82,"column":10}},"17":{"start":{"line":72,"column":48},"end":{"line":72,"column":51}},"18":{"start":{"line":74,"column":32},"end":{"line":74,"column":86}},"19":{"start":{"line":75,"column":32},"end":{"line":75,"column":80}},"20":{"start":{"line":77,"column":12},"end":{"line":81,"column":14}},"21":{"start":{"line":78,"column":16},"end":{"line":78,"column":48}},"22":{"start":{"line":79,"column":16},"end":{"line":79,"column":58}},"23":{"start":{"line":80,"column":16},"end":{"line":80,"column":58}},"24":{"start":{"line":86,"column":8},"end":{"line":97,"column":10}},"25":{"start":{"line":87,"column":12},"end":{"line":87,"column":61}},"26":{"start":{"line":87,"column":38},"end":{"line":87,"column":61}},"27":{"start":{"line":89,"column":12},"end":{"line":96,"column":13}},"28":{"start":{"line":90,"column":43},"end":{"line":94,"column":17}},"29":{"start":{"line":91,"column":20},"end":{"line":93,"column":61}},"30":{"start":{"line":93,"column":41},"end":{"line":93,"column":60}},"31":{"start":{"line":95,"column":16},"end":{"line":95,"column":53}},"32":{"start":{"line":101,"column":25},"end":{"line":101,"column":38}},"33":{"start":{"line":102,"column":8},"end":{"line":102,"column":77}},"34":{"start":{"line":102,"column":36},"end":{"line":102,"column":77}},"35":{"start":{"line":104,"column":8},"end":{"line":109,"column":9}},"36":{"start":{"line":106,"column":16},"end":{"line":108,"column":63}},"37":{"start":{"line":108,"column":40},"end":{"line":108,"column":62}},"38":{"start":{"line":118,"column":8},"end":{"line":125,"column":20}},"39":{"start":{"line":120,"column":51},"end":{"line":125,"column":13}},"40":{"start":{"line":123,"column":67},"end":{"line":123,"column":88}},"41":{"start":{"line":124,"column":71},"end":{"line":124,"column":89}},"42":{"start":{"line":129,"column":8},"end":{"line":132,"column":36}},"43":{"start":{"line":131,"column":46},"end":{"line":131,"column":75}},"44":{"start":{"line":136,"column":8},"end":{"line":136,"column":88}},"45":{"start":{"line":136,"column":52},"end":{"line":136,"column":87}},"46":{"start":{"line":140,"column":8},"end":{"line":144,"column":10}},"47":{"start":{"line":141,"column":12},"end":{"line":141,"column":37}},"48":{"start":{"line":142,"column":12},"end":{"line":142,"column":75}},"49":{"start":{"line":142,"column":45},"end":{"line":142,"column":75}},"50":{"start":{"line":143,"column":12},"end":{"line":143,"column":82}},"51":{"start":{"line":143,"column":45},"end":{"line":143,"column":79}},"52":{"start":{"line":148,"column":8},"end":{"line":152,"column":10}},"53":{"start":{"line":149,"column":12},"end":{"line":149,"column":72}},"54":{"start":{"line":149,"column":47},"end":{"line":149,"column":72}},"55":{"start":{"line":150,"column":12},"end":{"line":150,"column":85}},"56":{"start":{"line":150,"column":45},"end":{"line":150,"column":85}},"57":{"start":{"line":151,"column":12},"end":{"line":151,"column":95}},"58":{"start":{"line":151,"column":45},"end":{"line":151,"column":92}},"59":{"start":{"line":156,"column":8},"end":{"line":156,"column":80}},"60":{"start":{"line":156,"column":57},"end":{"line":156,"column":79}},"61":{"start":{"line":160,"column":8},"end":{"line":160,"column":61}},"62":{"start":{"line":164,"column":21},"end":{"line":164,"column":31}},"63":{"start":{"line":166,"column":8},"end":{"line":166,"column":48}},"64":{"start":{"line":166,"column":34},"end":{"line":166,"column":48}},"65":{"start":{"line":168,"column":8},"end":{"line":171,"column":9}},"66":{"start":{"line":169,"column":12},"end":{"line":169,"column":56}},"67":{"start":{"line":169,"column":43},"end":{"line":169,"column":56}},"68":{"start":{"line":170,"column":12},"end":{"line":170,"column":44}},"69":{"start":{"line":173,"column":8},"end":{"line":176,"column":9}},"70":{"start":{"line":174,"column":28},"end":{"line":174,"column":93}},"71":{"start":{"line":180,"column":24},"end":{"line":197,"column":1}},"72":{"start":{"line":186,"column":4},"end":{"line":189,"column":5}},"73":{"start":{"line":187,"column":8},"end":{"line":187,"column":75}},"74":{"start":{"line":187,"column":36},"end":{"line":187,"column":75}},"75":{"start":{"line":188,"column":8},"end":{"line":188,"column":60}},"76":{"start":{"line":191,"column":4},"end":{"line":196,"column":5}},"77":{"start":{"line":192,"column":8},"end":{"line":192,"column":49}},"78":{"start":{"line":194,"column":8},"end":{"line":194,"column":75}},"79":{"start":{"line":194,"column":36},"end":{"line":194,"column":75}},"80":{"start":{"line":195,"column":8},"end":{"line":195,"column":86}},"81":{"start":{"line":201,"column":8},"end":{"line":201,"column":54}},"82":{"start":{"line":210,"column":8},"end":{"line":210,"column":67}}},"fnMap":{"0":{"name":"(anonymous_0)","decl":{"start":{"line":27,"column":4},"end":{"line":27,"column":5}},"loc":{"start":{"line":27,"column":36},"end":{"line":31,"column":5}},"line":27},"1":{"name":"(anonymous_1)","decl":{"start":{"line":33,"column":4},"end":{"line":33,"column":5}},"loc":{"start":{"line":33,"column":48},"end":{"line":39,"column":5}},"line":33},"2":{"name":"(anonymous_2)","decl":{"start":{"line":41,"column":4},"end":{"line":41,"column":5}},"loc":{"start":{"line":41,"column":69},"end":{"line":48,"column":5}},"line":41},"3":{"name":"(anonymous_3)","decl":{"start":{"line":44,"column":38},"end":{"line":44,"column":39}},"loc":{"start":{"line":44,"column":50},"end":{"line":47,"column":13}},"line":44},"4":{"name":"(anonymous_4)","decl":{"start":{"line":46,"column":16},"end":{"line":46,"column":17}},"loc":{"start":{"line":46,"column":25},"end":{"line":46,"column":70}},"line":46},"5":{"name":"(anonymous_5)","decl":{"start":{"line":50,"column":4},"end":{"line":50,"column":5}},"loc":{"start":{"line":50,"column":80},"end":{"line":54,"column":5}},"line":50},"6":{"name":"(anonymous_6)","decl":{"start":{"line":56,"column":4},"end":{"line":56,"column":5}},"loc":{"start":{"line":56,"column":43},"end":{"line":63,"column":5}},"line":56},"7":{"name":"(anonymous_7)","decl":{"start":{"line":65,"column":4},"end":{"line":65,"column":5}},"loc":{"start":{"line":70,"column":6},"end":{"line":83,"column":5}},"line":70},"8":{"name":"(anonymous_8)","decl":{"start":{"line":71,"column":45},"end":{"line":71,"column":46}},"loc":{"start":{"line":71,"column":52},"end":{"line":82,"column":9}},"line":71},"9":{"name":"(anonymous_9)","decl":{"start":{"line":77,"column":37},"end":{"line":77,"column":38}},"loc":{"start":{"line":77,"column":54},"end":{"line":81,"column":13}},"line":77},"10":{"name":"(anonymous_10)","decl":{"start":{"line":85,"column":4},"end":{"line":85,"column":5}},"loc":{"start":{"line":85,"column":34},"end":{"line":98,"column":5}},"line":85},"11":{"name":"(anonymous_11)","decl":{"start":{"line":86,"column":46},"end":{"line":86,"column":47}},"loc":{"start":{"line":86,"column":60},"end":{"line":97,"column":9}},"line":86},"12":{"name":"(anonymous_12)","decl":{"start":{"line":90,"column":65},"end":{"line":90,"column":66}},"loc":{"start":{"line":91,"column":20},"end":{"line":93,"column":61}},"line":91},"13":{"name":"(anonymous_13)","decl":{"start":{"line":93,"column":29},"end":{"line":93,"column":30}},"loc":{"start":{"line":93,"column":41},"end":{"line":93,"column":60}},"line":93},"14":{"name":"(anonymous_14)","decl":{"start":{"line":100,"column":4},"end":{"line":100,"column":5}},"loc":{"start":{"line":100,"column":43},"end":{"line":110,"column":5}},"line":100},"15":{"name":"(anonymous_15)","decl":{"start":{"line":105,"column":12},"end":{"line":105,"column":13}},"loc":{"start":{"line":106,"column":16},"end":{"line":108,"column":63}},"line":106},"16":{"name":"(anonymous_16)","decl":{"start":{"line":108,"column":25},"end":{"line":108,"column":26}},"loc":{"start":{"line":108,"column":40},"end":{"line":108,"column":62}},"line":108},"17":{"name":"(anonymous_17)","decl":{"start":{"line":112,"column":4},"end":{"line":112,"column":5}},"loc":{"start":{"line":117,"column":6},"end":{"line":126,"column":5}},"line":117},"18":{"name":"(anonymous_18)","decl":{"start":{"line":120,"column":20},"end":{"line":120,"column":21}},"loc":{"start":{"line":120,"column":51},"end":{"line":125,"column":13}},"line":120},"19":{"name":"(anonymous_19)","decl":{"start":{"line":123,"column":56},"end":{"line":123,"column":57}},"loc":{"start":{"line":123,"column":67},"end":{"line":123,"column":88}},"line":123},"20":{"name":"(anonymous_20)","decl":{"start":{"line":124,"column":53},"end":{"line":124,"column":54}},"loc":{"start":{"line":124,"column":71},"end":{"line":124,"column":89}},"line":124},"21":{"name":"(anonymous_21)","decl":{"start":{"line":128,"column":4},"end":{"line":128,"column":5}},"loc":{"start":{"line":128,"column":41},"end":{"line":133,"column":5}},"line":128},"22":{"name":"(anonymous_22)","decl":{"start":{"line":131,"column":20},"end":{"line":131,"column":21}},"loc":{"start":{"line":131,"column":46},"end":{"line":131,"column":75}},"line":131},"23":{"name":"(anonymous_23)","decl":{"start":{"line":135,"column":4},"end":{"line":135,"column":5}},"loc":{"start":{"line":135,"column":58},"end":{"line":137,"column":5}},"line":135},"24":{"name":"(anonymous_24)","decl":{"start":{"line":136,"column":45},"end":{"line":136,"column":46}},"loc":{"start":{"line":136,"column":52},"end":{"line":136,"column":87}},"line":136},"25":{"name":"(anonymous_25)","decl":{"start":{"line":139,"column":4},"end":{"line":139,"column":5}},"loc":{"start":{"line":139,"column":14},"end":{"line":145,"column":5}},"line":139},"26":{"name":"(anonymous_26)","decl":{"start":{"line":140,"column":40},"end":{"line":140,"column":41}},"loc":{"start":{"line":140,"column":55},"end":{"line":144,"column":9}},"line":140},"27":{"name":"(anonymous_27)","decl":{"start":{"line":143,"column":34},"end":{"line":143,"column":35}},"loc":{"start":{"line":143,"column":43},"end":{"line":143,"column":81}},"line":143},"28":{"name":"(anonymous_28)","decl":{"start":{"line":147,"column":4},"end":{"line":147,"column":5}},"loc":{"start":{"line":147,"column":35},"end":{"line":153,"column":5}},"line":147},"29":{"name":"(anonymous_29)","decl":{"start":{"line":148,"column":40},"end":{"line":148,"column":41}},"loc":{"start":{"line":148,"column":55},"end":{"line":152,"column":9}},"line":148},"30":{"name":"(anonymous_30)","decl":{"start":{"line":151,"column":34},"end":{"line":151,"column":35}},"loc":{"start":{"line":151,"column":43},"end":{"line":151,"column":94}},"line":151},"31":{"name":"(anonymous_31)","decl":{"start":{"line":155,"column":4},"end":{"line":155,"column":5}},"loc":{"start":{"line":155,"column":36},"end":{"line":157,"column":5}},"line":155},"32":{"name":"(anonymous_32)","decl":{"start":{"line":156,"column":50},"end":{"line":156,"column":51}},"loc":{"start":{"line":156,"column":57},"end":{"line":156,"column":79}},"line":156},"33":{"name":"(anonymous_33)","decl":{"start":{"line":159,"column":4},"end":{"line":159,"column":5}},"loc":{"start":{"line":159,"column":60},"end":{"line":161,"column":5}},"line":159},"34":{"name":"(anonymous_34)","decl":{"start":{"line":163,"column":4},"end":{"line":163,"column":5}},"loc":{"start":{"line":163,"column":89},"end":{"line":177,"column":5}},"line":163},"35":{"name":"(anonymous_35)","decl":{"start":{"line":174,"column":12},"end":{"line":174,"column":13}},"loc":{"start":{"line":174,"column":28},"end":{"line":174,"column":93}},"line":174},"36":{"name":"(anonymous_36)","decl":{"start":{"line":180,"column":24},"end":{"line":180,"column":25}},"loc":{"start":{"line":185,"column":5},"end":{"line":197,"column":1}},"line":185},"37":{"name":"(anonymous_37)","decl":{"start":{"line":200,"column":4},"end":{"line":200,"column":5}},"loc":{"start":{"line":200,"column":49},"end":{"line":202,"column":5}},"line":200},"38":{"name":"(anonymous_38)","decl":{"start":{"line":206,"column":4},"end":{"line":206,"column":5}},"loc":{"start":{"line":209,"column":6},"end":{"line":211,"column":5}},"line":209}},"branchMap":{"0":{"loc":{"start":{"line":29,"column":8},"end":{"line":29,"column":71}},"type":"if","locations":[{"start":{"line":29,"column":8},"end":{"line":29,"column":71}},{"start":{"line":29,"column":8},"end":{"line":29,"column":71}}],"line":29},"1":{"loc":{"start":{"line":34,"column":15},"end":{"line":38,"column":47}},"type":"cond-expr","locations":[{"start":{"line":35,"column":14},"end":{"line":35,"column":18}},{"start":{"line":36,"column":14},"end":{"line":38,"column":47}}],"line":34},"2":{"loc":{"start":{"line":42,"column":15},"end":{"line":47,"column":14}},"type":"cond-expr","locations":[{"start":{"line":43,"column":14},"end":{"line":43,"column":17}},{"start":{"line":44,"column":14},"end":{"line":47,"column":14}}],"line":42},"3":{"loc":{"start":{"line":58,"column":8},"end":{"line":61,"column":9}},"type":"if","locations":[{"start":{"line":58,"column":8},"end":{"line":61,"column":9}},{"start":{"line":58,"column":8},"end":{"line":61,"column":9}}],"line":58},"4":{"loc":{"start":{"line":74,"column":32},"end":{"line":74,"column":86}},"type":"cond-expr","locations":[{"start":{"line":74,"column":47},"end":{"line":74,"column":74}},{"start":{"line":74,"column":77},"end":{"line":74,"column":86}}],"line":74},"5":{"loc":{"start":{"line":74,"column":47},"end":{"line":74,"column":74}},"type":"binary-expr","locations":[{"start":{"line":74,"column":47},"end":{"line":74,"column":55}},{"start":{"line":74,"column":59},"end":{"line":74,"column":74}}],"line":74},"6":{"loc":{"start":{"line":87,"column":12},"end":{"line":87,"column":61}},"type":"if","locations":[{"start":{"line":87,"column":12},"end":{"line":87,"column":61}},{"start":{"line":87,"column":12},"end":{"line":87,"column":61}}],"line":87},"7":{"loc":{"start":{"line":89,"column":12},"end":{"line":96,"column":13}},"type":"if","locations":[{"start":{"line":89,"column":12},"end":{"line":96,"column":13}},{"start":{"line":89,"column":12},"end":{"line":96,"column":13}}],"line":89},"8":{"loc":{"start":{"line":102,"column":8},"end":{"line":102,"column":77}},"type":"if","locations":[{"start":{"line":102,"column":8},"end":{"line":102,"column":77}},{"start":{"line":102,"column":8},"end":{"line":102,"column":77}}],"line":102},"9":{"loc":{"start":{"line":123,"column":16},"end":{"line":123,"column":88}},"type":"cond-expr","locations":[{"start":{"line":123,"column":44},"end":{"line":123,"column":53}},{"start":{"line":123,"column":56},"end":{"line":123,"column":88}}],"line":123},"10":{"loc":{"start":{"line":124,"column":16},"end":{"line":124,"column":89}},"type":"cond-expr","locations":[{"start":{"line":124,"column":41},"end":{"line":124,"column":50}},{"start":{"line":124,"column":53},"end":{"line":124,"column":89}}],"line":124},"11":{"loc":{"start":{"line":142,"column":12},"end":{"line":142,"column":75}},"type":"if","locations":[{"start":{"line":142,"column":12},"end":{"line":142,"column":75}},{"start":{"line":142,"column":12},"end":{"line":142,"column":75}}],"line":142},"12":{"loc":{"start":{"line":147,"column":16},"end":{"line":147,"column":33}},"type":"default-arg","locations":[{"start":{"line":147,"column":28},"end":{"line":147,"column":33}}],"line":147},"13":{"loc":{"start":{"line":149,"column":12},"end":{"line":149,"column":72}},"type":"if","locations":[{"start":{"line":149,"column":12},"end":{"line":149,"column":72}},{"start":{"line":149,"column":12},"end":{"line":149,"column":72}}],"line":149},"14":{"loc":{"start":{"line":150,"column":12},"end":{"line":150,"column":85}},"type":"if","locations":[{"start":{"line":150,"column":12},"end":{"line":150,"column":85}},{"start":{"line":150,"column":12},"end":{"line":150,"column":85}}],"line":150},"15":{"loc":{"start":{"line":155,"column":17},"end":{"line":155,"column":34}},"type":"default-arg","locations":[{"start":{"line":155,"column":29},"end":{"line":155,"column":34}}],"line":155},"16":{"loc":{"start":{"line":163,"column":59},"end":{"line":163,"column":77}},"type":"default-arg","locations":[{"start":{"line":163,"column":67},"end":{"line":163,"column":77}}],"line":163},"17":{"loc":{"start":{"line":166,"column":8},"end":{"line":166,"column":48}},"type":"if","locations":[{"start":{"line":166,"column":8},"end":{"line":166,"column":48}},{"start":{"line":166,"column":8},"end":{"line":166,"column":48}}],"line":166},"18":{"loc":{"start":{"line":168,"column":8},"end":{"line":171,"column":9}},"type":"if","locations":[{"start":{"line":168,"column":8},"end":{"line":171,"column":9}},{"start":{"line":168,"column":8},"end":{"line":171,"column":9}}],"line":168},"19":{"loc":{"start":{"line":169,"column":12},"end":{"line":169,"column":56}},"type":"if","locations":[{"start":{"line":169,"column":12},"end":{"line":169,"column":56}},{"start":{"line":169,"column":12},"end":{"line":169,"column":56}}],"line":169},"20":{"loc":{"start":{"line":186,"column":4},"end":{"line":189,"column":5}},"type":"if","locations":[{"start":{"line":186,"column":4},"end":{"line":189,"column":5}},{"start":{"line":186,"column":4},"end":{"line":189,"column":5}}],"line":186},"21":{"loc":{"start":{"line":187,"column":8},"end":{"line":187,"column":75}},"type":"if","locations":[{"start":{"line":187,"column":8},"end":{"line":187,"column":75}},{"start":{"line":187,"column":8},"end":{"line":187,"column":75}}],"line":187},"22":{"loc":{"start":{"line":191,"column":4},"end":{"line":196,"column":5}},"type":"if","locations":[{"start":{"line":191,"column":4},"end":{"line":196,"column":5}},{"start":{"line":191,"column":4},"end":{"line":196,"column":5}}],"line":191},"23":{"loc":{"start":{"line":194,"column":8},"end":{"line":194,"column":75}},"type":"if","locations":[{"start":{"line":194,"column":8},"end":{"line":194,"column":75}},{"start":{"line":194,"column":8},"end":{"line":194,"column":75}}],"line":194}},"s":{"0":76,"1":76,"2":0,"3":76,"4":144,"5":76,"6":42,"7":42,"8":34,"9":34,"10":34,"11":6,"12":6,"13":3,"14":3,"15":6,"16":32,"17":32,"18":32,"19":32,"20":32,"21":32,"22":32,"23":32,"24":160,"25":160,"26":53,"27":160,"28":153,"29":105,"30":64,"31":153,"32":22,"33":22,"34":2,"35":20,"36":20,"37":16,"38":27,"39":28,"40":3,"41":2,"42":4,"43":4,"44":2,"45":2,"46":17,"47":17,"48":17,"49":3,"50":17,"51":12,"52":77,"53":77,"54":69,"55":77,"56":9,"57":77,"58":51,"59":10,"60":26,"61":22,"62":70,"63":70,"64":22,"65":70,"66":10,"67":1,"68":9,"69":69,"70":48,"71":16,"72":32,"73":0,"74":0,"75":0,"76":32,"77":30,"78":2,"79":0,"80":2,"81":2,"82":0},"f":{"0":76,"1":144,"2":76,"3":42,"4":42,"5":34,"6":6,"7":32,"8":32,"9":32,"10":160,"11":160,"12":105,"13":64,"14":22,"15":20,"16":16,"17":27,"18":28,"19":3,"20":2,"21":4,"22":4,"23":2,"24":2,"25":17,"26":17,"27":12,"28":77,"29":77,"30":51,"31":10,"32":26,"33":22,"34":70,"35":48,"36":32,"37":2,"38":0},"b":{"0":[0,76],"1":[71,73],"2":[34,42],"3":[3,3],"4":[3,29],"5":[3,3],"6":[53,107],"7":[153,7],"8":[2,20],"9":[15,13],"10":[15,13],"11":[3,14],"12":[16],"13":[69,8],"14":[9,68],"15":[10],"16":[22],"17":[22,48],"18":[10,60],"19":[1,9],"20":[0,32],"21":[0,0],"22":[30,2],"23":[0,2]},"_coverageSchema":"1a1c01bbd47fc00a2c39e90264f33305004495a9","hash":"f5a7c4cd345ecf98a447d01cfd871b2745af8f57"}
,"/Users/zeljko/Developer/entail-core/src/abstract-structures/expression/index.ts": {"path":"/Users/zeljko/Developer/entail-core/src/abstract-structures/expression/index.ts","statementMap":{},"fnMap":{},"branchMap":{},"s":{},"f":{},"b":{},"_coverageSchema":"1a1c01bbd47fc00a2c39e90264f33305004495a9","hash":"98c6a3b995ff2c4b5b3bd834613853c159780e25"}
,"/Users/zeljko/Developer/entail-core/src/abstract-structures/sym/category.ts": {"path":"/Users/zeljko/Developer/entail-core/src/abstract-structures/sym/category.ts","statementMap":{"0":{"start":{"line":32,"column":19},"end":{"line":37,"column":1}},"1":{"start":{"line":39,"column":21},"end":{"line":39,"column":84}},"2":{"start":{"line":39,"column":53},"end":{"line":39,"column":84}}},"fnMap":{"0":{"name":"(anonymous_0)","decl":{"start":{"line":39,"column":21},"end":{"line":39,"column":22}},"loc":{"start":{"line":39,"column":53},"end":{"line":39,"column":84}},"line":39}},"branchMap":{},"s":{"0":20,"1":20,"2":10},"f":{"0":10},"b":{},"_coverageSchema":"1a1c01bbd47fc00a2c39e90264f33305004495a9","hash":"4e0c6a770ea4cbad5aa726f1c130cae007002593"}
,"/Users/zeljko/Developer/entail-core/src/abstract-structures/sym/index.ts": {"path":"/Users/zeljko/Developer/entail-core/src/abstract-structures/sym/index.ts","statementMap":{},"fnMap":{},"branchMap":{},"s":{},"f":{},"b":{},"_coverageSchema":"1a1c01bbd47fc00a2c39e90264f33305004495a9","hash":"498e9138161827274c3dfb00771b133507b24fdc"}
,"/Users/zeljko/Developer/entail-core/src/abstract-structures/sym/kind.ts": {"path":"/Users/zeljko/Developer/entail-core/src/abstract-structures/sym/kind.ts","statementMap":{},"fnMap":{},"branchMap":{},"s":{},"f":{},"b":{},"_coverageSchema":"1a1c01bbd47fc00a2c39e90264f33305004495a9","hash":"b2ccdaa6acf9b375c0fdb8c0d84dacf5321620ef"}
,"/Users/zeljko/Developer/entail-core/src/abstract-structures/sym/sym.ts": {"path":"/Users/zeljko/Developer/entail-core/src/abstract-structures/sym/sym.ts","statementMap":{"0":{"start":{"line":32,"column":8},"end":{"line":32,"column":68}},"1":{"start":{"line":35,"column":42},"end":{"line":35,"column":85}},"2":{"start":{"line":37,"column":42},"end":{"line":37,"column":85}},"3":{"start":{"line":39,"column":42},"end":{"line":39,"column":85}},"4":{"start":{"line":41,"column":42},"end":{"line":41,"column":85}},"5":{"start":{"line":44,"column":8},"end":{"line":49,"column":9}},"6":{"start":{"line":46,"column":16},"end":{"line":46,"column":49}},"7":{"start":{"line":48,"column":16},"end":{"line":48,"column":49}},"8":{"start":{"line":53,"column":8},"end":{"line":62,"column":9}},"9":{"start":{"line":55,"column":16},"end":{"line":55,"column":73}},"10":{"start":{"line":57,"column":16},"end":{"line":57,"column":70}},"11":{"start":{"line":59,"column":16},"end":{"line":59,"column":70}},"12":{"start":{"line":61,"column":16},"end":{"line":61,"column":67}},"13":{"start":{"line":66,"column":8},"end":{"line":83,"column":9}},"14":{"start":{"line":68,"column":16},"end":{"line":73,"column":17}},"15":{"start":{"line":70,"column":24},"end":{"line":70,"column":42}},"16":{"start":{"line":72,"column":24},"end":{"line":72,"column":42}},"17":{"start":{"line":74,"column":16},"end":{"line":74,"column":21}},"18":{"start":{"line":76,"column":16},"end":{"line":81,"column":17}},"19":{"start":{"line":78,"column":24},"end":{"line":78,"column":42}},"20":{"start":{"line":80,"column":24},"end":{"line":80,"column":42}},"21":{"start":{"line":82,"column":16},"end":{"line":82,"column":21}},"22":{"start":{"line":87,"column":8},"end":{"line":87,"column":86}},"23":{"start":{"line":90,"column":25},"end":{"line":90,"column":44}}},"fnMap":{"0":{"name":"(anonymous_0)","decl":{"start":{"line":31,"column":4},"end":{"line":31,"column":5}},"loc":{"start":{"line":31,"column":68},"end":{"line":33,"column":5}},"line":31},"1":{"name":"(anonymous_1)","decl":{"start":{"line":35,"column":4},"end":{"line":35,"column":5}},"loc":{"start":{"line":35,"column":40},"end":{"line":35,"column":86}},"line":35},"2":{"name":"(anonymous_2)","decl":{"start":{"line":37,"column":4},"end":{"line":37,"column":5}},"loc":{"start":{"line":37,"column":40},"end":{"line":37,"column":86}},"line":37},"3":{"name":"(anonymous_3)","decl":{"start":{"line":39,"column":4},"end":{"line":39,"column":5}},"loc":{"start":{"line":39,"column":40},"end":{"line":39,"column":86}},"line":39},"4":{"name":"(anonymous_4)","decl":{"start":{"line":41,"column":4},"end":{"line":41,"column":5}},"loc":{"start":{"line":41,"column":40},"end":{"line":41,"column":86}},"line":41},"5":{"name":"(anonymous_5)","decl":{"start":{"line":43,"column":4},"end":{"line":43,"column":5}},"loc":{"start":{"line":43,"column":76},"end":{"line":50,"column":5}},"line":43},"6":{"name":"(anonymous_6)","decl":{"start":{"line":52,"column":4},"end":{"line":52,"column":5}},"loc":{"start":{"line":52,"column":52},"end":{"line":63,"column":5}},"line":52},"7":{"name":"(anonymous_7)","decl":{"start":{"line":65,"column":4},"end":{"line":65,"column":5}},"loc":{"start":{"line":65,"column":18},"end":{"line":84,"column":5}},"line":65},"8":{"name":"(anonymous_8)","decl":{"start":{"line":86,"column":4},"end":{"line":86,"column":5}},"loc":{"start":{"line":86,"column":15},"end":{"line":88,"column":5}},"line":86},"9":{"name":"(anonymous_9)","decl":{"start":{"line":90,"column":4},"end":{"line":90,"column":5}},"loc":{"start":{"line":90,"column":23},"end":{"line":90,"column":46}},"line":90}},"branchMap":{"0":{"loc":{"start":{"line":31,"column":37},"end":{"line":31,"column":61}},"type":"default-arg","locations":[{"start":{"line":31,"column":59},"end":{"line":31,"column":61}}],"line":31},"1":{"loc":{"start":{"line":35,"column":14},"end":{"line":35,"column":38}},"type":"default-arg","locations":[{"start":{"line":35,"column":36},"end":{"line":35,"column":38}}],"line":35},"2":{"loc":{"start":{"line":37,"column":14},"end":{"line":37,"column":38}},"type":"default-arg","locations":[{"start":{"line":37,"column":36},"end":{"line":37,"column":38}}],"line":37},"3":{"loc":{"start":{"line":39,"column":14},"end":{"line":39,"column":38}},"type":"default-arg","locations":[{"start":{"line":39,"column":36},"end":{"line":39,"column":38}}],"line":39},"4":{"loc":{"start":{"line":41,"column":14},"end":{"line":41,"column":38}},"type":"default-arg","locations":[{"start":{"line":41,"column":36},"end":{"line":41,"column":38}}],"line":41},"5":{"loc":{"start":{"line":44,"column":8},"end":{"line":49,"column":9}},"type":"switch","locations":[{"start":{"line":45,"column":12},"end":{"line":46,"column":49}},{"start":{"line":47,"column":12},"end":{"line":48,"column":49}}],"line":44},"6":{"loc":{"start":{"line":53,"column":8},"end":{"line":62,"column":9}},"type":"switch","locations":[{"start":{"line":54,"column":12},"end":{"line":55,"column":73}},{"start":{"line":56,"column":12},"end":{"line":57,"column":70}},{"start":{"line":58,"column":12},"end":{"line":59,"column":70}},{"start":{"line":60,"column":12},"end":{"line":61,"column":67}}],"line":53},"7":{"loc":{"start":{"line":66,"column":8},"end":{"line":83,"column":9}},"type":"switch","locations":[{"start":{"line":67,"column":12},"end":{"line":74,"column":21}},{"start":{"line":75,"column":12},"end":{"line":82,"column":21}}],"line":66},"8":{"loc":{"start":{"line":68,"column":16},"end":{"line":73,"column":17}},"type":"switch","locations":[{"start":{"line":69,"column":20},"end":{"line":70,"column":42}},{"start":{"line":71,"column":20},"end":{"line":72,"column":42}}],"line":68},"9":{"loc":{"start":{"line":76,"column":16},"end":{"line":81,"column":17}},"type":"switch","locations":[{"start":{"line":77,"column":20},"end":{"line":78,"column":42}},{"start":{"line":79,"column":20},"end":{"line":80,"column":42}}],"line":76},"10":{"loc":{"start":{"line":87,"column":50},"end":{"line":87,"column":71}},"type":"cond-expr","locations":[{"start":{"line":87,"column":63},"end":{"line":87,"column":66}},{"start":{"line":87,"column":69},"end":{"line":87,"column":71}}],"line":87}},"s":{"0":162,"1":134,"2":7,"3":3,"4":14,"5":2,"6":1,"7":1,"8":166,"9":136,"10":9,"11":5,"12":16,"13":523,"14":468,"15":445,"16":23,"17":0,"18":55,"19":3,"20":52,"21":0,"22":19,"23":0},"f":{"0":162,"1":134,"2":7,"3":3,"4":14,"5":2,"6":166,"7":523,"8":19,"9":0},"b":{"0":[4],"1":[3],"2":[1],"3":[1],"4":[2],"5":[1,1],"6":[136,9,5,16],"7":[468,55],"8":[445,23],"9":[3,52],"10":[0,19]},"_coverageSchema":"1a1c01bbd47fc00a2c39e90264f33305004495a9","hash":"c46b3ed959eaed439cc645e9488fb1343215446e"}
,"/Users/zeljko/Developer/entail-core/src/deduction-interface/deduction-interface.ts": {"path":"/Users/zeljko/Developer/entail-core/src/deduction-interface/deduction-interface.ts","statementMap":{"0":{"start":{"line":12,"column":48},"end":{"line":12,"column":88}},"1":{"start":{"line":18,"column":24},"end":{"line":18,"column":55}},"2":{"start":{"line":19,"column":8},"end":{"line":19,"column":57}},"3":{"start":{"line":23,"column":38},"end":{"line":25,"column":10}},"4":{"start":{"line":23,"column":63},"end":{"line":25,"column":9}},"5":{"start":{"line":27,"column":8},"end":{"line":29,"column":9}},"6":{"start":{"line":28,"column":12},"end":{"line":28,"column":92}},"7":{"start":{"line":31,"column":8},"end":{"line":31,"column":51}},"8":{"start":{"line":31,"column":39},"end":{"line":31,"column":50}},"9":{"start":{"line":40,"column":8},"end":{"line":40,"column":84}}},"fnMap":{"0":{"name":"(anonymous_0)","decl":{"start":{"line":12,"column":4},"end":{"line":12,"column":5}},"loc":{"start":{"line":12,"column":46},"end":{"line":12,"column":90}},"line":12},"1":{"name":"(anonymous_1)","decl":{"start":{"line":14,"column":4},"end":{"line":14,"column":5}},"loc":{"start":{"line":14,"column":47},"end":{"line":14,"column":49}},"line":14},"2":{"name":"(anonymous_2)","decl":{"start":{"line":17,"column":4},"end":{"line":17,"column":5}},"loc":{"start":{"line":17,"column":39},"end":{"line":20,"column":5}},"line":17},"3":{"name":"(anonymous_3)","decl":{"start":{"line":22,"column":4},"end":{"line":22,"column":5}},"loc":{"start":{"line":22,"column":49},"end":{"line":32,"column":5}},"line":22},"4":{"name":"(anonymous_4)","decl":{"start":{"line":23,"column":52},"end":{"line":23,"column":53}},"loc":{"start":{"line":23,"column":63},"end":{"line":25,"column":9}},"line":23},"5":{"name":"(anonymous_5)","decl":{"start":{"line":31,"column":28},"end":{"line":31,"column":29}},"loc":{"start":{"line":31,"column":39},"end":{"line":31,"column":50}},"line":31},"6":{"name":"(anonymous_6)","decl":{"start":{"line":36,"column":4},"end":{"line":36,"column":5}},"loc":{"start":{"line":39,"column":6},"end":{"line":41,"column":5}},"line":39}},"branchMap":{"0":{"loc":{"start":{"line":12,"column":17},"end":{"line":12,"column":44}},"type":"default-arg","locations":[{"start":{"line":12,"column":29},"end":{"line":12,"column":44}}],"line":12},"1":{"loc":{"start":{"line":24,"column":12},"end":{"line":24,"column":87}},"type":"binary-expr","locations":[{"start":{"line":24,"column":12},"end":{"line":24,"column":37}},{"start":{"line":24,"column":41},"end":{"line":24,"column":53}},{"start":{"line":24,"column":57},"end":{"line":24,"column":87}}],"line":24},"2":{"loc":{"start":{"line":27,"column":8},"end":{"line":29,"column":9}},"type":"if","locations":[{"start":{"line":27,"column":8},"end":{"line":29,"column":9}},{"start":{"line":27,"column":8},"end":{"line":29,"column":9}}],"line":27}},"s":{"0":6,"1":32,"2":32,"3":32,"4":30,"5":32,"6":0,"7":32,"8":30,"9":0},"f":{"0":6,"1":48,"2":32,"3":32,"4":30,"5":30,"6":0},"b":{"0":[4],"1":[30,30,30],"2":[0,32]},"_coverageSchema":"1a1c01bbd47fc00a2c39e90264f33305004495a9","hash":"8fcf2034d3005231d8a05d96b3e524023cb7aee0"}
,"/Users/zeljko/Developer/entail-core/src/deduction-interface/error.ts": {"path":"/Users/zeljko/Developer/entail-core/src/deduction-interface/error.ts","statementMap":{},"fnMap":{},"branchMap":{},"s":{},"f":{},"b":{},"_coverageSchema":"1a1c01bbd47fc00a2c39e90264f33305004495a9","hash":"345d83810b5cf195f743ebe7149ddc78d1dcc19a"}
,"/Users/zeljko/Developer/entail-core/src/deduction-interface/index.ts": {"path":"/Users/zeljko/Developer/entail-core/src/deduction-interface/index.ts","statementMap":{},"fnMap":{},"branchMap":{},"s":{},"f":{},"b":{},"_coverageSchema":"1a1c01bbd47fc00a2c39e90264f33305004495a9","hash":"214863acac2d4e0b83b771ec96c7c21d0ec2fe4b"}
,"/Users/zeljko/Developer/entail-core/src/deduction-interface/rules-interface/deduction-rule-interface.ts": {"path":"/Users/zeljko/Developer/entail-core/src/deduction-interface/rules-interface/deduction-rule-interface.ts","statementMap":{"0":{"start":{"line":13,"column":36},"end":{"line":18,"column":9}},"1":{"start":{"line":19,"column":29},"end":{"line":19,"column":74}},"2":{"start":{"line":20,"column":8},"end":{"line":20,"column":51}}},"fnMap":{"0":{"name":"(anonymous_0)","decl":{"start":{"line":6,"column":4},"end":{"line":6,"column":5}},"loc":{"start":{"line":10,"column":6},"end":{"line":10,"column":8}},"line":10},"1":{"name":"(anonymous_1)","decl":{"start":{"line":12,"column":4},"end":{"line":12,"column":5}},"loc":{"start":{"line":12,"column":12},"end":{"line":21,"column":5}},"line":12}},"branchMap":{},"s":{"0":2,"1":2,"2":2},"f":{"0":2,"1":2},"b":{},"_coverageSchema":"1a1c01bbd47fc00a2c39e90264f33305004495a9","hash":"e336c569b4611d9a2105368efd68ad286d0f3595"}
,"/Users/zeljko/Developer/entail-core/src/deduction-interface/rules-interface/index.ts": {"path":"/Users/zeljko/Developer/entail-core/src/deduction-interface/rules-interface/index.ts","statementMap":{},"fnMap":{},"branchMap":{},"s":{},"f":{},"b":{},"_coverageSchema":"1a1c01bbd47fc00a2c39e90264f33305004495a9","hash":"f95e3f3ac09f0e8419a3fa9da55547a94b831e99"}
,"/Users/zeljko/Developer/entail-core/src/deduction-interface/rules-interface/premise-rule-interface.ts": {"path":"/Users/zeljko/Developer/entail-core/src/deduction-interface/rules-interface/premise-rule-interface.ts","statementMap":{"0":{"start":{"line":10,"column":36},"end":{"line":10,"column":79}},"1":{"start":{"line":11,"column":29},"end":{"line":11,"column":74}},"2":{"start":{"line":12,"column":8},"end":{"line":12,"column":51}}},"fnMap":{"0":{"name":"(anonymous_0)","decl":{"start":{"line":7,"column":4},"end":{"line":7,"column":5}},"loc":{"start":{"line":7,"column":46},"end":{"line":7,"column":48}},"line":7},"1":{"name":"(anonymous_1)","decl":{"start":{"line":9,"column":4},"end":{"line":9,"column":5}},"loc":{"start":{"line":9,"column":31},"end":{"line":13,"column":5}},"line":9}},"branchMap":{},"s":{"0":4,"1":4,"2":4},"f":{"0":4,"1":4},"b":{},"_coverageSchema":"1a1c01bbd47fc00a2c39e90264f33305004495a9","hash":"678b2026806305860fee4dfa267b122c80729a21"}
,"/Users/zeljko/Developer/entail-core/src/deduction-interface/rules-interface/rules-interface.ts": {"path":"/Users/zeljko/Developer/entail-core/src/deduction-interface/rules-interface/rules-interface.ts","statementMap":{"0":{"start":{"line":19,"column":30},"end":{"line":74,"column":1}},"1":{"start":{"line":20,"column":35},"end":{"line":20,"column":37}},"2":{"start":{"line":22,"column":4},"end":{"line":25,"column":5}},"3":{"start":{"line":27,"column":4},"end":{"line":71,"column":5}},"4":{"start":{"line":28,"column":8},"end":{"line":28,"column":66}},"5":{"start":{"line":29,"column":8},"end":{"line":29,"column":66}},"6":{"start":{"line":30,"column":11},"end":{"line":71,"column":5}},"7":{"start":{"line":31,"column":23},"end":{"line":31,"column":28}},"8":{"start":{"line":33,"column":24},"end":{"line":33,"column":55}},"9":{"start":{"line":35,"column":8},"end":{"line":46,"column":9}},"10":{"start":{"line":36,"column":12},"end":{"line":39,"column":13}},"11":{"start":{"line":40,"column":15},"end":{"line":46,"column":9}},"12":{"start":{"line":41,"column":12},"end":{"line":44,"column":13}},"13":{"start":{"line":48,"column":8},"end":{"line":51,"column":9}},"14":{"start":{"line":52,"column":8},"end":{"line":55,"column":9}},"15":{"start":{"line":56,"column":11},"end":{"line":71,"column":5}},"16":{"start":{"line":57,"column":50},"end":{"line":57,"column":55}},"17":{"start":{"line":58,"column":40},"end":{"line":58,"column":76}},"18":{"start":{"line":58,"column":55},"end":{"line":58,"column":75}},"19":{"start":{"line":60,"column":35},"end":{"line":60,"column":89}},"20":{"start":{"line":61,"column":43},"end":{"line":62,"column":37}},"21":{"start":{"line":64,"column":8},"end":{"line":70,"column":9}},"22":{"start":{"line":65,"column":12},"end":{"line":69,"column":13}},"23":{"start":{"line":73,"column":4},"end":{"line":73,"column":17}}},"fnMap":{"0":{"name":"(anonymous_0)","decl":{"start":{"line":19,"column":30},"end":{"line":19,"column":31}},"loc":{"start":{"line":19,"column":92},"end":{"line":74,"column":1}},"line":19},"1":{"name":"(anonymous_1)","decl":{"start":{"line":58,"column":50},"end":{"line":58,"column":51}},"loc":{"start":{"line":58,"column":55},"end":{"line":58,"column":75}},"line":58}},"branchMap":{"0":{"loc":{"start":{"line":27,"column":4},"end":{"line":71,"column":5}},"type":"if","locations":[{"start":{"line":27,"column":4},"end":{"line":71,"column":5}},{"start":{"line":27,"column":4},"end":{"line":71,"column":5}}],"line":27},"1":{"loc":{"start":{"line":30,"column":11},"end":{"line":71,"column":5}},"type":"if","locations":[{"start":{"line":30,"column":11},"end":{"line":71,"column":5}},{"start":{"line":30,"column":11},"end":{"line":71,"column":5}}],"line":30},"2":{"loc":{"start":{"line":35,"column":8},"end":{"line":46,"column":9}},"type":"if","locations":[{"start":{"line":35,"column":8},"end":{"line":46,"column":9}},{"start":{"line":35,"column":8},"end":{"line":46,"column":9}}],"line":35},"3":{"loc":{"start":{"line":40,"column":15},"end":{"line":46,"column":9}},"type":"if","locations":[{"start":{"line":40,"column":15},"end":{"line":46,"column":9}},{"start":{"line":40,"column":15},"end":{"line":46,"column":9}}],"line":40},"4":{"loc":{"start":{"line":56,"column":11},"end":{"line":71,"column":5}},"type":"if","locations":[{"start":{"line":56,"column":11},"end":{"line":71,"column":5}},{"start":{"line":56,"column":11},"end":{"line":71,"column":5}}],"line":56},"5":{"loc":{"start":{"line":64,"column":8},"end":{"line":70,"column":9}},"type":"if","locations":[{"start":{"line":64,"column":8},"end":{"line":70,"column":9}},{"start":{"line":64,"column":8},"end":{"line":70,"column":9}}],"line":64},"6":{"loc":{"start":{"line":64,"column":12},"end":{"line":64,"column":60}},"type":"binary-expr","locations":[{"start":{"line":64,"column":12},"end":{"line":64,"column":30}},{"start":{"line":64,"column":34},"end":{"line":64,"column":60}}],"line":64}},"s":{"0":9,"1":32,"2":32,"3":32,"4":4,"5":4,"6":28,"7":26,"8":26,"9":26,"10":7,"11":19,"12":9,"13":26,"14":26,"15":2,"16":2,"17":2,"18":4,"19":2,"20":2,"21":2,"22":2,"23":32},"f":{"0":32,"1":4},"b":{"0":[4,28],"1":[26,2],"2":[7,19],"3":[9,10],"4":[2,0],"5":[2,0],"6":[2,2]},"_coverageSchema":"1a1c01bbd47fc00a2c39e90264f33305004495a9","hash":"d0917245e2c4ea6db049dbb155a52b4ac8360e41"}
,"/Users/zeljko/Developer/entail-core/src/deduction-interface/rules-interface/tautological-implication-rule-interface.ts": {"path":"/Users/zeljko/Developer/entail-core/src/deduction-interface/rules-interface/tautological-implication-rule-interface.ts","statementMap":{"0":{"start":{"line":16,"column":28},"end":{"line":16,"column":88}},"1":{"start":{"line":16,"column":54},"end":{"line":16,"column":87}},"2":{"start":{"line":18,"column":8},"end":{"line":20,"column":9}},"3":{"start":{"line":19,"column":12},"end":{"line":19,"column":79}},"4":{"start":{"line":22,"column":36},"end":{"line":25,"column":9}},"5":{"start":{"line":26,"column":29},"end":{"line":26,"column":74}},"6":{"start":{"line":27,"column":8},"end":{"line":27,"column":51}},"7":{"start":{"line":36,"column":8},"end":{"line":36,"column":88}}},"fnMap":{"0":{"name":"(anonymous_0)","decl":{"start":{"line":10,"column":4},"end":{"line":10,"column":5}},"loc":{"start":{"line":13,"column":6},"end":{"line":13,"column":8}},"line":13},"1":{"name":"(anonymous_1)","decl":{"start":{"line":15,"column":4},"end":{"line":15,"column":5}},"loc":{"start":{"line":15,"column":31},"end":{"line":28,"column":5}},"line":15},"2":{"name":"(anonymous_2)","decl":{"start":{"line":16,"column":49},"end":{"line":16,"column":50}},"loc":{"start":{"line":16,"column":54},"end":{"line":16,"column":87}},"line":16},"3":{"name":"(anonymous_3)","decl":{"start":{"line":32,"column":4},"end":{"line":32,"column":5}},"loc":{"start":{"line":35,"column":6},"end":{"line":37,"column":5}},"line":35}},"branchMap":{"0":{"loc":{"start":{"line":12,"column":25},"end":{"line":12,"column":51}},"type":"default-arg","locations":[{"start":{"line":12,"column":49},"end":{"line":12,"column":51}}],"line":12},"1":{"loc":{"start":{"line":18,"column":8},"end":{"line":20,"column":9}},"type":"if","locations":[{"start":{"line":18,"column":8},"end":{"line":20,"column":9}},{"start":{"line":18,"column":8},"end":{"line":20,"column":9}}],"line":18}},"s":{"0":1,"1":1,"2":1,"3":0,"4":1,"5":1,"6":1,"7":0},"f":{"0":32,"1":1,"2":1,"3":0},"b":{"0":[0],"1":[0,1]},"_coverageSchema":"1a1c01bbd47fc00a2c39e90264f33305004495a9","hash":"961dd0f3962270a60458de872013a1713e25799f"}
,"/Users/zeljko/Developer/entail-core/src/deduction-interface/rules-interface/theorem-rule-interface.ts": {"path":"/Users/zeljko/Developer/entail-core/src/deduction-interface/rules-interface/theorem-rule-interface.ts","statementMap":{"0":{"start":{"line":7,"column":14},"end":{"line":7,"column":59}}},"fnMap":{"0":{"name":"(anonymous_0)","decl":{"start":{"line":5,"column":4},"end":{"line":5,"column":5}},"loc":{"start":{"line":5,"column":55},"end":{"line":5,"column":57}},"line":5},"1":{"name":"(anonymous_1)","decl":{"start":{"line":7,"column":4},"end":{"line":7,"column":5}},"loc":{"start":{"line":7,"column":12},"end":{"line":7,"column":61}},"line":7}},"branchMap":{},"s":{"0":0},"f":{"0":4,"1":0},"b":{},"_coverageSchema":"1a1c01bbd47fc00a2c39e90264f33305004495a9","hash":"7242abe07bc9c462145a77831234ad9dda7473bd"}
,"/Users/zeljko/Developer/entail-core/src/deduction-interface/rules-interface/quantification/existential-generalization-rule-interface.ts": {"path":"/Users/zeljko/Developer/entail-core/src/deduction-interface/rules-interface/quantification/existential-generalization-rule-interface.ts","statementMap":{"0":{"start":{"line":8,"column":36},"end":{"line":13,"column":9}},"1":{"start":{"line":14,"column":29},"end":{"line":14,"column":74}},"2":{"start":{"line":15,"column":8},"end":{"line":15,"column":51}}},"fnMap":{"0":{"name":"(anonymous_0)","decl":{"start":{"line":7,"column":4},"end":{"line":7,"column":5}},"loc":{"start":{"line":7,"column":57},"end":{"line":16,"column":5}},"line":7}},"branchMap":{},"s":{"0":3,"1":3,"2":3},"f":{"0":3},"b":{},"_coverageSchema":"1a1c01bbd47fc00a2c39e90264f33305004495a9","hash":"897e80a2cf9f435bf4053338e5c920972aa9c098"}
,"/Users/zeljko/Developer/entail-core/src/deduction-interface/rules-interface/quantification/existential-instantiation-rule-interface.ts": {"path":"/Users/zeljko/Developer/entail-core/src/deduction-interface/rules-interface/quantification/existential-instantiation-rule-interface.ts","statementMap":{"0":{"start":{"line":13,"column":36},"end":{"line":17,"column":9}},"1":{"start":{"line":19,"column":8},"end":{"line":29,"column":9}},"2":{"start":{"line":20,"column":33},"end":{"line":20,"column":78}},"3":{"start":{"line":21,"column":12},"end":{"line":21,"column":55}},"4":{"start":{"line":23,"column":12},"end":{"line":27,"column":13}},"5":{"start":{"line":24,"column":16},"end":{"line":24,"column":54}},"6":{"start":{"line":25,"column":19},"end":{"line":27,"column":13}},"7":{"start":{"line":26,"column":16},"end":{"line":26,"column":89}},"8":{"start":{"line":28,"column":12},"end":{"line":28,"column":19}}},"fnMap":{"0":{"name":"(anonymous_0)","decl":{"start":{"line":12,"column":4},"end":{"line":12,"column":5}},"loc":{"start":{"line":12,"column":63},"end":{"line":30,"column":5}},"line":12}},"branchMap":{"0":{"loc":{"start":{"line":23,"column":12},"end":{"line":27,"column":13}},"type":"if","locations":[{"start":{"line":23,"column":12},"end":{"line":27,"column":13}},{"start":{"line":23,"column":12},"end":{"line":27,"column":13}}],"line":23},"1":{"loc":{"start":{"line":25,"column":19},"end":{"line":27,"column":13}},"type":"if","locations":[{"start":{"line":25,"column":19},"end":{"line":27,"column":13}},{"start":{"line":25,"column":19},"end":{"line":27,"column":13}}],"line":25}},"s":{"0":6,"1":6,"2":6,"3":6,"4":0,"5":0,"6":0,"7":0,"8":0},"f":{"0":6},"b":{"0":[0,0],"1":[0,0]},"_coverageSchema":"1a1c01bbd47fc00a2c39e90264f33305004495a9","hash":"a344e8871dbb9e4e193ad345b2ce60e94987d529"}
,"/Users/zeljko/Developer/entail-core/src/deduction-interface/rules-interface/quantification/generalization-rule-interface.ts": {"path":"/Users/zeljko/Developer/entail-core/src/deduction-interface/rules-interface/quantification/generalization-rule-interface.ts","statementMap":{"0":{"start":{"line":18,"column":24},"end":{"line":18,"column":36}},"1":{"start":{"line":20,"column":37},"end":{"line":20,"column":58}},"2":{"start":{"line":21,"column":8},"end":{"line":32,"column":9}},"3":{"start":{"line":22,"column":12},"end":{"line":24,"column":13}},"4":{"start":{"line":23,"column":16},"end":{"line":23,"column":62}},"5":{"start":{"line":26,"column":12},"end":{"line":31,"column":13}},"6":{"start":{"line":30,"column":16},"end":{"line":30,"column":69}},"7":{"start":{"line":34,"column":8},"end":{"line":34,"column":51}},"8":{"start":{"line":44,"column":24},"end":{"line":44,"column":40}},"9":{"start":{"line":45,"column":8},"end":{"line":45,"column":77}},"10":{"start":{"line":45,"column":35},"end":{"line":45,"column":77}},"11":{"start":{"line":47,"column":8},"end":{"line":57,"column":9}},"12":{"start":{"line":48,"column":49},"end":{"line":48,"column":96}},"13":{"start":{"line":49,"column":12},"end":{"line":49,"column":78}},"14":{"start":{"line":49,"column":60},"end":{"line":49,"column":78}},"15":{"start":{"line":50,"column":28},"end":{"line":50,"column":99}},"16":{"start":{"line":51,"column":12},"end":{"line":51,"column":39}},"17":{"start":{"line":53,"column":12},"end":{"line":55,"column":13}},"18":{"start":{"line":54,"column":16},"end":{"line":54,"column":58}},"19":{"start":{"line":56,"column":12},"end":{"line":56,"column":19}}},"fnMap":{"0":{"name":"(anonymous_0)","decl":{"start":{"line":17,"column":4},"end":{"line":17,"column":5}},"loc":{"start":{"line":17,"column":39},"end":{"line":35,"column":5}},"line":17},"1":{"name":"(anonymous_1)","decl":{"start":{"line":43,"column":4},"end":{"line":43,"column":5}},"loc":{"start":{"line":43,"column":78},"end":{"line":58,"column":5}},"line":43}},"branchMap":{"0":{"loc":{"start":{"line":21,"column":8},"end":{"line":32,"column":9}},"type":"if","locations":[{"start":{"line":21,"column":8},"end":{"line":32,"column":9}},{"start":{"line":21,"column":8},"end":{"line":32,"column":9}}],"line":21},"1":{"loc":{"start":{"line":22,"column":12},"end":{"line":24,"column":13}},"type":"if","locations":[{"start":{"line":22,"column":12},"end":{"line":24,"column":13}},{"start":{"line":22,"column":12},"end":{"line":24,"column":13}}],"line":22},"2":{"loc":{"start":{"line":26,"column":12},"end":{"line":31,"column":13}},"type":"if","locations":[{"start":{"line":26,"column":12},"end":{"line":31,"column":13}},{"start":{"line":26,"column":12},"end":{"line":31,"column":13}}],"line":26},"3":{"loc":{"start":{"line":27,"column":16},"end":{"line":28,"column":86}},"type":"binary-expr","locations":[{"start":{"line":27,"column":16},"end":{"line":27,"column":37}},{"start":{"line":28,"column":16},"end":{"line":28,"column":86}}],"line":27},"4":{"loc":{"start":{"line":45,"column":8},"end":{"line":45,"column":77}},"type":"if","locations":[{"start":{"line":45,"column":8},"end":{"line":45,"column":77}},{"start":{"line":45,"column":8},"end":{"line":45,"column":77}}],"line":45},"5":{"loc":{"start":{"line":49,"column":12},"end":{"line":49,"column":78}},"type":"if","locations":[{"start":{"line":49,"column":12},"end":{"line":49,"column":78}},{"start":{"line":49,"column":12},"end":{"line":49,"column":78}}],"line":49},"6":{"loc":{"start":{"line":53,"column":12},"end":{"line":55,"column":13}},"type":"if","locations":[{"start":{"line":53,"column":12},"end":{"line":55,"column":13}},{"start":{"line":53,"column":12},"end":{"line":55,"column":13}}],"line":53}},"s":{"0":11,"1":11,"2":11,"3":11,"4":1,"5":10,"6":1,"7":9,"8":2,"9":2,"10":0,"11":2,"12":2,"13":2,"14":0,"15":2,"16":2,"17":0,"18":0,"19":0},"f":{"0":11,"1":2},"b":{"0":[11,0],"1":[1,10],"2":[1,9],"3":[10,8],"4":[0,2],"5":[0,2],"6":[0,0]},"_coverageSchema":"1a1c01bbd47fc00a2c39e90264f33305004495a9","hash":"7c904f47b923155184d525a5aee7506af6f5fbdf"}
,"/Users/zeljko/Developer/entail-core/src/deduction-interface/rules-interface/quantification/index.ts": {"path":"/Users/zeljko/Developer/entail-core/src/deduction-interface/rules-interface/quantification/index.ts","statementMap":{},"fnMap":{},"branchMap":{},"s":{},"f":{},"b":{},"_coverageSchema":"1a1c01bbd47fc00a2c39e90264f33305004495a9","hash":"7e0dd43b1c7085db3725a435bae4096a51f1611d"}
,"/Users/zeljko/Developer/entail-core/src/deduction-interface/rules-interface/quantification/instantiation-rule-interface.ts": {"path":"/Users/zeljko/Developer/entail-core/src/deduction-interface/rules-interface/quantification/instantiation-rule-interface.ts","statementMap":{"0":{"start":{"line":16,"column":24},"end":{"line":16,"column":36}},"1":{"start":{"line":18,"column":8},"end":{"line":28,"column":9}},"2":{"start":{"line":19,"column":12},"end":{"line":21,"column":13}},"3":{"start":{"line":20,"column":16},"end":{"line":20,"column":75}},"4":{"start":{"line":23,"column":28},"end":{"line":23,"column":45}},"5":{"start":{"line":24,"column":26},"end":{"line":24,"column":62}},"6":{"start":{"line":25,"column":12},"end":{"line":27,"column":13}},"7":{"start":{"line":26,"column":16},"end":{"line":26,"column":66}},"8":{"start":{"line":30,"column":8},"end":{"line":30,"column":42}},"9":{"start":{"line":40,"column":32},"end":{"line":40,"column":86}},"10":{"start":{"line":41,"column":8},"end":{"line":41,"column":59}},"11":{"start":{"line":41,"column":43},"end":{"line":41,"column":59}},"12":{"start":{"line":43,"column":8},"end":{"line":50,"column":9}},"13":{"start":{"line":44,"column":12},"end":{"line":44,"column":72}},"14":{"start":{"line":46,"column":12},"end":{"line":48,"column":13}},"15":{"start":{"line":47,"column":16},"end":{"line":47,"column":58}},"16":{"start":{"line":49,"column":12},"end":{"line":49,"column":19}}},"fnMap":{"0":{"name":"(anonymous_0)","decl":{"start":{"line":15,"column":4},"end":{"line":15,"column":5}},"loc":{"start":{"line":15,"column":25},"end":{"line":31,"column":5}},"line":15},"1":{"name":"(anonymous_1)","decl":{"start":{"line":39,"column":4},"end":{"line":39,"column":5}},"loc":{"start":{"line":39,"column":59},"end":{"line":51,"column":5}},"line":39}},"branchMap":{"0":{"loc":{"start":{"line":18,"column":8},"end":{"line":28,"column":9}},"type":"if","locations":[{"start":{"line":18,"column":8},"end":{"line":28,"column":9}},{"start":{"line":18,"column":8},"end":{"line":28,"column":9}}],"line":18},"1":{"loc":{"start":{"line":19,"column":12},"end":{"line":21,"column":13}},"type":"if","locations":[{"start":{"line":19,"column":12},"end":{"line":21,"column":13}},{"start":{"line":19,"column":12},"end":{"line":21,"column":13}}],"line":19},"2":{"loc":{"start":{"line":25,"column":12},"end":{"line":27,"column":13}},"type":"if","locations":[{"start":{"line":25,"column":12},"end":{"line":27,"column":13}},{"start":{"line":25,"column":12},"end":{"line":27,"column":13}}],"line":25},"3":{"loc":{"start":{"line":41,"column":8},"end":{"line":41,"column":59}},"type":"if","locations":[{"start":{"line":41,"column":8},"end":{"line":41,"column":59}},{"start":{"line":41,"column":8},"end":{"line":41,"column":59}}],"line":41},"4":{"loc":{"start":{"line":46,"column":12},"end":{"line":48,"column":13}},"type":"if","locations":[{"start":{"line":46,"column":12},"end":{"line":48,"column":13}},{"start":{"line":46,"column":12},"end":{"line":48,"column":13}}],"line":46}},"s":{"0":14,"1":14,"2":4,"3":2,"4":10,"5":10,"6":10,"7":2,"8":10,"9":5,"10":5,"11":0,"12":5,"13":5,"14":0,"15":0,"16":0},"f":{"0":14,"1":5},"b":{"0":[4,10],"1":[2,2],"2":[2,8],"3":[0,5],"4":[0,0]},"_coverageSchema":"1a1c01bbd47fc00a2c39e90264f33305004495a9","hash":"77bec680abc29108002e01c2828a67b5b7b9e88f"}
,"/Users/zeljko/Developer/entail-core/src/deduction-interface/rules-interface/quantification/quantification-rule-interface.ts": {"path":"/Users/zeljko/Developer/entail-core/src/deduction-interface/rules-interface/quantification/quantification-rule-interface.ts","statementMap":{"0":{"start":{"line":11,"column":30},"end":{"line":11,"column":83}},"1":{"start":{"line":18,"column":8},"end":{"line":18,"column":45}},"2":{"start":{"line":27,"column":8},"end":{"line":27,"column":86}}},"fnMap":{"0":{"name":"(anonymous_0)","decl":{"start":{"line":6,"column":4},"end":{"line":6,"column":5}},"loc":{"start":{"line":9,"column":6},"end":{"line":9,"column":8}},"line":9},"1":{"name":"(anonymous_1)","decl":{"start":{"line":11,"column":4},"end":{"line":11,"column":5}},"loc":{"start":{"line":11,"column":28},"end":{"line":11,"column":85}},"line":11},"2":{"name":"(anonymous_2)","decl":{"start":{"line":17,"column":4},"end":{"line":17,"column":5}},"loc":{"start":{"line":17,"column":36},"end":{"line":19,"column":5}},"line":17},"3":{"name":"(anonymous_3)","decl":{"start":{"line":23,"column":4},"end":{"line":23,"column":5}},"loc":{"start":{"line":26,"column":6},"end":{"line":28,"column":5}},"line":26}},"branchMap":{},"s":{"0":51,"1":1,"2":1},"f":{"0":68,"1":51,"2":1,"3":1},"b":{},"_coverageSchema":"1a1c01bbd47fc00a2c39e90264f33305004495a9","hash":"18dc9fa754ee13effc5cd31a772034cf539efc77"}
,"/Users/zeljko/Developer/entail-core/src/deduction-interface/rules-interface/quantification/universal-generalization-rule-interface.ts": {"path":"/Users/zeljko/Developer/entail-core/src/deduction-interface/rules-interface/quantification/universal-generalization-rule-interface.ts","statementMap":{"0":{"start":{"line":13,"column":36},"end":{"line":18,"column":9}},"1":{"start":{"line":20,"column":8},"end":{"line":30,"column":9}},"2":{"start":{"line":21,"column":33},"end":{"line":21,"column":78}},"3":{"start":{"line":22,"column":12},"end":{"line":22,"column":55}},"4":{"start":{"line":24,"column":12},"end":{"line":28,"column":13}},"5":{"start":{"line":25,"column":16},"end":{"line":25,"column":54}},"6":{"start":{"line":26,"column":19},"end":{"line":28,"column":13}},"7":{"start":{"line":27,"column":16},"end":{"line":27,"column":89}},"8":{"start":{"line":29,"column":12},"end":{"line":29,"column":19}}},"fnMap":{"0":{"name":"(anonymous_0)","decl":{"start":{"line":12,"column":4},"end":{"line":12,"column":5}},"loc":{"start":{"line":12,"column":57},"end":{"line":31,"column":5}},"line":12}},"branchMap":{"0":{"loc":{"start":{"line":24,"column":12},"end":{"line":28,"column":13}},"type":"if","locations":[{"start":{"line":24,"column":12},"end":{"line":28,"column":13}},{"start":{"line":24,"column":12},"end":{"line":28,"column":13}}],"line":24},"1":{"loc":{"start":{"line":26,"column":19},"end":{"line":28,"column":13}},"type":"if","locations":[{"start":{"line":26,"column":19},"end":{"line":28,"column":13}},{"start":{"line":26,"column":19},"end":{"line":28,"column":13}}],"line":26}},"s":{"0":6,"1":6,"2":6,"3":4,"4":2,"5":1,"6":1,"7":1,"8":0},"f":{"0":6},"b":{"0":[1,1],"1":[1,0]},"_coverageSchema":"1a1c01bbd47fc00a2c39e90264f33305004495a9","hash":"2f7deffa484f9850351dc2ec9f6cc611ad48ecd4"}
,"/Users/zeljko/Developer/entail-core/src/deduction-interface/rules-interface/quantification/universal-instantiation-rule-interface.ts": {"path":"/Users/zeljko/Developer/entail-core/src/deduction-interface/rules-interface/quantification/universal-instantiation-rule-interface.ts","statementMap":{"0":{"start":{"line":8,"column":36},"end":{"line":12,"column":9}},"1":{"start":{"line":13,"column":29},"end":{"line":13,"column":74}},"2":{"start":{"line":14,"column":8},"end":{"line":14,"column":51}}},"fnMap":{"0":{"name":"(anonymous_0)","decl":{"start":{"line":7,"column":4},"end":{"line":7,"column":5}},"loc":{"start":{"line":7,"column":63},"end":{"line":15,"column":5}},"line":7}},"branchMap":{},"s":{"0":4,"1":4,"2":4},"f":{"0":4},"b":{},"_coverageSchema":"1a1c01bbd47fc00a2c39e90264f33305004495a9","hash":"ef58d79e464abffa584a0ffe311c00eadd3d0404"}
,"/Users/zeljko/Developer/entail-core/src/deduction-structure/deduction.ts": {"path":"/Users/zeljko/Developer/entail-core/src/deduction-structure/deduction.ts","statementMap":{"0":{"start":{"line":27,"column":17},"end":{"line":27,"column":39}},"1":{"start":{"line":35,"column":8},"end":{"line":37,"column":56}},"2":{"start":{"line":43,"column":39},"end":{"line":46,"column":10}},"3":{"start":{"line":47,"column":21},"end":{"line":47,"column":66}},"4":{"start":{"line":48,"column":8},"end":{"line":48,"column":33}},"5":{"start":{"line":60,"column":28},"end":{"line":63,"column":9}},"6":{"start":{"line":65,"column":39},"end":{"line":69,"column":10}},"7":{"start":{"line":71,"column":21},"end":{"line":75,"column":10}},"8":{"start":{"line":77,"column":22},"end":{"line":79,"column":48}},"9":{"start":{"line":81,"column":8},"end":{"line":81,"column":49}},"10":{"start":{"line":91,"column":8},"end":{"line":91,"column":40}},"11":{"start":{"line":95,"column":21},"end":{"line":95,"column":46}},"12":{"start":{"line":96,"column":8},"end":{"line":96,"column":80}},"13":{"start":{"line":96,"column":32},"end":{"line":96,"column":80}},"14":{"start":{"line":97,"column":8},"end":{"line":97,"column":19}},"15":{"start":{"line":101,"column":21},"end":{"line":101,"column":47}},"16":{"start":{"line":102,"column":8},"end":{"line":102,"column":63}},"17":{"start":{"line":102,"column":32},"end":{"line":102,"column":63}},"18":{"start":{"line":103,"column":8},"end":{"line":103,"column":19}},"19":{"start":{"line":116,"column":26},"end":{"line":126,"column":20}},"20":{"start":{"line":118,"column":28},"end":{"line":118,"column":49}},"21":{"start":{"line":121,"column":20},"end":{"line":123,"column":21}},"22":{"start":{"line":122,"column":24},"end":{"line":122,"column":56}},"23":{"start":{"line":124,"column":20},"end":{"line":124,"column":38}},"24":{"start":{"line":128,"column":8},"end":{"line":128,"column":78}},"25":{"start":{"line":128,"column":36},"end":{"line":128,"column":78}},"26":{"start":{"line":130,"column":8},"end":{"line":130,"column":26}},"27":{"start":{"line":135,"column":8},"end":{"line":135,"column":93}},"28":{"start":{"line":139,"column":8},"end":{"line":139,"column":62}},"29":{"start":{"line":139,"column":45},"end":{"line":139,"column":61}},"30":{"start":{"line":143,"column":8},"end":{"line":143,"column":53}}},"fnMap":{"0":{"name":"(anonymous_0)","decl":{"start":{"line":27,"column":4},"end":{"line":27,"column":5}},"loc":{"start":{"line":27,"column":15},"end":{"line":27,"column":41}},"line":27},"1":{"name":"(anonymous_1)","decl":{"start":{"line":34,"column":4},"end":{"line":34,"column":5}},"loc":{"start":{"line":34,"column":56},"end":{"line":38,"column":5}},"line":34},"2":{"name":"(anonymous_2)","decl":{"start":{"line":40,"column":4},"end":{"line":40,"column":5}},"loc":{"start":{"line":42,"column":6},"end":{"line":49,"column":5}},"line":42},"3":{"name":"(anonymous_3)","decl":{"start":{"line":51,"column":4},"end":{"line":51,"column":5}},"loc":{"start":{"line":59,"column":6},"end":{"line":82,"column":5}},"line":59},"4":{"name":"(anonymous_4)","decl":{"start":{"line":90,"column":4},"end":{"line":90,"column":5}},"loc":{"start":{"line":90,"column":38},"end":{"line":92,"column":5}},"line":90},"5":{"name":"(anonymous_5)","decl":{"start":{"line":94,"column":4},"end":{"line":94,"column":5}},"loc":{"start":{"line":94,"column":31},"end":{"line":98,"column":5}},"line":94},"6":{"name":"(anonymous_6)","decl":{"start":{"line":100,"column":4},"end":{"line":100,"column":5}},"loc":{"start":{"line":100,"column":18},"end":{"line":104,"column":5}},"line":100},"7":{"name":"(anonymous_7)","decl":{"start":{"line":112,"column":4},"end":{"line":112,"column":5}},"loc":{"start":{"line":115,"column":6},"end":{"line":131,"column":5}},"line":115},"8":{"name":"(anonymous_8)","decl":{"start":{"line":118,"column":17},"end":{"line":118,"column":18}},"loc":{"start":{"line":118,"column":28},"end":{"line":118,"column":49}},"line":118},"9":{"name":"(anonymous_9)","decl":{"start":{"line":120,"column":16},"end":{"line":120,"column":17}},"loc":{"start":{"line":120,"column":88},"end":{"line":125,"column":17}},"line":120},"10":{"name":"(anonymous_10)","decl":{"start":{"line":134,"column":4},"end":{"line":134,"column":5}},"loc":{"start":{"line":134,"column":71},"end":{"line":136,"column":5}},"line":134},"11":{"name":"(anonymous_11)","decl":{"start":{"line":138,"column":4},"end":{"line":138,"column":5}},"loc":{"start":{"line":138,"column":24},"end":{"line":140,"column":5}},"line":138},"12":{"name":"(anonymous_12)","decl":{"start":{"line":139,"column":36},"end":{"line":139,"column":37}},"loc":{"start":{"line":139,"column":45},"end":{"line":139,"column":61}},"line":139},"13":{"name":"(anonymous_13)","decl":{"start":{"line":142,"column":4},"end":{"line":142,"column":5}},"loc":{"start":{"line":142,"column":49},"end":{"line":144,"column":5}},"line":142}},"branchMap":{"0":{"loc":{"start":{"line":35,"column":15},"end":{"line":37,"column":56}},"type":"cond-expr","locations":[{"start":{"line":36,"column":14},"end":{"line":36,"column":56}},{"start":{"line":37,"column":14},"end":{"line":37,"column":56}}],"line":35},"1":{"loc":{"start":{"line":77,"column":22},"end":{"line":79,"column":48}},"type":"cond-expr","locations":[{"start":{"line":78,"column":14},"end":{"line":78,"column":38}},{"start":{"line":79,"column":14},"end":{"line":79,"column":48}}],"line":77},"2":{"loc":{"start":{"line":96,"column":8},"end":{"line":96,"column":80}},"type":"if","locations":[{"start":{"line":96,"column":8},"end":{"line":96,"column":80}},{"start":{"line":96,"column":8},"end":{"line":96,"column":80}}],"line":96},"3":{"loc":{"start":{"line":102,"column":8},"end":{"line":102,"column":63}},"type":"if","locations":[{"start":{"line":102,"column":8},"end":{"line":102,"column":63}},{"start":{"line":102,"column":8},"end":{"line":102,"column":63}}],"line":102},"4":{"loc":{"start":{"line":121,"column":20},"end":{"line":123,"column":21}},"type":"if","locations":[{"start":{"line":121,"column":20},"end":{"line":123,"column":21}},{"start":{"line":121,"column":20},"end":{"line":123,"column":21}}],"line":121},"5":{"loc":{"start":{"line":121,"column":24},"end":{"line":121,"column":70}},"type":"binary-expr","locations":[{"start":{"line":121,"column":24},"end":{"line":121,"column":45}},{"start":{"line":121,"column":49},"end":{"line":121,"column":70}}],"line":121},"6":{"loc":{"start":{"line":128,"column":8},"end":{"line":128,"column":78}},"type":"if","locations":[{"start":{"line":128,"column":8},"end":{"line":128,"column":78}},{"start":{"line":128,"column":8},"end":{"line":128,"column":78}}],"line":128}},"s":{"0":41,"1":26,"2":0,"3":0,"4":0,"5":26,"6":26,"7":26,"8":26,"9":24,"10":7,"11":117,"12":117,"13":0,"14":117,"15":24,"16":24,"17":0,"18":24,"19":26,"20":24,"21":24,"22":16,"23":24,"24":26,"25":2,"26":26,"27":10,"28":24,"29":24,"30":24},"f":{"0":41,"1":26,"2":0,"3":26,"4":7,"5":117,"6":24,"7":26,"8":24,"9":24,"10":10,"11":24,"12":24,"13":24},"b":{"0":[0,26],"1":[16,10],"2":[0,117],"3":[0,24],"4":[16,8],"5":[24,8],"6":[2,24]},"_coverageSchema":"1a1c01bbd47fc00a2c39e90264f33305004495a9","hash":"dc10c86e2da349a1cc26c10a60333b7a7f1101b8"}
,"/Users/zeljko/Developer/entail-core/src/deduction-structure/index.ts": {"path":"/Users/zeljko/Developer/entail-core/src/deduction-structure/index.ts","statementMap":{},"fnMap":{},"branchMap":{},"s":{},"f":{},"b":{},"_coverageSchema":"1a1c01bbd47fc00a2c39e90264f33305004495a9","hash":"29f909a8ebbeb56470fd861ade8129f4bd8397f9"}
,"/Users/zeljko/Developer/entail-core/src/deduction-structure/rule.ts": {"path":"/Users/zeljko/Developer/entail-core/src/deduction-structure/rule.ts","statementMap":{"0":{"start":{"line":26,"column":31},"end":{"line":26,"column":71}},"1":{"start":{"line":26,"column":47},"end":{"line":26,"column":71}},"2":{"start":{"line":27,"column":23},"end":{"line":27,"column":91}},"3":{"start":{"line":27,"column":59},"end":{"line":27,"column":91}},"4":{"start":{"line":29,"column":59},"end":{"line":38,"column":1}},"5":{"start":{"line":40,"column":59},"end":{"line":49,"column":1}}},"fnMap":{"0":{"name":"(anonymous_0)","decl":{"start":{"line":26,"column":31},"end":{"line":26,"column":32}},"loc":{"start":{"line":26,"column":47},"end":{"line":26,"column":71}},"line":26},"1":{"name":"(anonymous_1)","decl":{"start":{"line":27,"column":23},"end":{"line":27,"column":24}},"loc":{"start":{"line":27,"column":59},"end":{"line":27,"column":91}},"line":27}},"branchMap":{},"s":{"0":10,"1":0,"2":10,"3":11,"4":10,"5":10},"f":{"0":0,"1":11},"b":{},"_coverageSchema":"1a1c01bbd47fc00a2c39e90264f33305004495a9","hash":"af231e340f834e846aaaf88e5afa1fb5964f5554"}
,"/Users/zeljko/Developer/entail-core/src/deduction-structure/step.ts": {"path":"/Users/zeljko/Developer/entail-core/src/deduction-structure/step.ts","statementMap":{},"fnMap":{},"branchMap":{},"s":{},"f":{},"b":{},"_coverageSchema":"1a1c01bbd47fc00a2c39e90264f33305004495a9","hash":"3af361d32e9bbd5d5b4e4ea9fed57d1594c42b55"}
,"/Users/zeljko/Developer/entail-core/src/deduction-structure/rule-application-spec/index.ts": {"path":"/Users/zeljko/Developer/entail-core/src/deduction-structure/rule-application-spec/index.ts","statementMap":{},"fnMap":{},"branchMap":{},"s":{},"f":{},"b":{},"_coverageSchema":"1a1c01bbd47fc00a2c39e90264f33305004495a9","hash":"2941d3b85ee5be04d691c52304e77ee19bfd3c5a"}
,"/Users/zeljko/Developer/entail-core/src/deduction-structure/rule-application-spec/regular-rule-application-spec.ts": {"path":"/Users/zeljko/Developer/entail-core/src/deduction-structure/rule-application-spec/regular-rule-application-spec.ts","statementMap":{"0":{"start":{"line":46,"column":8},"end":{"line":49,"column":10}},"1":{"start":{"line":58,"column":8},"end":{"line":66,"column":10}},"2":{"start":{"line":70,"column":8},"end":{"line":74,"column":10}},"3":{"start":{"line":82,"column":22},"end":{"line":82,"column":38}},"4":{"start":{"line":83,"column":27},"end":{"line":85,"column":19}},"5":{"start":{"line":87,"column":8},"end":{"line":91,"column":10}},"6":{"start":{"line":100,"column":22},"end":{"line":102,"column":21}},"7":{"start":{"line":104,"column":8},"end":{"line":121,"column":10}},"8":{"start":{"line":117,"column":49},"end":{"line":117,"column":82}},"9":{"start":{"line":129,"column":22},"end":{"line":129,"column":38}},"10":{"start":{"line":130,"column":27},"end":{"line":132,"column":19}},"11":{"start":{"line":135,"column":8},"end":{"line":148,"column":10}},"12":{"start":{"line":144,"column":49},"end":{"line":144,"column":82}},"13":{"start":{"line":157,"column":22},"end":{"line":159,"column":21}},"14":{"start":{"line":161,"column":8},"end":{"line":169,"column":10}}},"fnMap":{"0":{"name":"(anonymous_0)","decl":{"start":{"line":45,"column":4},"end":{"line":45,"column":5}},"loc":{"start":{"line":45,"column":40},"end":{"line":50,"column":5}},"line":45},"1":{"name":"(anonymous_1)","decl":{"start":{"line":52,"column":4},"end":{"line":52,"column":5}},"loc":{"start":{"line":57,"column":6},"end":{"line":67,"column":5}},"line":57},"2":{"name":"(anonymous_2)","decl":{"start":{"line":69,"column":4},"end":{"line":69,"column":5}},"loc":{"start":{"line":69,"column":89},"end":{"line":75,"column":5}},"line":69},"3":{"name":"(anonymous_3)","decl":{"start":{"line":77,"column":4},"end":{"line":77,"column":5}},"loc":{"start":{"line":81,"column":6},"end":{"line":92,"column":5}},"line":81},"4":{"name":"(anonymous_4)","decl":{"start":{"line":94,"column":4},"end":{"line":94,"column":5}},"loc":{"start":{"line":99,"column":6},"end":{"line":122,"column":5}},"line":99},"5":{"name":"(anonymous_5)","decl":{"start":{"line":117,"column":24},"end":{"line":117,"column":25}},"loc":{"start":{"line":117,"column":49},"end":{"line":117,"column":82}},"line":117},"6":{"name":"(anonymous_6)","decl":{"start":{"line":124,"column":4},"end":{"line":124,"column":5}},"loc":{"start":{"line":128,"column":6},"end":{"line":149,"column":5}},"line":128},"7":{"name":"(anonymous_7)","decl":{"start":{"line":144,"column":24},"end":{"line":144,"column":25}},"loc":{"start":{"line":144,"column":49},"end":{"line":144,"column":82}},"line":144},"8":{"name":"(anonymous_8)","decl":{"start":{"line":151,"column":4},"end":{"line":151,"column":5}},"loc":{"start":{"line":156,"column":6},"end":{"line":170,"column":5}},"line":156}},"branchMap":{"0":{"loc":{"start":{"line":83,"column":27},"end":{"line":85,"column":19}},"type":"cond-expr","locations":[{"start":{"line":84,"column":14},"end":{"line":84,"column":62}},{"start":{"line":85,"column":14},"end":{"line":85,"column":19}}],"line":83},"1":{"loc":{"start":{"line":100,"column":22},"end":{"line":102,"column":21}},"type":"cond-expr","locations":[{"start":{"line":101,"column":14},"end":{"line":101,"column":62}},{"start":{"line":102,"column":14},"end":{"line":102,"column":21}}],"line":100},"2":{"loc":{"start":{"line":112,"column":30},"end":{"line":120,"column":27}},"type":"cond-expr","locations":[{"start":{"line":113,"column":18},"end":{"line":119,"column":21}},{"start":{"line":120,"column":18},"end":{"line":120,"column":27}}],"line":112},"3":{"loc":{"start":{"line":130,"column":27},"end":
[...]
,"/Users/zeljko/Developer/entail-core/src/presentation/sym-presentation/sym-presentation.ts": {"path":"/Users/zeljko/Developer/entail-core/src/presentation/sym-presentation/sym-presentation.ts","statementMap":{"0":{"start":{"line":16,"column":32},"end":{"line":16,"column":65}},"1":{"start":{"line":18,"column":35},"end":{"line":18,"column":77}}},"fnMap":{"0":{"name":"(anonymous_0)","decl":{"start":{"line":16,"column":4},"end":{"line":16,"column":5}},"loc":{"start":{"line":16,"column":30},"end":{"line":16,"column":67}},"line":16},"1":{"name":"(anonymous_1)","decl":{"start":{"line":18,"column":4},"end":{"line":18,"column":5}},"loc":{"start":{"line":18,"column":33},"end":{"line":18,"column":79}},"line":18}},"branchMap":{"0":{"loc":{"start":{"line":16,"column":39},"end":{"line":16,"column":65}},"type":"binary-expr","locations":[{"start":{"line":16,"column":39},"end":{"line":16,"column":51}},{"start":{"line":16,"column":55},"end":{"line":16,"column":65}}],"line":16},"1":{"loc":{"start":{"line":18,"column":22},"end":{"line":18,"column":31}},"type":"default-arg","locations":[{"start":{"line":18,"column":30},"end":{"line":18,"column":31}}],"line":18}},"s":{"0":0,"1":0},"f":{"0":0,"1":0},"b":{"0":[0,0],"1":[0]},"_coverageSchema":"1a1c01bbd47fc00a2c39e90264f33305004495a9","hash":"30d2fdd0b6322d9a4f0c628dfcbbd14441dbe7e6"}
,"/Users/zeljko/Developer/entail-core/src/presentation/sym-presentation/syntactic-info.ts": {"path":"/Users/zeljko/Developer/entail-core/src/presentation/sym-presentation/syntactic-info.ts","statementMap":{"0":{"start":{"line":11,"column":34},"end":{"line":11,"column":68}},"1":{"start":{"line":13,"column":33},"end":{"line":13,"column":95}},"2":{"start":{"line":16,"column":8},"end":{"line":21,"column":9}},"3":{"start":{"line":18,"column":16},"end":{"line":18,"column":68}},"4":{"start":{"line":20,"column":16},"end":{"line":20,"column":41}}},"fnMap":{"0":{"name":"(anonymous_0)","decl":{"start":{"line":11,"column":4},"end":{"line":11,"column":5}},"loc":{"start":{"line":11,"column":32},"end":{"line":11,"column":70}},"line":11},"1":{"name":"(anonymous_1)","decl":{"start":{"line":13,"column":4},"end":{"line":13,"column":5}},"loc":{"start":{"line":13,"column":31},"end":{"line":13,"column":97}},"line":13},"2":{"name":"(anonymous_2)","decl":{"start":{"line":15,"column":4},"end":{"line":15,"column":5}},"loc":{"start":{"line":15,"column":33},"end":{"line":22,"column":5}},"line":15}},"branchMap":{"0":{"loc":{"start":{"line":15,"column":22},"end":{"line":15,"column":31}},"type":"default-arg","locations":[{"start":{"line":15,"column":30},"end":{"line":15,"column":31}}],"line":15},"1":{"loc":{"start":{"line":16,"column":8},"end":{"line":21,"column":9}},"type":"switch","locations":[{"start":{"line":17,"column":12},"end":{"line":18,"column":68}},{"start":{"line":19,"column":12},"end":{"line":20,"column":41}}],"line":16}},"s":{"0":107,"1":128,"2":0,"3":0,"4":0},"f":{"0":107,"1":128,"2":0},"b":{"0":[0],"1":[0,0]},"_coverageSchema":"1a1c01bbd47fc00a2c39e90264f33305004495a9","hash":"250d492fbba98ae24f59ab31866c75464c31fe30"}
,"/Users/zeljko/Developer/entail-core/src/propositional-logic/primitive-truth-functions.ts": {"path":"/Users/zeljko/Developer/entail-core/src/propositional-logic/primitive-truth-functions.ts","statementMap":{"0":{"start":{"line":8,"column":39},"end":{"line":52,"column":30}}},"fnMap":{},"branchMap":{},"s":{"0":11},"f":{},"b":{},"_coverageSchema":"1a1c01bbd47fc00a2c39e90264f33305004495a9","hash":"9b91aa584c5000f4500f9baa79f71d746b19bc3f"}
,"/Users/zeljko/Developer/entail-core/src/propositional-logic/propositional-logic-util.ts": {"path":"/Users/zeljko/Developer/entail-core/src/propositional-logic/propositional-logic-util.ts","statementMap":{"0":{"start":{"line":10,"column":24},"end":{"line":25,"column":1}},"1":{"start":{"line":14,"column":4},"end":{"line":14,"column":78}},"2":{"start":{"line":14,"column":43},"end":{"line":14,"column":78}},"3":{"start":{"line":16,"column":4},"end":{"line":20,"column":5}},"4":{"start":{"line":17,"column":22},"end":{"line":17,"column":45}},"5":{"start":{"line":18,"column":8},"end":{"line":18,"column":65}},"6":{"start":{"line":18,"column":33},"end":{"line":18,"column":65}},"7":{"start":{"line":19,"column":8},"end":{"line":19,"column":20}},"8":{"start":{"line":22,"column":27},"end":{"line":22,"column":81}},"9":{"start":{"line":22,"column":49},"end":{"line":22,"column":80}},"10":{"start":{"line":24,"column":4},"end":{"line":24,"column":50}},"11":{"start":{"line":30,"column":35},"end":{"line":31,"column":66}},"12":{"start":{"line":31,"column":4},"end":{"line":31,"column":66}},"13":{"start":{"line":36,"column":55},"end":{"line":64,"column":1}},"14":{"start":{"line":41,"column":4},"end":{"line":43,"column":5}},"15":{"start":{"line":42,"column":8},"end":{"line":42,"column":43}},"16":{"start":{"line":45,"column":4},"end":{"line":49,"column":5}},"17":{"start":{"line":46,"column":27},"end":{"line":46,"column":50}},"18":{"start":{"line":47,"column":8},"end":{"line":47,"column":98}},"19":{"start":{"line":47,"column":38},"end":{"line":47,"column":98}},"20":{"start":{"line":48,"column":8},"end":{"line":48,"column":53}},"21":{"start":{"line":51,"column":4},"end":{"line":63,"column":82}},"22":{"start":{"line":53,"column":36},"end":{"line":53,"column":56}},"23":{"start":{"line":54,"column":30},"end":{"line":54,"column":39}},"24":{"start":{"line":55,"column":26},"end":{"line":62,"column":9}},"25":{"start":{"line":56,"column":43},"end":{"line":60,"column":13}},"26":{"start":{"line":63,"column":45},"end":{"line":63,"column":74}},"27":{"start":{"line":69,"column":56},"end":{"line":79,"column":5}},"28":{"start":{"line":74,"column":4},"end":{"line":79,"column":5}},"29":{"start":{"line":75,"column":36},"end":{"line":77,"column":9}},"30":{"start":{"line":82,"column":22},"end":{"line":86,"column":1}},"31":{"start":{"line":83,"column":26},"end":{"line":83,"column":58}},"32":{"start":{"line":84,"column":4},"end":{"line":84,"column":69}},"33":{"start":{"line":84,"column":37},"end":{"line":84,"column":69}},"34":{"start":{"line":85,"column":4},"end":{"line":85,"column":24}}},"fnMap":{"0":{"name":"(anonymous_0)","decl":{"start":{"line":10,"column":24},"end":{"line":10,"column":25}},"loc":{"start":{"line":13,"column":14},"end":{"line":25,"column":1}},"line":13},"1":{"name":"(anonymous_1)","decl":{"start":{"line":22,"column":40},"end":{"line":22,"column":41}},"loc":{"start":{"line":22,"column":49},"end":{"line":22,"column":80}},"line":22},"2":{"name":"(anonymous_2)","decl":{"start":{"line":30,"column":35},"end":{"line":30,"column":36}},"loc":{"start":{"line":31,"column":4},"end":{"line":31,"column":66}},"line":31},"3":{"name":"(anonymous_3)","decl":{"start":{"line":36,"column":55},"end":{"line":36,"column":56}},"loc":{"start":{"line":40,"column":26},"end":{"line":64,"column":1}},"line":40},"4":{"name":"(anonymous_4)","decl":{"start":{"line":53,"column":16},"end":{"line":53,"column":17}},"loc":{"start":{"line":53,"column":36},"end":{"line":53,"column":56}},"line":53},"5":{"name":"(anonymous_5)","decl":{"start":{"line":54,"column":13},"end":{"line":54,"column":14}},"loc":{"start":{"line":54,"column":30},"end":{"line":54,"column":39}},"line":54},"6":{"name":"(anonymous_6)","decl":{"start":{"line":55,"column":13},"end":{"line":55,"column":14}},"loc":{"start":{"line":55,"column":26},"end":{"line":62,"column":9}},"line":55},"7":{"name":"(anonymous_7)","decl":{"start":{"line":56,"column":12},"end":{"line":56,"column":13}},"loc":{"start":{"line":56,"column":43},"end":{"line":60,"column":13}},"line":56},"8":{"name":"(anonymous_8)","decl":{"start":{"line":63,"column":16},"end":{"line":63,"column":17}},"loc":{"start":{"line":63,"column":45},"end":{"line":63,"column":74}},"line":63},"9":{"name":"(anonymous_9)","decl":{"start":{"line":69,"column":56},"end":{"line":69,"column":57}},"loc":{"start":{"line":74,"column":4},"end":{"line":79,"column":5}},"line":74},"10":{"name":"(anonymous_10)","decl":{"start":{"line":75,"column":8},"end":{"line":75,"column":9}},"loc":{"start":{"line":75,"column":36},"end":{"line":77,"column":9}},"line":75},"11":{"name":"(anonymous_11)","decl":{"start":{"line":82,"column":22},"end":{"line":82,"column":23}},"loc":{"start":{"line":82,"column":36},"end":{"line":86,"column":1}},"line":82}},"branchMap":{"0":{"loc":{"start":{"line":12,"column":4},"end":{"line":12,"column":42}},"type":"default-arg","locations":[{"start":{"line":12,"column":37},"end":{"line":12,"column":42}}],"line":12},"1":{"loc":{"start":{"line":14,"column":4},"end":{"line":14,"column":78}},"type":"if","locations":[{"start":{"line":14,"column":4},"end":{"line":14,"column":78}},{"start":{"line":14,"column":4},"end":{"line":14,"column":78}}],"line":14},"2":{"loc":{"start":{"line":16,"column":4},"end":{"line":20,"column":5}},"type":"if","locations":[{"start":{"line":16,"column":4},"end":{"line":20,"column":5}},{"start":{"line":16,"column":4},"end":{"line":20,"column":5}}],"line":16},"3":{"loc":{"start":{"line":18,"column":8},"end":{"line":18,"column":65}},"type":"if","locations":[{"start":{"line":18,"column":8},"end":{"line":18,"column":65}},{"start":{"line":18,"column":8},"end":{"line":18,"column":65}}],"line":18},"4":{"loc":{"start":{"line":39,"column":4},"end":{"line":39,"column":42}},"type":"default-arg","locations":[{"start":{"line":39,"column":37},"end":{"line":39,"column":42}}],"line":39},"5":{"loc":{"start":{"line":41,"column":4},"end":{"line":43,"column":5}},"type":"if","locations":[{"start":{"line":41,"column":4},"end":{"line":43,"column":5}},{"start":{"line":41,"column":4},"end":{"line":43,"column":5}}],"line":41},"6":{"loc":{"start":{"line":41,"column":8},"end":{"line":41,"column":54}},"type":"binary-expr","locations":[{"start":{"line":41,"column":8},"end":{"line":41,"column":41}},{"start":{"line":41,"column":45},"end":{"line":41,"column":54}}],"line":41},"7":{"loc":{"start":{"line":45,"column":4},"end":{"line":49,"column":5}},"type":"if","locations":[{"start":{"line":45,"column":4},"end":{"line":49,"column":5}},{"start":{"line":45,"column":4},"end":{"line":49,"column":5}}],"line":45},"8":{"loc":{"start":{"line":47,"column":8},"end":{"line":47,"column":98}},"type":"if","locations":[{"start":{"line":47,"column":8},"end":{"line":47,"column":98}},{"start":{"line":47,"column":8},"end":{"line":47,"column":98}}],"line":47},"9":{"loc":{"start":{"line":47,"column":45},"end":{"line":47,"column":98}},"type":"cond-expr","locations":[{"start":{"line":47,"column":68},"end":{"line":47,"column":73}},{"start":{"line":47,"column":76},"end":{"line":47,"column":98}}],"line":47},"10":{"loc":{"start":{"line":84,"column":4},"end":{"line":84,"column":69}},"type":"if","locations":[{"start":{"line":84,"column":4},"end":{"line":84,"column":69}},{"start":{"line":84,"column":4},"end":{"line":84,"column":69}}],"line":84}},"s":{"0":11,"1":14,"2":2,"3":12,"4":8,"5":8,"6":1,"7":7,"8":4,"9":6,"10":3,"11":11,"12":30,"13":11,"14":309,"15":0,"16":309,"17":214,"18":214,"19":108,"20":106,"21":95,"22":350,"23":151,"24":151,"25":287,"26":151,"27":11,"28":287,"29":279,"30":11,"31":98,"32":98,"33":0,"34":98},"f":{"0":14,"1":6,"2":30,"3":309,"4":350,"5":151,"6":151,"7":287,"8":151,"9":287,"10":279,"11":98},"b":{"0":[0],"1":[2,12],"2":[8,4],"3":[1,7],"4":[30],"5":[0,309],"6":[309,309],"7":[214,95],"8":[108,106],"9":[64,44],"10":[0,98]},"_coverageSchema":"1a1c01bbd47fc00a2c39e90264f33305004495a9","hash":"cb2cb62b7a46a97d61d956c559dcab6659afe359"}
,"/Users/zeljko/Developer/entail-core/src/propositional-logic/propositional-logic.ts": {"path":"/Users/zeljko/Developer/entail-core/src/propositional-logic/propositional-logic.ts","statementMap":{"0":{"start":{"line":8,"column":29},"end":{"line":8,"column":87}},"1":{"start":{"line":8,"column":54},"end":{"line":8,"column":87}},"2":{"start":{"line":10,"column":29},"end":{"line":10,"column":88}},"3":{"start":{"line":10,"column":54},"end":{"line":10,"column":88}},"4":{"start":{"line":12,"column":28},"end":{"line":13,"column":52}},"5":{"start":{"line":13,"column":4},"end":{"line":13,"column":52}},"6":{"start":{"line":15,"column":27},"end":{"line":15,"column":75}},"7":{"start":{"line":15,"column":52},"end":{"line":15,"column":75}},"8":{"start":{"line":17,"column":31},"end":{"line":17,"column":79}},"9":{"start":{"line":17,"column":56},"end":{"line":17,"column":79}},"10":{"start":{"line":19,"column":36},"end":{"line":32,"column":1}},"11":{"start":{"line":20,"column":4},"end":{"line":20,"column":65}},"12":{"start":{"line":20,"column":34},"end":{"line":20,"column":65}},"13":{"start":{"line":21,"column":4},"end":{"line":28,"column":5}},"14":{"start":{"line":22,"column":8},"end":{"line":27,"column":9}},"15":{"start":{"line":29,"column":4},"end":{"line":31,"column":5}},"16":{"start":{"line":34,"column":27},"end":{"line":35,"column":50}},"17":{"start":{"line":35,"column":4},"end":{"line":35,"column":50}},"18":{"start":{"line":37,"column":28},"end":{"line":40,"column":1}},"19":{"start":{"line":38,"column":27},"end":{"line":38,"column":59}},"20":{"start":{"line":39,"column":4},"end":{"line":39,"column":58}}},"fnMap":{"0":{"name":"(anonymous_0)","decl":{"start":{"line":8,"column":29},"end":{"line":8,"column":30}},"loc":{"start":{"line":8,"column":54},"end":{"line":8,"column":87}},"line":8},"1":{"name":"(anonymous_1)","decl":{"start":{"line":10,"column":29},"end":{"line":10,"column":30}},"loc":{"start":{"line":10,"column":54},"end":{"line":10,"column":88}},"line":10},"2":{"name":"(anonymous_2)","decl":{"start":{"line":12,"column":28},"end":{"line":12,"column":29}},"loc":{"start":{"line":13,"column":4},"end":{"line":13,"column":52}},"line":13},"3":{"name":"(anonymous_3)","decl":{"start":{"line":15,"column":27},"end":{"line":15,"column":28}},"loc":{"start":{"line":15,"column":52},"end":{"line":15,"column":75}},"line":15},"4":{"name":"(anonymous_4)","decl":{"start":{"line":17,"column":31},"end":{"line":17,"column":32}},"loc":{"start":{"line":17,"column":56},"end":{"line":17,"column":79}},"line":17},"5":{"name":"(anonymous_5)","decl":{"start":{"line":19,"column":36},"end":{"line":19,"column":37}},"loc":{"start":{"line":19,"column":92},"end":{"line":32,"column":1}},"line":19},"6":{"name":"(anonymous_6)","decl":{"start":{"line":34,"column":27},"end":{"line":34,"column":28}},"loc":{"start":{"line":35,"column":4},"end":{"line":35,"column":50}},"line":35},"7":{"name":"(anonymous_7)","decl":{"start":{"line":37,"column":28},"end":{"line":37,"column":29}},"loc":{"start":{"line":37,"column":69},"end":{"line":40,"column":1}},"line":37}},"branchMap":{"0":{"loc":{"start":{"line":13,"column":4},"end":{"line":13,"column":52}},"type":"binary-expr","locations":[{"start":{"line":13,"column":4},"end":{"line":13,"column":26}},{"start":{"line":13,"column":30},"end":{"line":13,"column":52}}],"line":13},"1":{"loc":{"start":{"line":20,"column":4},"end":{"line":20,"column":65}},"type":"if","locations":[{"start":{"line":20,"column":4},"end":{"line":20,"column":65}},{"start":{"line":20,"column":4},"end":{"line":20,"column":65}}],"line":20},"2":{"loc":{"start":{"line":21,"column":4},"end":{"line":28,"column":5}},"type":"if","locations":[{"start":{"line":21,"column":4},"end":{"line":28,"column":5}},{"start":{"line":21,"column":4},"end":{"line":28,"column":5}}],"line":21}},"s":{"0":10,"1":0,"2":10,"3":24,"4":10,"5":0,"6":10,"7":24,"8":10,"9":0,"10":10,"11":13,"12":2,"13":11,"14":3,"15":8,"16":10,"17":24,"18":10,"19":24,"20":24},"f":{"0":0,"1":24,"2":0,"3":24,"4":0,"5":13,"6":24,"7":24},"b":{"0":[0,0],"1":[2,11],"2":[3,8]},"_coverageSchema":"1a1c01bbd47fc00a2c39e90264f33305004495a9","hash":"d542b1d2235a9925e6714efecb6f6678493168ef"}
,"/Users/zeljko/Developer/entail-core/src/propositional-logic/reduce-to-truth-functional.ts": {"path":"/Users/zeljko/Developer/entail-core/src/propositional-logic/reduce-to-truth-functional.ts","statementMap":{"0":{"start":{"line":11,"column":39},"end":{"line":12,"column":56}},"1":{"start":{"line":12,"column":4},"end":{"line":12,"column":56}},"2":{"start":{"line":14,"column":49},"end":{"line":42,"column":1}},"3":{"start":{"line":18,"column":30},"end":{"line":18,"column":37}},"4":{"start":{"line":20,"column":4},"end":{"line":31,"column":5}},"5":{"start":{"line":21,"column":46},"end":{"line":28,"column":39}},"6":{"start":{"line":26,"column":20},"end":{"line":26,"column":87}},"7":{"start":{"line":27,"column":16},"end":{"line":27,"column":71}},"8":{"start":{"line":30,"column":8},"end":{"line":30,"column":79}},"9":{"start":{"line":33,"column":30},"end":{"line":33,"column":43}},"10":{"start":{"line":35,"column":25},"end":{"line":35,"column":51}},"11":{"start":{"line":36,"column":4},"end":{"line":39,"column":5}},"12":{"start":{"line":37,"column":8},"end":{"line":37,"column":66}},"13":{"start":{"line":38,"column":8},"end":{"line":38,"column":78}},"14":{"start":{"line":41,"column":4},"end":{"line":41,"column":73}}},"fnMap":{"0":{"name":"(anonymous_0)","decl":{"start":{"line":11,"column":39},"end":{"line":11,"column":40}},"loc":{"start":{"line":12,"column":4},"end":{"line":12,"column":56}},"line":12},"1":{"name":"(anonymous_1)","decl":{"start":{"line":14,"column":49},"end":{"line":14,"column":50}},"loc":{"start":{"line":17,"column":43},"end":{"line":42,"column":1}},"line":17},"2":{"name":"(anonymous_2)","decl":{"start":{"line":22,"column":20},"end":{"line":22,"column":21}},"loc":{"start":{"line":22,"column":70},"end":{"line":28,"column":13}},"line":22}},"branchMap":{"0":{"loc":{"start":{"line":16,"column":4},"end":{"line":16,"column":40}},"type":"default-arg","locations":[{"start":{"line":16,"column":35},"end":{"line":16,"column":40}}],"line":16},"1":{"loc":{"start":{"line":20,"column":4},"end":{"line":31,"column":5}},"type":"if","locations":[{"start":{"line":20,"column":4},"end":{"line":31,"column":5}},{"start":{"line":20,"column":4},"end":{"line":31,"column":5}}],"line":20},"2":{"loc":{"start":{"line":20,"column":8},"end":{"line":20,"column":55}},"type":"binary-expr","locations":[{"start":{"line":20,"column":8},"end":{"line":20,"column":41}},{"start":{"line":20,"column":45},"end":{"line":20,"column":55}}],"line":20},"3":{"loc":{"start":{"line":36,"column":4},"end":{"line":39,"column":5}},"type":"if","locations":[{"start":{"line":36,"column":4},"end":{"line":39,"column":5}},{"start":{"line":36,"column":4},"end":{"line":39,"column":5}}],"line":36}},"s":{"0":10,"1":24,"2":10,"3":132,"4":132,"5":110,"6":108,"7":108,"8":110,"9":22,"10":22,"11":22,"12":14,"13":14,"14":22},"f":{"0":24,"1":132,"2":108},"b":{"0":[24],"1":[110,22],"2":[132,115],"3":[14,8]},"_coverageSchema":"1a1c01bbd47fc00a2c39e90264f33305004495a9","hash":"85be8afb3213f49bc9f5695a1e4627121a6fcf75"}
,"/Users/zeljko/Developer/entail-core/src/utils/index.ts": {"path":"/Users/zeljko/Developer/entail-core/src/utils/index.ts","statementMap":{"0":{"start":{"line":4,"column":20},"end":{"line":4,"column":28}},"1":{"start":{"line":5,"column":21},"end":{"line":5,"column":29}},"2":{"start":{"line":7,"column":4},"end":{"line":13,"column":5}},"3":{"start":{"line":8,"column":8},"end":{"line":12,"column":9}},"4":{"start":{"line":9,"column":12},"end":{"line":9,"column":45}},"5":{"start":{"line":11,"column":12},"end":{"line":11,"column":43}},"6":{"start":{"line":15,"column":4},"end":{"line":15,"column":21}}},"fnMap":{"0":{"name":"findDuplicates","decl":{"start":{"line":3,"column":16},"end":{"line":3,"column":30}},"loc":{"start":{"line":3,"column":54},"end":{"line":16,"column":1}},"line":3}},"branchMap":{"0":{"loc":{"start":{"line":8,"column":8},"end":{"line":12,"column":9}},"type":"if","locations":[{"start":{"line":8,"column":8},"end":{"line":12,"column":9}},{"start":{"line":8,"column":8},"end":{"line":12,"column":9}}],"line":8}},"s":{"0":0,"1":0,"2":0,"3":0,"4":0,"5":0,"6":0},"f":{"0":0},"b":{"0":[0,0]},"_coverageSchema":"1a1c01bbd47fc00a2c39e90264f33305004495a9","hash":"7bea7d9ad48aadc8bf8a10e5ffe1df5c315d4c28"}
}
