TN:
SF:src/error.ts
FN:7,(anonymous_0)
FNF:1
FNH:1
FNDA:24,(anonymous_0)
DA:8,24
DA:11,24
LF:2
LH:2
BRF:0
BRH:0
end_of_record
TN:
SF:src/formula-construction-util.ts
FN:8,(anonymous_0)
FN:11,(anonymous_1)
FNF:2
FNH:2
FNDA:12,(anonymous_0)
FNDA:9,(anonymous_1)
DA:8,11
DA:9,12
DA:11,11
DA:14,9
LF:4
LH:4
BRDA:9,0,0,1
BRDA:9,0,1,11
BRF:2
BRH:2
end_of_record
TN:
SF:src/primitive-syms.ts
FNF:0
FNH:0
DA:4,16
DA:5,16
DA:6,16
DA:7,16
DA:8,16
DA:9,16
DA:10,16
DA:12,16
LF:8
LH:8
BRF:0
BRH:0
end_of_record
TN:
SF:src/abstract-structures/expression/error.ts
FNF:0
FNH:0
LF:0
LH:0
BRF:0
BRH:0
end_of_record
TN:
SF:src/abstract-structures/expression/expression-pointer.ts
FN:19,(anonymous_0)
FN:21,(anonymous_1)
FN:23,(anonymous_2)
FN:26,(anonymous_3)
FN:35,(anonymous_4)
FN:48,(anonymous_5)
FN:52,(anonymous_6)
FN:55,(anonymous_7)
FN:59,(anonymous_8)
FN:62,(anonymous_9)
FN:73,(anonymous_10)
FN:78,(anonymous_11)
FNF:12
FNH:11
FNDA:63,(anonymous_0)
FNDA:26,(anonymous_1)
FNDA:25,(anonymous_2)
FNDA:24,(anonymous_3)
FNDA:11,(anonymous_4)
FNDA:1,(anonymous_5)
FNDA:1,(anonymous_6)
FNDA:2,(anonymous_7)
FNDA:1,(anonymous_8)
FNDA:0,(anonymous_9)
FNDA:27,(anonymous_10)
FNDA:16,(anonymous_11)
DA:19,63
DA:21,26
DA:24,25
DA:26,24
DA:36,11
DA:38,7
DA:40,7
DA:41,7
DA:43,7
DA:49,1
DA:52,1
DA:56,2
DA:59,1
DA:63,0
DA:74,27
DA:75,16
DA:76,16
DA:77,16
DA:78,16
LF:19
LH:18
BRDA:24,0,0,1
BRDA:24,0,1,24
BRDA:36,1,0,4
BRDA:36,1,1,7
BRDA:38,2,0,7
BRDA:38,2,1,0
BRDA:43,3,0,3
BRDA:43,3,1,4
BRDA:74,4,0,11
BRDA:74,4,1,16
BRDA:78,5,0,9
BRDA:78,5,1,7
BRF:12
BRH:11
end_of_record
TN:
SF:src/abstract-structures/expression/expression-util.ts
FN:12,(anonymous_0)
FN:16,(anonymous_1)
FNF:2
FNH:2
FNDA:15,(anonymous_0)
FNDA:19,(anonymous_1)
DA:12,16
DA:13,15
DA:14,13
DA:16,19
DA:21,13
LF:5
LH:5
BRDA:13,0,0,2
BRDA:13,0,1,13
BRF:2
BRH:2
end_of_record
TN:
SF:src/abstract-structures/expression/expression.ts
FN:27,(anonymous_0)
FN:33,(anonymous_1)
FN:41,(anonymous_2)
FN:44,(anonymous_3)
FN:46,(anonymous_4)
FN:50,(anonymous_5)
FN:56,(anonymous_6)
FN:65,(anonymous_7)
FN:71,(anonymous_8)
FN:77,(anonymous_9)
FN:85,(anonymous_10)
FN:86,(anonymous_11)
FN:90,(anonymous_12)
FN:93,(anonymous_13)
FN:100,(anonymous_14)
FN:105,(anonymous_15)
FN:108,(anonymous_16)
FN:112,(anonymous_17)
FN:120,(anonymous_18)
FN:123,(anonymous_19)
FN:124,(anonymous_20)
FN:128,(anonymous_21)
FN:131,(anonymous_22)
FN:135,(anonymous_23)
FN:136,(anonymous_24)
FN:139,(anonymous_25)
FN:140,(anonymous_26)
FN:143,(anonymous_27)
FN:147,(anonymous_28)
FN:148,(anonymous_29)
FN:151,(anonymous_30)
FN:155,(anonymous_31)
FN:156,(anonymous_32)
FN:159,(anonymous_33)
FN:163,(anonymous_34)
FN:174,(anonymous_35)
FN:180,(anonymous_36)
FN:200,(anonymous_37)
FN:206,(anonymous_38)
FNF:39
FNH:38
FNDA:76,(anonymous_0)
FNDA:144,(anonymous_1)
FNDA:76,(anonymous_2)
FNDA:42,(anonymous_3)
FNDA:42,(anonymous_4)
FNDA:34,(anonymous_5)
FNDA:6,(anonymous_6)
FNDA:32,(anonymous_7)
FNDA:32,(anonymous_8)
FNDA:32,(anonymous_9)
FNDA:160,(anonymous_10)
FNDA:160,(anonymous_11)
FNDA:105,(anonymous_12)
FNDA:64,(anonymous_13)
FNDA:22,(anonymous_14)
FNDA:20,(anonymous_15)
FNDA:16,(anonymous_16)
FNDA:27,(anonymous_17)
FNDA:28,(anonymous_18)
FNDA:3,(anonymous_19)
FNDA:2,(anonymous_20)
FNDA:4,(anonymous_21)
FNDA:4,(anonymous_22)
FNDA:2,(anonymous_23)
FNDA:2,(anonymous_24)
FNDA:17,(anonymous_25)
FNDA:17,(anonymous_26)
FNDA:12,(anonymous_27)
FNDA:77,(anonymous_28)
FNDA:77,(anonymous_29)
FNDA:51,(anonymous_30)
FNDA:10,(anonymous_31)
FNDA:26,(anonymous_32)
FNDA:22,(anonymous_33)
FNDA:70,(anonymous_34)
FNDA:48,(anonymous_35)
FNDA:32,(anonymous_36)
FNDA:2,(anonymous_37)
FNDA:0,(anonymous_38)
DA:28,76
DA:29,76
DA:30,76
DA:34,144
DA:42,76
DA:44,42
DA:46,42
DA:51,34
DA:52,34
DA:53,34
DA:57,6
DA:58,6
DA:59,3
DA:60,3
DA:62,6
DA:71,32
DA:72,32
DA:74,32
DA:75,32
DA:77,32
DA:78,32
DA:79,32
DA:80,32
DA:86,160
DA:87,160
DA:89,160
DA:90,153
DA:91,105
DA:93,64
DA:95,153
DA:101,22
DA:102,22
DA:104,20
DA:106,20
DA:108,16
DA:118,27
DA:120,28
DA:123,3
DA:124,2
DA:129,4
DA:131,4
DA:136,2
DA:140,17
DA:141,17
DA:142,17
DA:143,17
DA:148,77
DA:149,77
DA:150,77
DA:151,77
DA:156,26
DA:160,22
DA:164,70
DA:166,70
DA:168,70
DA:169,10
DA:170,9
DA:173,69
DA:174,48
DA:180,16
DA:186,32
DA:187,0
DA:188,0
DA:191,32
DA:192,30
DA:194,2
DA:195,2
DA:201,2
DA:210,0
LF:69
LH:66
BRDA:29,0,0,0
BRDA:29,0,1,76
BRDA:34,1,0,71
BRDA:34,1,1,73
BRDA:42,2,0,34
BRDA:42,2,1,42
BRDA:58,3,0,3
BRDA:58,3,1,3
BRDA:74,4,0,3
BRDA:74,4,1,29
BRDA:74,5,0,3
BRDA:74,5,1,3
BRDA:87,6,0,53
BRDA:87,6,1,107
BRDA:89,7,0,153
BRDA:89,7,1,7
BRDA:102,8,0,2
BRDA:102,8,1,20
BRDA:123,9,0,15
BRDA:123,9,1,13
BRDA:124,10,0,15
BRDA:124,10,1,13
BRDA:142,11,0,3
BRDA:142,11,1,14
BRDA:147,12,0,16
BRDA:149,13,0,69
BRDA:149,13,1,8
BRDA:150,14,0,9
BRDA:150,14,1,68
BRDA:155,15,0,10
BRDA:163,16,0,22
BRDA:166,17,0,22
BRDA:166,17,1,48
BRDA:168,18,0,10
BRDA:168,18,1,60
BRDA:169,19,0,1
BRDA:169,19,1,9
BRDA:186,20,0,0
BRDA:186,20,1,32
BRDA:187,21,0,0
BRDA:187,21,1,0
BRDA:191,22,0,30
BRDA:191,22,1,2
BRDA:194,23,0,0
BRDA:194,23,1,2
BRF:45
BRH:40
end_of_record
TN:
SF:src/abstract-structures/expression/index.ts
FNF:0
FNH:0
LF:0
LH:0
BRF:0
BRH:0
end_of_record
TN:
SF:src/abstract-structures/sym/category.ts
FN:39,(anonymous_0)
FNF:1
FNH:1
FNDA:10,(anonymous_0)
DA:32,20
DA:39,20
LF:2
LH:2
BRF:0
BRH:0
end_of_record
TN:
SF:src/abstract-structures/sym/index.ts
FNF:0
FNH:0
LF:0
LH:0
BRF:0
BRH:0
end_of_record
TN:
SF:src/abstract-structures/sym/kind.ts
FNF:0
FNH:0
LF:0
LH:0
BRF:0
BRH:0
end_of_record
TN:
SF:src/abstract-structures/sym/sym.ts
FN:31,(anonymous_0)
FN:35,(anonymous_1)
FN:37,(anonymous_2)
FN:39,(anonymous_3)
FN:41,(anonymous_4)
FN:43,(anonymous_5)
FN:52,(anonymous_6)
FN:65,(anonymous_7)
FN:86,(anonymous_8)
FN:90,(anonymous_9)
FNF:10
FNH:9
FNDA:162,(anonymous_0)
FNDA:134,(anonymous_1)
FNDA:7,(anonymous_2)
FNDA:3,(anonymous_3)
FNDA:14,(anonymous_4)
FNDA:2,(anonymous_5)
FNDA:166,(anonymous_6)
FNDA:523,(anonymous_7)
FNDA:19,(anonymous_8)
FNDA:0,(anonymous_9)
DA:32,162
DA:35,134
DA:37,7
DA:39,3
DA:41,14
DA:44,2
DA:46,1
DA:48,1
DA:53,166
DA:55,136
DA:57,9
DA:59,5
DA:61,16
DA:66,523
DA:68,468
DA:70,445
DA:72,23
DA:74,0
DA:76,55
DA:78,3
DA:80,52
DA:82,0
DA:87,19
DA:90,0
LF:24
LH:21
BRDA:31,0,0,4
BRDA:35,1,0,3
BRDA:37,2,0,1
BRDA:39,3,0,1
BRDA:41,4,0,2
BRDA:44,5,0,1
BRDA:44,5,1,1
BRDA:53,6,0,136
BRDA:53,6,1,9
BRDA:53,6,2,5
BRDA:53,6,3,16
BRDA:66,7,0,468
BRDA:66,7,1,55
BRDA:68,8,0,445
BRDA:68,8,1,23
BRDA:76,9,0,3
BRDA:76,9,1,52
BRDA:87,10,0,0
BRDA:87,10,1,19
BRF:19
BRH:18
end_of_record
TN:
SF:src/deduction-interface/deduction-interface.ts
FN:12,(anonymous_0)
FN:14,(anonymous_1)
FN:17,(anonymous_2)
FN:22,(anonymous_3)
FN:23,(anonymous_4)
FN:31,(anonymous_5)
FN:36,(anonymous_6)
FNF:7
FNH:6
FNDA:6,(anonymous_0)
FNDA:48,(anonymous_1)
FNDA:32,(anonymous_2)
FNDA:32,(anonymous_3)
FNDA:30,(anonymous_4)
FNDA:30,(anonymous_5)
FNDA:0,(anonymous_6)
DA:12,6
DA:18,32
DA:19,32
DA:23,32
DA:27,32
DA:28,0
DA:31,32
DA:40,0
LF:8
LH:6
BRDA:12,0,0,4
BRDA:24,1,0,30
BRDA:24,1,1,30
BRDA:24,1,2,30
BRDA:27,2,0,0
BRDA:27,2,1,32
BRF:6
BRH:5
end_of_record
TN:
SF:src/deduction-interface/error.ts
FNF:0
FNH:0
LF:0
LH:0
BRF:0
BRH:0
end_of_record
TN:
SF:src/deduction-interface/index.ts
FNF:0
FNH:0
LF:0
LH:0
BRF:0
BRH:0
end_of_record
TN:
SF:src/deduction-interface/rules-interface/deduction-rule-interface.ts
FN:6,(anonymous_0)
FN:12,(anonymous_1)
FNF:2
FNH:2
FNDA:2,(anonymous_0)
FNDA:2,(anonymous_1)
DA:13,2
DA:19,2
DA:20,2
LF:3
LH:3
BRF:0
BRH:0
end_of_record
TN:
SF:src/deduction-interface/rules-interface/index.ts
FNF:0
FNH:0
LF:0
LH:0
BRF:0
BRH:0
end_of_record
TN:
SF:src/deduction-interface/rules-interface/premise-rule-interface.ts
FN:7,(anonymous_0)
FN:9,(anonymous_1)
FNF:2
FNH:2
FNDA:4,(anonymous_0)
FNDA:4,(anonymous_1)
DA:10,4
DA:11,4
DA:12,4
LF:3
LH:3
BRF:0
BRH:0
end_of_record
TN:
SF:src/deduction-interface/rules-interface/rules-interface.ts
FN:19,(anonymous_0)
FN:58,(anonymous_1)
FNF:2
FNH:2
FNDA:32,(anonymous_0)
FNDA:4,(anonymous_1)
DA:19,9
DA:20,32
DA:22,32
DA:27,32
DA:28,4
DA:29,4
DA:30,28
DA:31,26
DA:33,26
DA:35,26
DA:36,7
DA:40,19
DA:41,9
DA:48,26
DA:52,26
DA:56,2
DA:57,2
DA:58,4
DA:60,2
DA:61,2
DA:64,2
DA:65,2
DA:73,32
LF:23
LH:23
BRDA:27,0,0,4
BRDA:27,0,1,28
BRDA:30,1,0,26
BRDA:30,1,1,2
BRDA:35,2,0,7
BRDA:35,2,1,19
BRDA:40,3,0,9
BRDA:40,3,1,10
BRDA:56,4,0,2
BRDA:56,4,1,0
BRDA:64,5,0,2
BRDA:64,5,1,0
BRDA:64,6,0,2
BRDA:64,6,1,2
BRF:14
BRH:12
end_of_record
TN:
SF:src/deduction-interface/rules-interface/tautological-implication-rule-interface.ts
FN:10,(anonymous_0)
FN:15,(anonymous_1)
FN:16,(anonymous_2)
FN:32,(anonymous_3)
FNF:4
FNH:3
FNDA:32,(anonymous_0)
FNDA:1,(anonymous_1)
FNDA:1,(anonymous_2)
FNDA:0,(anonymous_3)
DA:16,1
DA:18,1
DA:19,0
DA:22,1
DA:26,1
DA:27,1
DA:36,0
LF:7
LH:5
BRDA:12,0,0,0
BRDA:18,1,0,0
BRDA:18,1,1,1
BRF:3
BRH:1
end_of_record
TN:
SF:src/deduction-interface/rules-interface/theorem-rule-interface.ts
FN:5,(anonymous_0)
FN:7,(anonymous_1)
FNF:2
FNH:1
FNDA:4,(anonymous_0)
FNDA:0,(anonymous_1)
DA:7,0
LF:1
LH:0
BRF:0
BRH:0
end_of_record
TN:
SF:src/deduction-interface/rules-interface/quantification/existential-generalization-rule-interface.ts
FN:7,(anonymous_0)
FNF:1
FNH:1
FNDA:3,(anonymous_0)
DA:8,3
DA:14,3
DA:15,3
LF:3
LH:3
BRF:0
BRH:0
end_of_record
TN:
SF:src/deduction-interface/rules-interface/quantification/existential-instantiation-rule-interface.ts
FN:12,(anonymous_0)
FNF:1
FNH:1
FNDA:6,(anonymous_0)
DA:13,6
DA:19,6
DA:20,6
DA:21,6
DA:23,0
DA:24,0
DA:25,0
DA:26,0
DA:28,0
LF:9
LH:4
BRDA:23,0,0,0
BRDA:23,0,1,0
BRDA:25,1,0,0
BRDA:25,1,1,0
BRF:4
BRH:0
end_of_record
TN:
SF:src/deduction-interface/rules-interface/quantification/generalization-rule-interface.ts
FN:17,(anonymous_0)
FN:43,(anonymous_1)
FNF:2
FNH:2
FNDA:11,(anonymous_0)
FNDA:2,(anonymous_1)
DA:18,11
DA:20,11
DA:21,11
DA:22,11
DA:23,1
DA:26,10
DA:30,1
DA:34,9
DA:44,2
DA:45,2
DA:47,2
DA:48,2
DA:49,2
DA:50,2
DA:51,2
DA:53,0
DA:54,0
DA:56,0
LF:18
LH:15
BRDA:21,0,0,11
BRDA:21,0,1,0
BRDA:22,1,0,1
BRDA:22,1,1,10
BRDA:26,2,0,1
BRDA:26,2,1,9
BRDA:27,3,0,10
BRDA:27,3,1,8
BRDA:45,4,0,0
BRDA:45,4,1,2
BRDA:49,5,0,0
BRDA:49,5,1,2
BRDA:53,6,0,0
BRDA:53,6,1,0
BRF:14
BRH:9
end_of_record
TN:
SF:src/deduction-interface/rules-interface/quantification/index.ts
FNF:0
FNH:0
LF:0
LH:0
BRF:0
BRH:0
end_of_record
TN:
SF:src/deduction-interface/rules-interface/quantification/instantiation-rule-interface.ts
FN:15,(anonymous_0)
FN:39,(anonymous_1)
FNF:2
FNH:2
FNDA:14,(anonymous_0)
FNDA:5,(anonymous_1)
DA:16,14
DA:18,14
DA:19,4
DA:20,2
DA:23,10
DA:24,10
DA:25,10
DA:26,2
DA:30,10
DA:40,5
DA:41,5
DA:43,5
DA:44,5
DA:46,0
DA:47,0
DA:49,0
LF:16
LH:13
BRDA:18,0,0,4
BRDA:18,0,1,10
BRDA:19,1,0,2
BRDA:19,1,1,2
BRDA:25,2,0,2
BRDA:25,2,1,8
BRDA:41,3,0,0
BRDA:41,3,1,5
BRDA:46,4,0,0
BRDA:46,4,1,0
BRF:10
BRH:7
end_of_record
TN:
SF:src/deduction-interface/rules-interface/quantification/quantification-rule-interface.ts
FN:6,(anonymous_0)
FN:11,(anonymous_1)
FN:17,(anonymous_2)
FN:23,(anonymous_3)
FNF:4
FNH:4
FNDA:68,(anonymous_0)
FNDA:51,(anonymous_1)
FNDA:1,(anonymous_2)
FNDA:1,(anonymous_3)
DA:11,51
DA:18,1
DA:27,1
LF:3
LH:3
BRF:0
BRH:0
end_of_record
TN:
SF:src/deduction-interface/rules-interface/quantification/universal-generalization-rule-interface.ts
FN:12,(anonymous_0)
FNF:1
FNH:1
FNDA:6,(anonymous_0)
DA:13,6
DA:20,6
DA:21,6
DA:22,4
DA:24,2
DA:25,1
DA:26,1
DA:27,1
DA:29,0
LF:9
LH:8
BRDA:24,0,0,1
BRDA:24,0,1,1
BRDA:26,1,0,1
BRDA:26,1,1,0
BRF:4
BRH:3
end_of_record
TN:
SF:src/deduction-interface/rules-interface/quantification/universal-instantiation-rule-interface.ts
FN:7,(anonymous_0)
FNF:1
FNH:1
FNDA:4,(anonymous_0)
DA:8,4
DA:13,4
DA:14,4
LF:3
LH:3
BRF:0
BRH:0
end_of_record
TN:
SF:src/deduction-structure/deduction.ts
FN:27,(anonymous_0)
FN:34,(anonymous_1)
FN:40,(anonymous_2)
FN:51,(anonymous_3)
FN:90,(anonymous_4)
FN:94,(anonymous_5)
FN:100,(anonymous_6)
FN:112,(anonymous_7)
FN:118,(anonymous_8)
FN:120,(anonymous_9)
FN:134,(anonymous_10)
FN:138,(anonymous_11)
FN:139,(anonymous_12)
FN:142,(anonymous_13)
FNF:14
FNH:13
FNDA:41,(anonymous_0)
FNDA:26,(anonymous_1)
FNDA:0,(anonymous_2)
FNDA:26,(anonymous_3)
FNDA:7,(anonymous_4)
FNDA:117,(anonymous_5)
FNDA:24,(anonymous_6)
FNDA:26,(anonymous_7)
FNDA:24,(anonymous_8)
FNDA:24,(anonymous_9)
FNDA:10,(anonymous_10)
FNDA:24,(anonymous_11)
FNDA:24,(anonymous_12)
FNDA:24,(anonymous_13)
DA:27,41
DA:35,26
DA:43,0
DA:47,0
DA:48,0
DA:60,26
DA:65,26
DA:71,26
DA:77,26
DA:81,24
DA:91,7
DA:95,117
DA:96,117
DA:97,117
DA:101,24
DA:102,24
DA:103,24
DA:116,26
DA:118,24
DA:121,24
DA:122,16
DA:124,24
DA:128,26
DA:130,26
DA:135,10
DA:139,24
DA:143,24
LF:27
LH:24
BRDA:35,0,0,0
BRDA:35,0,1,26
BRDA:77,1,0,16
BRDA:77,1,1,10
BRDA:96,2,0,0
BRDA:96,2,1,117
BRDA:102,3,0,0
BRDA:102,3,1,24
BRDA:121,4,0,16
BRDA:121,4,1,8
BRDA:121,5,0,24
BRDA:121,5,1,8
BRDA:128,6,0,2
BRDA:128,6,1,24
BRF:14
BRH:11
end_of_record
TN:
SF:src/deduction-structure/index.ts
FNF:0
FNH:0
LF:0
LH:0
BRF:0
BRH:0
end_of_record
TN:
SF:src/deduction-structure/rule.ts
FN:26,(anonymous_0)
FN:27,(anonymous_1)
FNF:2
FNH:1
FNDA:0,(anonymous_0)
FNDA:11,(anonymous_1)
DA:26,10
DA:27,11
DA:29,10
DA:40,10
LF:4
LH:4
BRF:0
BRH:0
end_of_record
TN:
SF:src/deduction-structure/step.ts
FNF:0
FNH:0
LF:0
LH:0
BRF:0
BRH:0
end_of_record
TN:
SF:src/deduction-structure/rule-application-spec/index.ts
FNF:0
FNH:0
LF:0
LH:0
BRF:0
BRH:0
end_of_record
TN:
SF:src/deduction-structure/rule-application-spec/regular-rule-application-spec.ts
FN:45,(anonymous_0)
FN:52,(anonymous_1)
FN:69,(anonymous_2)
FN:77,(anonymous_3)
FN:94,(anonymous_4)
FN:117,(anonymous_5)
FN:124,(anonymous_6)
FN:144,(anonymous_7)
FN:151,(anonymous_8)
FNF:9
FNH:9
FNDA:4,(anonymous_0)
FNDA:2,(anonymous_1)
FNDA:1,(anonymous_2)
FNDA:4,(anonymous_3)
FNDA:6,(anonymous_4)
FNDA:2,(anonymous_5)
FNDA:6,(anonymous_6)
FNDA:2,(anonymous_7)
FNDA:3,(anonymous_8)
DA:46,4
DA:58,2
DA:70,1
DA:82,4
DA:83,4
DA:87,4
DA:100,6
DA:104,6
DA:117,2
DA:129,6
DA:130,6
DA:135,6
DA:144,2
DA:157,3
DA:161,3
LF:15
LH:15
BRDA:83,0,0,3
BRDA:83,0,1,1
BRDA:100,1,0,5
BRDA:100,1,1,1
BRDA:112,2,0,5
BRDA:112,2,1,1
BRDA:130,3,0,5
BRDA:130,3,1,1
BRDA:139,4,0,5
BRDA:139,4,1,1
BRDA:157,5,0,2
BRDA:157,5,1,1
BRF:12
BRH:12
end_of_record
TN:
SF:src/deduction-structure/rule-application-spec/theorem-rule-application-spec.ts
FNF:0
FNH:0
LF:0
LH:0
BRF:0
BRH:0
end_of_record
TN:
SF:src/deduction-structure/rule-application-summary/index.ts
FNF:0
FNH:0
LF:0
LH:0
BRF:0
BRH:0
end_of_record
TN:
SF:src/deduction-structure/rule-application-summary/regular-rule-application-summary.ts
FNF:0
FNH:0
LF:0
LH:0
BRF:0
BRH:0
end_of_record
TN:
SF:src/deduction-structure/rule-application-summary/theorem-rule-application-summary.ts
FNF:0
FNH:0
LF:0
LH:0
BRF:0
BRH:0
end_of_record
TN:
SF:src/deduction-structure/term-dependency-graph/index.ts
FNF:0
FNH:0
LF:0
LH:0
BRF:0
BRH:0
end_of_record
TN:
SF:src/deduction-structure/term-dependency-graph/term-dependencies.ts
FN:12,(anonymous_0)
FN:13,(anonymous_1)
FNF:2
FNH:2
FNDA:4,(anonymous_0)
FNDA:4,(anonymous_1)
DA:13,4
LF:1
LH:1
BRF:0
BRH:0
end_of_record
TN:
SF:src/deduction-structure/term-dependency-graph/term-dependency-graph.ts
FN:19,(anonymous_0)
FN:27,(anonymous_1)
FN:34,(anonymous_2)
FN:36,(anonymous_3)
FN:36,(anonymous_4)
FN:38,(anonymous_5)
FN:42,(anonymous_6)
FN:45,(anonymous_7)
FN:46,(anonymous_8)
FN:50,(anonymous_9)
FN:52,(anonymous_10)
FN:59,(anonymous_11)
FN:64,(anonymous_12)
FN:66,(anonymous_13)
FN:73,(anonymous_14)
FN:78,(anonymous_15)
FN:82,(anonymous_16)
FN:86,(anonymous_17)
FN:94,(anonymous_18)
FN:98,(anonymous_19)
FN:102,(anonymous_20)
FN:108,(anonymous_21)
FN:118,(anonymous_22)
FN:124,(anonymous_23)
FN:142,(anonymous_24)
FN:148,(anonymous_25)
FNF:26
FNH:26
FNDA:17,(anonymous_0)
FNDA:11,(anonymous_1)
FNDA:8,(anonymous_2)
FNDA:8,(anonymous_3)
FNDA:8,(anonymous_4)
FNDA:12,(anonymous_5)
FNDA:16,(anonymous_6)
FNDA:34,(anonymous_7)
FNDA:9,(anonymous_8)
FNDA:2,(anonymous_9)
FNDA:6,(anonymous_10)
FNDA:4,(anonymous_11)
FNDA:2,(anonymous_12)
FNDA:6,(anonymous_13)
FNDA:4,(anonymous_14)
FNDA:7,(anonymous_15)
FNDA:16,(anonymous_16)
FNDA:24,(anonymous_17)
FNDA:8,(anonymous_18)
FNDA:8,(anonymous_19)
FNDA:3,(anonymous_20)
FNDA:13,(anonymous_21)
FNDA:2,(anonymous_22)
FNDA:2,(anonymous_23)
FNDA:2,(anonymous_24)
FNDA:3,(anonymous_25)
DA:20,17
DA:22,17
DA:23,2
DA:26,15
DA:27,11
DA:29,15
DA:30,3
DA:33,12
DA:34,8
DA:36,8
DA:38,12
DA:43,16
DA:45,34
DA:46,9
DA:50,2
DA:53,6
DA:54,6
DA:56,6
DA:58,6
DA:59,4
DA:64,2
DA:67,6
DA:68,6
DA:70,6
DA:72,6
DA:73,4
DA:79,7
DA:83,16
DA:87,24
DA:88,24
DA:90,24
DA:92,24
DA:94,8
DA:99,8
DA:101,8
DA:103,3
DA:113,13
DA:114,2
DA:117,11
DA:119,2
DA:125,2
DA:126,2
DA:128,2
DA:130,2
DA:143,2
DA:152,3
LF:46
LH:46
BRDA:22,0,0,2
BRDA:22,0,1,15
BRDA:29,1,0,3
BRDA:29,1,1,12
BRDA:52,2,0,2
BRDA:53,3,0,0
BRDA:53,3,1,6
BRDA:66,4,0,2
BRDA:67,5,0,0
BRDA:67,5,1,6
BRDA:79,6,0,7
BRDA:79,6,1,5
BRDA:86,7,0,16
BRDA:87,8,0,0
BRDA:87,8,1,24
BRDA:93,9,0,24
BRDA:93,9,1,17
BRDA:111,10,0,5
BRDA:113,11,0,2
BRDA:113,11,1,11
BRDA:113,12,0,13
BRDA:113,12,1,5
BRDA:117,13,0,11
BRDA:117,13,1,9
BRDA:126,14,0,0
BRDA:126,14,1,2
BRDA:132,15,0,0
BRDA:132,15,1,2
BRF:28
BRH:23
end_of_record
TN:
SF:src/parsers/deduction-parser/ast-processor.ts
FN:17,(anonymous_0)
FN:19,(anonymous_1)
FN:21,(anonymous_2)
FN:23,(anonymous_3)
FN:27,(anonymous_4)
FN:31,(anonymous_5)
FN:38,(anonymous_6)
FN:116,(anonymous_7)
FN:126,(anonymous_8)
FN:135,(anonymous_9)
FN:163,(anonymous_10)
FN:167,(anonymous_11)
FN:173,(anonymous_12)
FN:182,(anonymous_13)
FN:188,(anonymous_14)
FN:194,(anonymous_15)
FN:203,(anonymous_16)
FN:214,(anonymous_17)
FN:223,(anonymous_18)
FNF:19
FNH:9
FNDA:1,(anonymous_0)
FNDA:0,(anonymous_1)
FNDA:0,(anonymous_2)
FNDA:3,(anonymous_3)
FNDA:3,(anonymous_4)
FNDA:11,(anonymous_5)
FNDA:11,(anonymous_6)
FNDA:7,(anonymous_7)
FNDA:11,(anonymous_8)
FNDA:11,(anonymous_9)
FNDA:0,(anonymous_10)
FNDA:4,(anonymous_11)
FNDA:0,(anonymous_12)
FNDA:0,(anonymous_13)
FNDA:0,(anonymous_14)
FNDA:0,(anonymous_15)
FNDA:0,(anonymous_16)
FNDA:0,(anonymous_17)
FNDA:0,(anonymous_18)
DA:17,1
DA:19,0
DA:21,0
DA:24,3
DA:28,3
DA:30,3
DA:31,11
DA:35,3
DA:43,11
DA:45,11
DA:47,11
DA:49,11
DA:50,11
DA:51,11
DA:52,11
DA:54,11
DA:56,3
DA:57,3
DA:58,3
DA:59,3
DA:62,1
DA:63,1
DA:64,1
DA:65,1
DA:68,0
DA:69,0
DA:70,0
DA:71,0
DA:74,2
DA:75,2
DA:76,2
DA:77,2
DA:78,2
DA:81,1
DA:82,1
DA:86,1
DA:87,1
DA:88,1
DA:91,3
DA:92,3
DA:93,3
DA:94,3
DA:95,3
DA:98,1
DA:99,1
DA:103,1
DA:104,1
DA:105,1
DA:107,0
DA:108,0
DA:109,0
DA:110,0
DA:114,11
DA:116,11
DA:117,11
DA:118,0
DA:121,11
DA:123,11
DA:130,11
DA:131,0
DA:139,11
DA:141,11
DA:142,0
DA:145,11
DA:147,11
DA:148,7
DA:149,0
DA:152,7
DA:157,7
DA:158,0
DA:164,0
DA:167,4
DA:177,0
DA:183,0
DA:189,0
DA:198,0
DA:207,0
DA:218,0
DA:224,0
LF:79
LH:56
BRDA:54,0,0,3
BRDA:54,0,1,1
BRDA:54,0,2,0
BRDA:54,0,3,2
BRDA:54,0,4,1
BRDA:54,0,5,3
BRDA:54,0,6,1
BRDA:54,0,7,0
BRDA:57,1,0,0
BRDA:57,1,1,3
BRDA:63,2,0,0
BRDA:63,2,1,1
BRDA:69,3,0,0
BRDA:69,3,1,0
BRDA:75,4,0,0
BRDA:75,4,1,2
BRDA:82,5,0,0
BRDA:82,5,1,1
BRDA:92,6,0,0
BRDA:92,6,1,3
BRDA:99,7,0,0
BRDA:99,7,1,1
BRDA:108,8,0,0
BRDA:108,8,1,0
BRDA:117,9,0,0
BRDA:117,9,1,11
BRDA:121,10,0,0
BRDA:121,10,1,11
BRDA:130,11,0,0
BRDA:130,11,1,11
BRDA:130,12,0,11
BRDA:130,12,1,11
BRDA:141,13,0,0
BRDA:141,13,1,11
BRDA:148,14,0,0
BRDA:148,14,1,7
BRDA:157,15,0,0
BRDA:157,15,1,7
BRDA:157,16,0,7
BRDA:157,16,1,0
BRF:40
BRH:21
end_of_record
TN:
SF:src/parsers/deduction-parser/deduction-parser.ts
FN:10,(anonymous_0)
FN:12,(anonymous_1)
FN:14,(anonymous_2)
FN:16,(anonymous_3)
FN:20,(anonymous_4)
FN:22,(anonymous_5)
FN:26,(anonymous_6)
FNF:7
FNH:4
FNDA:1,(anonymous_0)
FNDA:0,(anonymous_1)
FNDA:0,(anonymous_2)
FNDA:3,(anonymous_3)
FNDA:3,(anonymous_4)
FNDA:0,(anonymous_5)
FNDA:4,(anonymous_6)
DA:10,1
DA:12,0
DA:14,0
DA:17,3
DA:20,3
DA:23,0
DA:26,4
LF:7
LH:4
BRF:0
BRH:0
end_of_record
TN:
SF:src/parsers/formula-parser/ast-processor.ts
FN:22,(anonymous_0)
FN:24,(anonymous_1)
FN:26,(anonymous_2)
FN:33,(anonymous_3)
FN:43,(anonymous_4)
FN:79,(anonymous_5)
FN:83,(anonymous_6)
FN:105,(anonymous_7)
FN:119,(anonymous_8)
FN:121,(anonymous_9)
FN:123,(anonymous_10)
FN:128,(anonymous_11)
FN:134,(anonymous_12)
FN:140,(anonymous_13)
FN:146,(anonymous_14)
FN:155,(anonymous_15)
FN:164,(anonymous_16)
FNF:17
FNH:14
FNDA:5,(anonymous_0)
FNDA:130,(anonymous_1)
FNDA:354,(anonymous_2)
FNDA:148,(anonymous_3)
FNDA:784,(anonymous_4)
FNDA:526,(anonymous_5)
FNDA:338,(anonymous_6)
FNDA:338,(anonymous_7)
FNDA:201,(anonymous_8)
FNDA:260,(anonymous_9)
FNDA:4,(anonymous_10)
FNDA:121,(anonymous_11)
FNDA:1,(anonymous_12)
FNDA:0,(anonymous_13)
FNDA:0,(anonymous_14)
FNDA:2,(anonymous_15)
FNDA:0,(anonymous_16)
DA:22,5
DA:24,130
DA:26,354
DA:38,148
DA:39,148
DA:40,148
DA:44,784
DA:46,782
DA:47,782
DA:49,782
DA:52,782
DA:53,0
DA:56,782
DA:57,782
DA:60,780
DA:61,118
DA:63,118
DA:64,37
DA:65,1
DA:68,36
DA:69,0
DA:72,81
DA:76,779
DA:79,526
DA:90,338
DA:91,338
DA:92,338
DA:93,338
DA:97,338
DA:98,338
DA:100,338
DA:102,338
DA:106,338
DA:108,201
DA:109,123
DA:110,0
DA:113,137
DA:114,0
DA:119,201
DA:121,260
DA:124,4
DA:125,4
DA:128,121
DA:135,1
DA:141,0
DA:150,0
DA:159,2
DA:168,0
LF:48
LH:41
BRDA:39,0,0,148
BRDA:39,0,1,148
BRDA:40,1,0,148
BRDA:40,1,1,148
BRDA:43,2,0,256
BRDA:44,3,0,2
BRDA:44,3,1,782
BRDA:49,4,0,782
BRDA:49,4,1,257
BRDA:52,5,0,0
BRDA:52,5,1,782
BRDA:56,6,0,0
BRDA:56,6,1,782
BRDA:57,7,0,2
BRDA:57,7,1,780
BRDA:60,8,0,118
BRDA:60,8,1,662
BRDA:63,9,0,37
BRDA:63,9,1,81
BRDA:64,10,0,1
BRDA:64,10,1,36
BRDA:68,11,0,0
BRDA:68,11,1,36
BRDA:106,12,0,201
BRDA:106,12,1,137
BRDA:108,13,0,78
BRDA:108,13,1,123
BRDA:109,14,0,123
BRDA:109,14,1,0
BRDA:113,15,0,137
BRDA:113,15,1,0
BRF:31
BRH:26
end_of_record
TN:
SF:src/parsers/formula-parser/formula-parser.ts
FN:10,(anonymous_0)
FN:12,(anonymous_1)
FN:14,(anonymous_2)
FN:16,(anonymous_3)
FN:20,(anonymous_4)
FN:22,(anonymous_5)
FN:28,(anonymous_6)
FNF:7
FNH:6
FNDA:0,(anonymous_0)
FNDA:5,(anonymous_1)
FNDA:16,(anonymous_2)
FNDA:145,(anonymous_3)
FNDA:245,(anonymous_4)
FNDA:4,(anonymous_5)
FNDA:117,(anonymous_6)
DA:10,0
DA:12,5
DA:14,16
DA:17,145
DA:20,245
DA:23,4
DA:24,4
DA:25,4
DA:28,117
LF:9
LH:8
BRF:0
BRH:0
end_of_record
TN:
SF:src/parsers/formula-parser/index.ts
FNF:0
FNH:0
LF:0
LH:0
BRF:0
BRH:0
end_of_record
TN:
SF:src/parsers/peg/ast-formula.ts
FN:16,(anonymous_0)
FNF:1
FNH:1
FNDA:784,(anonymous_0)
DA:16,16
DA:17,784
LF:2
LH:2
BRF:0
BRH:0
end_of_record
TN:
SF:src/parsers/peg/index.ts
FN:5,(anonymous_0)
FN:8,(anonymous_1)
FNF:2
FNH:2
FNDA:248,(anonymous_0)
FNDA:4,(anonymous_1)
DA:5,18
DA:6,248
DA:8,18
DA:9,4
LF:4
LH:4
BRF:0
BRH:0
end_of_record
TN:
SF:src/presentation/sym-presentation/index.ts
FNF:0
FNH:0
LF:0
LH:0
BRF:0
BRH:0
end_of_record
TN:
SF:src/presentation/sym-presentation/placement.ts
FNF:0
FNH:0
LF:0
LH:0
BRF:0
BRH:0
end_of_record
TN:
SF:src/presentation/sym-presentation/presentation-ctx.ts
FN:9,(anonymous_0)
FN:12,(anonymous_1)
FN:15,(anonymous_2)
FN:17,(anonymous_3)
FN:20,(anonymous_4)
FN:23,(anonymous_5)
FN:24,(anonymous_6)
FN:26,(anonymous_7)
FN:28,(anonymous_8)
FNF:9
FNH:9
FNDA:148,(anonymous_0)
FNDA:1041,(anonymous_1)
FNDA:148,(anonymous_2)
FNDA:1041,(anonymous_3)
FNDA:1,(anonymous_4)
FNDA:8,(anonymous_5)
FNDA:15,(anonymous_6)
FNDA:8,(anonymous_7)
FNDA:4,(anonymous_8)
DA:9,148
DA:12,1041
DA:15,148
DA:17,1041
DA:20,17
DA:21,1
DA:23,8
DA:24,15
DA:26,8
DA:28,4
LF:10
LH:10
BRDA:15,0,0,148
BRDA:15,0,1,0
BRF:2
BRH:1
end_of_record
TN:
SF:src/presentation/sym-presentation/primitive-presentation-ctx.ts
FNF:0
FNH:0
DA:18,16
LF:1
LH:1
BRF:0
BRH:0
end_of_record
TN:
SF:src/presentation/sym-presentation/sym-presentation.ts
FN:16,(anonymous_0)
FN:18,(anonymous_1)
FNF:2
FNH:0
FNDA:0,(anonymous_0)
FNDA:0,(anonymous_1)
DA:16,0
DA:18,0
LF:2
LH:0
BRDA:16,0,0,0
BRDA:16,0,1,0
BRDA:18,1,0,0
BRF:3
BRH:0
end_of_record
TN:
SF:src/presentation/sym-presentation/syntactic-info.ts
FN:11,(anonymous_0)
FN:13,(anonymous_1)
FN:15,(anonymous_2)
FNF:3
FNH:2
FNDA:107,(anonymous_0)
FNDA:128,(anonymous_1)
FNDA:0,(anonymous_2)
DA:11,107
DA:13,128
DA:16,0
DA:18,0
DA:20,0
LF:5
LH:2
BRDA:15,0,0,0
BRDA:16,1,0,0
BRDA:16,1,1,0
BRF:3
BRH:0
end_of_record
TN:
SF:src/propositional-logic/primitive-truth-functions.ts
FNF:0
FNH:0
DA:8,11
LF:1
LH:1
BRF:0
BRH:0
end_of_record
TN:
SF:src/propositional-logic/propositional-logic-util.ts
FN:10,(anonymous_0)
FN:22,(anonymous_1)
FN:30,(anonymous_2)
FN:36,(anonymous_3)
FN:53,(anonymous_4)
FN:54,(anonymous_5)
FN:55,(anonymous_6)
FN:56,(anonymous_7)
FN:63,(anonymous_8)
FN:69,(anonymous_9)
FN:75,(anonymous_10)
FN:82,(anonymous_11)
FNF:12
FNH:12
FNDA:14,(anonymous_0)
FNDA:6,(anonymous_1)
FNDA:30,(anonymous_2)
FNDA:309,(anonymous_3)
FNDA:350,(anonymous_4)
FNDA:151,(anonymous_5)
FNDA:151,(anonymous_6)
FNDA:287,(anonymous_7)
FNDA:151,(anonymous_8)
FNDA:287,(anonymous_9)
FNDA:279,(anonymous_10)
FNDA:98,(anonymous_11)
DA:10,11
DA:14,14
DA:16,12
DA:17,8
DA:18,8
DA:19,7
DA:22,6
DA:24,3
DA:30,11
DA:31,30
DA:36,11
DA:41,309
DA:42,0
DA:45,309
DA:46,214
DA:47,214
DA:48,106
DA:51,95
DA:53,350
DA:54,151
DA:55,151
DA:56,287
DA:63,151
DA:69,11
DA:74,287
DA:75,279
DA:82,11
DA:83,98
DA:84,98
DA:85,98
LF:30
LH:29
BRDA:12,0,0,0
BRDA:14,1,0,2
BRDA:14,1,1,12
BRDA:16,2,0,8
BRDA:16,2,1,4
BRDA:18,3,0,1
BRDA:18,3,1,7
BRDA:39,4,0,30
BRDA:41,5,0,0
BRDA:41,5,1,309
BRDA:41,6,0,309
BRDA:41,6,1,309
BRDA:45,7,0,214
BRDA:45,7,1,95
BRDA:47,8,0,108
BRDA:47,8,1,106
BRDA:47,9,0,64
BRDA:47,9,1,44
BRDA:84,10,0,0
BRDA:84,10,1,98
BRF:20
BRH:17
end_of_record
TN:
SF:src/propositional-logic/propositional-logic.ts
FN:8,(anonymous_0)
FN:10,(anonymous_1)
FN:12,(anonymous_2)
FN:15,(anonymous_3)
FN:17,(anonymous_4)
FN:19,(anonymous_5)
FN:34,(anonymous_6)
FN:37,(anonymous_7)
FNF:8
FNH:5
FNDA:0,(anonymous_0)
FNDA:24,(anonymous_1)
FNDA:0,(anonymous_2)
FNDA:24,(anonymous_3)
FNDA:0,(anonymous_4)
FNDA:13,(anonymous_5)
FNDA:24,(anonymous_6)
FNDA:24,(anonymous_7)
DA:8,10
DA:10,24
DA:12,10
DA:13,0
DA:15,24
DA:17,10
DA:19,10
DA:20,13
DA:21,11
DA:22,3
DA:29,8
DA:34,10
DA:35,24
DA:37,10
DA:38,24
DA:39,24
LF:16
LH:15
BRDA:13,0,0,0
BRDA:13,0,1,0
BRDA:20,1,0,2
BRDA:20,1,1,11
BRDA:21,2,0,3
BRDA:21,2,1,8
BRF:6
BRH:4
end_of_record
TN:
SF:src/propositional-logic/reduce-to-truth-functional.ts
FN:11,(anonymous_0)
FN:14,(anonymous_1)
FN:22,(anonymous_2)
FNF:3
FNH:3
FNDA:24,(anonymous_0)
FNDA:132,(anonymous_1)
FNDA:108,(anonymous_2)
DA:11,10
DA:12,24
DA:14,10
DA:18,132
DA:20,132
DA:21,110
DA:26,108
DA:27,108
DA:30,110
DA:33,22
DA:35,22
DA:36,22
DA:37,14
DA:38,14
DA:41,22
LF:15
LH:15
BRDA:16,0,0,24
BRDA:20,1,0,110
BRDA:20,1,1,22
BRDA:20,2,0,132
BRDA:20,2,1,115
BRDA:36,3,0,14
BRDA:36,3,1,8
BRF:7
BRH:7
end_of_record
TN:
SF:src/utils/index.ts
FN:3,findDuplicates
FNF:1
FNH:0
FNDA:0,findDuplicates
DA:4,0
DA:5,0
DA:7,0
DA:8,0
DA:9,0
DA:11,0
DA:15,0
LF:7
LH:0
BRDA:8,0,0,0
BRDA:8,0,1,0
BRF:2
BRH:0
end_of_record
