<?xml version="1.0" encoding="UTF-8"?>
<coverage generated="1603142076756" clover="3.2.0">
  <project timestamp="1603142076756" name="All files">
    <metrics statements="784" coveredstatements="713" conditionals="357" coveredconditionals="272" methods="219" coveredmethods="200" elements="1360" coveredelements="1185" complexity="0" loc="784" ncloc="784" packages="12" files="45" classes="45"/>
    <package name="src">
      <metrics statements="74" coveredstatements="63" conditionals="21" coveredconditionals="17" methods="9" coveredmethods="8"/>
      <file name="deduction-inflate-deflate.js" path="/home/runner/work/entail-core/entail-core/src/deduction-inflate-deflate.js">
        <metrics statements="48" coveredstatements="44" conditionals="16" coveredconditionals="14" methods="5" coveredmethods="5"/>
        <line num="9" count="1" type="stmt"/>
        <line num="10" count="2" type="stmt"/>
        <line num="11" count="17" type="stmt"/>
        <line num="13" count="19" type="stmt"/>
        <line num="15" count="17" type="cond" truecount="7" falsecount="1"/>
        <line num="17" count="4" type="stmt"/>
        <line num="18" count="4" type="stmt"/>
        <line num="21" count="0" type="stmt"/>
        <line num="22" count="0" type="stmt"/>
        <line num="25" count="1" type="stmt"/>
        <line num="26" count="1" type="stmt"/>
        <line num="29" count="4" type="stmt"/>
        <line num="32" count="1" type="stmt"/>
        <line num="37" count="1" type="stmt"/>
        <line num="38" count="1" type="stmt"/>
        <line num="39" count="1" type="stmt"/>
        <line num="40" count="1" type="stmt"/>
        <line num="43" count="2" type="stmt"/>
        <line num="48" count="2" type="stmt"/>
        <line num="49" count="2" type="stmt"/>
        <line num="51" count="2" type="stmt"/>
        <line num="54" count="3" type="stmt"/>
        <line num="58" count="3" type="stmt"/>
        <line num="61" count="2" type="stmt"/>
        <line num="65" count="2" type="stmt"/>
        <line num="69" count="17" type="stmt"/>
        <line num="72" count="1" type="stmt"/>
        <line num="73" count="2" type="stmt"/>
        <line num="75" count="2" type="stmt"/>
        <line num="76" count="17" type="stmt"/>
        <line num="77" count="17" type="cond" truecount="7" falsecount="1"/>
        <line num="79" count="4" type="stmt"/>
        <line num="80" count="4" type="stmt"/>
        <line num="82" count="0" type="stmt"/>
        <line num="83" count="0" type="stmt"/>
        <line num="85" count="1" type="stmt"/>
        <line num="86" count="1" type="stmt"/>
        <line num="88" count="4" type="stmt"/>
        <line num="89" count="4" type="stmt"/>
        <line num="91" count="1" type="stmt"/>
        <line num="92" count="1" type="stmt"/>
        <line num="94" count="2" type="stmt"/>
        <line num="95" count="2" type="stmt"/>
        <line num="97" count="3" type="stmt"/>
        <line num="98" count="3" type="stmt"/>
        <line num="100" count="2" type="stmt"/>
        <line num="101" count="2" type="stmt"/>
        <line num="105" count="2" type="stmt"/>
      </file>
      <file name="error.js" path="/home/runner/work/entail-core/entail-core/src/error.js">
        <metrics statements="6" coveredstatements="6" conditionals="1" coveredconditionals="1" methods="1" coveredmethods="1"/>
        <line num="2" count="22" type="stmt"/>
        <line num="3" count="22" type="stmt"/>
        <line num="4" count="22" type="stmt"/>
        <line num="5" count="22" type="stmt"/>
        <line num="6" count="22" type="stmt"/>
        <line num="9" count="20" type="stmt"/>
      </file>
      <file name="formula-construction-util.js" path="/home/runner/work/entail-core/entail-core/src/formula-construction-util.js">
        <metrics statements="4" coveredstatements="4" conditionals="2" coveredconditionals="2" methods="2" coveredmethods="2"/>
        <line num="5" count="12" type="stmt"/>
        <line num="6" count="15" type="cond" truecount="2" falsecount="0"/>
        <line num="8" count="12" type="stmt"/>
        <line num="9" count="12" type="stmt"/>
      </file>
      <file name="primitive-syms.js" path="/home/runner/work/entail-core/entail-core/src/primitive-syms.js">
        <metrics statements="8" coveredstatements="8" conditionals="0" coveredconditionals="0" methods="0" coveredmethods="0"/>
        <line num="3" count="19" type="stmt"/>
        <line num="4" count="19" type="stmt"/>
        <line num="5" count="19" type="stmt"/>
        <line num="6" count="19" type="stmt"/>
        <line num="7" count="19" type="stmt"/>
        <line num="8" count="19" type="stmt"/>
        <line num="9" count="19" type="stmt"/>
        <line num="11" count="19" type="stmt"/>
      </file>
      <file name="utils.js" path="/home/runner/work/entail-core/entail-core/src/utils.js">
        <metrics statements="8" coveredstatements="1" conditionals="2" coveredconditionals="0" methods="1" coveredmethods="0"/>
        <line num="2" count="3" type="stmt"/>
        <line num="3" count="0" type="stmt"/>
        <line num="4" count="0" type="stmt"/>
        <line num="6" count="0" type="stmt"/>
        <line num="7" count="0" type="cond" truecount="0" falsecount="2"/>
        <line num="8" count="0" type="stmt"/>
        <line num="10" count="0" type="stmt"/>
        <line num="14" count="0" type="stmt"/>
      </file>
    </package>
    <package name="src.abstract-structures">
      <metrics statements="174" coveredstatements="167" conditionals="84" coveredconditionals="75" methods="56" coveredmethods="53"/>
      <file name="expression-pointer.js" path="/home/runner/work/entail-core/entail-core/src/abstract-structures/expression-pointer.js">
        <metrics statements="33" coveredstatements="31" conditionals="13" coveredconditionals="12" methods="11" coveredmethods="10"/>
        <line num="7" count="24" type="cond" truecount="1" falsecount="0"/>
        <line num="9" count="63" type="stmt"/>
        <line num="11" count="19" type="stmt"/>
        <line num="12" count="26" type="stmt"/>
        <line num="15" count="19" type="stmt"/>
        <line num="16" count="25" type="cond" truecount="2" falsecount="0"/>
        <line num="17" count="24" type="stmt"/>
        <line num="23" count="19" type="stmt"/>
        <line num="24" count="11" type="cond" truecount="2" falsecount="0"/>
        <line num="26" count="7" type="cond" truecount="1" falsecount="1"/>
        <line num="28" count="7" type="stmt"/>
        <line num="29" count="7" type="stmt"/>
        <line num="31" count="7" type="cond" truecount="2" falsecount="0"/>
        <line num="37" count="19" type="stmt"/>
        <line num="38" count="1" type="stmt"/>
        <line num="40" count="1" type="stmt"/>
        <line num="42" count="1" type="stmt"/>
        <line num="46" count="19" type="stmt"/>
        <line num="47" count="2" type="stmt"/>
        <line num="49" count="2" type="stmt"/>
        <line num="51" count="1" type="stmt"/>
        <line num="55" count="19" type="stmt"/>
        <line num="56" count="0" type="stmt"/>
        <line num="58" count="0" type="stmt"/>
        <line num="65" count="19" type="stmt"/>
        <line num="66" count="27" type="cond" truecount="2" falsecount="0"/>
        <line num="67" count="16" type="stmt"/>
        <line num="68" count="16" type="stmt"/>
        <line num="70" count="16" type="stmt"/>
        <line num="72" count="16" type="cond" truecount="2" falsecount="0"/>
        <line num="73" count="9" type="stmt"/>
        <line num="76" count="16" type="stmt"/>
        <line num="78" count="16" type="stmt"/>
      </file>
      <file name="expression-util.js" path="/home/runner/work/entail-core/entail-core/src/abstract-structures/expression-util.js">
        <metrics statements="5" coveredstatements="5" conditionals="2" coveredconditionals="2" methods="2" coveredmethods="2"/>
        <line num="6" count="19" type="stmt"/>
        <line num="7" count="18" type="cond" truecount="2" falsecount="0"/>
        <line num="8" count="16" type="stmt"/>
        <line num="10" count="25" type="stmt"/>
        <line num="12" count="16" type="stmt"/>
      </file>
      <file name="expression.js" path="/home/runner/work/entail-core/entail-core/src/abstract-structures/expression.js">
        <metrics statements="102" coveredstatements="99" conditionals="46" coveredconditionals="41" methods="31" coveredmethods="31"/>
        <line num="6" count="19" type="stmt"/>
        <line num="16" count="1285" type="stmt"/>
        <line num="19" count="19" type="stmt"/>
        <line num="20" count="148" type="stmt"/>
        <line num="21" count="148" type="cond" truecount="1" falsecount="1"/>
        <line num="22" count="0" type="stmt"/>
        <line num="24" count="148" type="stmt"/>
        <line num="28" count="19" type="stmt"/>
        <line num="29" count="262" type="cond" truecount="2" falsecount="0"/>
        <line num="31" count="145" type="stmt"/>
        <line num="32" count="145" type="stmt"/>
        <line num="34" count="145" type="stmt"/>
        <line num="38" count="19" type="stmt"/>
        <line num="39" count="144" type="cond" truecount="2" falsecount="0"/>
        <line num="41" count="84" type="stmt"/>
        <line num="43" count="84" type="stmt"/>
        <line num="44" count="84" type="stmt"/>
        <line num="45" count="84" type="stmt"/>
        <line num="47" count="84" type="stmt"/>
        <line num="53" count="84" type="stmt"/>
        <line num="58" count="19" type="stmt"/>
        <line num="59" count="60" type="stmt"/>
        <line num="60" count="60" type="stmt"/>
        <line num="61" count="60" type="stmt"/>
        <line num="65" count="19" type="stmt"/>
        <line num="66" count="6" type="stmt"/>
        <line num="68" count="6" type="cond" truecount="2" falsecount="0"/>
        <line num="69" count="3" type="stmt"/>
        <line num="70" count="3" type="stmt"/>
        <line num="71" count="3" type="stmt"/>
        <line num="74" count="6" type="stmt"/>
        <line num="78" count="19" type="stmt"/>
        <line num="87" count="58" type="stmt"/>
        <line num="88" count="58" type="stmt"/>
        <line num="90" count="58" type="cond" truecount="4" falsecount="0"/>
        <line num="91" count="58" type="stmt"/>
        <line num="93" count="58" type="stmt"/>
        <line num="102" count="19" type="stmt"/>
        <line num="103" count="300" type="stmt"/>
        <line num="105" count="300" type="cond" truecount="2" falsecount="0"/>
        <line num="107" count="300" type="cond" truecount="2" falsecount="0"/>
        <line num="108" count="293" type="stmt"/>
        <line num="109" count="205" type="stmt"/>
        <line num="111" count="148" type="stmt"/>
        <line num="115" count="300" type="stmt"/>
        <line num="120" count="19" type="stmt"/>
        <line num="121" count="42" type="stmt"/>
        <line num="122" count="42" type="cond" truecount="2" falsecount="0"/>
        <line num="123" count="2" type="stmt"/>
        <line num="126" count="40" type="stmt"/>
        <line num="129" count="40" type="stmt"/>
        <line num="131" count="42" type="stmt"/>
        <line num="136" count="19" type="stmt"/>
        <line num="145" count="47" type="stmt"/>
        <line num="148" count="54" type="stmt"/>
        <line num="152" count="3" type="cond" truecount="2" falsecount="0"/>
        <line num="153" count="2" type="cond" truecount="2" falsecount="0"/>
        <line num="160" count="19" type="stmt"/>
        <line num="161" count="4" type="stmt"/>
        <line num="163" count="4" type="stmt"/>
        <line num="165" count="4" type="stmt"/>
        <line num="170" count="19" type="stmt"/>
        <line num="171" count="2" type="stmt"/>
        <line num="174" count="2" type="stmt"/>
        <line num="179" count="19" type="stmt"/>
        <line num="180" count="17" type="stmt"/>
        <line num="181" count="17" type="stmt"/>
        <line num="183" count="17" type="cond" truecount="2" falsecount="0"/>
        <line num="184" count="3" type="stmt"/>
        <line num="187" count="17" type="stmt"/>
        <line num="188" count="12" type="stmt"/>
        <line num="191" count="17" type="stmt"/>
        <line num="197" count="19" type="cond" truecount="1" falsecount="0"/>
        <line num="198" count="115" type="stmt"/>
        <line num="200" count="115" type="cond" truecount="2" falsecount="0"/>
        <line num="201" count="101" type="stmt"/>
        <line num="204" count="115" type="cond" truecount="2" falsecount="0"/>
        <line num="205" count="15" type="stmt"/>
        <line num="208" count="115" type="stmt"/>
        <line num="209" count="77" type="stmt"/>
        <line num="212" count="115" type="stmt"/>
        <line num="216" count="19" type="cond" truecount="1" falsecount="0"/>
        <line num="217" count="17" type="stmt"/>
        <line num="219" count="44" type="stmt"/>
        <line num="226" count="19" type="cond" truecount="1" falsecount="0"/>
        <line num="227" count="140" type="stmt"/>
        <line num="229" count="140" type="cond" truecount="2" falsecount="0"/>
        <line num="231" count="140" type="cond" truecount="2" falsecount="0"/>
        <line num="232" count="14" type="cond" truecount="2" falsecount="0"/>
        <line num="233" count="13" type="stmt"/>
        <line num="236" count="139" type="stmt"/>
        <line num="238" count="98" type="stmt"/>
        <line num="240" count="98" type="stmt"/>
        <line num="243" count="139" type="stmt"/>
        <line num="246" count="19" type="stmt"/>
        <line num="247" count="58" type="cond" truecount="1" falsecount="1"/>
        <line num="248" count="0" type="cond" truecount="0" falsecount="2"/>
        <line num="249" count="0" type="stmt"/>
        <line num="252" count="58" type="cond" truecount="2" falsecount="0"/>
        <line num="253" count="56" type="stmt"/>
        <line num="255" count="2" type="cond" truecount="1" falsecount="1"/>
        <line num="256" count="2" type="stmt"/>
      </file>
      <file name="index.js" path="/home/runner/work/entail-core/entail-core/src/abstract-structures/index.js">
        <metrics statements="0" coveredstatements="0" conditionals="0" coveredconditionals="0" methods="0" coveredmethods="0"/>
      </file>
      <file name="sym.js" path="/home/runner/work/entail-core/entail-core/src/abstract-structures/sym.js">
        <metrics statements="34" coveredstatements="32" conditionals="23" coveredconditionals="20" methods="12" coveredmethods="10"/>
        <line num="3" count="20" type="cond" truecount="0" falsecount="1"/>
        <line num="20" count="536" type="stmt"/>
        <line num="22" count="20" type="cond" truecount="1" falsecount="0"/>
        <line num="23" count="179" type="stmt"/>
        <line num="25" count="162" type="cond" truecount="1" falsecount="0"/>
        <line num="26" count="20" type="cond" truecount="1" falsecount="0"/>
        <line num="27" count="20" type="cond" truecount="1" falsecount="0"/>
        <line num="28" count="20" type="cond" truecount="1" falsecount="0"/>
        <line num="30" count="20" type="stmt"/>
        <line num="31" count="619" type="cond" truecount="2" falsecount="0"/>
        <line num="33" count="536" type="cond" truecount="2" falsecount="0"/>
        <line num="35" count="498" type="stmt"/>
        <line num="37" count="38" type="stmt"/>
        <line num="39" count="0" type="stmt"/>
        <line num="41" count="83" type="cond" truecount="2" falsecount="0"/>
        <line num="43" count="1" type="stmt"/>
        <line num="45" count="82" type="stmt"/>
        <line num="47" count="0" type="stmt"/>
        <line num="51" count="20" type="stmt"/>
        <line num="52" count="2" type="cond" truecount="2" falsecount="0"/>
        <line num="54" count="1" type="stmt"/>
        <line num="56" count="1" type="stmt"/>
        <line num="60" count="20" type="stmt"/>
        <line num="61" count="183" type="cond" truecount="4" falsecount="0"/>
        <line num="63" count="164" type="stmt"/>
        <line num="68" count="7" type="stmt"/>
        <line num="73" count="3" type="stmt"/>
        <line num="78" count="9" type="stmt"/>
        <line num="85" count="20" type="stmt"/>
        <line num="87" count="43" type="stmt"/>
        <line num="89" count="20" type="stmt"/>
        <line num="98" count="20" type="stmt"/>
        <line num="124" count="20" type="stmt"/>
        <line num="131" count="20" type="stmt"/>
      </file>
    </package>
    <package name="src.deduction-interface">
      <metrics statements="31" coveredstatements="24" conditionals="16" coveredconditionals="8" methods="8" coveredmethods="7"/>
      <file name="deduction-interface-util.js" path="/home/runner/work/entail-core/entail-core/src/deduction-interface/deduction-interface-util.js">
        <metrics statements="20" coveredstatements="14" conditionals="10" coveredconditionals="3" methods="2" coveredmethods="2"/>
        <line num="7" count="10" type="stmt"/>
        <line num="8" count="18" type="stmt"/>
        <line num="9" count="18" type="cond" truecount="1" falsecount="1"/>
        <line num="11" count="18" type="stmt"/>
        <line num="12" count="18" type="stmt"/>
        <line num="14" count="0" type="cond" truecount="0" falsecount="2"/>
        <line num="15" count="0" type="stmt"/>
        <line num="17" count="0" type="stmt"/>
        <line num="23" count="10" type="stmt"/>
        <line num="24" count="9" type="stmt"/>
        <line num="25" count="9" type="cond" truecount="1" falsecount="1"/>
        <line num="27" count="9" type="stmt"/>
        <line num="28" count="9" type="stmt"/>
        <line num="29" count="9" type="cond" truecount="1" falsecount="1"/>
        <line num="30" count="9" type="stmt"/>
        <line num="31" count="9" type="stmt"/>
        <line num="32" count="9" type="stmt"/>
        <line num="34" count="0" type="cond" truecount="0" falsecount="2"/>
        <line num="35" count="0" type="stmt"/>
        <line num="37" count="0" type="stmt"/>
      </file>
      <file name="deduction-interface.js" path="/home/runner/work/entail-core/entail-core/src/deduction-interface/deduction-interface.js">
        <metrics statements="11" coveredstatements="10" conditionals="6" coveredconditionals="5" methods="6" coveredmethods="5"/>
        <line num="8" count="10" type="cond" truecount="1" falsecount="0"/>
        <line num="9" count="98" type="stmt"/>
        <line num="10" count="81" type="stmt"/>
        <line num="14" count="77" type="cond" truecount="1" falsecount="1"/>
        <line num="15" count="0" type="stmt"/>
        <line num="22" count="81" type="stmt"/>
        <line num="26" count="98" type="stmt"/>
        <line num="27" count="77" type="stmt"/>
        <line num="28" count="77" type="stmt"/>
        <line num="31" count="98" type="stmt"/>
        <line num="34" count="10" type="stmt"/>
      </file>
      <file name="index.js" path="/home/runner/work/entail-core/entail-core/src/deduction-interface/index.js">
        <metrics statements="0" coveredstatements="0" conditionals="0" coveredconditionals="0" methods="0" coveredmethods="0"/>
      </file>
    </package>
    <package name="src.deduction-interface.rules-interface">
      <metrics statements="112" coveredstatements="102" conditionals="49" coveredconditionals="34" methods="28" coveredmethods="26"/>
      <file name="deduction-rule-interface.js" path="/home/runner/work/entail-core/entail-core/src/deduction-interface/rules-interface/deduction-rule-interface.js">
        <metrics statements="6" coveredstatements="6" conditionals="0" coveredconditionals="0" methods="2" coveredmethods="2"/>
        <line num="5" count="10" type="stmt"/>
        <line num="6" count="13" type="stmt"/>
        <line num="7" count="13" type="stmt"/>
        <line num="13" count="13" type="stmt"/>
        <line num="15" count="13" type="stmt"/>
        <line num="18" count="13" type="stmt"/>
      </file>
      <file name="index.js" path="/home/runner/work/entail-core/entail-core/src/deduction-interface/rules-interface/index.js">
        <metrics statements="0" coveredstatements="0" conditionals="0" coveredconditionals="0" methods="0" coveredmethods="0"/>
      </file>
      <file name="premise-rule-interface.js" path="/home/runner/work/entail-core/entail-core/src/deduction-interface/rules-interface/premise-rule-interface.js">
        <metrics statements="6" coveredstatements="6" conditionals="0" coveredconditionals="0" methods="2" coveredmethods="2"/>
        <line num="5" count="10" type="stmt"/>
        <line num="6" count="15" type="stmt"/>
        <line num="7" count="15" type="stmt"/>
        <line num="8" count="15" type="stmt"/>
        <line num="9" count="15" type="stmt"/>
        <line num="12" count="15" type="stmt"/>
      </file>
      <file name="quantification.js" path="/home/runner/work/entail-core/entail-core/src/deduction-interface/rules-interface/quantification.js">
        <metrics statements="54" coveredstatements="54" conditionals="16" coveredconditionals="15" methods="16" coveredmethods="16"/>
        <line num="9" count="10" type="stmt"/>
        <line num="10" count="10" type="stmt"/>
        <line num="12" count="10" type="stmt"/>
        <line num="13" count="8" type="stmt"/>
        <line num="16" count="8" type="stmt"/>
        <line num="18" count="8" type="stmt"/>
        <line num="22" count="10" type="stmt"/>
        <line num="23" count="13" type="stmt"/>
        <line num="25" count="13" type="stmt"/>
        <line num="29" count="11" type="stmt"/>
        <line num="32" count="11" type="stmt"/>
        <line num="34" count="11" type="stmt"/>
        <line num="39" count="10" type="stmt"/>
        <line num="40" count="27" type="stmt"/>
        <line num="44" count="27" type="stmt"/>
        <line num="45" count="27" type="cond" truecount="2" falsecount="0"/>
        <line num="46" count="4" type="cond" truecount="2" falsecount="0"/>
        <line num="47" count="2" type="stmt"/>
        <line num="50" count="23" type="stmt"/>
        <line num="51" count="23" type="stmt"/>
        <line num="52" count="23" type="stmt"/>
        <line num="53" count="23" type="cond" truecount="2" falsecount="0"/>
        <line num="54" count="2" type="stmt"/>
        <line num="58" count="23" type="stmt"/>
        <line num="61" count="27" type="stmt"/>
        <line num="64" count="13" type="stmt"/>
        <line num="68" count="10" type="stmt"/>
        <line num="69" count="8" type="stmt"/>
        <line num="71" count="8" type="stmt"/>
        <line num="72" count="8" type="stmt"/>
        <line num="78" count="8" type="stmt"/>
        <line num="80" count="6" type="stmt"/>
        <line num="84" count="10" type="stmt"/>
        <line num="85" count="14" type="stmt"/>
        <line num="87" count="14" type="stmt"/>
        <line num="88" count="12" type="stmt"/>
        <line num="93" count="12" type="stmt"/>
        <line num="95" count="12" type="stmt"/>
        <line num="99" count="10" type="stmt"/>
        <line num="100" count="18" type="stmt"/>
        <line num="105" count="18" type="stmt"/>
        <line num="106" count="18" type="cond" truecount="2" falsecount="0"/>
        <line num="107" count="18" type="cond" truecount="2" falsecount="0"/>
        <line num="108" count="16" type="cond" truecount="2" falsecount="0"/>
        <line num="109" count="1" type="stmt"/>
        <line num="112" count="15" type="cond" truecount="1" falsecount="1"/>
        <line num="113" count="15" type="stmt"/>
        <line num="114" count="15" type="cond" truecount="2" falsecount="0"/>
        <line num="115" count="1" type="stmt"/>
        <line num="120" count="16" type="stmt"/>
        <line num="123" count="18" type="stmt"/>
        <line num="126" count="6" type="stmt"/>
        <line num="130" count="90" type="stmt"/>
        <line num="131" count="90" type="stmt"/>
      </file>
      <file name="rules-interface.js" path="/home/runner/work/entail-core/entail-core/src/deduction-interface/rules-interface/rules-interface.js">
        <metrics statements="36" coveredstatements="27" conditionals="30" coveredconditionals="18" methods="3" coveredmethods="3"/>
        <line num="17" count="77" type="stmt"/>
        <line num="19" count="77" type="cond" truecount="7" falsecount="1"/>
        <line num="21" count="15" type="cond" truecount="1" falsecount="1"/>
        <line num="22" count="0" type="stmt"/>
        <line num="24" count="13" type="cond" truecount="1" falsecount="1"/>
        <line num="25" count="13" type="stmt"/>
        <line num="26" count="26" type="stmt"/>
        <line num="28" count="13" type="stmt"/>
        <line num="29" count="13" type="stmt"/>
        <line num="31" count="13" type="cond" truecount="3" falsecount="1"/>
        <line num="32" count="13" type="stmt"/>
        <line num="35" count="0" type="stmt"/>
        <line num="37" count="4" type="stmt"/>
        <line num="39" count="14" type="cond" truecount="1" falsecount="1"/>
        <line num="40" count="14" type="stmt"/>
        <line num="41" count="14" type="stmt"/>
        <line num="43" count="14" type="cond" truecount="1" falsecount="1"/>
        <line num="44" count="14" type="stmt"/>
        <line num="47" count="0" type="stmt"/>
        <line num="49" count="8" type="cond" truecount="1" falsecount="1"/>
        <line num="50" count="8" type="stmt"/>
        <line num="51" count="8" type="stmt"/>
        <line num="53" count="0" type="stmt"/>
        <line num="55" count="13" type="cond" truecount="1" falsecount="1"/>
        <line num="56" count="13" type="stmt"/>
        <line num="57" count="13" type="stmt"/>
        <line num="59" count="13" type="cond" truecount="1" falsecount="1"/>
        <line num="60" count="13" type="stmt"/>
        <line num="63" count="0" type="stmt"/>
        <line num="65" count="10" type="cond" truecount="1" falsecount="1"/>
        <line num="66" count="10" type="stmt"/>
        <line num="67" count="10" type="stmt"/>
        <line num="69" count="0" type="stmt"/>
        <line num="71" count="0" type="cond" truecount="0" falsecount="2"/>
        <line num="72" count="0" type="stmt"/>
        <line num="75" count="0" type="stmt"/>
      </file>
      <file name="tautological-implication-rule-interface.js" path="/home/runner/work/entail-core/entail-core/src/deduction-interface/rules-interface/tautological-implication-rule-interface.js">
        <metrics statements="9" coveredstatements="8" conditionals="3" coveredconditionals="1" methods="3" coveredmethods="3"/>
        <line num="7" count="10" type="cond" truecount="0" falsecount="1"/>
        <line num="8" count="4" type="stmt"/>
        <line num="9" count="10" type="stmt"/>
        <line num="11" count="4" type="cond" truecount="1" falsecount="1"/>
        <line num="12" count="0" type="stmt"/>
        <line num="19" count="4" type="stmt"/>
        <line num="23" count="4" type="stmt"/>
        <line num="25" count="4" type="stmt"/>
        <line num="28" count="4" type="stmt"/>
      </file>
      <file name="theorem-rule-interface.js" path="/home/runner/work/entail-core/entail-core/src/deduction-interface/rules-interface/theorem-rule-interface.js">
        <metrics statements="1" coveredstatements="1" conditionals="0" coveredconditionals="0" methods="2" coveredmethods="0"/>
        <line num="4" count="10" type="stmt"/>
      </file>
    </package>
    <package name="src.deduction-structure">
      <metrics statements="53" coveredstatements="50" conditionals="21" coveredconditionals="15" methods="20" coveredmethods="17"/>
      <file name="deduction.js" path="/home/runner/work/entail-core/entail-core/src/deduction-structure/deduction.js">
        <metrics statements="42" coveredstatements="39" conditionals="17" coveredconditionals="13" methods="15" coveredmethods="14"/>
        <line num="7" count="10" type="cond" truecount="1" falsecount="0"/>
        <line num="12" count="29" type="stmt"/>
        <line num="14" count="120" type="stmt"/>
        <line num="18" count="35" type="stmt"/>
        <line num="21" count="10" type="stmt"/>
        <line num="22" count="289" type="stmt"/>
        <line num="23" count="289" type="cond" truecount="1" falsecount="1"/>
        <line num="24" count="289" type="stmt"/>
        <line num="27" count="10" type="stmt"/>
        <line num="28" count="52" type="stmt"/>
        <line num="29" count="52" type="cond" truecount="1" falsecount="1"/>
        <line num="30" count="52" type="stmt"/>
        <line num="34" count="10" type="stmt"/>
        <line num="35" count="71" type="cond" truecount="1" falsecount="1"/>
        <line num="40" count="10" type="stmt"/>
        <line num="41" count="0" type="stmt"/>
        <line num="42" count="0" type="stmt"/>
        <line num="43" count="0" type="stmt"/>
        <line num="46" count="10" type="stmt"/>
        <line num="53" count="71" type="stmt"/>
        <line num="55" count="71" type="stmt"/>
        <line num="57" count="71" type="stmt"/>
        <line num="59" count="71" type="cond" truecount="2" falsecount="0"/>
        <line num="63" count="69" type="stmt"/>
        <line num="64" count="69" type="stmt"/>
        <line num="66" count="69" type="stmt"/>
        <line num="70" count="10" type="stmt"/>
        <line num="71" count="17" type="stmt"/>
        <line num="73" count="17" type="stmt"/>
        <line num="80" count="69" type="stmt"/>
        <line num="82" count="69" type="stmt"/>
        <line num="87" count="10" type="stmt"/>
        <line num="88" count="71" type="stmt"/>
        <line num="90" count="71" type="stmt"/>
        <line num="91" count="75" type="stmt"/>
        <line num="93" count="75" type="stmt"/>
        <line num="95" count="75" type="cond" truecount="4" falsecount="0"/>
        <line num="96" count="38" type="stmt"/>
        <line num="99" count="75" type="stmt"/>
        <line num="102" count="71" type="cond" truecount="1" falsecount="1"/>
        <line num="103" count="71" type="stmt"/>
        <line num="106" count="71" type="stmt"/>
      </file>
      <file name="index.js" path="/home/runner/work/entail-core/entail-core/src/deduction-structure/index.js">
        <metrics statements="0" coveredstatements="0" conditionals="0" coveredconditionals="0" methods="0" coveredmethods="0"/>
      </file>
      <file name="rule.js" path="/home/runner/work/entail-core/entail-core/src/deduction-structure/rule.js">
        <metrics statements="6" coveredstatements="6" conditionals="0" coveredconditionals="0" methods="2" coveredmethods="1"/>
        <line num="2" count="11" type="stmt"/>
        <line num="13" count="11" type="stmt"/>
        <line num="24" count="11" type="stmt"/>
        <line num="25" count="39" type="stmt"/>
        <line num="27" count="11" type="stmt"/>
        <line num="38" count="11" type="stmt"/>
      </file>
      <file name="step.js" path="/home/runner/work/entail-core/entail-core/src/deduction-structure/step.js">
        <metrics statements="5" coveredstatements="5" conditionals="4" coveredconditionals="2" methods="3" coveredmethods="2"/>
        <line num="4" count="10" type="stmt"/>
        <line num="14" count="120" type="stmt"/>
        <line num="16" count="10" type="stmt"/>
        <line num="21" count="120" type="stmt"/>
        <line num="23" count="10" type="stmt"/>
      </file>
    </package>
    <package name="src.deduction-structure.rule-application-spec">
      <metrics statements="33" coveredstatements="32" conditionals="14" coveredconditionals="13" methods="11" coveredmethods="10"/>
      <file name="index.js" path="/home/runner/work/entail-core/entail-core/src/deduction-structure/rule-application-spec/index.js">
        <metrics statements="0" coveredstatements="0" conditionals="0" coveredconditionals="0" methods="0" coveredmethods="0"/>
      </file>
      <file name="regular-rule-application-spec.js" path="/home/runner/work/entail-core/entail-core/src/deduction-structure/rule-application-spec/regular-rule-application-spec.js">
        <metrics statements="31" coveredstatements="31" conditionals="14" coveredconditionals="13" methods="10" coveredmethods="10"/>
        <line num="20" count="10" type="stmt"/>
        <line num="30" count="71" type="stmt"/>
        <line num="32" count="15" type="stmt"/>
        <line num="37" count="10" type="stmt"/>
        <line num="40" count="13" type="stmt"/>
        <line num="50" count="10" type="stmt"/>
        <line num="51" count="4" type="stmt"/>
        <line num="53" count="10" type="stmt"/>
        <line num="56" count="12" type="stmt"/>
        <line num="58" count="12" type="cond" truecount="2" falsecount="0"/>
        <line num="62" count="12" type="stmt"/>
        <line num="69" count="10" type="stmt"/>
        <line num="70" count="8" type="cond" truecount="2" falsecount="0"/>
        <line num="75" count="8" type="cond" truecount="2" falsecount="0"/>
        <line num="76" count="7" type="stmt"/>
        <line num="77" count="7" type="stmt"/>
        <line num="79" count="7" type="stmt"/>
        <line num="81" count="7" type="stmt"/>
        <line num="84" count="8" type="stmt"/>
        <line num="96" count="10" type="stmt"/>
        <line num="97" count="11" type="stmt"/>
        <line num="98" count="11" type="cond" truecount="2" falsecount="0"/>
        <line num="103" count="11" type="cond" truecount="2" falsecount="0"/>
        <line num="104" count="10" type="stmt"/>
        <line num="105" count="10" type="stmt"/>
        <line num="107" count="10" type="stmt"/>
        <line num="109" count="10" type="stmt"/>
        <line num="112" count="11" type="stmt"/>
        <line num="120" count="10" type="stmt"/>
        <line num="123" count="8" type="cond" truecount="2" falsecount="0"/>
        <line num="127" count="8" type="stmt"/>
      </file>
      <file name="theorem-rule-application-spec.js" path="/home/runner/work/entail-core/entail-core/src/deduction-structure/rule-application-spec/theorem-rule-application-spec.js">
        <metrics statements="2" coveredstatements="1" conditionals="0" coveredconditionals="0" methods="1" coveredmethods="0"/>
        <line num="5" count="10" type="stmt"/>
        <line num="9" count="0" type="stmt"/>
      </file>
    </package>
    <package name="src.deduction-structure.term-dependency-graph">
      <metrics statements="70" coveredstatements="68" conditionals="35" coveredconditionals="28" methods="19" coveredmethods="19"/>
      <file name="index.js" path="/home/runner/work/entail-core/entail-core/src/deduction-structure/term-dependency-graph/index.js">
        <metrics statements="0" coveredstatements="0" conditionals="0" coveredconditionals="0" methods="0" coveredmethods="0"/>
      </file>
      <file name="term-dependency-graph.js" path="/home/runner/work/entail-core/entail-core/src/deduction-structure/term-dependency-graph/term-dependency-graph.js">
        <metrics statements="70" coveredstatements="68" conditionals="35" coveredconditionals="28" methods="19" coveredmethods="19"/>
        <line num="7" count="42" type="cond" truecount="1" falsecount="0"/>
        <line num="10" count="11" type="stmt"/>
        <line num="11" count="24" type="cond" truecount="2" falsecount="0"/>
        <line num="12" count="2" type="stmt"/>
        <line num="15" count="22" type="stmt"/>
        <line num="16" count="11" type="stmt"/>
        <line num="18" count="22" type="cond" truecount="2" falsecount="0"/>
        <line num="19" count="3" type="stmt"/>
        <line num="22" count="19" type="stmt"/>
        <line num="24" count="19" type="stmt"/>
        <line num="25" count="8" type="stmt"/>
        <line num="27" count="8" type="cond" truecount="1" falsecount="1"/>
        <line num="28" count="0" type="stmt"/>
        <line num="31" count="8" type="stmt"/>
        <line num="34" count="19" type="stmt"/>
        <line num="38" count="11" type="cond" truecount="1" falsecount="0"/>
        <line num="39" count="24" type="cond" truecount="1" falsecount="1"/>
        <line num="40" count="24" type="stmt"/>
        <line num="42" count="24" type="stmt"/>
        <line num="43" count="24" type="cond" truecount="2" falsecount="0"/>
        <line num="44" count="12" type="cond" truecount="2" falsecount="0"/>
        <line num="46" count="5" type="stmt"/>
        <line num="48" count="8" type="stmt"/>
        <line num="53" count="11" type="stmt"/>
        <line num="54" count="16" type="stmt"/>
        <line num="56" count="34" type="stmt"/>
        <line num="57" count="9" type="stmt"/>
        <line num="60" count="11" type="cond" truecount="1" falsecount="0"/>
        <line num="61" count="6" type="cond" truecount="1" falsecount="1"/>
        <line num="62" count="6" type="stmt"/>
        <line num="64" count="6" type="stmt"/>
        <line num="65" count="6" type="cond" truecount="2" falsecount="0"/>
        <line num="67" count="3" type="stmt"/>
        <line num="68" count="3" type="stmt"/>
        <line num="69" count="4" type="stmt"/>
        <line num="74" count="3" type="stmt"/>
        <line num="77" count="11" type="stmt"/>
        <line num="78" count="7" type="stmt"/>
        <line num="79" count="7" type="cond" truecount="1" falsecount="1"/>
        <line num="80" count="7" type="stmt"/>
        <line num="83" count="11" type="cond" truecount="1" falsecount="0"/>
        <line num="84" count="6" type="cond" truecount="1" falsecount="1"/>
        <line num="85" count="6" type="stmt"/>
        <line num="87" count="6" type="stmt"/>
        <line num="89" count="6" type="stmt"/>
        <line num="90" count="6" type="stmt"/>
        <line num="91" count="4" type="stmt"/>
        <line num="94" count="6" type="stmt"/>
        <line num="99" count="11" type="stmt"/>
        <line num="100" count="8" type="stmt"/>
        <line num="103" count="8" type="stmt"/>
        <line num="105" count="8" type="stmt"/>
        <line num="107" count="3" type="stmt"/>
        <line num="115" count="11" type="cond" truecount="1" falsecount="0"/>
        <line num="116" count="13" type="cond" truecount="4" falsecount="0"/>
        <line num="117" count="2" type="stmt"/>
        <line num="120" count="11" type="stmt"/>
        <line num="122" count="11" type="cond" truecount="2" falsecount="0"/>
        <line num="124" count="2" type="stmt"/>
        <line num="126" count="2" type="stmt"/>
        <line num="132" count="11" type="stmt"/>
        <line num="133" count="2" type="stmt"/>
        <line num="134" count="2" type="cond" truecount="1" falsecount="1"/>
        <line num="136" count="2" type="stmt"/>
        <line num="137" count="2" type="stmt"/>
        <line num="139" count="2" type="stmt"/>
        <line num="141" count="2" type="cond" truecount="1" falsecount="1"/>
        <line num="142" count="0" type="stmt"/>
        <line num="144" count="2" type="stmt"/>
        <line num="147" count="2" type="stmt"/>
      </file>
    </package>
    <package name="src.parsers.deduction-parser">
      <metrics statements="83" coveredstatements="66" conditionals="40" coveredconditionals="23" methods="9" coveredmethods="9"/>
      <file name="ast-processor.js" path="/home/runner/work/entail-core/entail-core/src/parsers/deduction-parser/ast-processor.js">
        <metrics statements="76" coveredstatements="59" conditionals="40" coveredconditionals="23" methods="7" coveredmethods="7"/>
        <line num="12" count="3" type="stmt"/>
        <line num="13" count="6" type="stmt"/>
        <line num="15" count="6" type="stmt"/>
        <line num="17" count="6" type="stmt"/>
        <line num="18" count="6" type="stmt"/>
        <line num="20" count="6" type="stmt"/>
        <line num="22" count="6" type="stmt"/>
        <line num="23" count="39" type="stmt"/>
        <line num="27" count="6" type="stmt"/>
        <line num="30" count="6" type="stmt"/>
        <line num="31" count="39" type="stmt"/>
        <line num="33" count="39" type="stmt"/>
        <line num="35" count="39" type="stmt"/>
        <line num="37" count="39" type="stmt"/>
        <line num="38" count="39" type="stmt"/>
        <line num="39" count="39" type="stmt"/>
        <line num="41" count="39" type="stmt"/>
        <line num="48" count="39" type="cond" truecount="7" falsecount="1"/>
        <line num="50" count="10" type="cond" truecount="1" falsecount="1"/>
        <line num="51" count="0" type="stmt"/>
        <line num="53" count="10" type="stmt"/>
        <line num="54" count="10" type="stmt"/>
        <line num="57" count="8" type="cond" truecount="1" falsecount="1"/>
        <line num="58" count="0" type="stmt"/>
        <line num="60" count="8" type="stmt"/>
        <line num="61" count="8" type="stmt"/>
        <line num="64" count="2" type="cond" truecount="1" falsecount="1"/>
        <line num="65" count="0" type="stmt"/>
        <line num="67" count="2" type="stmt"/>
        <line num="68" count="2" type="stmt"/>
        <line num="71" count="7" type="cond" truecount="1" falsecount="1"/>
        <line num="72" count="0" type="stmt"/>
        <line num="74" count="7" type="stmt"/>
        <line num="75" count="7" type="stmt"/>
        <line num="76" count="7" type="stmt"/>
        <line num="79" count="2" type="cond" truecount="1" falsecount="1"/>
        <line num="80" count="0" type="stmt"/>
        <line num="82" count="2" type="stmt"/>
        <line num="83" count="2" type="stmt"/>
        <line num="84" count="2" type="stmt"/>
        <line num="87" count="6" type="cond" truecount="1" falsecount="1"/>
        <line num="88" count="0" type="stmt"/>
        <line num="90" count="6" type="stmt"/>
        <line num="91" count="6" type="stmt"/>
        <line num="92" count="6" type="stmt"/>
        <line num="95" count="4" type="cond" truecount="1" falsecount="1"/>
        <line num="96" count="0" type="stmt"/>
        <line num="98" count="4" type="stmt"/>
        <line num="99" count="4" type="stmt"/>
        <line num="100" count="4" type="stmt"/>
        <line num="102" count="0" type="cond" truecount="0" falsecount="2"/>
        <line num="103" count="0" type="stmt"/>
        <line num="105" count="0" type="stmt"/>
        <line num="106" count="0" type="stmt"/>
        <line num="110" count="39" type="stmt"/>
        <line num="112" count="39" type="stmt"/>
        <line num="113" count="39" type="cond" truecount="1" falsecount="1"/>
        <line num="114" count="0" type="stmt"/>
        <line num="119" count="39" type="cond" truecount="1" falsecount="1"/>
        <line num="120" count="0" type="stmt"/>
        <line num="123" count="39" type="stmt"/>
        <line num="126" count="6" type="stmt"/>
        <line num="136" count="3" type="stmt"/>
        <line num="137" count="39" type="cond" truecount="3" falsecount="1"/>
        <line num="138" count="0" type="stmt"/>
        <line num="149" count="3" type="stmt"/>
        <line num="150" count="39" type="stmt"/>
        <line num="152" count="39" type="cond" truecount="1" falsecount="1"/>
        <line num="153" count="0" type="stmt"/>
        <line num="160" count="39" type="stmt"/>
        <line num="162" count="39" type="stmt"/>
        <line num="163" count="35" type="cond" truecount="1" falsecount="1"/>
        <line num="164" count="0" type="stmt"/>
        <line num="171" count="35" type="stmt"/>
        <line num="176" count="35" type="cond" truecount="2" falsecount="2"/>
        <line num="177" count="0" type="stmt"/>
      </file>
      <file name="deduction-parser.js" path="/home/runner/work/entail-core/entail-core/src/parsers/deduction-parser/deduction-parser.js">
        <metrics statements="7" coveredstatements="7" conditionals="0" coveredconditionals="0" methods="2" coveredmethods="2"/>
        <line num="4" count="3" type="stmt"/>
        <line num="5" count="6" type="stmt"/>
        <line num="7" count="6" type="stmt"/>
        <line num="8" count="6" type="stmt"/>
        <line num="9" count="6" type="stmt"/>
        <line num="20" count="6" type="stmt"/>
        <line num="22" count="6" type="stmt"/>
      </file>
      <file name="index.js" path="/home/runner/work/entail-core/entail-core/src/parsers/deduction-parser/index.js">
        <metrics statements="0" coveredstatements="0" conditionals="0" coveredconditionals="0" methods="0" coveredmethods="0"/>
      </file>
    </package>
    <package name="src.parsers.formula-parser">
      <metrics statements="57" coveredstatements="51" conditionals="29" coveredconditionals="24" methods="15" coveredmethods="14"/>
      <file name="ast-processor.js" path="/home/runner/work/entail-core/entail-core/src/parsers/formula-parser/ast-processor.js">
        <metrics statements="50" coveredstatements="44" conditionals="29" coveredconditionals="24" methods="13" coveredmethods="12"/>
        <line num="15" count="17" type="stmt"/>
        <line num="28" count="152" type="cond" truecount="1" falsecount="0"/>
        <line num="29" count="1038" type="cond" truecount="2" falsecount="0"/>
        <line num="31" count="1036" type="stmt"/>
        <line num="32" count="1036" type="stmt"/>
        <line num="34" count="1036" type="cond" truecount="2" falsecount="0"/>
        <line num="37" count="1036" type="stmt"/>
        <line num="39" count="1036" type="cond" truecount="1" falsecount="1"/>
        <line num="40" count="0" type="stmt"/>
        <line num="47" count="1036" type="cond" truecount="1" falsecount="1"/>
        <line num="48" count="0" type="stmt"/>
        <line num="54" count="1036" type="cond" truecount="2" falsecount="0"/>
        <line num="55" count="2" type="stmt"/>
        <line num="63" count="1034" type="cond" truecount="2" falsecount="0"/>
        <line num="64" count="167" type="stmt"/>
        <line num="66" count="167" type="cond" truecount="2" falsecount="0"/>
        <line num="67" count="82" type="cond" truecount="2" falsecount="0"/>
        <line num="68" count="1" type="stmt"/>
        <line num="75" count="81" type="cond" truecount="1" falsecount="1"/>
        <line num="76" count="0" type="stmt"/>
        <line num="83" count="85" type="stmt"/>
        <line num="87" count="1033" type="stmt"/>
        <line num="90" count="741" type="stmt"/>
        <line num="95" count="152" type="stmt"/>
        <line num="96" count="356" type="stmt"/>
        <line num="97" count="356" type="stmt"/>
        <line num="98" count="356" type="stmt"/>
        <line num="99" count="356" type="stmt"/>
        <line num="104" count="152" type="stmt"/>
        <line num="105" count="353" type="stmt"/>
        <line num="106" count="353" type="stmt"/>
        <line num="107" count="353" type="stmt"/>
        <line num="108" count="353" type="stmt"/>
        <line num="110" count="353" type="stmt"/>
        <line num="112" count="353" type="stmt"/>
        <line num="115" count="152" type="stmt"/>
        <line num="120" count="123" type="stmt"/>
        <line num="121" count="7" type="stmt"/>
        <line num="122" count="2" type="stmt"/>
        <line num="123" count="0" type="stmt"/>
        <line num="124" count="8" type="stmt"/>
        <line num="128" count="17" type="stmt"/>
        <line num="129" count="353" type="cond" truecount="2" falsecount="0"/>
        <line num="131" count="208" type="cond" truecount="2" falsecount="0"/>
        <line num="132" count="123" type="cond" truecount="1" falsecount="1"/>
        <line num="133" count="0" type="stmt"/>
        <line num="136" count="145" type="cond" truecount="1" falsecount="1"/>
        <line num="137" count="0" type="stmt"/>
        <line num="142" count="208" type="stmt"/>
        <line num="143" count="268" type="stmt"/>
      </file>
      <file name="formula-parser.js" path="/home/runner/work/entail-core/entail-core/src/parsers/formula-parser/formula-parser.js">
        <metrics statements="7" coveredstatements="7" conditionals="0" coveredconditionals="0" methods="2" coveredmethods="2"/>
        <line num="4" count="15" type="stmt"/>
        <line num="5" count="146" type="stmt"/>
        <line num="7" count="146" type="stmt"/>
        <line num="8" count="256" type="stmt"/>
        <line num="9" count="256" type="stmt"/>
        <line num="20" count="146" type="stmt"/>
        <line num="22" count="146" type="stmt"/>
      </file>
      <file name="index.js" path="/home/runner/work/entail-core/entail-core/src/parsers/formula-parser/index.js">
        <metrics statements="0" coveredstatements="0" conditionals="0" coveredconditionals="0" methods="0" coveredmethods="0"/>
      </file>
    </package>
    <package name="src.parsers.peg">
      <metrics statements="3" coveredstatements="3" conditionals="0" coveredconditionals="0" methods="3" coveredmethods="3"/>
      <file name="ast-formula.js" path="/home/runner/work/entail-core/entail-core/src/parsers/peg/ast-formula.js">
        <metrics statements="1" coveredstatements="1" conditionals="0" coveredconditionals="0" methods="1" coveredmethods="1"/>
        <line num="1" count="1038" type="stmt"/>
      </file>
      <file name="index.js" path="/home/runner/work/entail-core/entail-core/src/parsers/peg/index.js">
        <metrics statements="2" coveredstatements="2" conditionals="0" coveredconditionals="0" methods="2" coveredmethods="2"/>
        <line num="3" count="259" type="stmt"/>
        <line num="4" count="19" type="stmt"/>
      </file>
    </package>
    <package name="src.presentation.sym-presentation">
      <metrics statements="20" coveredstatements="15" conditionals="9" coveredconditionals="1" methods="11" coveredmethods="8"/>
      <file name="index.js" path="/home/runner/work/entail-core/entail-core/src/presentation/sym-presentation/index.js">
        <metrics statements="0" coveredstatements="0" conditionals="0" coveredconditionals="0" methods="0" coveredmethods="0"/>
      </file>
      <file name="presentations.js" path="/home/runner/work/entail-core/entail-core/src/presentation/sym-presentation/presentations.js">
        <metrics statements="6" coveredstatements="6" conditionals="2" coveredconditionals="1" methods="4" coveredmethods="4"/>
        <line num="9" count="19" type="stmt"/>
        <line num="10" count="152" type="stmt"/>
        <line num="13" count="1074" type="stmt"/>
        <line num="17" count="19" type="stmt"/>
        <line num="18" count="152" type="stmt"/>
        <line num="19" count="1074" type="cond" truecount="1" falsecount="1"/>
      </file>
      <file name="primitive-presentations.js" path="/home/runner/work/entail-core/entail-core/src/presentation/sym-presentation/primitive-presentations.js">
        <metrics statements="1" coveredstatements="1" conditionals="0" coveredconditionals="0" methods="0" coveredmethods="0"/>
        <line num="13" count="19" type="stmt"/>
      </file>
      <file name="sym-presentation.js" path="/home/runner/work/entail-core/entail-core/src/presentation/sym-presentation/sym-presentation.js">
        <metrics statements="13" coveredstatements="8" conditionals="7" coveredconditionals="0" methods="7" coveredmethods="4"/>
        <line num="5" count="489" type="stmt"/>
        <line num="7" count="19" type="stmt"/>
        <line num="8" count="0" type="cond" truecount="0" falsecount="2"/>
        <line num="10" count="19" type="stmt"/>
        <line num="11" count="0" type="cond" truecount="0" falsecount="1"/>
        <line num="13" count="622" type="cond" truecount="0" falsecount="1"/>
        <line num="15" count="117" type="stmt"/>
        <line num="17" count="152" type="stmt"/>
        <line num="19" count="19" type="cond" truecount="0" falsecount="1"/>
        <line num="20" count="0" type="cond" truecount="0" falsecount="2"/>
        <line num="22" count="0" type="stmt"/>
        <line num="24" count="0" type="stmt"/>
        <line num="29" count="19" type="stmt"/>
      </file>
    </package>
    <package name="src.propositional-logic">
      <metrics statements="74" coveredstatements="72" conditionals="39" coveredconditionals="34" methods="30" coveredmethods="26"/>
      <file name="primitive-truth-functions.js" path="/home/runner/work/entail-core/entail-core/src/propositional-logic/primitive-truth-functions.js">
        <metrics statements="10" coveredstatements="9" conditionals="6" coveredconditionals="6" methods="8" coveredmethods="7"/>
        <line num="4" count="12" type="stmt"/>
        <line num="5" count="31" type="stmt"/>
        <line num="6" count="80" type="cond" truecount="2" falsecount="0"/>
        <line num="7" count="8" type="cond" truecount="2" falsecount="0"/>
        <line num="8" count="294" type="cond" truecount="2" falsecount="0"/>
        <line num="9" count="0" type="stmt"/>
        <line num="12" count="12" type="stmt"/>
        <line num="13" count="110" type="stmt"/>
        <line num="17" count="410" type="stmt"/>
        <line num="20" count="790" type="stmt"/>
      </file>
      <file name="propositional-logic-util.js" path="/home/runner/work/entail-core/entail-core/src/propositional-logic/propositional-logic-util.js">
        <metrics statements="34" coveredstatements="33" conditionals="20" coveredconditionals="17" methods="11" coveredmethods="11"/>
        <line num="5" count="12" type="cond" truecount="0" falsecount="1"/>
        <line num="6" count="14" type="stmt"/>
        <line num="8" count="14" type="cond" truecount="2" falsecount="0"/>
        <line num="10" count="12" type="cond" truecount="2" falsecount="0"/>
        <line num="11" count="8" type="stmt"/>
        <line num="12" count="8" type="cond" truecount="2" falsecount="0"/>
        <line num="13" count="7" type="stmt"/>
        <line num="16" count="6" type="stmt"/>
        <line num="17" count="3" type="stmt"/>
        <line num="19" count="3" type="stmt"/>
        <line num="23" count="12" type="stmt"/>
        <line num="24" count="33" type="stmt"/>
        <line num="27" count="12" type="stmt"/>
        <line num="32" count="354" type="stmt"/>
        <line num="34" count="354" type="cond" truecount="3" falsecount="1"/>
        <line num="35" count="0" type="stmt"/>
        <line num="38" count="354" type="cond" truecount="2" falsecount="0"/>
        <line num="39" count="244" type="stmt"/>
        <line num="40" count="244" type="cond" truecount="2" falsecount="0"/>
        <line num="41" count="129" type="cond" truecount="2" falsecount="0"/>
        <line num="43" count="115" type="stmt"/>
        <line num="46" count="110" type="stmt"/>
        <line num="48" count="110" type="stmt"/>
        <line num="49" count="410" type="stmt"/>
        <line num="50" count="178" type="stmt"/>
        <line num="51" count="341" type="stmt"/>
        <line num="58" count="178" type="stmt"/>
        <line num="62" count="12" type="stmt"/>
        <line num="63" count="341" type="stmt"/>
        <line num="65" count="321" type="stmt"/>
        <line num="71" count="12" type="stmt"/>
        <line num="72" count="113" type="stmt"/>
        <line num="73" count="113" type="cond" truecount="1" falsecount="1"/>
        <line num="74" count="113" type="stmt"/>
      </file>
      <file name="propositional-logic.js" path="/home/runner/work/entail-core/entail-core/src/propositional-logic/propositional-logic.js">
        <metrics statements="14" coveredstatements="14" conditionals="6" coveredconditionals="4" methods="8" coveredmethods="5"/>
        <line num="7" count="11" type="stmt"/>
        <line num="9" count="27" type="stmt"/>
        <line num="11" count="11" type="cond" truecount="0" falsecount="2"/>
        <line num="13" count="27" type="stmt"/>
        <line num="15" count="11" type="stmt"/>
        <line num="17" count="11" type="stmt"/>
        <line num="18" count="16" type="cond" truecount="2" falsecount="0"/>
        <line num="19" count="14" type="cond" truecount="2" falsecount="0"/>
        <line num="20" count="3" type="stmt"/>
        <line num="27" count="11" type="stmt"/>
        <line num="30" count="27" type="stmt"/>
        <line num="32" count="11" type="stmt"/>
        <line num="33" count="27" type="stmt"/>
        <line num="34" count="27" type="stmt"/>
      </file>
      <file name="reduce-to-truth-functional.js" path="/home/runner/work/entail-core/entail-core/src/propositional-logic/reduce-to-truth-functional.js">
        <metrics statements="16" coveredstatements="16" conditionals="7" coveredconditionals="7" methods="3" coveredmethods="3"/>
        <line num="6" count="11" type="stmt"/>
        <line num="7" count="27" type="stmt"/>
        <line num="9" count="11" type="cond" truecount="1" falsecount="0"/>
        <line num="10" count="165" type="stmt"/>
        <line num="12" count="165" type="cond" truecount="4" falsecount="0"/>
        <line num="13" count="125" type="stmt"/>
        <line num="18" count="138" type="stmt"/>
        <line num="20" count="138" type="stmt"/>
        <line num="23" count="125" type="stmt"/>
        <line num="26" count="40" type="stmt"/>
        <line num="28" count="40" type="stmt"/>
        <line num="30" count="40" type="stmt"/>
        <line num="31" count="40" type="cond" truecount="2" falsecount="0"/>
        <line num="32" count="23" type="stmt"/>
        <line num="33" count="23" type="stmt"/>
        <line num="39" count="40" type="stmt"/>
      </file>
    </package>
  </project>
</coverage>
