{"/home/runner/work/entail-core/entail-core/src/error.js": {"path":"/home/runner/work/entail-core/entail-core/src/error.js","statementMap":{"0":{"start":{"line":2,"column":16},"end":{"line":2,"column":34}},"1":{"start":{"line":3,"column":2},"end":{"line":3,"column":19}},"2":{"start":{"line":4,"column":2},"end":{"line":4,"column":39}},"3":{"start":{"line":5,"column":2},"end":{"line":5,"column":21}},"4":{"start":{"line":6,"column":2},"end":{"line":6,"column":14}},"5":{"start":{"line":9,"column":25},"end":{"line":37,"column":1}}},"fnMap":{"0":{"name":"createError","decl":{"start":{"line":1,"column":16},"end":{"line":1,"column":27}},"loc":{"start":{"line":1,"column":55},"end":{"line":7,"column":1}},"line":1}},"branchMap":{"0":{"loc":{"start":{"line":1,"column":34},"end":{"line":1,"column":46}},"type":"default-arg","locations":[{"start":{"line":1,"column":44},"end":{"line":1,"column":46}}],"line":1}},"s":{"0":22,"1":22,"2":22,"3":22,"4":22,"5":27},"f":{"0":22},"b":{"0":[22]},"_coverageSchema":"1a1c01bbd47fc00a2c39e90264f33305004495a9","hash":"c640fb70eca6caf0ea47026ea953a2a4c0991b59"}
,"/home/runner/work/entail-core/entail-core/src/formula-construction-util.js": {"path":"/home/runner/work/entail-core/entail-core/src/formula-construction-util.js","statementMap":{"0":{"start":{"line":5,"column":33},"end":{"line":6,"column":83}},"1":{"start":{"line":6,"column":2},"end":{"line":6,"column":83}},"2":{"start":{"line":8,"column":61},"end":{"line":12,"column":4}},"3":{"start":{"line":9,"column":2},"end":{"line":12,"column":4}}},"fnMap":{"0":{"name":"(anonymous_0)","decl":{"start":{"line":5,"column":33},"end":{"line":5,"column":34}},"loc":{"start":{"line":6,"column":2},"end":{"line":6,"column":83}},"line":6},"1":{"name":"(anonymous_1)","decl":{"start":{"line":8,"column":61},"end":{"line":8,"column":62}},"loc":{"start":{"line":9,"column":2},"end":{"line":12,"column":4}},"line":9}},"branchMap":{"0":{"loc":{"start":{"line":6,"column":2},"end":{"line":6,"column":83}},"type":"cond-expr","locations":[{"start":{"line":6,"column":26},"end":{"line":6,"column":37}},{"start":{"line":6,"column":40},"end":{"line":6,"column":83}}],"line":6}},"s":{"0":19,"1":15,"2":19,"3":12},"f":{"0":15,"1":12},"b":{"0":[1,14]},"_coverageSchema":"1a1c01bbd47fc00a2c39e90264f33305004495a9","hash":"4533ca2d923ec1b5cf60fc48ef0625a9f51b15d6"}
,"/home/runner/work/entail-core/entail-core/src/primitive-syms.js": {"path":"/home/runner/work/entail-core/entail-core/src/primitive-syms.js","statementMap":{"0":{"start":{"line":3,"column":24},"end":{"line":3,"column":51}},"1":{"start":{"line":4,"column":27},"end":{"line":4,"column":54}},"2":{"start":{"line":5,"column":27},"end":{"line":5,"column":54}},"3":{"start":{"line":6,"column":27},"end":{"line":6,"column":54}},"4":{"start":{"line":7,"column":27},"end":{"line":7,"column":54}},"5":{"start":{"line":8,"column":35},"end":{"line":8,"column":75}},"6":{"start":{"line":9,"column":37},"end":{"line":9,"column":77}},"7":{"start":{"line":11,"column":29},"end":{"line":19,"column":1}}},"fnMap":{},"branchMap":{},"s":{"0":26,"1":26,"2":26,"3":26,"4":26,"5":26,"6":26,"7":26},"f":{},"b":{},"_coverageSchema":"1a1c01bbd47fc00a2c39e90264f33305004495a9","hash":"ae9c64e1d2cbe0cac84114d7c4d3f054a1c10fee"}
,"/home/runner/work/entail-core/entail-core/src/utils.js": {"path":"/home/runner/work/entail-core/entail-core/src/utils.js","statementMap":{"0":{"start":{"line":2,"column":30},"end":{"line":15,"column":1}},"1":{"start":{"line":3,"column":18},"end":{"line":3,"column":27}},"2":{"start":{"line":4,"column":19},"end":{"line":4,"column":28}},"3":{"start":{"line":6,"column":2},"end":{"line":12,"column":3}},"4":{"start":{"line":7,"column":4},"end":{"line":11,"column":5}},"5":{"start":{"line":8,"column":6},"end":{"line":8,"column":39}},"6":{"start":{"line":10,"column":6},"end":{"line":10,"column":37}},"7":{"start":{"line":14,"column":2},"end":{"line":14,"column":19}}},"fnMap":{"0":{"name":"(anonymous_0)","decl":{"start":{"line":2,"column":30},"end":{"line":2,"column":31}},"loc":{"start":{"line":2,"column":39},"end":{"line":15,"column":1}},"line":2}},"branchMap":{"0":{"loc":{"start":{"line":7,"column":4},"end":{"line":11,"column":5}},"type":"if","locations":[{"start":{"line":7,"column":4},"end":{"line":11,"column":5}},{"start":{"line":7,"column":4},"end":{"line":11,"column":5}}],"line":7}},"s":{"0":3,"1":0,"2":0,"3":0,"4":0,"5":0,"6":0,"7":0},"f":{"0":0},"b":{"0":[0,0]},"_coverageSchema":"1a1c01bbd47fc00a2c39e90264f33305004495a9","hash":"f159e28b768838c5bf530ab3b2597c3f4db21c5c"}
,"/home/runner/work/entail-core/entail-core/src/abstract-structures/expression-pointer.js": {"path":"/home/runner/work/entail-core/entail-core/src/abstract-structures/expression-pointer.js","statementMap":{"0":{"start":{"line":7,"column":33},"end":{"line":7,"column":94}},"1":{"start":{"line":7,"column":69},"end":{"line":7,"column":93}},"2":{"start":{"line":9,"column":0},"end":{"line":9,"column":67}},"3":{"start":{"line":9,"column":38},"end":{"line":9,"column":67}},"4":{"start":{"line":11,"column":0},"end":{"line":12,"column":67}},"5":{"start":{"line":12,"column":2},"end":{"line":12,"column":67}},"6":{"start":{"line":15,"column":0},"end":{"line":18,"column":1}},"7":{"start":{"line":16,"column":2},"end":{"line":16,"column":93}},"8":{"start":{"line":16,"column":41},"end":{"line":16,"column":93}},"9":{"start":{"line":17,"column":2},"end":{"line":17,"column":64}},"10":{"start":{"line":23,"column":0},"end":{"line":34,"column":1}},"11":{"start":{"line":24,"column":2},"end":{"line":24,"column":57}},"12":{"start":{"line":24,"column":41},"end":{"line":24,"column":57}},"13":{"start":{"line":26,"column":2},"end":{"line":26,"column":55}},"14":{"start":{"line":28,"column":24},"end":{"line":28,"column":60}},"15":{"start":{"line":29,"column":23},"end":{"line":29,"column":65}},"16":{"start":{"line":31,"column":2},"end":{"line":33,"column":65}},"17":{"start":{"line":37,"column":0},"end":{"line":43,"column":1}},"18":{"start":{"line":38,"column":17},"end":{"line":38,"column":53}},"19":{"start":{"line":40,"column":2},"end":{"line":42,"column":55}},"20":{"start":{"line":42,"column":21},"end":{"line":42,"column":54}},"21":{"start":{"line":46,"column":0},"end":{"line":52,"column":1}},"22":{"start":{"line":47,"column":17},"end":{"line":47,"column":53}},"23":{"start":{"line":49,"column":2},"end":{"line":51,"column":55}},"24":{"start":{"line":51,"column":21},"end":{"line":51,"column":54}},"25":{"start":{"line":55,"column":0},"end":{"line":59,"column":1}},"26":{"start":{"line":56,"column":17},"end":{"line":56,"column":53}},"27":{"start":{"line":58,"column":2},"end":{"line":58,"column":80}},"28":{"start":{"line":65,"column":0},"end":{"line":79,"column":1}},"29":{"start":{"line":66,"column":2},"end":{"line":66,"column":50}},"30":{"start":{"line":66,"column":41},"end":{"line":66,"column":50}},"31":{"start":{"line":67,"column":17},"end":{"line":67,"column":53}},"32":{"start":{"line":68,"column":19},"end":{"line":68,"column":63}},"33":{"start":{"line":70,"column":17},"end":{"line":70,"column":19}},"34":{"start":{"line":72,"column":2},"end":{"line":74,"column":3}},"35":{"start":{"line":73,"column":4},"end":{"line":73,"column":34}},"36":{"start":{"line":76,"column":2},"end":{"line":76,"column":63}},"37":{"start":{"line":78,"column":2},"end":{"line":78,"column":15}}},"fnMap":{"0":{"name":"(anonymous_0)","decl":{"start":{"line":7,"column":33},"end":{"line":7,"column":34}},"loc":{"start":{"line":7,"column":69},"end":{"line":7,"column":93}},"line":7},"1":{"name":"(anonymous_1)","decl":{"start":{"line":9,"column":27},"end":{"line":9,"column":28}},"loc":{"start":{"line":9,"column":38},"end":{"line":9,"column":67}},"line":9},"2":{"name":"(anonymous_2)","decl":{"start":{"line":11,"column":30},"end":{"line":11,"column":31}},"loc":{"start":{"line":12,"column":2},"end":{"line":12,"column":67}},"line":12},"3":{"name":"(anonymous_3)","decl":{"start":{"line":15,"column":30},"end":{"line":15,"column":31}},"loc":{"start":{"line":15,"column":41},"end":{"line":18,"column":1}},"line":15},"4":{"name":"(anonymous_4)","decl":{"start":{"line":23,"column":42},"end":{"line":23,"column":43}},"loc":{"start":{"line":23,"column":60},"end":{"line":34,"column":1}},"line":23},"5":{"name":"(anonymous_5)","decl":{"start":{"line":37,"column":40},"end":{"line":37,"column":41}},"loc":{"start":{"line":37,"column":58},"end":{"line":43,"column":1}},"line":37},"6":{"name":"(anonymous_6)","decl":{"start":{"line":42,"column":9},"end":{"line":42,"column":10}},"loc":{"start":{"line":42,"column":21},"end":{"line":42,"column":54}},"line":42},"7":{"name":"(anonymous_7)","decl":{"start":{"line":46,"column":41},"end":{"line":46,"column":42}},"loc":{"start":{"line":46,"column":52},"end":{"line":52,"column":1}},"line":46},"8":{"name":"(anonymous_8)","decl":{"start":{"line":51,"column":9},"end":{"line":51,"column":10}},"loc":{"start":{"line":51,"column":21},"end":{"line":51,"column":54}},"line":51},"9":{"name":"(anonymous_9)","decl":{"start":{"line":55,"column":44},"end":{"line":55,"column":45}},"loc":{"start":{"line":55,"column":55},"end":{"line":59,"column":1}},"line":55},"10":{"name":"(anonymous_10)","decl":{"start":{"line":65,"column":33},"end":{"line":65,"column":34}},"loc":{"start":{"line":65,"column":44},"end":{"line":79,"column":1}},"line":65}},"branchMap":{"0":{"loc":{"start":{"line":7,"column":48},"end":{"line":7,"column":61}},"type":"default-arg","locations":[{"start":{"line":7,"column":59},"end":{"line":7,"column":61}}],"line":7},"1":{"loc":{"start":{"line":16,"column":2},"end":{"line":16,"column":93}},"type":"if","locations":[{"start":{"line":16,"column":2},"end":{"line":16,"column":93}},{"start":{"line":16,"column":2},"end":{"line":16,"column":93}}],"line":16},"2":{"loc":{"start":{"line":24,"column":2},"end":{"line":24,"column":57}},"type":"if","locations":[{"start":{"line":24,"column":2},"end":{"line":24,"column":57}},{"start":{"line":24,"column":2},"end":{"line":24,"column":57}}],"line":24},"3":{"loc":{"start":{"line":26,"column":8},"end":{"line":26,"column":55}},"type":"binary-expr","locations":[{"start":{"line":26,"column":8},"end":{"line":26,"column":11}},{"start":{"line":26,"column":15},"end":{"line":26,"column":55}}],"line":26},"4":{"loc":{"start":{"line":31,"column":9},"end":{"line":33,"column":65}},"type":"cond-expr","locations":[{"start":{"line":32,"column":6},"end":{"line":32,"column":28}},{"start":{"line":33,"column":6},"end":{"line":33,"column":65}}],"line":31},"5":{"loc":{"start":{"line":66,"column":2},"end":{"line":66,"column":50}},"type":"if","locations":[{"start":{"line":66,"column":2},"end":{"line":66,"column":50}},{"start":{"line":66,"column":2},"end":{"line":66,"column":50}}],"line":66},"6":{"loc":{"start":{"line":72,"column":2},"end":{"line":74,"column":3}},"type":"if","locations":[{"start":{"line":72,"column":2},"end":{"line":74,"column":3}},{"start":{"line":72,"column":2},"end":{"line":74,"column":3}}],"line":72}},"s":{"0":26,"1":24,"2":26,"3":63,"4":26,"5":26,"6":26,"7":25,"8":1,"9":24,"10":26,"11":11,"12":4,"13":7,"14":7,"15":7,"16":7,"17":26,"18":1,"19":1,"20":1,"21":26,"22":2,"23":2,"24":1,"25":26,"26":0,"27":0,"28":26,"29":27,"30":11,"31":16,"32":16,"33":16,"34":16,"35":9,"36":16,"37":16},"f":{"0":24,"1":63,"2":26,"3":25,"4":11,"5":1,"6":1,"7":2,"8":1,"9":0,"10":27},"b":{"0":[2],"1":[1,24],"2":[4,7],"3":[7,0],"4":[3,4],"5":[11,16],"6":[9,7]},"_coverageSchema":"1a1c01bbd47fc00a2c39e90264f33305004495a9","hash":"66b690e2e641d175578c13ff019ff8c83fb0d6f3"}
,"/home/runner/work/entail-core/entail-core/src/abstract-structures/expression-util.js": {"path":"/home/runner/work/entail-core/entail-core/src/abstract-structures/expression-util.js","statementMap":{"0":{"start":{"line":6,"column":36},"end":{"line":13,"column":1}},"1":{"start":{"line":7,"column":2},"end":{"line":7,"column":81}},"2":{"start":{"line":7,"column":30},"end":{"line":7,"column":81}},"3":{"start":{"line":8,"column":35},"end":{"line":8,"column":46}},"4":{"start":{"line":10,"column":18},"end":{"line":10,"column":83}},"5":{"start":{"line":10,"column":37},"end":{"line":10,"column":83}},"6":{"start":{"line":12,"column":2},"end":{"line":12,"column":53}}},"fnMap":{"0":{"name":"(anonymous_0)","decl":{"start":{"line":6,"column":36},"end":{"line":6,"column":37}},"loc":{"start":{"line":6,"column":58},"end":{"line":13,"column":1}},"line":6},"1":{"name":"(anonymous_1)","decl":{"start":{"line":10,"column":18},"end":{"line":10,"column":19}},"loc":{"start":{"line":10,"column":37},"end":{"line":10,"column":83}},"line":10}},"branchMap":{"0":{"loc":{"start":{"line":7,"column":2},"end":{"line":7,"column":81}},"type":"if","locations":[{"start":{"line":7,"column":2},"end":{"line":7,"column":81}},{"start":{"line":7,"column":2},"end":{"line":7,"column":81}}],"line":7}},"s":{"0":26,"1":18,"2":2,"3":16,"4":16,"5":25,"6":16},"f":{"0":18,"1":25},"b":{"0":[2,16]},"_coverageSchema":"1a1c01bbd47fc00a2c39e90264f33305004495a9","hash":"15a694a5b8097e999867c426450698a19b16f4d4"}
,"/home/runner/work/entail-core/entail-core/src/abstract-structures/expression.js": {"path":"/home/runner/work/entail-core/entail-core/src/abstract-structures/expression.js","statementMap":{"0":{"start":{"line":6,"column":26},"end":{"line":16,"column":35}},"1":{"start":{"line":16,"column":7},"end":{"line":16,"column":34}},"2":{"start":{"line":19,"column":0},"end":{"line":25,"column":1}},"3":{"start":{"line":20,"column":16},"end":{"line":20,"column":38}},"4":{"start":{"line":21,"column":2},"end":{"line":23,"column":3}},"5":{"start":{"line":22,"column":4},"end":{"line":22,"column":80}},"6":{"start":{"line":24,"column":2},"end":{"line":24,"column":14}},"7":{"start":{"line":28,"column":0},"end":{"line":35,"column":1}},"8":{"start":{"line":29,"column":2},"end":{"line":29,"column":46}},"9":{"start":{"line":29,"column":29},"end":{"line":29,"column":46}},"10":{"start":{"line":31,"column":39},"end":{"line":31,"column":47}},"11":{"start":{"line":32,"column":16},"end":{"line":32,"column":59}},"12":{"start":{"line":34,"column":2},"end":{"line":34,"column":56}},"13":{"start":{"line":38,"column":0},"end":{"line":54,"column":1}},"14":{"start":{"line":39,"column":2},"end":{"line":39,"column":52}},"15":{"start":{"line":39,"column":29},"end":{"line":39,"column":52}},"16":{"start":{"line":41,"column":39},"end":{"line":41,"column":47}},"17":{"start":{"line":43,"column":22},"end":{"line":43,"column":41}},"18":{"start":{"line":44,"column":19},"end":{"line":44,"column":42}},"19":{"start":{"line":45,"column":19},"end":{"line":45,"column":91}},"20":{"start":{"line":47,"column":22},"end":{"line":51,"column":3}},"21":{"start":{"line":53,"column":2},"end":{"line":53,"column":49}},"22":{"start":{"line":58,"column":0},"end":{"line":62,"column":1}},"23":{"start":{"line":59,"column":27},"end":{"line":59,"column":76}},"24":{"start":{"line":60,"column":27},"end":{"line":60,"column":51}},"25":{"start":{"line":61,"column":2},"end":{"line":61,"column":80}},"26":{"start":{"line":65,"column":0},"end":{"line":75,"column":1}},"27":{"start":{"line":66,"column":17},"end":{"line":66,"column":29}},"28":{"start":{"line":68,"column":2},"end":{"line":72,"column":3}},"29":{"start":{"line":69,"column":41},"end":{"line":69,"column":49}},"30":{"start":{"line":70,"column":18},"end":{"line":70,"column":61}},"31":{"start":{"line":71,"column":4},"end":{"line":71,"column":74}},"32":{"start":{"line":74,"column":2},"end":{"line":74,"column":15}},"33":{"start":{"line":78,"column":0},"end":{"line":99,"column":4}},"34":{"start":{"line":87,"column":2},"end":{"line":99,"column":4}},"35":{"start":{"line":88,"column":40},"end":{"line":88,"column":53}},"36":{"start":{"line":90,"column":24},"end":{"line":90,"column":78}},"37":{"start":{"line":91,"column":24},"end":{"line":91,"column":72}},"38":{"start":{"line":93,"column":4},"end":{"line":98,"column":5}},"39":{"start":{"line":102,"column":0},"end":{"line":116,"column":1}},"40":{"start":{"line":103,"column":17},"end":{"line":103,"column":19}},"41":{"start":{"line":105,"column":2},"end":{"line":105,"column":51}},"42":{"start":{"line":105,"column":36},"end":{"line":105,"column":51}},"43":{"start":{"line":107,"column":2},"end":{"line":113,"column":3}},"44":{"start":{"line":108,"column":4},"end":{"line":112,"column":6}},"45":{"start":{"line":109,"column":6},"end":{"line":111,"column":63}},"46":{"start":{"line":111,"column":31},"end":{"line":111,"column":60}},"47":{"start":{"line":115,"column":2},"end":{"line":115,"column":15}},"48":{"start":{"line":120,"column":0},"end":{"line":133,"column":1}},"49":{"start":{"line":121,"column":19},"end":{"line":121,"column":38}},"50":{"start":{"line":122,"column":2},"end":{"line":124,"column":3}},"51":{"start":{"line":123,"column":4},"end":{"line":123,"column":72}},"52":{"start":{"line":126,"column":2},"end":{"line":132,"column":3}},"53":{"start":{"line":129,"column":6},"end":{"line":131,"column":48}},"54":{"start":{"line":131,"column":28},"end":{"line":131,"column":47}},"55":{"start":{"line":136,"column":0},"end":{"line":156,"column":5}},"56":{"start":{"line":145,"column":2},"end":{"line":156,"column":5}},"57":{"start":{"line":148,"column":44},"end":{"line":154,"column":7}},"58":{"start":{"line":152,"column":54},"end":{"line":152,"column":75}},"59":{"start":{"line":153,"column":51},"end":{"line":153,"column":69}},"60":{"start":{"line":160,"column":0},"end":{"line":166,"column":1}},"61":{"start":{"line":161,"column":49},"end":{"line":163,"column":90}},"62":{"start":{"line":163,"column":31},"end":{"line":163,"column":77}},"63":{"start":{"line":165,"column":2},"end":{"line":165,"column":72}},"64":{"start":{"line":170,"column":0},"end":{"line":175,"column":3}},"65":{"start":{"line":171,"column":2},"end":{"line":175,"column":3}},"66":{"start":{"line":174,"column":21},"end":{"line":174,"column":78}},"67":{"start":{"line":179,"column":0},"end":{"line":192,"column":1}},"68":{"start":{"line":180,"column":17},"end":{"line":180,"column":19}},"69":{"start":{"line":181,"column":2},"end":{"line":181,"column":44}},"70":{"start":{"line":183,"column":2},"end":{"line":185,"column":3}},"71":{"start":{"line":184,"column":4},"end":{"line":184,"column":56}},"72":{"start":{"line":187,"column":2},"end":{"line":189,"column":4}},"73":{"start":{"line":188,"column":4},"end":{"line":188,"column":52}},"74":{"start":{"line":191,"column":2},"end":{"line":191,"column":15}},"75":{"start":{"line":197,"column":0},"end":{"line":213,"column":1}},"76":{"start":{"line":198,"column":17},"end":{"line":198,"column":19}},"77":{"start":{"line":200,"column":2},"end":{"line":202,"column":3}},"78":{"start":{"line":201,"column":4},"end":{"line":201,"column":46}},"79":{"start":{"line":204,"column":2},"end":{"line":206,"column":3}},"80":{"start":{"line":205,"column":4},"end":{"line":205,"column":79}},"81":{"start":{"line":208,"column":2},"end":{"line":210,"column":4}},"82":{"start":{"line":209,"column":4},"end":{"line":209,"column":67}},"83":{"start":{"line":212,"column":2},"end":{"line":212,"column":15}},"84":{"start":{"line":216,"column":0},"end":{"line":220,"column":3}},"85":{"start":{"line":217,"column":2},"end":{"line":220,"column":3}},"86":{"start":{"line":219,"column":11},"end":{"line":219,"column":33}},"87":{"start":{"line":226,"column":0},"end":{"line":244,"column":1}},"88":{"start":{"line":227,"column":15},"end":{"line":227,"column":17}},"89":{"start":{"line":229,"column":2},"end":{"line":229,"column":54}},"90":{"start":{"line":229,"column":36},"end":{"line":229,"column":54}},"91":{"start":{"line":231,"column":2},"end":{"line":234,"column":3}},"92":{"start":{"line":232,"column":4},"end":{"line":232,"column":56}},"93":{"start":{"line":232,"column":43},"end":{"line":232,"column":56}},"94":{"start":{"line":233,"column":4},"end":{"line":233,"column":59}},"95":{"start":{"line":236,"column":2},"end":{"line":241,"column":4}},"96":{"start":{"line":238,"column":6},"end":{"line":238,"column":75}},"97":{"start":{"line":240,"column":4},"end":{"line":240,"column":58}},"98":{"start":{"line":243,"column":2},"end":{"line":243,"column":15}},"99":{"start":{"line":246,"column":24},"end":{"line":258,"column":1}},"100":{"start":{"line":247,"column":2},"end":{"line":250,"column":3}},"101":{"start":{"line":248,"column":4},"end":{"line":248,"column":71}},"102":{"start":{"line":248,"column":32},"end":{"line":248,"column":71}},"103":{"start":{"line":249,"column":4},"end":{"line":249,"column":49}},"104":{"start":{"line":252,"column":2},"end":{"line":257,"column":3}},"105":{"start":{"line":253,"column":4},"end":{"line":253,"column":45}},"106":{"start":{"line":255,"column":4},"end":{"line":255,"column":71}},"107":{"start":{"line":255,"column":32},"end":{"line":255,"column":71}},"108":{"start":{"line":256,"column":4},"end":{"line":256,"column":86}}},"fnMap":{"0":{"name":"(anonymous_0)","decl":{"start":{"line":6,"column":26},"end":{"line":6,"column":27}},"loc":{"start":{"line":16,"column":7},"end":{"line":16,"column":34}},"line":16},"1":{"name":"(anonymous_1)","decl":{"start":{"line":19,"column":22},"end":{"line":19,"column":23}},"loc":{"start":{"line":19,"column":41},"end":{"line":25,"column":1}},"line":19},"2":{"name":"(anonymous_2)","decl":{"start":{"line":28,"column":30},"end":{"line":28,"column":31}},"loc":{"start":{"line":28,"column":56},"end":{"line":35,"column":1}},"line":28},"3":{"name":"(anonymous_3)","decl":{"start":{"line":38,"column":34},"end":{"line":38,"column":35}},"loc":{"start":{"line":38,"column":78},"end":{"line":54,"column":1}},"line":38},"4":{"name":"(anonymous_4)","decl":{"start":{"line":58,"column":33},"end":{"line":58,"column":34}},"loc":{"start":{"line":58,"column":67},"end":{"line":62,"column":1}},"line":58},"5":{"name":"(anonymous_5)","decl":{"start":{"line":65,"column":37},"end":{"line":65,"column":38}},"loc":{"start":{"line":65,"column":63},"end":{"line":75,"column":1}},"line":65},"6":{"name":"(anonymous_6)","decl":{"start":{"line":78,"column":26},"end":{"line":78,"column":27}},"loc":{"start":{"line":87,"column":2},"end":{"line":99,"column":4}},"line":87},"7":{"name":"(anonymous_7)","decl":{"start":{"line":87,"column":55},"end":{"line":87,"column":56}},"loc":{"start":{"line":87,"column":72},"end":{"line":99,"column":3}},"line":87},"8":{"name":"(anonymous_8)","decl":{"start":{"line":102,"column":33},"end":{"line":102,"column":34}},"loc":{"start":{"line":102,"column":54},"end":{"line":116,"column":1}},"line":102},"9":{"name":"(anonymous_9)","decl":{"start":{"line":108,"column":32},"end":{"line":108,"column":33}},"loc":{"start":{"line":108,"column":46},"end":{"line":112,"column":5}},"line":108},"10":{"name":"(anonymous_10)","decl":{"start":{"line":111,"column":17},"end":{"line":111,"column":18}},"loc":{"start":{"line":111,"column":29},"end":{"line":111,"column":62}},"line":111},"11":{"name":"(anonymous_11)","decl":{"start":{"line":120,"column":34},"end":{"line":120,"column":35}},"loc":{"start":{"line":120,"column":48},"end":{"line":133,"column":1}},"line":120},"12":{"name":"(anonymous_12)","decl":{"start":{"line":128,"column":4},"end":{"line":128,"column":5}},"loc":{"start":{"line":129,"column":6},"end":{"line":131,"column":48}},"line":129},"13":{"name":"(anonymous_13)","decl":{"start":{"line":131,"column":13},"end":{"line":131,"column":14}},"loc":{"start":{"line":131,"column":28},"end":{"line":131,"column":47}},"line":131},"14":{"name":"(anonymous_14)","decl":{"start":{"line":136,"column":36},"end":{"line":136,"column":37}},"loc":{"start":{"line":145,"column":2},"end":{"line":156,"column":5}},"line":145},"15":{"name":"(anonymous_15)","decl":{"start":{"line":148,"column":6},"end":{"line":148,"column":7}},"loc":{"start":{"line":148,"column":44},"end":{"line":154,"column":7}},"line":148},"16":{"name":"(anonymous_16)","decl":{"start":{"line":152,"column":48},"end":{"line":152,"column":49}},"loc":{"start":{"line":152,"column":54},"end":{"line":152,"column":75}},"line":152},"17":{"name":"(anonymous_17)","decl":{"start":{"line":153,"column":45},"end":{"line":153,"column":46}},"loc":{"start":{"line":153,"column":51},"end":{"line":153,"column":69}},"line":153},"18":{"name":"(anonymous_18)","decl":{"start":{"line":160,"column":37},"end":{"line":160,"column":38}},"loc":{"start":{"line":160,"column":61},"end":{"line":166,"column":1}},"line":160},"19":{"name":"(anonymous_19)","decl":{"start":{"line":163,"column":12},"end":{"line":163,"column":13}},"loc":{"start":{"line":163,"column":31},"end":{"line":163,"column":77}},"line":163},"20":{"name":"(anonymous_20)","decl":{"start":{"line":170,"column":39},"end":{"line":170,"column":40}},"loc":{"start":{"line":171,"column":2},"end":{"line":175,"column":3}},"line":171},"21":{"name":"(anonymous_21)","decl":{"start":{"line":174,"column":4},"end":{"line":174,"column":5}},"loc":{"start":{"line":174,"column":21},"end":{"line":174,"column":78}},"line":174},"22":{"name":"(anonymous_22)","decl":{"start":{"line":179,"column":21},"end":{"line":179,"column":22}},"loc":{"start":{"line":179,"column":35},"end":{"line":192,"column":1}},"line":179},"23":{"name":"(anonymous_23)","decl":{"start":{"line":187,"column":30},"end":{"line":187,"column":31}},"loc":{"start":{"line":187,"column":39},"end":{"line":189,"column":3}},"line":187},"24":{"name":"(anonymous_24)","decl":{"start":{"line":197,"column":25},"end":{"line":197,"column":26}},"loc":{"start":{"line":197,"column":57},"end":{"line":213,"column":1}},"line":197},"25":{"name":"(anonymous_25)","decl":{"start":{"line":208,"column":30},"end":{"line":208,"column":31}},"loc":{"start":{"line":208,"column":39},"end":{"line":210,"column":3}},"line":208},"26":{"name":"(anonymous_26)","decl":{"start":{"line":216,"column":26},"end":{"line":216,"column":27}},"loc":{"start":{"line":217,"column":2},"end":{"line":220,"column":3}},"line":217},"27":{"name":"(anonymous_27)","decl":{"start":{"line":219,"column":4},"end":{"line":219,"column":5}},"loc":{"start":{"line":219,"column":11},"end":{"line":219,"column":33}},"line":219},"28":{"name":"(anonymous_28)","decl":{"start":{"line":226,"column":49},"end":{"line":226,"column":50}},"loc":{"start":{"line":226,"column":86},"end":{"line":244,"column":1}},"line":226},"29":{"name":"(anonymous_29)","decl":{"start":{"line":236,"column":30},"end":{"line":236,"column":31}},"loc":{"start":{"line":236,"column":39},"end":{"line":241,"column":3}},"line":236},"30":{"name":"(anonymous_30)","decl":{"start":{"line":246,"column":24},"end":{"line":246,"column":25}},"loc":{"start":{"line":246,"column":67},"end":{"line":258,"column":1}},"line":246}},"branchMap":{"0":{"loc":{"start":{"line":15,"column":2},"end":{"line":15,"column":15}},"type":"default-arg","locations":[{"start":{"line":15,"column":13},"end":{"line":15,"column":15}}],"line":15},"1":{"loc":{"start":{"line":21,"column":2},"end":{"line":23,"column":3}},"type":"if","locations":[{"start":{"line":21,"column":2},"end":{"line":23,"column":3}},{"start":{"line":21,"column":2},"end":{"line":23,"column":3}}],"line":21},"2":{"loc":{"start":{"line":29,"column":2},"end":{"line":29,"column":46}},"type":"if","locations":[{"start":{"line":29,"column":2},"end":{"line":29,"column":46}},{"start":{"line":29,"column":2},"end":{"line":29,"column":46}}],"line":29},"3":{"loc":{"start":{"line":39,"column":2},"end":{"line":39,"column":52}},"type":"if","locations":[{"start":{"line":39,"column":2},"end":{"line":39,"column":52}},{"start":{"line":39,"column":2},"end":{"line":39,"column":52}}],"line":39},"4":{"loc":{"start":{"line":68,"column":2},"end":{"line":72,"column":3}},"type":"if","locations":[{"start":{"line":68,"column":2},"end":{"line":72,"column":3}},{"start":{"line":68,"column":2},"end":{"line":72,"column":3}}],"line":68},"5":{"loc":{"start":{"line":90,"column":24},"end":{"line":90,"column":78}},"type":"cond-expr","locations":[{"start":{"line":90,"column":39},"end":{"line":90,"column":66}},{"start":{"line":90,"column":69},"end":{"line":90,"column":78}}],"line":90},"6":{"loc":{"start":{"line":90,"column":39},"end":{"line":90,"column":66}},"type":"binary-expr","locations":[{"start":{"line":90,"column":39},"end":{"line":90,"column":47}},{"start":{"line":90,"column":51},"end":{"line":90,"column":66}}],"line":90},"7":{"loc":{"start":{"line":105,"column":2},"end":{"line":105,"column":51}},"type":"if","locations":[{"start":{"line":105,"column":2},"end":{"line":105,"column":51}},{"start":{"line":105,"column":2},"end":{"line":105,"column":51}}],"line":105},"8":{"loc":{"start":{"line":107,"column":2},"end":{"line":113,"column":3}},"type":"if","locations":[{"start":{"line":107,"column":2},"end":{"line":113,"column":3}},{"start":{"line":107,"column":2},"end":{"line":113,"column":3}}],"line":107},"9":{"loc":{"start":{"line":122,"column":2},"end":{"line":124,"column":3}},"type":"if","locations":[{"start":{"line":122,"column":2},"end":{"line":124,"column":3}},{"start":{"line":122,"column":2},"end":{"line":124,"column":3}}],"line":122},"10":{"loc":{"start":{"line":152,"column":8},"end":{"line":152,"column":75}},"type":"cond-expr","locations":[{"start":{"line":152,"column":36},"end":{"line":152,"column":45}},{"start":{"line":152,"column":48},"end":{"line":152,"column":75}}],"line":152},"11":{"loc":{"start":{"line":153,"column":8},"end":{"line":153,"column":69}},"type":"cond-expr","locations":[{"start":{"line":153,"column":33},"end":{"line":153,"column":42}},{"start":{"line":153,"column":45},"end":{"line":153,"column":69}}],"line":153},"12":{"loc":{"start":{"line":183,"column":2},"end":{"line":185,"column":3}},"type":"if","locations":[{"start":{"line":183,"column":2},"end":{"line":185,"column":3}},{"start":{"line":183,"column":2},"end":{"line":185,"column":3}}],"line":183},"13":{"loc":{"start":{"line":197,"column":38},"end":{"line":197,"column":52}},"type":"default-arg","locations":[{"start":{"line":197,"column":50},"end":{"line":197,"column":52}}],"line":197},"14":{"loc":{"start":{"line":200,"column":2},"end":{"line":202,"column":3}},"type":"if","locations":[{"start":{"line":200,"column":2},"end":{"line":202,"column":3}},{"start":{"line":200,"column":2},"end":{"line":202,"column":3}}],"line":200},"15":{"loc":{"start":{"line":204,"column":2},"end":{"line":206,"column":3}},"type":"if","locations":[{"start":{"line":204,"column":2},"end":{"line":206,"column":3}},{"start":{"line":204,"column":2},"end":{"line":206,"column":3}}],"line":204},"16":{"loc":{"start":{"line":216,"column":39},"end":{"line":216,"column":53}},"type":"default-arg","locations":[{"start":{"line":216,"column":51},"end":{"line":216,"column":53}}],"line":216},"17":{"loc":{"start":{"line":226,"column":67},"end":{"line":226,"column":81}},"type":"default-arg","locations":[{"start":{"line":226,"column":79},"end":{"line":226,"column":81}}],"line":226},"18":{"loc":{"start":{"line":229,"column":2},"end":{"line":229,"column":54}},"type":"if","locations":[{"start":{"line":229,"column":2},"end":{"line":229,"column":54}},{"start":{"line":229,"column":2},"end":{"line":229,"column":54}}],"line":229},"19":{"loc":{"start":{"line":231,"column":2},"end":{"line":234,"column":3}},"type":"if","locations":[{"start":{"line":231,"column":2},"end":{"line":234,"column":3}},{"start":{"line":231,"column":2},"end":{"line":234,"column":3}}],"line":231},"20":{"loc":{"start":{"line":232,"column":4},"end":{"line":232,"column":56}},"type":"if","locations":[{"start":{"line":232,"column":4},"end":{"line":232,"column":56}},{"start":{"line":232,"column":4},"end":{"line":232,"column":56}}],"line":232},"21":{"loc":{"start":{"line":247,"column":2},"end":{"line":250,"column":3}},"type":"if","locations":[{"start":{"line":247,"column":2},"end":{"line":250,"column":3}},{"start":{"line":247,"column":2},"end":{"line":250,"column":3}}],"line":247},"22":{"loc":{"start":{"line":248,"column":4},"end":{"line":248,"column":71}},"type":"if","locations":[{"start":{"line":248,"column":4},"end":{"line":248,"column":71}},{"start":{"line":248,"column":4},"end":{"line":248,"column":71}}],"line":248},"23":{"loc":{"start":{"line":252,"column":2},"end":{"line":257,"column":3}},"type":"if","locations":[{"start":{"line":252,"column":2},"end":{"line":257,"column":3}},{"start":{"line":252,"column":2},"end":{"line":257,"column":3}}],"line":252},"24":{"loc":{"start":{"line":255,"column":4},"end":{"line":255,"column":71}},"type":"if","locations":[{"start":{"line":255,"column":4},"end":{"line":255,"column":71}},{"start":{"line":255,"column":4},"end":{"line":255,"column":71}}],"line":255}},"s":{"0":26,"1":1646,"2":26,"3":176,"4":176,"5":0,"6":176,"7":26,"8":306,"9":133,"10":173,"11":173,"12":173,"13":26,"14":166,"15":68,"16":98,"17":98,"18":98,"19":98,"20":98,"21":98,"22":26,"23":68,"24":68,"25":68,"26":26,"27":6,"28":6,"29":3,"30":3,"31":3,"32":6,"33":26,"34":66,"35":66,"36":66,"37":66,"38":66,"39":26,"40":374,"41":374,"42":121,"43":374,"44":367,"45":263,"46":176,"47":374,"48":26,"49":50,"50":50,"51":2,"52":48,"53":48,"54":50,"55":26,"56":55,"57":62,"58":3,"59":2,"60":26,"61":4,"62":4,"63":4,"64":26,"65":2,"66":2,"67":26,"68":17,"69":17,"70":17,"71":3,"72":17,"73":12,"74":17,"75":26,"76":152,"77":152,"78":132,"79":152,"80":21,"81":152,"82":106,"83":152,"84":26,"85":25,"86":73,"87":26,"88":177,"89":177,"90":56,"91":177,"92":20,"93":1,"94":19,"95":176,"96":127,"97":127,"98":176,"99":26,"100":66,"101":0,"102":0,"103":0,"104":66,"105":64,"106":2,"107":0,"108":2},"f":{"0":1646,"1":176,"2":306,"3":166,"4":68,"5":6,"6":66,"7":66,"8":374,"9":263,"10":176,"11":50,"12":48,"13":50,"14":55,"15":62,"16":3,"17":2,"18":4,"19":4,"20":2,"21":2,"22":17,"23":12,"24":152,"25":106,"26":25,"27":73,"28":177,"29":127,"30":66},"b":{"0":[50],"1":[0,176],"2":[133,173],"3":[68,98],"4":[3,3],"5":[3,63],"6":[3,3],"7":[121,253],"8":[367,7],"9":[2,48],"10":[49,13],"11":[49,13],"12":[3,14],"13":[21],"14":[132,20],"15":[21,131],"16":[25],"17":[50],"18":[56,121],"19":[20,157],"20":[1,19],"21":[0,66],"22":[0,0],"23":[64,2],"24":[0,2]},"_coverageSchema":"1a1c01bbd47fc00a2c39e90264f33305004495a9","hash":"18d5890dd08b8d338f4071acb5d1de4bd8276170"}
,"/home/runner/work/entail-core/entail-core/src/abstract-structures/index.js": {"path":"/home/runner/work/entail-core/entail-core/src/abstract-structures/index.js","statementMap":{},"fnMap":{},"branchMap":{},"s":{},"f":{},"b":{},"_coverageSchema":"1a1c01bbd47fc00a2c39e90264f33305004495a9","hash":"a2a7e2d6c607d384687981ce3d65b6787e17b6c8"}
,"/home/runner/work/entail-core/entail-core/src/abstract-structures/sym.js": {"path":"/home/runner/work/entail-core/entail-core/src/abstract-structures/sym.js","statementMap":{"0":{"start":{"line":3,"column":19},"end":{"line":20,"column":53}},"1":{"start":{"line":20,"column":12},"end":{"line":20,"column":52}},"2":{"start":{"line":22,"column":0},"end":{"line":23,"column":58}},"3":{"start":{"line":23,"column":2},"end":{"line":23,"column":58}},"4":{"start":{"line":25,"column":0},"end":{"line":25,"column":61}},"5":{"start":{"line":25,"column":25},"end":{"line":25,"column":61}},"6":{"start":{"line":26,"column":0},"end":{"line":26,"column":61}},"7":{"start":{"line":26,"column":25},"end":{"line":26,"column":61}},"8":{"start":{"line":27,"column":0},"end":{"line":27,"column":61}},"9":{"start":{"line":27,"column":25},"end":{"line":27,"column":61}},"10":{"start":{"line":28,"column":0},"end":{"line":28,"column":61}},"11":{"start":{"line":28,"column":25},"end":{"line":28,"column":61}},"12":{"start":{"line":30,"column":0},"end":{"line":49,"column":1}},"13":{"start":{"line":31,"column":2},"end":{"line":48,"column":3}},"14":{"start":{"line":33,"column":6},"end":{"line":38,"column":7}},"15":{"start":{"line":35,"column":10},"end":{"line":35,"column":28}},"16":{"start":{"line":37,"column":10},"end":{"line":37,"column":28}},"17":{"start":{"line":39,"column":6},"end":{"line":39,"column":11}},"18":{"start":{"line":41,"column":6},"end":{"line":46,"column":7}},"19":{"start":{"line":43,"column":10},"end":{"line":43,"column":28}},"20":{"start":{"line":45,"column":10},"end":{"line":45,"column":28}},"21":{"start":{"line":47,"column":6},"end":{"line":47,"column":11}},"22":{"start":{"line":51,"column":0},"end":{"line":58,"column":1}},"23":{"start":{"line":52,"column":2},"end":{"line":57,"column":3}},"24":{"start":{"line":54,"column":6},"end":{"line":54,"column":39}},"25":{"start":{"line":56,"column":6},"end":{"line":56,"column":39}},"26":{"start":{"line":60,"column":0},"end":{"line":83,"column":1}},"27":{"start":{"line":61,"column":2},"end":{"line":82,"column":3}},"28":{"start":{"line":63,"column":6},"end":{"line":66,"column":7}},"29":{"start":{"line":68,"column":6},"end":{"line":71,"column":7}},"30":{"start":{"line":73,"column":6},"end":{"line":76,"column":7}},"31":{"start":{"line":78,"column":6},"end":{"line":81,"column":7}},"32":{"start":{"line":85,"column":0},"end":{"line":85,"column":45}},"33":{"start":{"line":85,"column":28},"end":{"line":85,"column":45}},"34":{"start":{"line":87,"column":0},"end":{"line":87,"column":48}},"35":{"start":{"line":87,"column":29},"end":{"line":87,"column":48}},"36":{"start":{"line":89,"column":20},"end":{"line":92,"column":1}},"37":{"start":{"line":98,"column":24},"end":{"line":110,"column":1}},"38":{"start":{"line":124,"column":19},"end":{"line":129,"column":1}},"39":{"start":{"line":131,"column":0},"end":{"line":131,"column":79}},"40":{"start":{"line":131,"column":24},"end":{"line":131,"column":79}},"41":{"start":{"line":133,"column":21},"end":{"line":133,"column":92}},"42":{"start":{"line":133,"column":47},"end":{"line":133,"column":92}}},"fnMap":{"0":{"name":"(anonymous_0)","decl":{"start":{"line":3,"column":19},"end":{"line":3,"column":20}},"loc":{"start":{"line":20,"column":12},"end":{"line":20,"column":52}},"line":20},"1":{"name":"(anonymous_1)","decl":{"start":{"line":22,"column":19},"end":{"line":22,"column":20}},"loc":{"start":{"line":23,"column":2},"end":{"line":23,"column":58}},"line":23},"2":{"name":"(anonymous_2)","decl":{"start":{"line":25,"column":9},"end":{"line":25,"column":10}},"loc":{"start":{"line":25,"column":25},"end":{"line":25,"column":61}},"line":25},"3":{"name":"(anonymous_3)","decl":{"start":{"line":26,"column":9},"end":{"line":26,"column":10}},"loc":{"start":{"line":26,"column":25},"end":{"line":26,"column":61}},"line":26},"4":{"name":"(anonymous_4)","decl":{"start":{"line":27,"column":9},"end":{"line":27,"column":10}},"loc":{"start":{"line":27,"column":25},"end":{"line":27,"column":61}},"line":27},"5":{"name":"(anonymous_5)","decl":{"start":{"line":28,"column":9},"end":{"line":28,"column":10}},"loc":{"start":{"line":28,"column":25},"end":{"line":28,"column":61}},"line":28},"6":{"name":"(anonymous_6)","decl":{"start":{"line":30,"column":18},"end":{"line":30,"column":19}},"loc":{"start":{"line":30,"column":25},"end":{"line":49,"column":1}},"line":30},"7":{"name":"(anonymous_7)","decl":{"start":{"line":51,"column":28},"end":{"line":51,"column":29}},"loc":{"start":{"line":51,"column":36},"end":{"line":58,"column":1}},"line":51},"8":{"name":"(anonymous_8)","decl":{"start":{"line":60,"column":27},"end":{"line":60,"column":28}},"loc":{"start":{"line":60,"column":39},"end":{"line":83,"column":1}},"line":60},"9":{"name":"(anonymous_9)","decl":{"start":{"line":85,"column":12},"end":{"line":85,"column":13}},"loc":{"start":{"line":85,"column":28},"end":{"line":85,"column":45}},"line":85},"10":{"name":"(anonymous_10)","decl":{"start":{"line":87,"column":13},"end":{"line":87,"column":14}},"loc":{"start":{"line":87,"column":29},"end":{"line":87,"column":48}},"line":87},"11":{"name":"(anonymous_11)","decl":{"start":{"line":131,"column":17},"end":{"line":131,"column":18}},"loc":{"start":{"line":131,"column":24},"end":{"line":131,"column":79}},"line":131},"12":{"name":"(anonymous_12)","decl":{"start":{"line":133,"column":21},"end":{"line":133,"column":22}},"loc":{"start":{"line":133,"column":47},"end":{"line":133,"column":92}},"line":133}},"branchMap":{"0":{"loc":{"start":{"line":3,"column":20},"end":{"line":20,"column":6}},"type":"default-arg","locations":[{"start":{"line":20,"column":4},"end":{"line":20,"column":6}}],"line":3},"1":{"loc":{"start":{"line":6,"column":2},"end":{"line":6,"column":8}},"type":"default-arg","locations":[{"start":{"line":6,"column":7},"end":{"line":6,"column":8}}],"line":6},"2":{"loc":{"start":{"line":10,"column":2},"end":{"line":10,"column":21}},"type":"default-arg","locations":[{"start":{"line":10,"column":9},"end":{"line":10,"column":21}}],"line":10},"3":{"loc":{"start":{"line":13,"column":2},"end":{"line":13,"column":29}},"type":"default-arg","locations":[{"start":{"line":13,"column":17},"end":{"line":13,"column":29}}],"line":13},"4":{"loc":{"start":{"line":16,"column":2},"end":{"line":16,"column":11}},"type":"default-arg","locations":[{"start":{"line":16,"column":10},"end":{"line":16,"column":11}}],"line":16},"5":{"loc":{"start":{"line":19,"column":2},"end":{"line":19,"column":15}},"type":"default-arg","locations":[{"start":{"line":19,"column":10},"end":{"line":19,"column":15}}],"line":19},"6":{"loc":{"start":{"line":22,"column":30},"end":{"line":22,"column":40}},"type":"default-arg","locations":[{"start":{"line":22,"column":38},"end":{"line":22,"column":40}}],"line":22},"7":{"loc":{"start":{"line":25,"column":10},"end":{"line":25,"column":20}},"type":"default-arg","locations":[{"start":{"line":25,"column":18},"end":{"line":25,"column":20}}],"line":25},"8":{"loc":{"start":{"line":26,"column":10},"end":{"line":26,"column":20}},"type":"default-arg","locations":[{"start":{"line":26,"column":18},"end":{"line":26,"column":20}}],"line":26},"9":{"loc":{"start":{"line":27,"column":10},"end":{"line":27,"column":20}},"type":"default-arg","locations":[{"start":{"line":27,"column":18},"end":{"line":27,"column":20}}],"line":27},"10":{"loc":{"start":{"line":28,"column":10},"end":{"line":28,"column":20}},"type":"default-arg","locations":[{"start":{"line":28,"column":18},"end":{"line":28,"column":20}}],"line":28},"11":{"loc":{"start":{"line":31,"column":2},"end":{"line":48,"column":3}},"type":"switch","locations":[{"start":{"line":32,"column":4},"end":{"line":39,"column":11}},{"start":{"line":40,"column":4},"end":{"line":47,"column":11}}],"line":31},"12":{"loc":{"start":{"line":33,"column":6},"end":{"line":38,"column":7}},"type":"switch","locations":[{"start":{"line":34,"column":8},"end":{"line":35,"column":28}},{"start":{"line":36,"column":8},"end":{"line":37,"column":28}}],"line":33},"13":{"loc":{"start":{"line":41,"column":6},"end":{"line":46,"column":7}},"type":"switch","locations":[{"start":{"line":42,"column":8},"end":{"line":43,"column":28}},{"start":{"line":44,"column":8},"end":{"line":45,"column":28}}],"line":41},"14":{"loc":{"start":{"line":52,"column":2},"end":{"line":57,"column":3}},"type":"switch","locations":[{"start":{"line":53,"column":4},"end":{"line":54,"column":39}},{"start":{"line":55,"column":4},"end":{"line":56,"column":39}}],"line":52},"15":{"loc":{"start":{"line":61,"column":2},"end":{"line":82,"column":3}},"type":"switch","locations":[{"start":{"line":62,"column":4},"end":{"line":66,"column":7}},{"start":{"line":67,"column":4},"end":{"line":71,"column":7}},{"start":{"line":72,"column":4},"end":{"line":76,"column":7}},{"start":{"line":77,"column":4},"end":{"line":81,"column":7}}],"line":61},"16":{"loc":{"start":{"line":131,"column":24},"end":{"line":131,"column":79}},"type":"binary-expr","locations":[{"start":{"line":131,"column":24},"end":{"line":131,"column":60}},{"start":{"line":131,"column":64},"end":{"line":131,"column":79}}],"line":131}},"s":{"0":27,"1":687,"2":27,"3":234,"4":27,"5":212,"6":27,"7":6,"8":27,"9":2,"10":27,"11":10,"12":27,"13":638,"14":538,"15":499,"16":39,"17":0,"18":100,"19":2,"20":98,"21":0,"22":27,"23":2,"24":1,"25":1,"26":27,"27":238,"28":214,"29":8,"30":4,"31":12,"32":27,"33":0,"34":27,"35":117,"36":27,"37":27,"38":27,"39":27,"40":6,"41":27,"42":0},"f":{"0":687,"1":234,"2":212,"3":6,"4":2,"5":10,"6":638,"7":2,"8":238,"9":0,"10":117,"11":6,"12":0},"b":{"0":[0],"1":[18],"2":[0],"3":[0],"4":[50],"5":[186],"6":[4],"7":[2],"8":[2],"9":[2],"10":[2],"11":[538,100],"12":[499,39],"13":[2,98],"14":[1,1],"15":[214,8,4,12],"16":[6,3]},"_coverageSchema":"1a1c01bbd47fc00a2c39e90264f33305004495a9","hash":"7d1c029a8faf269c601bc6ecf502d477e3fe2a97"}
,"/home/runner/work/entail-core/entail-core/src/deduction-interface/deduction-interface-util.js": {"path":"/home/runner/work/entail-core/entail-core/src/deduction-interface/deduction-interface-util.js","statementMap":{"0":{"start":{"line":7,"column":53},"end":{"line":19,"column":1}},"1":{"start":{"line":8,"column":28},"end":{"line":8,"column":68}},"2":{"start":{"line":9,"column":2},"end":{"line":9,"column":53}},"3":{"start":{"line":9,"column":37},"end":{"line":9,"column":53}},"4":{"start":{"line":11,"column":2},"end":{"line":18,"column":3}},"5":{"start":{"line":12,"column":4},"end":{"line":12,"column":77}},"6":{"start":{"line":14,"column":4},"end":{"line":16,"column":5}},"7":{"start":{"line":15,"column":6},"end":{"line":15,"column":62}},"8":{"start":{"line":17,"column":4},"end":{"line":17,"column":11}},"9":{"start":{"line":23,"column":59},"end":{"line":39,"column":1}},"10":{"start":{"line":24,"column":18},"end":{"line":24,"column":34}},"11":{"start":{"line":25,"column":2},"end":{"line":25,"column":85}},"12":{"start":{"line":25,"column":29},"end":{"line":25,"column":85}},"13":{"start":{"line":27,"column":2},"end":{"line":38,"column":3}},"14":{"start":{"line":28,"column":43},"end":{"line":28,"column":83}},"15":{"start":{"line":29,"column":4},"end":{"line":29,"column":70}},"16":{"start":{"line":29,"column":52},"end":{"line":29,"column":70}},"17":{"start":{"line":30,"column":31},"end":{"line":30,"column":59}},"18":{"start":{"line":31,"column":20},"end":{"line":31,"column":73}},"19":{"start":{"line":32,"column":4},"end":{"line":32,"column":31}},"20":{"start":{"line":34,"column":4},"end":{"line":36,"column":5}},"21":{"start":{"line":35,"column":6},"end":{"line":35,"column":62}},"22":{"start":{"line":37,"column":4},"end":{"line":37,"column":11}}},"fnMap":{"0":{"name":"(anonymous_0)","decl":{"start":{"line":7,"column":53},"end":{"line":7,"column":54}},"loc":{"start":{"line":7,"column":75},"end":{"line":19,"column":1}},"line":7},"1":{"name":"(anonymous_1)","decl":{"start":{"line":23,"column":59},"end":{"line":23,"column":60}},"loc":{"start":{"line":23,"column":81},"end":{"line":39,"column":1}},"line":23}},"branchMap":{"0":{"loc":{"start":{"line":9,"column":2},"end":{"line":9,"column":53}},"type":"if","locations":[{"start":{"line":9,"column":2},"end":{"line":9,"column":53}},{"start":{"line":9,"column":2},"end":{"line":9,"column":53}}],"line":9},"1":{"loc":{"start":{"line":14,"column":4},"end":{"line":16,"column":5}},"type":"if","locations":[{"start":{"line":14,"column":4},"end":{"line":16,"column":5}},{"start":{"line":14,"column":4},"end":{"line":16,"column":5}}],"line":14},"2":{"loc":{"start":{"line":25,"column":2},"end":{"line":25,"column":85}},"type":"if","locations":[{"start":{"line":25,"column":2},"end":{"line":25,"column":85}},{"start":{"line":25,"column":2},"end":{"line":25,"column":85}}],"line":25},"3":{"loc":{"start":{"line":29,"column":4},"end":{"line":29,"column":70}},"type":"if","locations":[{"start":{"line":29,"column":4},"end":{"line":29,"column":70}},{"start":{"line":29,"column":4},"end":{"line":29,"column":70}}],"line":29},"4":{"loc":{"start":{"line":34,"column":4},"end":{"line":36,"column":5}},"type":"if","locations":[{"start":{"line":34,"column":4},"end":{"line":36,"column":5}},{"start":{"line":34,"column":4},"end":{"line":36,"column":5}}],"line":34}},"s":{"0":17,"1":26,"2":26,"3":0,"4":26,"5":26,"6":0,"7":0,"8":0,"9":17,"10":9,"11":9,"12":0,"13":9,"14":9,"15":9,"16":0,"17":9,"18":9,"19":9,"20":0,"21":0,"22":0},"f":{"0":26,"1":9},"b":{"0":[0,26],"1":[0,0],"2":[0,9],"3":[0,9],"4":[0,0]},"_coverageSchema":"1a1c01bbd47fc00a2c39e90264f33305004495a9","hash":"519caa9b29b3d471b720fb31c7c174aae43f1361"}
,"/home/runner/work/entail-core/entail-core/src/deduction-interface/deduction-interface.js": {"path":"/home/runner/work/entail-core/entail-core/src/deduction-interface/deduction-interface.js","statementMap":{"0":{"start":{"line":9,"column":30},"end":{"line":81,"column":1}},"1":{"start":{"line":10,"column":24},"end":{"line":24,"column":3}},"2":{"start":{"line":11,"column":34},"end":{"line":13,"column":6}},"3":{"start":{"line":11,"column":59},"end":{"line":13,"column":5}},"4":{"start":{"line":15,"column":4},"end":{"line":21,"column":5}},"5":{"start":{"line":16,"column":6},"end":{"line":20,"column":7}},"6":{"start":{"line":23,"column":4},"end":{"line":23,"column":47}},"7":{"start":{"line":23,"column":35},"end":{"line":23,"column":46}},"8":{"start":{"line":27,"column":22},"end":{"line":30,"column":3}},"9":{"start":{"line":28,"column":20},"end":{"line":28,"column":46}},"10":{"start":{"line":29,"column":4},"end":{"line":29,"column":48}},"11":{"start":{"line":32,"column":25},"end":{"line":78,"column":3}},"12":{"start":{"line":33,"column":43},"end":{"line":33,"column":52}},"13":{"start":{"line":35,"column":4},"end":{"line":35,"column":62}},"14":{"start":{"line":35,"column":26},"end":{"line":35,"column":62}},"15":{"start":{"line":42,"column":8},"end":{"line":42,"column":21}},"16":{"start":{"line":44,"column":35},"end":{"line":44,"column":61}},"17":{"start":{"line":47,"column":4},"end":{"line":55,"column":8}},"18":{"start":{"line":50,"column":35},"end":{"line":50,"column":81}},"19":{"start":{"line":51,"column":8},"end":{"line":51,"column":66}},"20":{"start":{"line":52,"column":8},"end":{"line":54,"column":10}},"21":{"start":{"line":53,"column":10},"end":{"line":53,"column":55}},"22":{"start":{"line":58,"column":4},"end":{"line":69,"column":5}},"23":{"start":{"line":59,"column":33},"end":{"line":59,"column":97}},"24":{"start":{"line":60,"column":6},"end":{"line":62,"column":8}},"25":{"start":{"line":61,"column":8},"end":{"line":61,"column":49}},"26":{"start":{"line":64,"column":6},"end":{"line":68,"column":7}},"27":{"start":{"line":65,"column":8},"end":{"line":65,"column":84}},"28":{"start":{"line":67,"column":8},"end":{"line":67,"column":70}},"29":{"start":{"line":71,"column":25},"end":{"line":75,"column":6}},"30":{"start":{"line":77,"column":4},"end":{"line":77,"column":39}},"31":{"start":{"line":80,"column":2},"end":{"line":80,"column":53}}},"fnMap":{"0":{"name":"(anonymous_0)","decl":{"start":{"line":9,"column":30},"end":{"line":9,"column":31}},"loc":{"start":{"line":9,"column":59},"end":{"line":81,"column":1}},"line":9},"1":{"name":"(anonymous_1)","decl":{"start":{"line":10,"column":24},"end":{"line":10,"column":25}},"loc":{"start":{"line":10,"column":41},"end":{"line":24,"column":3}},"line":10},"2":{"name":"(anonymous_2)","decl":{"start":{"line":11,"column":48},"end":{"line":11,"column":49}},"loc":{"start":{"line":11,"column":59},"end":{"line":13,"column":5}},"line":11},"3":{"name":"(anonymous_3)","decl":{"start":{"line":23,"column":24},"end":{"line":23,"column":25}},"loc":{"start":{"line":23,"column":35},"end":{"line":23,"column":46}},"line":23},"4":{"name":"(anonymous_4)","decl":{"start":{"line":27,"column":22},"end":{"line":27,"column":23}},"loc":{"start":{"line":27,"column":39},"end":{"line":30,"column":3}},"line":27},"5":{"name":"(anonymous_5)","decl":{"start":{"line":32,"column":25},"end":{"line":32,"column":26}},"loc":{"start":{"line":32,"column":31},"end":{"line":78,"column":3}},"line":32},"6":{"name":"(anonymous_6)","decl":{"start":{"line":49,"column":15},"end":{"line":49,"column":16}},"loc":{"start":{"line":49,"column":60},"end":{"line":55,"column":7}},"line":49},"7":{"name":"(anonymous_7)","decl":{"start":{"line":52,"column":39},"end":{"line":52,"column":40}},"loc":{"start":{"line":52,"column":64},"end":{"line":54,"column":9}},"line":52},"8":{"name":"(anonymous_8)","decl":{"start":{"line":60,"column":49},"end":{"line":60,"column":50}},"loc":{"start":{"line":60,"column":67},"end":{"line":62,"column":7}},"line":60}},"branchMap":{"0":{"loc":{"start":{"line":9,"column":31},"end":{"line":9,"column":54}},"type":"default-arg","locations":[{"start":{"line":9,"column":43},"end":{"line":9,"column":54}}],"line":9},"1":{"loc":{"start":{"line":12,"column":6},"end":{"line":12,"column":90}},"type":"binary-expr","locations":[{"start":{"line":12,"column":6},"end":{"line":12,"column":31}},{"start":{"line":12,"column":35},"end":{"line":12,"column":47}},{"start":{"line":12,"column":51},"end":{"line":12,"column":90}}],"line":12},"2":{"loc":{"start":{"line":15,"column":4},"end":{"line":21,"column":5}},"type":"if","locations":[{"start":{"line":15,"column":4},"end":{"line":21,"column":5}},{"start":{"line":15,"column":4},"end":{"line":21,"column":5}}],"line":15},"3":{"loc":{"start":{"line":35,"column":4},"end":{"line":35,"column":62}},"type":"if","locations":[{"start":{"line":35,"column":4},"end":{"line":35,"column":62}},{"start":{"line":35,"column":4},"end":{"line":35,"column":62}}],"line":35},"4":{"loc":{"start":{"line":58,"column":4},"end":{"line":69,"column":5}},"type":"if","locations":[{"start":{"line":58,"column":4},"end":{"line":69,"column":5}},{"start":{"line":58,"column":4},"end":{"line":69,"column":5}}],"line":58},"5":{"loc":{"start":{"line":64,"column":6},"end":{"line":68,"column":7}},"type":"if","locations":[{"start":{"line":64,"column":6},"end":{"line":68,"column":7}},{"start":{"line":64,"column":6},"end":{"line":68,"column":7}}],"line":64}},"s":{"0":17,"1":164,"2":113,"3":136,"4":113,"5":0,"6":113,"7":136,"8":164,"9":113,"10":113,"11":164,"12":2,"13":2,"14":0,"15":2,"16":2,"17":2,"18":2,"19":2,"20":2,"21":2,"22":2,"23":2,"24":2,"25":3,"26":2,"27":0,"28":2,"29":2,"30":2,"31":164},"f":{"0":164,"1":113,"2":136,"3":136,"4":113,"5":2,"6":2,"7":2,"8":3},"b":{"0":[13],"1":[136,136,136],"2":[0,113],"3":[0,2],"4":[2,0],"5":[0,2]},"_coverageSchema":"1a1c01bbd47fc00a2c39e90264f33305004495a9","hash":"1e6330cd0e10d63af624fb643b841c1a1f0f3b93"}
,"/home/runner/work/entail-core/entail-core/src/deduction-interface/index.js": {"path":"/home/runner/work/entail-core/entail-core/src/deduction-interface/index.js","statementMap":{},"fnMap":{},"branchMap":{},"s":{},"f":{},"b":{},"_coverageSchema":"1a1c01bbd47fc00a2c39e90264f33305004495a9","hash":"c6ebf08e71ff88baa39991d9c4b6339c08b75ff9"}
,"/home/runner/work/entail-core/entail-core/src/deduction-interface/rules-interface/biconditional-introduction-rule-interface.js": {"path":"/home/runner/work/entail-core/entail-core/src/deduction-interface/rules-interface/biconditional-introduction-rule-interface.js","statementMap":{"0":{"start":{"line":7,"column":54},"end":{"line":27,"column":1}},"1":{"start":{"line":12,"column":16},"end":{"line":24,"column":3}},"2":{"start":{"line":13,"column":32},"end":{"line":20,"column":6}},"3":{"start":{"line":21,"column":25},"end":{"line":21,"column":76}},"4":{"start":{"line":23,"column":4},"end":{"line":23,"column":39}},"5":{"start":{"line":26,"column":2},"end":{"line":26,"column":18}}},"fnMap":{"0":{"name":"(anonymous_0)","decl":{"start":{"line":7,"column":54},"end":{"line":7,"column":55}},"loc":{"start":{"line":11,"column":5},"end":{"line":27,"column":1}},"line":11},"1":{"name":"(anonymous_1)","decl":{"start":{"line":12,"column":16},"end":{"line":12,"column":17}},"loc":{"start":{"line":12,"column":22},"end":{"line":24,"column":3}},"line":12}},"branchMap":{},"s":{"0":17,"1":2,"2":2,"3":2,"4":2,"5":2},"f":{"0":2,"1":2},"b":{},"_coverageSchema":"1a1c01bbd47fc00a2c39e90264f33305004495a9","hash":"a01e3a56f5c43f76d8891a8fd7e758801eaffd88"}
,"/home/runner/work/entail-core/entail-core/src/deduction-interface/rules-interface/conditional-elimination-rule-interface.js": {"path":"/home/runner/work/entail-core/entail-core/src/deduction-interface/rules-interface/conditional-elimination-rule-interface.js","statementMap":{"0":{"start":{"line":5,"column":51},"end":{"line":25,"column":1}},"1":{"start":{"line":10,"column":16},"end":{"line":22,"column":3}},"2":{"start":{"line":11,"column":24},"end":{"line":11,"column":82}},"3":{"start":{"line":12,"column":27},"end":{"line":12,"column":47}},"4":{"start":{"line":14,"column":32},"end":{"line":18,"column":6}},"5":{"start":{"line":19,"column":25},"end":{"line":19,"column":76}},"6":{"start":{"line":21,"column":4},"end":{"line":21,"column":39}},"7":{"start":{"line":24,"column":2},"end":{"line":24,"column":18}}},"fnMap":{"0":{"name":"(anonymous_0)","decl":{"start":{"line":5,"column":51},"end":{"line":5,"column":52}},"loc":{"start":{"line":9,"column":5},"end":{"line":25,"column":1}},"line":9},"1":{"name":"(anonymous_1)","decl":{"start":{"line":10,"column":16},"end":{"line":10,"column":17}},"loc":{"start":{"line":10,"column":22},"end":{"line":22,"column":3}},"line":10}},"branchMap":{},"s":{"0":17,"1":4,"2":4,"3":4,"4":4,"5":4,"6":4,"7":4},"f":{"0":4,"1":4},"b":{},"_coverageSchema":"1a1c01bbd47fc00a2c39e90264f33305004495a9","hash":"1a9393bd90fbe72e6586f291f28b315f36009d40"}
,"/home/runner/work/entail-core/entail-core/src/deduction-interface/rules-interface/conjunction-elimination-rule-interface.js": {"path":"/home/runner/work/entail-core/entail-core/src/deduction-interface/rules-interface/conjunction-elimination-rule-interface.js","statementMap":{"0":{"start":{"line":5,"column":51},"end":{"line":22,"column":1}},"1":{"start":{"line":7,"column":16},"end":{"line":19,"column":3}},"2":{"start":{"line":8,"column":20},"end":{"line":8,"column":70}},"3":{"start":{"line":9,"column":23},"end":{"line":9,"column":51}},"4":{"start":{"line":11,"column":32},"end":{"line":15,"column":6}},"5":{"start":{"line":16,"column":25},"end":{"line":16,"column":76}},"6":{"start":{"line":18,"column":4},"end":{"line":18,"column":39}},"7":{"start":{"line":21,"column":2},"end":{"line":21,"column":18}}},"fnMap":{"0":{"name":"(anonymous_0)","decl":{"start":{"line":5,"column":51},"end":{"line":5,"column":52}},"loc":{"start":{"line":5,"column":80},"end":{"line":22,"column":1}},"line":5},"1":{"name":"(anonymous_1)","decl":{"start":{"line":7,"column":16},"end":{"line":7,"column":17}},"loc":{"start":{"line":7,"column":30},"end":{"line":19,"column":3}},"line":7}},"branchMap":{},"s":{"0":17,"1":2,"2":2,"3":2,"4":2,"5":2,"6":2,"7":2},"f":{"0":2,"1":2},"b":{},"_coverageSchema":"1a1c01bbd47fc00a2c39e90264f33305004495a9","hash":"88716681540fbf69e5dc89beaaabf70b3f6f7cfc"}
,"/home/runner/work/entail-core/entail-core/src/deduction-interface/rules-interface/conjunction-introduction-rule-interface.js": {"path":"/home/runner/work/entail-core/entail-core/src/deduction-interface/rules-interface/conjunction-introduction-rule-interface.js","statementMap":{"0":{"start":{"line":7,"column":52},"end":{"line":26,"column":1}},"1":{"start":{"line":8,"column":16},"end":{"line":23,"column":3}},"2":{"start":{"line":9,"column":32},"end":{"line":19,"column":6}},"3":{"start":{"line":20,"column":25},"end":{"line":20,"column":76}},"4":{"start":{"line":22,"column":4},"end":{"line":22,"column":39}},"5":{"start":{"line":25,"column":2},"end":{"line":25,"column":18}}},"fnMap":{"0":{"name":"(anonymous_0)","decl":{"start":{"line":7,"column":52},"end":{"line":7,"column":53}},"loc":{"start":{"line":7,"column":97},"end":{"line":26,"column":1}},"line":7},"1":{"name":"(anonymous_1)","decl":{"start":{"line":8,"column":16},"end":{"line":8,"column":17}},"loc":{"start":{"line":8,"column":22},"end":{"line":23,"column":3}},"line":8}},"branchMap":{},"s":{"0":17,"1":2,"2":2,"3":2,"4":2,"5":2},"f":{"0":2,"1":2},"b":{},"_coverageSchema":"1a1c01bbd47fc00a2c39e90264f33305004495a9","hash":"278564485303482942030478fadc9c6bd889fadd"}
,"/home/runner/work/entail-core/entail-core/src/deduction-interface/rules-interface/deduction-rule-interface.js": {"path":"/home/runner/work/entail-core/entail-core/src/deduction-interface/rules-interface/deduction-rule-interface.js","statementMap":{"0":{"start":{"line":7,"column":38},"end":{"line":33,"column":1}},"1":{"start":{"line":8,"column":16},"end":{"line":30,"column":3}},"2":{"start":{"line":9,"column":32},"end":{"line":26,"column":6}},"3":{"start":{"line":27,"column":25},"end":{"line":27,"column":76}},"4":{"start":{"line":29,"column":4},"end":{"line":29,"column":39}},"5":{"start":{"line":32,"column":2},"end":{"line":32,"column":20}}},"fnMap":{"0":{"name":"(anonymous_0)","decl":{"start":{"line":7,"column":38},"end":{"line":7,"column":39}},"loc":{"start":{"line":7,"column":77},"end":{"line":33,"column":1}},"line":7},"1":{"name":"(anonymous_1)","decl":{"start":{"line":8,"column":16},"end":{"line":8,"column":17}},"loc":{"start":{"line":8,"column":22},"end":{"line":30,"column":3}},"line":8}},"branchMap":{},"s":{"0":17,"1":14,"2":14,"3":14,"4":14,"5":14},"f":{"0":14,"1":14},"b":{},"_coverageSchema":"1a1c01bbd47fc00a2c39e90264f33305004495a9","hash":"cb6fe81bc9f8f943bf19b6c8656ed7a1b6cd2f5a"}
,"/home/runner/work/entail-core/entail-core/src/deduction-interface/rules-interface/double-negation-elimination-rule-interface.js": {"path":"/home/runner/work/entail-core/entail-core/src/deduction-interface/rules-interface/double-negation-elimination-rule-interface.js","statementMap":{"0":{"start":{"line":5,"column":54},"end":{"line":20,"column":1}},"1":{"start":{"line":6,"column":16},"end":{"line":17,"column":3}},"2":{"start":{"line":7,"column":24},"end":{"line":7,"column":63}},"3":{"start":{"line":9,"column":32},"end":{"line":13,"column":6}},"4":{"start":{"line":14,"column":25},"end":{"line":14,"column":76}},"5":{"start":{"line":16,"column":4},"end":{"line":16,"column":39}},"6":{"start":{"line":19,"column":2},"end":{"line":19,"column":20}}},"fnMap":{"0":{"name":"(anonymous_0)","decl":{"start":{"line":5,"column":54},"end":{"line":5,"column":55}},"loc":{"start":{"line":5,"column":80},"end":{"line":20,"column":1}},"line":5},"1":{"name":"(anonymous_1)","decl":{"start":{"line":6,"column":16},"end":{"line":6,"column":17}},"loc":{"start":{"line":6,"column":22},"end":{"line":17,"column":3}},"line":6}},"branchMap":{},"s":{"0":17,"1":1,"2":1,"3":1,"4":1,"5":1,"6":1},"f":{"0":1,"1":1},"b":{},"_coverageSchema":"1a1c01bbd47fc00a2c39e90264f33305004495a9","hash":"dfb824cdec4fa8c4d758b316191bf335863a4a74"}
,"/home/runner/work/entail-core/entail-core/src/deduction-interface/rules-interface/index.js": {"path":"/home/runner/work/entail-core/entail-core/src/deduction-interface/rules-interface/index.js","statementMap":{},"fnMap":{},"branchMap":{},"s":{},"f":{},"b":{},"_coverageSchema":"1a1c01bbd47fc00a2c39e90264f33305004495a9","hash":"23a85b2ae5bf88c7a516948091c94f0188ba1a5c"}
,"/home/runner/work/entail-core/entail-core/src/deduction-interface/rules-interface/negation-introduction-rule-interface.js": {"path":"/home/runner/work/entail-core/entail-core/src/deduction-interface/rules-interface/negation-introduction-rule-interface.js","statementMap":{"0":{"start":{"line":7,"column":49},"end":{"line":29,"column":1}},"1":{"start":{"line":13,"column":16},"end":{"line":26,"column":3}},"2":{"start":{"line":14,"column":32},"end":{"line":22,"column":6}},"3":{"start":{"line":23,"column":25},"end":{"line":23,"column":76}},"4":{"start":{"line":25,"column":4},"end":{"line":25,"column":39}},"5":{"start":{"line":28,"column":2},"end":{"line":28,"column":20}}},"fnMap":{"0":{"name":"(anonymous_0)","decl":{"start":{"line":7,"column":49},"end":{"line":7,"column":50}},"loc":{"start":{"line":12,"column":5},"end":{"line":29,"column":1}},"line":12},"1":{"name":"(anonymous_1)","decl":{"start":{"line":13,"column":16},"end":{"line":13,"column":17}},"loc":{"start":{"line":13,"column":22},"end":{"line":26,"column":3}},"line":13}},"branchMap":{},"s":{"0":17,"1":6,"2":6,"3":6,"4":6,"5":6},"f":{"0":6,"1":6},"b":{},"_coverageSchema":"1a1c01bbd47fc00a2c39e90264f33305004495a9","hash":"737342d4df643d7a8190809936f1573027e5dae8"}
,"/home/runner/work/entail-core/entail-core/src/deduction-interface/rules-interface/premise-rule-interface.js": {"path":"/home/runner/work/entail-core/entail-core/src/deduction-interface/rules-interface/premise-rule-interface.js","statementMap":{"0":{"start":{"line":5,"column":36},"end":{"line":17,"column":1}},"1":{"start":{"line":6,"column":16},"end":{"line":14,"column":3}},"2":{"start":{"line":7,"column":32},"end":{"line":10,"column":6}},"3":{"start":{"line":11,"column":25},"end":{"line":11,"column":76}},"4":{"start":{"line":13,"column":4},"end":{"line":13,"column":39}},"5":{"start":{"line":16,"column":2},"end":{"line":16,"column":20}}},"fnMap":{"0":{"name":"(anonymous_0)","decl":{"start":{"line":5,"column":36},"end":{"line":5,"column":37}},"loc":{"start":{"line":5,"column":49},"end":{"line":17,"column":1}},"line":5},"1":{"name":"(anonymous_1)","decl":{"start":{"line":6,"column":16},"end":{"line":6,"column":17}},"loc":{"start":{"line":6,"column":27},"end":{"line":14,"column":3}},"line":6}},"branchMap":{},"s":{"0":17,"1":21,"2":21,"3":21,"4":21,"5":21},"f":{"0":21,"1":21},"b":{},"_coverageSchema":"1a1c01bbd47fc00a2c39e90264f33305004495a9","hash":"3bffd88d8596f704bb7a2c45cfeba3d45c1bb370"}
,"/home/runner/work/entail-core/entail-core/src/deduction-interface/rules-interface/quantification.js": {"path":"/home/runner/work/entail-core/entail-core/src/deduction-interface/rules-interface/quantification.js","statementMap":{"0":{"start":{"line":10,"column":54},"end":{"line":32,"column":1}},"1":{"start":{"line":11,"column":18},"end":{"line":11,"column":80}},"2":{"start":{"line":13,"column":2},"end":{"line":31,"column":4}},"3":{"start":{"line":14,"column":18},"end":{"line":16,"column":15}},"4":{"start":{"line":18,"column":32},"end":{"line":26,"column":6}},"5":{"start":{"line":28,"column":25},"end":{"line":28,"column":76}},"6":{"start":{"line":30,"column":4},"end":{"line":30,"column":39}},"7":{"start":{"line":34,"column":53},"end":{"line":68,"column":1}},"8":{"start":{"line":35,"column":18},"end":{"line":35,"column":80}},"9":{"start":{"line":37,"column":2},"end":{"line":67,"column":3}},"10":{"start":{"line":41,"column":22},"end":{"line":41,"column":38}},"11":{"start":{"line":42,"column":25},"end":{"line":44,"column":15}},"12":{"start":{"line":47,"column":6},"end":{"line":54,"column":7}},"13":{"start":{"line":48,"column":26},"end":{"line":48,"column":68}},"14":{"start":{"line":49,"column":8},"end":{"line":49,"column":36}},"15":{"start":{"line":51,"column":28},"end":{"line":51,"column":78}},"16":{"start":{"line":51,"column":61},"end":{"line":51,"column":77}},"17":{"start":{"line":53,"column":8},"end":{"line":53,"column":88}},"18":{"start":{"line":56,"column":34},"end":{"line":61,"column":8}},"19":{"start":{"line":63,"column":27},"end":{"line":63,"column":78}},"20":{"start":{"line":65,"column":6},"end":{"line":65,"column":41}},"21":{"start":{"line":70,"column":42},"end":{"line":97,"column":1}},"22":{"start":{"line":71,"column":18},"end":{"line":71,"column":80}},"23":{"start":{"line":75,"column":16},"end":{"line":90,"column":3}},"24":{"start":{"line":76,"column":4},"end":{"line":87,"column":5}},"25":{"start":{"line":77,"column":6},"end":{"line":79,"column":7}},"26":{"start":{"line":78,"column":8},"end":{"line":78,"column":85}},"27":{"start":{"line":81,"column":22},"end":{"line":81,"column":38}},"28":{"start":{"line":82,"column":22},"end":{"line":82,"column":38}},"29":{"start":{"line":83,"column":24},"end":{"line":83,"column":86}},"30":{"start":{"line":84,"column":6},"end":{"line":86,"column":7}},"31":{"start":{"line":85,"column":8},"end":{"line":85,"column":74}},"32":{"start":{"line":89,"column":4},"end":{"line":89,"column":33}},"33":{"start":{"line":92,"column":2},"end":{"line":96,"column":4}},"34":{"start":{"line":95,"column":6},"end":{"line":95,"column":61}},"35":{"start":{"line":99,"column":52},"end":{"line":132,"column":1}},"36":{"start":{"line":100,"column":18},"end":{"line":100,"column":80}},"37":{"start":{"line":102,"column":2},"end":{"line":131,"column":4}},"38":{"start":{"line":103,"column":18},"end":{"line":105,"column":15}},"39":{"start":{"line":108,"column":4},"end":{"line":115,"column":5}},"40":{"start":{"line":109,"column":24},"end":{"line":109,"column":63}},"41":{"start":{"line":110,"column":6},"end":{"line":110,"column":34}},"42":{"start":{"line":112,"column":26},"end":{"line":112,"column":76}},"43":{"start":{"line":112,"column":59},"end":{"line":112,"column":75}},"44":{"start":{"line":114,"column":6},"end":{"line":114,"column":86}},"45":{"start":{"line":117,"column":32},"end":{"line":126,"column":6}},"46":{"start":{"line":128,"column":25},"end":{"line":128,"column":76}},"47":{"start":{"line":130,"column":4},"end":{"line":130,"column":39}},"48":{"start":{"line":134,"column":51},"end":{"line":156,"column":1}},"49":{"start":{"line":135,"column":18},"end":{"line":135,"column":80}},"50":{"start":{"line":137,"column":2},"end":{"line":155,"column":4}},"51":{"start":{"line":138,"column":35},"end":{"line":138,"column":42}},"52":{"start":{"line":140,"column":20},"end":{"line":140,"column":28}},"53":{"start":{"line":142,"column":23},"end":{"line":144,"column":13}},"54":{"start":{"line":146,"column":32},"end":{"line":150,"column":6}},"55":{"start":{"line":152,"column":25},"end":{"line":152,"column":76}},"56":{"start":{"line":154,"column":4},"end":{"line":154,"column":39}},"57":{"start":{"line":158,"column":43},"end":{"line":187,"column":1}},"58":{"start":{"line":159,"column":18},"end":{"line":159,"column":80}},"59":{"start":{"line":164,"column":16},"end":{"line":180,"column":3}},"60":{"start":{"line":165,"column":33},"end":{"line":165,"column":87}},"61":{"start":{"line":166,"column":4},"end":{"line":177,"column":5}},"62":{"start":{"line":167,"column":6},"end":{"line":169,"column":7}},"63":{"start":{"line":168,"column":8},"end":{"line":168,"column":69}},"64":{"start":{"line":171,"column":6},"end":{"line":176,"column":7}},"65":{"start":{"line":172,"column":26},"end":{"line":172,"column":90}},"66":{"start":{"line":173,"column":8},"end":{"line":175,"column":9}},"67":{"start":{"line":174,"column":10},"end":{"line":174,"column":79}},"68":{"start":{"line":179,"column":4},"end":{"line":179,"column":42}},"69":{"start":{"line":182,"column":2},"end":{"line":186,"column":3}},"70":{"start":{"line":185,"column":6},"end":{"line":185,"column":67}},"71":{"start":{"line":189,"column":43},"end":{"line":191,"column":2}},"72":{"start":{"line":189,"column":70},"end":{"line":191,"column":1}},"73":{"start":{"line":190,"column":20},"end":{"line":190,"column":67}}},"fnMap":{"0":{"name":"(anonymous_0)","decl":{"start":{"line":10,"column":54},"end":{"line":10,"column":55}},"loc":{"start":{"line":10,"column":80},"end":{"line":32,"column":1}},"line":10},"1":{"name":"(anonymous_1)","decl":{"start":{"line":13,"column":59},"end":{"line":13,"column":60}},"loc":{"start":{"line":13,"column":81},"end":{"line":31,"column":3}},"line":13},"2":{"name":"(anonymous_2)","decl":{"start":{"line":34,"column":53},"end":{"line":34,"column":54}},"loc":{"start":{"line":34,"column":79},"end":{"line":68,"column":1}},"line":34},"3":{"name":"(anonymous_3)","decl":{"start":{"line":40,"column":4},"end":{"line":40,"column":5}},"loc":{"start":{"line":40,"column":15},"end":{"line":66,"column":5}},"line":40},"4":{"name":"(anonymous_4)","decl":{"start":{"line":51,"column":55},"end":{"line":51,"column":56}},"loc":{"start":{"line":51,"column":61},"end":{"line":51,"column":77}},"line":51},"5":{"name":"(anonymous_5)","decl":{"start":{"line":70,"column":42},"end":{"line":70,"column":43}},"loc":{"start":{"line":70,"column":83},"end":{"line":97,"column":1}},"line":70},"6":{"name":"(anonymous_6)","decl":{"start":{"line":75,"column":16},"end":{"line":75,"column":17}},"loc":{"start":{"line":75,"column":27},"end":{"line":90,"column":3}},"line":75},"7":{"name":"(anonymous_7)","decl":{"start":{"line":94,"column":39},"end":{"line":94,"column":40}},"loc":{"start":{"line":95,"column":6},"end":{"line":95,"column":61}},"line":95},"8":{"name":"(anonymous_8)","decl":{"start":{"line":99,"column":52},"end":{"line":99,"column":53}},"loc":{"start":{"line":99,"column":78},"end":{"line":132,"column":1}},"line":99},"9":{"name":"(anonymous_9)","decl":{"start":{"line":102,"column":59},"end":{"line":102,"column":60}},"loc":{"start":{"line":102,"column":81},"end":{"line":131,"column":3}},"line":102},"10":{"name":"(anonymous_10)","decl":{"start":{"line":112,"column":53},"end":{"line":112,"column":54}},"loc":{"start":{"line":112,"column":59},"end":{"line":112,"column":75}},"line":112},"11":{"name":"(anonymous_11)","decl":{"start":{"line":134,"column":51},"end":{"line":134,"column":52}},"loc":{"start":{"line":134,"column":77},"end":{"line":156,"column":1}},"line":134},"12":{"name":"(anonymous_12)","decl":{"start":{"line":137,"column":58},"end":{"line":137,"column":59}},"loc":{"start":{"line":137,"column":69},"end":{"line":155,"column":3}},"line":137},"13":{"name":"(anonymous_13)","decl":{"start":{"line":158,"column":43},"end":{"line":158,"column":44}},"loc":{"start":{"line":158,"column":84},"end":{"line":187,"column":1}},"line":158},"14":{"name":"(anonymous_14)","decl":{"start":{"line":164,"column":16},"end":{"line":164,"column":17}},"loc":{"start":{"line":164,"column":38},"end":{"line":180,"column":3}},"line":164},"15":{"name":"(anonymous_15)","decl":{"start":{"line":184,"column":44},"end":{"line":184,"column":45}},"loc":{"start":{"line":185,"column":6},"end":{"line":185,"column":67}},"line":185},"16":{"name":"(anonymous_16)","decl":{"start":{"line":189,"column":43},"end":{"line":189,"column":44}},"loc":{"start":{"line":189,"column":70},"end":{"line":191,"column":1}},"line":189},"17":{"name":"(anonymous_17)","decl":{"start":{"line":190,"column":14},"end":{"line":190,"column":15}},"loc":{"start":{"line":190,"column":20},"end":{"line":190,"column":67}},"line":190}},"branchMap":{"0":{"loc":{"start":{"line":14,"column":18},"end":{"line":16,"column":15}},"type":"cond-expr","locations":[{"start":{"line":15,"column":8},"end":{"line":15,"column":68}},{"start":{"line":16,"column":8},"end":{"line":16,"column":15}}],"line":14},"1":{"loc":{"start":{"line":42,"column":25},"end":{"line":44,"column":15}},"type":"cond-expr","locations":[{"start":{"line":43,"column":10},"end":{"line":43,"column":77}},{"start":{"line":44,"column":10},"end":{"line":44,"column":15}}],"line":42},"2":{"loc":{"start":{"line":47,"column":6},"end":{"line":54,"column":7}},"type":"if","locations":[{"start":{"line":47,"column":6},"end":{"line":54,"column":7}},{"start":{"line":47,"column":6},"end":{"line":54,"column":7}}],"line":47},"3":{"loc":{"start":{"line":76,"column":4},"end":{"line":87,"column":5}},"type":"if","locations":[{"start":{"line":76,"column":4},"end":{"line":87,"column":5}},{"start":{"line":76,"column":4},"end":{"line":87,"column":5}}],"line":76},"4":{"loc":{"start":{"line":77,"column":6},"end":{"line":79,"column":7}},"type":"if","locations":[{"start":{"line":77,"column":6},"end":{"line":79,"column":7}},{"start":{"line":77,"column":6},"end":{"line":79,"column":7}}],"line":77},"5":{"loc":{"start":{"line":84,"column":6},"end":{"line":86,"column":7}},"type":"if","locations":[{"start":{"line":84,"column":6},"end":{"line":86,"column":7}},{"start":{"line":84,"column":6},"end":{"line":86,"column":7}}],"line":84},"6":{"loc":{"start":{"line":103,"column":18},"end":{"line":105,"column":15}},"type":"cond-expr","locations":[{"start":{"line":104,"column":8},"end":{"line":104,"column":68}},{"start":{"line":105,"column":8},"end":{"line":105,"column":15}}],"line":103},"7":{"loc":{"start":{"line":108,"column":4},"end":{"line":115,"column":5}},"type":"if","locations":[{"start":{"line":108,"column":4},"end":{"line":115,"column":5}},{"start":{"line":108,"column":4},"end":{"line":115,"column":5}}],"line":108},"8":{"loc":{"start":{"line":142,"column":23},"end":{"line":144,"column":13}},"type":"cond-expr","locations":[{"start":{"line":143,"column":8},"end":{"line":143,"column":67}},{"start":{"line":144,"column":8},"end":{"line":144,"column":13}}],"line":142},"9":{"loc":{"start":{"line":165,"column":33},"end":{"line":165,"column":87}},"type":"binary-expr","locations":[{"start":{"line":165,"column":33},"end":{"line":165,"column":54}},{"start":{"line":165,"column":58},"end":{"line":165,"column":87}}],"line":165},"10":{"loc":{"start":{"line":166,"column":4},"end":{"line":177,"column":5}},"type":"if","locations":[{"start":{"line":166,"column":4},"end":{"line":177,"column":5}},{"start":{"line":166,"column":4},"end":{"line":177,"column":5}}],"line":166},"11":{"loc":{"start":{"line":167,"column":6},"end":{"line":169,"column":7}},"type":"if","locations":[{"start":{"line":167,"column":6},"end":{"line":169,"column":7}},{"start":{"line":167,"column":6},"end":{"line":169,"column":7}}],"line":167},"12":{"loc":{"start":{"line":171,"column":6},"end":{"line":176,"column":7}},"type":"if","locations":[{"start":{"line":171,"column":6},"end":{"line":176,"column":7}},{"start":{"line":171,"column":6},"end":{"line":176,"column":7}}],"line":171},"13":{"loc":{"start":{"line":173,"column":8},"end":{"line":175,"column":9}},"type":"if","locations":[{"start":{"line":173,"column":8},"end":{"line":175,"column":9}},{"start":{"line":173,"column":8},"end":{"line":175,"column":9}}],"line":173}},"s":{"0":17,"1":10,"2":10,"3":8,"4":8,"5":8,"6":8,"7":17,"8":21,"9":21,"10":19,"11":19,"12":19,"13":18,"14":18,"15":18,"16":11,"17":18,"18":19,"19":19,"20":19,"21":17,"22":35,"23":35,"24":35,"25":4,"26":2,"27":31,"28":31,"29":31,"30":31,"31":2,"32":31,"33":35,"34":21,"35":17,"36":8,"37":8,"38":8,"39":8,"40":7,"41":7,"42":7,"43":2,"44":7,"45":8,"46":8,"47":6,"48":17,"49":14,"50":14,"51":12,"52":12,"53":12,"54":12,"55":12,"56":12,"57":17,"58":18,"59":18,"60":18,"61":18,"62":16,"63":1,"64":15,"65":15,"66":15,"67":1,"68":16,"69":18,"70":6,"71":17,"72":106,"73":106},"f":{"0":10,"1":8,"2":21,"3":19,"4":11,"5":35,"6":35,"7":21,"8":8,"9":8,"10":2,"11":14,"12":12,"13":18,"14":18,"15":6,"16":106,"17":106},"b":{"0":[7,1],"1":[18,1],"2":[18,1],"3":[4,31],"4":[2,2],"5":[2,29],"6":[7,1],"7":[7,1],"8":[11,1],"9":[18,16],"10":[16,2],"11":[1,15],"12":[15,0],"13":[1,14]},"_coverageSchema":"1a1c01bbd47fc00a2c39e90264f33305004495a9","hash":"2eb8760bdeb6d6ae4d0736654fab5dd4129f3a43"}
,"/home/runner/work/entail-core/entail-core/src/deduction-interface/rules-interface/rules-interface.js": {"path":"/home/runner/work/entail-core/entail-core/src/deduction-interface/rules-interface/rules-interface.js","statementMap":{"0":{"start":{"line":35,"column":30},"end":{"line":237,"column":2}},"1":{"start":{"line":35,"column":56},"end":{"line":237,"column":1}},"2":{"start":{"line":37,"column":4},"end":{"line":233,"column":5}},"3":{"start":{"line":39,"column":8},"end":{"line":39,"column":70}},"4":{"start":{"line":39,"column":32},"end":{"line":39,"column":70}},"5":{"start":{"line":40,"column":8},"end":{"line":40,"column":13}},"6":{"start":{"line":43,"column":8},"end":{"line":60,"column":9}},"7":{"start":{"line":44,"column":43},"end":{"line":44,"column":48}},"8":{"start":{"line":45,"column":33},"end":{"line":45,"column":80}},"9":{"start":{"line":45,"column":48},"end":{"line":45,"column":79}},"10":{"start":{"line":47,"column":33},"end":{"line":47,"column":83}},"11":{"start":{"line":48,"column":44},"end":{"line":48,"column":77}},"12":{"start":{"line":50,"column":10},"end":{"line":52,"column":11}},"13":{"start":{"line":51,"column":12},"end":{"line":51,"column":76}},"14":{"start":{"line":54,"column":33},"end":{"line":54,"column":83}},"15":{"start":{"line":55,"column":44},"end":{"line":55,"column":77}},"16":{"start":{"line":57,"column":10},"end":{"line":59,"column":11}},"17":{"start":{"line":58,"column":12},"end":{"line":58,"column":76}},"18":{"start":{"line":61,"column":8},"end":{"line":61,"column":13}},"19":{"start":{"line":64,"column":8},"end":{"line":64,"column":69}},"20":{"start":{"line":67,"column":8},"end":{"line":74,"column":9}},"21":{"start":{"line":68,"column":25},"end":{"line":68,"column":30}},"22":{"start":{"line":69,"column":26},"end":{"line":69,"column":68}},"23":{"start":{"line":71,"column":10},"end":{"line":73,"column":11}},"24":{"start":{"line":72,"column":12},"end":{"line":72,"column":71}},"25":{"start":{"line":75,"column":8},"end":{"line":75,"column":13}},"26":{"start":{"line":78,"column":8},"end":{"line":81,"column":9}},"27":{"start":{"line":79,"column":25},"end":{"line":79,"column":30}},"28":{"start":{"line":80,"column":10},"end":{"line":80,"column":70}},"29":{"start":{"line":82,"column":8},"end":{"line":82,"column":13}},"30":{"start":{"line":85,"column":8},"end":{"line":92,"column":9}},"31":{"start":{"line":86,"column":25},"end":{"line":86,"column":30}},"32":{"start":{"line":87,"column":26},"end":{
[...]
umn":56},"end":{"line":71,"column":3}},"31":{"start":{"line":65,"column":2},"end":{"line":71,"column":3}},"32":{"start":{"line":67,"column":6},"end":{"line":69,"column":7}},"33":{"start":{"line":73,"column":25},"end":{"line":77,"column":1}},"34":{"start":{"line":74,"column":24},"end":{"line":74,"column":55}},"35":{"start":{"line":75,"column":2},"end":{"line":75,"column":87}},"36":{"start":{"line":75,"column":35},"end":{"line":75,"column":87}},"37":{"start":{"line":76,"column":2},"end":{"line":76,"column":22}},"38":{"start":{"line":80,"column":28},"end":{"line":84,"column":1}},"39":{"start":{"line":81,"column":2},"end":{"line":81,"column":52}},"40":{"start":{"line":81,"column":40},"end":{"line":81,"column":52}},"41":{"start":{"line":82,"column":23},"end":{"line":82,"column":37}},"42":{"start":{"line":83,"column":2},"end":{"line":83,"column":38}},"43":{"start":{"line":87,"column":43},"end":{"line":89,"column":1}},"44":{"start":{"line":88,"column":2},"end":{"line":88,"column":77}},"45":{"start":{"line":92,"column":40},"end":{"line":99,"column":1}},"46":{"start":{"line":93,"column":28},"end":{"line":93,"column":35}},"47":{"start":{"line":94,"column":2},"end":{"line":94,"column":49}},"48":{"start":{"line":94,"column":37},"end":{"line":94,"column":49}},"49":{"start":{"line":96,"column":27},"end":{"line":96,"column":35}},"50":{"start":{"line":98,"column":2},"end":{"line":98,"column":52}},"51":{"start":{"line":101,"column":32},"end":{"line":109,"column":1}},"52":{"start":{"line":102,"column":28},"end":{"line":102,"column":35}},"53":{"start":{"line":104,"column":2},"end":{"line":104,"column":46}},"54":{"start":{"line":104,"column":34},"end":{"line":104,"column":46}},"55":{"start":{"line":106,"column":18},"end":{"line":106,"column":26}},"56":{"start":{"line":108,"column":2},"end":{"line":108,"column":40}},"57":{"start":{"line":112,"column":31},"end":{"line":116,"column":1}},"58":{"start":{"line":113,"column":2},"end":{"line":113,"column":58}},"59":{"start":{"line":113,"column":46},"end":{"line":113,"column":58}},"60":{"start":{"line":114,"column":33},"end":{"line":114,"column":50}},"61":{"start":{"line":115,"column":2},"end":{"line":115,"column":73}},"62":{"start":{"line":119,"column":31},"end":{"line":123,"column":1}},"63":{"start":{"line":120,"column":2},"end":{"line":120,"column":58}},"64":{"start":{"line":120,"column":46},"end":{"line":120,"column":58}},"65":{"start":{"line":121,"column":33},"end":{"line":121,"column":50}},"66":{"start":{"line":122,"column":2},"end":{"line":122,"column":73}},"67":{"start":{"line":126,"column":33},"end":{"line":130,"column":1}},"68":{"start":{"line":127,"column":2},"end":{"line":127,"column":58}},"69":{"start":{"line":127,"column":46},"end":{"line":127,"column":58}},"70":{"start":{"line":128,"column":23},"end":{"line":128,"column":40}},"71":{"start":{"line":129,"column":2},"end":{"line":129,"column":40}},"72":{"start":{"line":133,"column":31},"end":{"line":137,"column":1}},"73":{"start":{"line":134,"column":2},"end":{"line":134,"column":58}},"74":{"start":{"line":134,"column":46},"end":{"line":134,"column":58}},"75":{"start":{"line":135,"column":25},"end":{"line":135,"column":42}},"76":{"start":{"line":136,"column":2},"end":{"line":136,"column":40}}},"fnMap":{"0":{"name":"(anonymous_0)","decl":{"start":{"line":7,"column":24},"end":{"line":7,"column":25}},"loc":{"start":{"line":7,"column":58},"end":{"line":22,"column":1}},"line":7},"1":{"name":"(anonymous_1)","decl":{"start":{"line":18,"column":38},"end":{"line":18,"column":39}},"loc":{"start":{"line":18,"column":47},"end":{"line":18,"column":78}},"line":18},"2":{"name":"(anonymous_2)","decl":{"start":{"line":25,"column":35},"end":{"line":25,"column":36}},"loc":{"start":{"line":26,"column":2},"end":{"line":26,"column":64}},"line":26},"3":{"name":"(anonymous_3)","decl":{"start":{"line":29,"column":55},"end":{"line":29,"column":56}},"loc":{"start":{"line":33,"column":5},"end":{"line":61,"column":1}},"line":33},"4":{"name":"(anonymous_4)","decl":{"start":{"line":51,"column":12},"end":{"line":51,"column":13}},"loc":{"start":{"line":51,"column":20},"end":{"line":51,"column":52}},"line":51},"5":{"name":"(anonymous_5)","decl":{"start":{"line":52,"column":9},"end":{"line":52,"column":10}},"loc":{"start":{"line":52,"column":17},"end":{"line":59,"column":5}},"line":52},"6":{"name":"(anonymous_6)","decl":{"start":{"line":53,"column":6},"end":{"line":53,"column":7}},"loc":{"start":{"line":53,"column":37},"end":{"line":57,"column":7}},"line":53},"7":{"name":"(anonymous_7)","decl":{"start":{"line":60,"column":12},"end":{"line":60,"column":13}},"loc":{"start":{"line":60,"column":53},"end":{"line":60,"column":95}},"line":60},"8":{"name":"(anonymous_8)","decl":{"start":{"line":64,"column":56},"end":{"line":64,"column":57}},"loc":{"start":{"line":65,"column":2},"end":{"line":71,"column":3}},"line":65},"9":{"name":"(anonymous_9)","decl":{"start":{"line":66,"column":4},"end":{"line":66,"column":5}},"loc":{"start":{"line":67,"column":6},"end":{"line":69,"column":7}},"line":67},"10":{"name":"(anonymous_10)","decl":{"start":{"line":73,"column":25},"end":{"line":73,"column":26}},"loc":{"start":{"line":73,"column":32},"end":{"line":77,"column":1}},"line":73},"11":{"name":"(anonymous_11)","decl":{"start":{"line":80,"column":28},"end":{"line":80,"column":29}},"loc":{"start":{"line":80,"column":47},"end":{"line":84,"column":1}},"line":80},"12":{"name":"(anonymous_12)","decl":{"start":{"line":87,"column":43},"end":{"line":87,"column":44}},"loc":{"start":{"line":87,"column":67},"end":{"line":89,"column":1}},"line":87},"13":{"name":"(anonymous_13)","decl":{"start":{"line":92,"column":40},"end":{"line":92,"column":41}},"loc":{"start":{"line":92,"column":51},"end":{"line":99,"column":1}},"line":92},"14":{"name":"(anonymous_14)","decl":{"start":{"line":101,"column":32},"end":{"line":101,"column":33}},"loc":{"start":{"line":101,"column":43},"end":{"line":109,"column":1}},"line":101},"15":{"name":"(anonymous_15)","decl":{"start":{"line":112,"column":31},"end":{"line":112,"column":32}},"loc":{"start":{"line":112,"column":55},"end":{"line":116,"column":1}},"line":112},"16":{"name":"(anonymous_16)","decl":{"start":{"line":119,"column":31},"end":{"line":119,"column":32}},"loc":{"start":{"line":119,"column":55},"end":{"line":123,"column":1}},"line":119},"17":{"name":"(anonymous_17)","decl":{"start":{"line":126,"column":33},"end":{"line":126,"column":34}},"loc":{"start":{"line":126,"column":57},"end":{"line":130,"column":1}},"line":126},"18":{"name":"(anonymous_18)","decl":{"start":{"line":133,"column":31},"end":{"line":133,"column":32}},"loc":{"start":{"line":133,"column":55},"end":{"line":137,"column":1}},"line":133}},"branchMap":{"0":{"loc":{"start":{"line":7,"column":34},"end":{"line":7,"column":53}},"type":"default-arg","locations":[{"start":{"line":7,"column":51},"end":{"line":7,"column":53}}],"line":7},"1":{"loc":{"start":{"line":10,"column":2},"end":{"line":10,"column":93}},"type":"if","locations":[{"start":{"line":10,"column":2},"end":{"line":10,"column":93}},{"start":{"line":10,"column":2},"end":{"line":10,"column":93}}],"line":10},"2":{"loc":{"start":{"line":12,"column":2},"end":{"line":16,"column":3}},"type":"if","locations":[{"start":{"line":12,"column":2},"end":{"line":16,"column":3}},{"start":{"line":12,"column":2},"end":{"line":16,"column":3}}],"line":12},"3":{"loc":{"start":{"line":14,"column":4},"end":{"line":14,"column":81}},"type":"if","locations":[{"start":{"line":14,"column":4},"end":{"line":14,"column":81}},{"start":{"line":14,"column":4},"end":{"line":14,"column":81}}],"line":14},"4":{"loc":{"start":{"line":32,"column":2},"end":{"line":32,"column":21}},"type":"default-arg","locations":[{"start":{"line":32,"column":19},"end":{"line":32,"column":21}}],"line":32},"5":{"loc":{"start":{"line":36,"column":2},"end":{"line":38,"column":3}},"type":"if","locations":[{"start":{"line":36,"column":2},"end":{"line":38,"column":3}},{"start":{"line":36,"column":2},"end":{"line":38,"column":3}}],"line":36},"6":{"loc":{"start":{"line":36,"column":6},"end":{"line":36,"column":55}},"type":"binary-expr","locations":[{"start":{"line":36,"column":6},"end":{"line":36,"column":42}},{"start":{"line":36,"column":46},"end":{"line":36,"column":55}}],"line":36},"7":{"loc":{"start":{"line":40,"column":2},"end":{"line":46,"column":3}},"type":"if","locations":[{"start":{"line":40,"column":2},"end":{"line":46,"column":3}},{"start":{"line":40,"column":2},"end":{"line":46,"column":3}}],"line":40},"8":{"loc":{"start":{"line":42,"column":4},"end":{"line":44,"column":5}},"type":"if","locations":[{"start":{"line":42,"column":4},"end":{"line":44,"column":5}},{"start":{"line":42,"column":4},"end":{"line":44,"column":5}}],"line":42},"9":{"loc":{"start":{"line":43,"column":13},"end":{"line":43,"column":57}},"type":"cond-expr","locations":[{"start":{"line":43,"column":36},"end":{"line":43,"column":38}},{"start":{"line":43,"column":41},"end":{"line":43,"column":57}}],"line":43},"10":{"loc":{"start":{"line":75,"column":2},"end":{"line":75,"column":87}},"type":"if","locations":[{"start":{"line":75,"column":2},"end":{"line":75,"column":87}},{"start":{"line":75,"column":2},"end":{"line":75,"column":87}}],"line":75},"11":{"loc":{"start":{"line":81,"column":2},"end":{"line":81,"column":52}},"type":"if","locations":[{"start":{"line":81,"column":2},"end":{"line":81,"column":52}},{"start":{"line":81,"column":2},"end":{"line":81,"column":52}}],"line":81},"12":{"loc":{"start":{"line":88,"column":9},"end":{"line":88,"column":77}},"type":"binary-expr","locations":[{"start":{"line":88,"column":9},"end":{"line":88,"column":41}},{"start":{"line":88,"column":45},"end":{"line":88,"column":77}}],"line":88},"13":{"loc":{"start":{"line":94,"column":2},"end":{"line":94,"column":49}},"type":"if","locations":[{"start":{"line":94,"column":2},"end":{"line":94,"column":49}},{"start":{"line":94,"column":2},"end":{"line":94,"column":49}}],"line":94},"14":{"loc":{"start":{"line":104,"column":2},"end":{"line":104,"column":46}},"type":"if","locations":[{"start":{"line":104,"column":2},"end":{"line":104,"column":46}},{"start":{"line":104,"column":2},"end":{"line":104,"column":46}}],"line":104},"15":{"loc":{"start":{"line":113,"column":2},"end":{"line":113,"column":58}},"type":"if","locations":[{"start":{"line":113,"column":2},"end":{"line":113,"column":58}},{"start":{"line":113,"column":2},"end":{"line":113,"column":58}}],"line":113},"16":{"loc":{"start":{"line":115,"column":9},"end":{"line":115,"column":73}},"type":"binary-expr","locations":[{"start":{"line":115,"column":9},"end":{"line":115,"column":39}},{"start":{"line":115,"column":43},"end":{"line":115,"column":73}}],"line":115},"17":{"loc":{"start":{"line":120,"column":2},"end":{"line":120,"column":58}},"type":"if","locations":[{"start":{"line":120,"column":2},"end":{"line":120,"column":58}},{"start":{"line":120,"column":2},"end":{"line":120,"column":58}}],"line":120},"18":{"loc":{"start":{"line":122,"column":9},"end":{"line":122,"column":73}},"type":"binary-expr","locations":[{"start":{"line":122,"column":9},"end":{"line":122,"column":39}},{"start":{"line":122,"column":43},"end":{"line":122,"column":73}}],"line":122},"19":{"loc":{"start":{"line":127,"column":2},"end":{"line":127,"column":58}},"type":"if","locations":[{"start":{"line":127,"column":2},"end":{"line":127,"column":58}},{"start":{"line":127,"column":2},"end":{"line":127,"column":58}}],"line":127},"20":{"loc":{"start":{"line":134,"column":2},"end":{"line":134,"column":58}},"type":"if","locations":[{"start":{"line":134,"column":2},"end":{"line":134,"column":58}},{"start":{"line":134,"column":2},"end":{"line":134,"column":58}}],"line":134}},"s":{"0":19,"1":14,"2":14,"3":2,"4":12,"5":8,"6":8,"7":1,"8":7,"9":4,"10":6,"11":3,"12":3,"13":19,"14":33,"15":19,"16":354,"17":354,"18":0,"19":354,"20":244,"21":244,"22":129,"23":115,"24":110,"25":110,"26":410,"27":178,"28":341,"29":178,"30":19,"31":341,"32":321,"33":19,"34":113,"35":113,"36":0,"37":113,"38":19,"39":26,"40":9,"41":17,"42":17,"43":19,"44":7,"45":19,"46":2,"47":2,"48":1,"49":1,"50":1,"51":19,"52":3,"53":3,"54":0,"55":3,"56":3,"57":19,"58":6,"59":1,"60":5,"61":5,"62":19,"63":6,"64":1,"65":5,"66":5,"67":19,"68":10,"69":3,"70":7,"71":7,"72":19,"73":4,"74":1,"75":3,"76":3},"f":{"0":14,"1":6,"2":33,"3":354,"4":410,"5":178,"6":341,"7":178,"8":341,"9":321,"10":113,"11":26,"12":7,"13":2,"14":3,"15":6,"16":6,"17":10,"18":4},"b":{"0":[0],"1":[2,12],"2":[8,4],"3":[1,7],"4":[33],"5":[0,354],"6":[354,354],"7":[244,110],"8":[129,115],"9":[79,50],"10":[0,113],"11":[9,17],"12":[7,5],"13":[1,1],"14":[0,3],"15":[1,5],"16":[5,3],"17":[1,5],"18":[5,3],"19":[3,7],"20":[1,3]},"_coverageSchema":"1a1c01bbd47fc00a2c39e90264f33305004495a9","hash":"176b97e7a996d11363f3daddf74ece053f32b75a"}
,"/home/runner/work/entail-core/entail-core/src/propositional-logic/propositional-logic.js": {"path":"/home/runner/work/entail-core/entail-core/src/propositional-logic/propositional-logic.js","statementMap":{"0":{"start":{"line":7,"column":29},"end":{"line":7,"column":73}},"1":{"start":{"line":7,"column":40},"end":{"line":7,"column":73}},"2":{"start":{"line":9,"column":29},"end":{"line":9,"column":74}},"3":{"start":{"line":9,"column":40},"end":{"line":9,"column":74}},"4":{"start":{"line":11,"column":28},"end":{"line":11,"column":87}},"5":{"start":{"line":11,"column":39},"end":{"line":11,"column":87}},"6":{"start":{"line":13,"column":27},"end":{"line":13,"column":61}},"7":{"start":{"line":13,"column":38},"end":{"line":13,"column":61}},"8":{"start":{"line":15,"column":31},"end":{"line":15,"column":65}},"9":{"start":{"line":15,"column":42},"end":{"line":15,"column":65}},"10":{"start":{"line":17,"column":36},"end":{"line":28,"column":1}},"11":{"start":{"line":18,"column":2},"end":{"line":18,"column":63}},"12":{"start":{"line":18,"column":32},"end":{"line":18,"column":63}},"13":{"start":{"line":19,"column":2},"end":{"line":26,"column":3}},"14":{"start":{"line":20,"column":4},"end":{"line":25,"column":5}},"15":{"start":{"line":27,"column":2},"end":{"line":27,"column":93}},"16":{"start":{"line":30,"column":27},"end":{"line":30,"column":93}},"17":{"start":{"line":30,"column":47},"end":{"line":30,"column":93}},"18":{"start":{"line":32,"column":28},"end":{"line":35,"column":1}},"19":{"start":{"line":33,"column":25},"end":{"line":33,"column":57}},"20":{"start":{"line":34,"column":2},"end":{"line":34,"column":56}}},"fnMap":{"0":{"name":"(anonymous_0)","decl":{"start":{"line":7,"column":29},"end":{"line":7,"column":30}},"loc":{"start":{"line":7,"column":40},"end":{"line":7,"column":73}},"line":7},"1":{"name":"(anonymous_1)","decl":{"start":{"line":9,"column":29},"end":{"line":9,"column":30}},"loc":{"start":{"line":9,"column":40},"end":{"line":9,"column":74}},"line":9},"2":{"name":"(anonymous_2)","decl":{"start":{"line":11,"column":28},"end":{"line":11,"column":29}},"loc":{"start":{"line":11,"column":39},"end":{"line":11,"column":87}},"line":11},"3":{"name":"(anonymous_3)","decl":{"start":{"line":13,"column":27},"end":{"line":13,"column":28}},"loc":{"start":{"line":13,"column":38},"end":{"line":13,"column":61}},"line":13},"4":{"name":"(anonymous_4)","decl":{"start":{"line":15,"column":31},"end":{"line":15,"column":32}},"loc":{"start":{"line":15,"column":42},"end":{"line":15,"column":65}},"line":15},"5":{"name":"(anonymous_5)","decl":{"start":{"line":17,"column":36},"end":{"line":17,"column":37}},"loc":{"start":{"line":17,"column":66},"end":{"line":28,"column":1}},"line":17},"6":{"name":"(anonymous_6)","decl":{"start":{"line":30,"column":27},"end":{"line":30,"column":28}},"loc":{"start":{"line":30,"column":47},"end":{"line":30,"column":93}},"line":30},"7":{"name":"(anonymous_7)","decl":{"start":{"line":32,"column":28},"end":{"line":32,"column":29}},"loc":{"start":{"line":32,"column":48},"end":{"line":35,"column":1}},"line":32}},"branchMap":{"0":{"loc":{"start":{"line":11,"column":39},"end":{"line":11,"column":87}},"type":"binary-expr","locations":[{"start":{"line":11,"column":39},"end":{"line":11,"column":61}},{"start":{"line":11,"column":65},"end":{"line":11,"column":87}}],"line":11},"1":{"loc":{"start":{"line":18,"column":2},"end":{"line":18,"column":63}},"type":"if","locations":[{"start":{"line":18,"column":2},"end":{"line":18,"column":63}},{"start":{"line":18,"column":2},"end":{"line":18,"column":63}}],"line":18},"2":{"loc":{"start":{"line":19,"column":2},"end":{"line":26,"column":3}},"type":"if","locations":[{"start":{"line":19,"column":2},"end":{"line":26,"column":3}},{"start":{"line":19,"column":2},"end":{"line":26,"column":3}}],"line":19}},"s":{"0":18,"1":0,"2":18,"3":27,"4":18,"5":0,"6":18,"7":27,"8":18,"9":0,"10":18,"11":16,"12":2,"13":14,"14":3,"15":11,"16":18,"17":27,"18":18,"19":27,"20":27},"f":{"0":0,"1":27,"2":0,"3":27,"4":0,"5":16,"6":27,"7":27},"b":{"0":[0,0],"1":[2,14],"2":[3,11]},"_coverageSchema":"1a1c01bbd47fc00a2c39e90264f33305004495a9","hash":"7dfff02f400d0f31ceda0b4ecba6978b5ec54030"}
,"/home/runner/work/entail-core/entail-core/src/propositional-logic/reduce-to-truth-functional.js": {"path":"/home/runner/work/entail-core/entail-core/src/propositional-logic/reduce-to-truth-functional.js","statementMap":{"0":{"start":{"line":6,"column":39},"end":{"line":7,"column":54}},"1":{"start":{"line":7,"column":2},"end":{"line":7,"column":54}},"2":{"start":{"line":9,"column":49},"end":{"line":40,"column":1}},"3":{"start":{"line":10,"column":28},"end":{"line":10,"column":35}},"4":{"start":{"line":12,"column":2},"end":{"line":24,"column":3}},"5":{"start":{"line":13,"column":42},"end":{"line":21,"column":29}},"6":{"start":{"line":18,"column":12},"end":{"line":18,"column":79}},"7":{"start":{"line":20,"column":8},"end":{"line":20,"column":63}},"8":{"start":{"line":23,"column":4},"end":{"line":23,"column":71}},"9":{"start":{"line":26,"column":28},"end":{"line":26,"column":41}},"10":{"start":{"line":28,"column":21},"end":{"line":28,"column":44}},"11":{"start":{"line":30,"column":23},"end":{"line":30,"column":48}},"12":{"start":{"line":31,"column":2},"end":{"line":37,"column":3}},"13":{"start":{"line":32,"column":4},"end":{"line":32,"column":81}},"14":{"start":{"line":33,"column":4},"end":{"line":36,"column":5}},"15":{"start":{"line":39,"column":2},"end":{"line":39,"column":67}}},"fnMap":{"0":{"name":"(anonymous_0)","decl":{"start":{"line":6,"column":39},"end":{"line":6,"column":40}},"loc":{"start":{"line":7,"column":2},"end":{"line":7,"column":54}},"line":7},"1":{"name":"(anonymous_1)","decl":{"start":{"line":9,"column":49},"end":{"line":9,"column":50}},"loc":{"start":{"line":9,"column":82},"end":{"line":40,"column":1}},"line":9},"2":{"name":"(anonymous_2)","decl":{"start":{"line":14,"column":6},"end":{"line":14,"column":7}},"loc":{"start":{"line":14,"column":56},"end":{"line":21,"column":7}},"line":14}},"branchMap":{"0":{"loc":{"start":{"line":9,"column":59},"end":{"line":9,"column":77}},"type":"default-arg","locations":[{"start":{"line":9,"column":75},"end":{"line":9,"column":77}}],"line":9},"1":{"loc":{"start":{"line":12,"column":2},"end":{"line":24,"column":3}},"type":"if","locations":[{"start":{"line":12,"column":2},"end":{"line":24,"column":3}},{"start":{"line":12,"column":2},"end":{"line":24,"column":3}}],"line":12},"2":{"loc":{"start":{"line":12,"column":6},"end":{"line":12,"column":56}},"type":"binary-expr","locations":[{"start":{"line":12,"column":6},"end":{"line":12,"column":42}},{"start":{"line":12,"column":46},"end":{"line":12,"column":56}}],"line":12},"3":{"loc":{"start":{"line":31,"column":2},"end":{"line":37,"column":3}},"type":"if","locations":[{"start":{"line":31,"column":2},"end":{"line":37,"column":3}},{"start":{"line":31,"column":2},"end":{"line":37,"column":3}}],"line":31}},"s":{"0":18,"1":27,"2":18,"3":165,"4":165,"5":125,"6":138,"7":138,"8":125,"9":40,"10":40,"11":40,"12":40,"13":23,"14":23,"15":40},"f":{"0":27,"1":165,"2":138},"b":{"0":[27],"1":[125,40],"2":[165,130],"3":[23,17]},"_coverageSchema":"1a1c01bbd47fc00a2c39e90264f33305004495a9","hash":"775ed1c5c43ea86958b72acae4baf7e3dbe00561"}
}
