{"/home/runner/work/entail-core/entail-core/src/deduction-inflate-deflate.js": {"path":"/home/runner/work/entail-core/entail-core/src/deduction-inflate-deflate.js","statementMap":{"0":{"start":{"line":9,"column":23},"end":{"line":70,"column":4}},"1":{"start":{"line":10,"column":2},"end":{"line":70,"column":4}},"2":{"start":{"line":11,"column":68},"end":{"line":11,"column":72}},"3":{"start":{"line":13,"column":19},"end":{"line":13,"column":72}},"4":{"start":{"line":13,"column":52},"end":{"line":13,"column":63}},"5":{"start":{"line":15,"column":4},"end":{"line":67,"column":5}},"6":{"start":{"line":17,"column":8},"end":{"line":17,"column":32}},"7":{"start":{"line":18,"column":8},"end":{"line":18,"column":13}},"8":{"start":{"line":21,"column":8},"end":{"line":21,"column":32}},"9":{"start":{"line":22,"column":8},"end":{"line":22,"column":13}},"10":{"start":{"line":25,"column":8},"end":{"line":25,"column":32}},"11":{"start":{"line":26,"column":8},"end":{"line":26,"column":13}},"12":{"start":{"line":29,"column":8},"end":{"line":29,"column":13}},"13":{"start":{"line":32,"column":37},"end":{"line":35,"column":9}},"14":{"start":{"line":37,"column":8},"end":{"line":37,"column":41}},"15":{"start":{"line":38,"column":8},"end":{"line":38,"column":32}},"16":{"start":{"line":39,"column":8},"end":{"line":39,"column":32}},"17":{"start":{"line":40,"column":8},"end":{"line":40,"column":13}},"18":{"start":{"line":43,"column":37},"end":{"line":46,"column":9}},"19":{"start":{"line":48,"column":8},"end":{"line":48,"column":32}},"20":{"start":{"line":49,"column":8},"end":{"line":49,"column":32}},"21":{"start":{"line":51,"column":8},"end":{"line":51,"column":13}},"22":{"start":{"line":54,"column":8},"end":{"line":57,"column":9}},"23":{"start":{"line":58,"column":8},"end":{"line":58,"column":13}},"24":{"start":{"line":61,"column":8},"end":{"line":64,"column":9}},"25":{"start":{"line":65,"column":8},"end":{"line":65,"column":13}},"26":{"start":{"line":69,"column":4},"end":{"line":69,"column":17}},"27":{"start":{"line":72,"column":23},"end":{"line":106,"column":1}},"28":{"start":{"line":73,"column":27},"end":{"line":73,"column":43}},"29":{"start":{"line":75,"column":2},"end":{"line":103,"column":4}},"30":{"start":{"line":76,"column":26},"end":{"line":76,"column":93}},"31":{"start":{"line":77,"column":4},"end":{"line":102,"column":5}},"32":{"start":{"line":79,"column":8},"end":{"line":79,"column":62}},"33":{"start":{"line":80,"column":8},"end":{"line":80,"column":13}},"34":{"start":{"line":82,"column":8},"end":{"line":82,"column":62}},"35":{"start":{"line":83,"column":8},"end":{"line":83,"column":13}},"36":{"start":{"line":85,"column":8},"end":{"line":85,"column":62}},"37":{"start":{"line":86,"column":8},"end":{"line":86,"column":13}},"38":{"start":{"line":88,"column":8},"end":{"line":88,"column":50}},"39":{"start":{"line":89,"column":8},"end":{"line":89,"column":13}},"40":{"start":{"line":91,"column":8},"end":{"line":91,"column":62}},"41":{"start":{"line":92,"column":8},"end":{"line":92,"column":13}},"42":{"start":{"line":94,"column":8},"end":{"line":94,"column":62}},"43":{"start":{"line":95,"column":8},"end":{"line":95,"column":13}},"44":{"start":{"line":97,"column":8},"end":{"line":97,"column":62}},"45":{"start":{"line":98,"column":8},"end":{"line":98,"column":13}},"46":{"start":{"line":100,"column":8},"end":{"line":100,"column":62}},"47":{"start":{"line":101,"column":8},"end":{"line":101,"column":13}},"48":{"start":{"line":105,"column":2},"end":{"line":105,"column":37}}},"fnMap":{"0":{"name":"(anonymous_0)","decl":{"start":{"line":9,"column":23},"end":{"line":9,"column":24}},"loc":{"start":{"line":10,"column":2},"end":{"line":70,"column":4}},"line":10},"1":{"name":"(anonymous_1)","decl":{"start":{"line":10,"column":22},"end":{"line":10,"column":23}},"loc":{"start":{"line":10,"column":30},"end":{"line":70,"column":3}},"line":10},"2":{"name":"(anonymous_2)","decl":{"start":{"line":13,"column":41},"end":{"line":13,"column":42}},"loc":{"start":{"line":13,"column":52},"end":{"line":13,"column":63}},"line":13},"3":{"name":"(anonymous_3)","decl":{"start":{"line":72,"column":23},"end":{"line":72,"column":24}},"loc":{"start":{"line":72,"column":32},"end":{"line":106,"column":1}},"line":72},"4":{"name":"(anonymous_4)","decl":{"start":{"line":75,"column":16},"end":{"line":75,"column":17}},"loc":{"start":{"line":75,"column":24},"end":{"line":103,"column":3}},"line":75}},"branchMap":{"0":{"loc":{"start":{"line":15,"column":4},"end":{"line":67,"column":5}},"type":"switch","locations":[{"start":{"line":16,"column":6},"end":{"line":19,"column":7}},{"start":{"line":20,"column":6},"end":{"line":23,"column":7}},{"start":{"line":24,"column":6},"end":{"line":27,"column":7}},{"start":{"line":28,"column":6},"end":{"line":30,"column":7}},{"start":{"line":31,"column":6},"end":{"line":41,"column":7}},{"start":{"line":42,"column":6},"end":{"line":52,"column":7}},{"start":{"line":53,"column":6},"end":{"line":59,"column":7}},{"start":{"line":60,"column":6},"end":{"line":66,"column":7}}],"line":15},"1":{"loc":{"start":{"line":77,"column":4},"end":{"line":102,"column":5}},"type":"switch","locations":[{"start":{"line":78,"column":6},"end":{"line":80,"column":13}},{"start":{"line":81,"column":6},"end":{"line":83,"column":13}},{"start":{"line":84,"column":6},"end":{"line":86,"column":13}},{"start":{"line":87,"column":6},"end":{"line":89,"column":13}},{"start":{"line":90,"column":6},"end":{"line":92,"column":13}},{"start":{"line":93,"column":6},"end":{"line":95,"column":13}},{"start":{"line":96,"column":6},"end":{"line":98,"column":13}},{"start":{"line":99,"column":6},"end":{"line":101,"column":13}}],"line":77}},"s":{"0":1,"1":2,"2":17,"3":17,"4":19,"5":17,"6":4,"7":4,"8":0,"9":0,"10":1,"11":1,"12":4,"13":1,"14":1,"15":1,"16":1,"17":1,"18":2,"19":2,"20":2,"21":2,"22":3,"23":3,"24":2,"25":2,"26":17,"27":1,"28":2,"29":2,"30":17,"31":17,"32":4,"33":4,"34":0,"35":0,"36":1,"37":1,"38":4,"39":4,"40":1,"41":1,"42":2,"43":2,"44":3,"45":3,"46":2,"47":2,"48":2},"f":{"0":2,"1":17,"2":19,"3":2,"4":17},"b":{"0":[4,0,1,4,1,2,3,2],"1":[4,0,1,4,1,2,3,2]},"_coverageSchema":"1a1c01bbd47fc00a2c39e90264f33305004495a9","hash":"4c0feb5c84c5cfb2d7a51be3049bc58794cea3b7"}
,"/home/runner/work/entail-core/entail-core/src/error.js": {"path":"/home/runner/work/entail-core/entail-core/src/error.js","statementMap":{"0":{"start":{"line":2,"column":16},"end":{"line":2,"column":34}},"1":{"start":{"line":3,"column":2},"end":{"line":3,"column":19}},"2":{"start":{"line":4,"column":2},"end":{"line":4,"column":39}},"3":{"start":{"line":5,"column":2},"end":{"line":5,"column":21}},"4":{"start":{"line":6,"column":2},"end":{"line":6,"column":14}},"5":{"start":{"line":9,"column":25},"end":{"line":37,"column":1}}},"fnMap":{"0":{"name":"createError","decl":{"start":{"line":1,"column":16},"end":{"line":1,"column":27}},"loc":{"start":{"line":1,"column":55},"end":{"line":7,"column":1}},"line":1}},"branchMap":{"0":{"loc":{"start":{"line":1,"column":34},"end":{"line":1,"column":46}},"type":"default-arg","locations":[{"start":{"line":1,"column":44},"end":{"line":1,"column":46}}],"line":1}},"s":{"0":22,"1":22,"2":22,"3":22,"4":22,"5":20},"f":{"0":22},"b":{"0":[22]},"_coverageSchema":"1a1c01bbd47fc00a2c39e90264f33305004495a9","hash":"c640fb70eca6caf0ea47026ea953a2a4c0991b59"}
,"/home/runner/work/entail-core/entail-core/src/formula-construction-util.js": {"path":"/home/runner/work/entail-core/entail-core/src/formula-construction-util.js","statementMap":{"0":{"start":{"line":5,"column":33},"end":{"line":6,"column":83}},"1":{"start":{"line":6,"column":2},"end":{"line":6,"column":83}},"2":{"start":{"line":8,"column":61},"end":{"line":12,"column":4}},"3":{"start":{"line":9,"column":2},"end":{"line":12,"column":4}}},"fnMap":{"0":{"name":"(anonymous_0)","decl":{"start":{"line":5,"column":33},"end":{"line":5,"column":34}},"loc":{"start":{"line":6,"column":2},"end":{"line":6,"column":83}},"line":6},"1":{"name":"(anonymous_1)","decl":{"start":{"line":8,"column":61},"end":{"line":8,"column":62}},"loc":{"start":{"line":9,"column":2},"end":{"line":12,"column":4}},"line":9}},"branchMap":{"0":{"loc":{"start":{"line":6,"column":2},"end":{"line":6,"column":83}},"type":"cond-expr","locations":[{"start":{"line":6,"column":26},"end":{"line":6,"column":37}},{"start":{"line":6,"column":40},"end":{"line":6,"column":83}}],"line":6}},"s":{"0":12,"1":15,"2":12,"3":12},"f":{"0":15,"1":12},"b":{"0":[1,14]},"_coverageSchema":"1a1c01bbd47fc00a2c39e90264f33305004495a9","hash":"4533ca2d923ec1b5cf60fc48ef0625a9f51b15d6"}
,"/home/runner/work/entail-core/entail-core/src/primitive-syms.js": {"path":"/home/runner/work/entail-core/entail-core/src/primitive-syms.js","statementMap":{"0":{"start":{"line":3,"column":24},"end":{"line":3,"column":51}},"1":{"start":{"line":4,"column":27},"end":{"line":4,"column":54}},"2":{"start":{"line":5,"column":27},"end":{"line":5,"column":54}},"3":{"start":{"line":6,"column":27},"end":{"line":6,"column":54}},"4":{"start":{"line":7,"column":27},"end":{"line":7,"column":54}},"5":{"start":{"line":8,"column":35},"end":{"line":8,"column":75}},"6":{"start":{"line":9,"column":37},"end":{"line":9,"column":77}},"7":{"start":{"line":11,"column":29},"end":{"line":19,"column":1}}},"fnMap":{},"branchMap":{},"s":{"0":19,"1":19,"2":19,"3":19,"4":19,"5":19,"6":19,"7":19},"f":{},"b":{},"_coverageSchema":"1a1c01bbd47fc00a2c39e90264f33305004495a9","hash":"ae9c64e1d2cbe0cac84114d7c4d3f054a1c10fee"}
,"/home/runner/work/entail-core/entail-core/src/utils.js": {"path":"/home/runner/work/entail-core/entail-core/src/utils.js","statementMap":{"0":{"start":{"line":2,"column":30},"end":{"line":15,"column":1}},"1":{"start":{"line":3,"column":18},"end":{"line":3,"column":27}},"2":{"start":{"line":4,"column":19},"end":{"line":4,"column":28}},"3":{"start":{"line":6,"column":2},"end":{"line":12,"column":3}},"4":{"start":{"line":7,"column":4},"end":{"line":11,"column":5}},"5":{"start":{"line":8,"column":6},"end":{"line":8,"column":39}},"6":{"start":{"line":10,"column":6},"end":{"line":10,"column":37}},"7":{"start":{"line":14,"column":2},"end":{"line":14,"column":19}}},"fnMap":{"0":{"name":"(anonymous_0)","decl":{"start":{"line":2,"column":30},"end":{"line":2,"column":31}},"loc":{"start":{"line":2,"column":39},"end":{"line":15,"column":1}},"line":2}},"branchMap":{"0":{"loc":{"start":{"line":7,"column":4},"end":{"line":11,"column":5}},"type":"if","locations":[{"start":{"line":7,"column":4},"end":{"line":11,"column":5}},{"start":{"line":7,"column":4},"end":{"line":11,"column":5}}],"line":7}},"s":{"0":3,"1":0,"2":0,"3":0,"4":0,"5":0,"6":0,"7":0},"f":{"0":0},"b":{"0":[0,0]},"_coverageSchema":"1a1c01bbd47fc00a2c39e90264f33305004495a9","hash":"f159e28b768838c5bf530ab3b2597c3f4db21c5c"}
,"/home/runner/work/entail-core/entail-core/src/abstract-structures/expression-pointer.js": {"path":"/home/runner/work/entail-core/entail-core/src/abstract-structures/expression-pointer.js","statementMap":{"0":{"start":{"line":7,"column":33},"end":{"line":7,"column":94}},"1":{"start":{"line":7,"column":69},"end":{"line":7,"column":93}},"2":{"start":{"line":9,"column":0},"end":{"line":9,"column":67}},"3":{"start":{"line":9,"column":38},"end":{"line":9,"column":67}},"4":{"start":{"line":11,"column":0},"end":{"line":12,"column":67}},"5":{"start":{"line":12,"column":2},"end":{"line":12,"column":67}},"6":{"start":{"line":15,"column":0},"end":{"line":18,"column":1}},"7":{"start":{"line":16,"column":2},"end":{"line":16,"column":93}},"8":{"start":{"line":16,"column":41},"end":{"line":16,"column":93}},"9":{"start":{"line":17,"column":2},"end":{"line":17,"column":64}},"10":{"start":{"line":23,"column":0},"end":{"line":34,"column":1}},"11":{"start":{"line":24,"column":2},"end":{"line":24,"column":57}},"12":{"start":{"line":24,"column":41},"end":{"line":24,"column":57}},"13":{"start":{"line":26,"column":2},"end":{"line":26,"column":55}},"14":{"start":{"line":28,"column":24},"end":{"line":28,"column":60}},"15":{"start":{"line":29,"column":23},"end":{"line":29,"column":65}},"16":{"start":{"line":31,"column":2},"end":{"line":33,"column":65}},"17":{"start":{"line":37,"column":0},"end":{"line":43,"column":1}},"18":{"start":{"line":38,"column":17},"end":{"line":38,"column":53}},"19":{"start":{"line":40,"column":2},"end":{"line":42,"column":55}},"20":{"start":{"line":42,"column":21},"end":{"line":42,"column":54}},"21":{"start":{"line":46,"column":0},"end":{"line":52,"column":1}},"22":{"start":{"line":47,"column":17},"end":{"line":47,"column":53}},"23":{"start":{"line":49,"column":2},"end":{"line":51,"column":55}},"24":{"start":{"line":51,"column":21},"end":{"line":51,"column":54}},"25":{"start":{"line":55,"column":0},"end":{"line":59,"column":1}},"26":{"start":{"line":56,"column":17},"end":{"line":56,"column":53}},"27":{"start":{"line":58,"column":2},"end":{"line":58,"column":80}},"28":{"start":{"line":65,"column":0},"end":{"line":79,"column":1}},"29":{"start":{"line":66,"column":2},"end":{"line":66,"column":50}},"30":{"start":{"line":66,"column":41},"end":{"line":66,"column":50}},"31":{"start":{"line":67,"column":17},"end":{"line":67,"column":53}},"32":{"start":{"line":68,"column":19},"end":{"line":68,"column":63}},"33":{"start":{"line":70,"column":17},"end":{"line":70,"column":19}},"34":{"start":{"line":72,"column":2},"end":{"line":74,"column":3}},"35":{"start":{"line":73,"column":4},"end":{"line":73,"column":34}},"36":{"start":{"line":76,"column":2},"end":{"line":76,"column":63}},"37":{"start":{"line":78,"column":2},"end":{"line":78,"column":15}}},"fnMap":{"0":{"name":"(anonymous_0)","decl":{"start":{"line":7,"column":33},"end":{"line":7,"column":34}},"loc":{"start":{"line":7,"column":69},"end":{"line":7,"column":93}},"line":7},"1":{"name":"(anonymous_1)","decl":{"start":{"line":9,"column":27},"end":{"line":9,"column":28}},"loc":{"start":{"line":9,"column":38},"end":{"line":9,"column":67}},"line":9},"2":{"name":"(anonymous_2)","decl":{"start":{"line":11,"column":30},"end":{"line":11,"column":31}},"loc":{"start":{"line":12,"column":2},"end":{"line":12,"column":67}},"line":12},"3":{"name":"(anonymous_3)","decl":{"start":{"line":15,"column":30},"end":{"line":15,"column":31}},"loc":{"start":{"line":15,"column":41},"end":{"line":18,"column":1}},"line":15},"4":{"name":"(anonymous_4)","decl":{"start":{"line":23,"column":42},"end":{"line":23,"column":43}},"loc":{"start":{"line":23,"column":60},"end":{"line":34,"column":1}},"line":23},"5":{"name":"(anonymous_5)","decl":{"start":{"line":37,"column":40},"end":{"line":37,"column":41}},"loc":{"start":{"line":37,"column":58},"end":{"line":43,"column":1}},"line":37},"6":{"name":"(anonymous_6)","decl":{"start":{"line":42,"column":9},"end":{"line":42,"column":10}},"loc":{"start":{"line":42,"column":21},"end":{"line":42,"column":54}},"line":42},"7":{"name":"(anonymous_7)","decl":{"start":{"line":46,"column":41},"end":{"line":46,"column":42}},"loc":{"start":{"line":46,"column":52},"end":{"line":52,"column":1}},"line":46},"8":{"name":"(anonymous_8)","decl":{"start":{"line":51,"column":9},"end":{"line":51,"column":10}},"loc":{"start":{"line":51,"column":21},"end":{"line":51,"column":54}},"line":51},"9":{"name":"(anonymous_9)","decl":{"start":{"line":55,"column":44},"end":{"line":55,"column":45}},"loc":{"start":{"line":55,"column":55},"end":{"line":59,"column":1}},"line":55},"10":{"name":"(anonymous_10)","decl":{"start":{"line":65,"column":33},"end":{"line":65,"column":34}},"loc":{"start":{"line":65,"column":44},"end":{"line":79,"column":1}},"line":65}},"branchMap":{"0":{"loc":{"start":{"line":7,"column":48},"end":{"line":7,"column":61}},"type":"default-arg","locations":[{"start":{"line":7,"column":59},"end":{"line":7,"column":61}}],"line":7},"1":{"loc":{"start":{"line":16,"column":2},"end":{"line":16,"column":93}},"type":"if","locations":[{"start":{"line":16,"column":2},"end":{"line":16,"column":93}},{"start":{"line":16,"column":2},"end":{"line":16,"column":93}}],"line":16},"2":{"loc":{"start":{"line":24,"column":2},"end":{"line":24,"column":57}},"type":"if","locations":[{"start":{"line":24,"column":2},"end":{"line":24,"column":57}},{"start":{"line":24,"column":2},"end":{"line":24,"column":57}}],"line":24},"3":{"loc":{"start":{"line":26,"column":8},"end":{"line":26,"column":55}},"type":"binary-expr","locations":[{"start":{"line":26,"column":8},"end":{"line":26,"column":11}},{"start":{"line":26,"column":15},"end":{"line":26,"column":55}}],"line":26},"4":{"loc":{"start":{"line":31,"column":9},"end":{"line":33,"column":65}},"type":"cond-expr","locations":[{"start":{"line":32,"column":6},"end":{"line":32,"column":28}},{"start":{"line":33,"column":6},"end":{"line":33,"column":65}}],"line":31},"5":{"loc":{"start":{"line":66,"column":2},"end":{"line":66,"column":50}},"type":"if","locations":[{"start":{"line":66,"column":2},"end":{"line":66,"column":50}},{"start":{"line":66,"column":2},"end":{"line":66,"column":50}}],"line":66},"6":{"loc":{"start":{"line":72,"column":2},"end":{"line":74,"column":3}},"type":"if","locations":[{"start":{"line":72,"column":2},"end":{"line":74,"column":3}},{"start":{"line":72,"column":2},"end":{"line":74,"column":3}}],"line":72}},"s":{"0":19,"1":24,"2":19,"3":63,"4":19,"5":26,"6":19,"7":25,"8":1,"9":24,"10":19,"11":11,"12":4,"13":7,"14":7,"15":7,"16":7,"17":19,"18":1,"19":1,"20":1,"21":19,"22":2,"23":2,"24":1,"25":19,"26":0,"27":0,"28":19,"29":27,"30":11,"31":16,"32":16,"33":16,"34":16,"35":9,"36":16,"37":16},"f":{"0":24,"1":63,"2":26,"3":25,"4":11,"5":1,"6":1,"7":2,"8":1,"9":0,"10":27},"b":{"0":[2],"1":[1,24],"2":[4,7],"3":[7,0],"4":[3,4],"5":[11,16],"6":[9,7]},"_coverageSchema":"1a1c01bbd47fc00a2c39e90264f33305004495a9","hash":"66b690e2e641d175578c13ff019ff8c83fb0d6f3"}
,"/home/runner/work/entail-core/entail-core/src/abstract-structures/expression-util.js": {"path":"/home/runner/work/entail-core/entail-core/src/abstract-structures/expression-util.js","statementMap":{"0":{"start":{"line":6,"column":36},"end":{"line":13,"column":1}},"1":{"start":{"line":7,"column":2},"end":{"line":7,"column":81}},"2":{"start":{"line":7,"column":30},"end":{"line":7,"column":81}},"3":{"start":{"line":8,"column":35},"end":{"line":8,"column":46}},"4":{"start":{"line":10,"column":18},"end":{"line":10,"column":83}},"5":{"start":{"line":10,"column":37},"end":{"line":10,"column":83}},"6":{"start":{"line":12,"column":2},"end":{"line":12,"column":53}}},"fnMap":{"0":{"name":"(anonymous_0)","decl":{"start":{"line":6,"column":36},"end":{"line":6,"column":37}},"loc":{"start":{"line":6,"column":58},"end":{"line":13,"column":1}},"line":6},"1":{"name":"(anonymous_1)","decl":{"start":{"line":10,"column":18},"end":{"line":10,"column":19}},"loc":{"start":{"line":10,"column":37},"end":{"line":10,"column":83}},"line":10}},"branchMap":{"0":{"loc":{"start":{"line":7,"column":2},"end":{"line":7,"column":81}},"type":"if","locations":[{"start":{"line":7,"column":2},"end":{"line":7,"column":81}},{"start":{"line":7,"column":2},"end":{"line":7,"column":81}}],"line":7}},"s":{"0":19,"1":18,"2":2,"3":16,"4":16,"5":25,"6":16},"f":{"0":18,"1":25},"b":{"0":[2,16]},"_coverageSchema":"1a1c01bbd47fc00a2c39e90264f33305004495a9","hash":"15a694a5b8097e999867c426450698a19b16f4d4"}
,"/home/runner/work/entail-core/entail-core/src/abstract-structures/expression.js": {"path":"/home/runner/work/entail-core/entail-core/src/abstract-structures/expression.js","statementMap":{"0":{"start":{"line":6,"column":26},"end":{"line":16,"column":35}},"1":{"start":{"line":16,"column":7},"end":{"line":16,"column":34}},"2":{"start":{"line":19,"column":0},"end":{"line":25,"column":1}},"3":{"start":{"line":20,"column":16},"end":{"line":20,"column":38}},"4":{"start":{"line":21,"column":2},"end":{"line":23,"column":3}},"5":{"start":{"line":22,"column":4},"end":{"line":22,"column":80}},"6":{"start":{"line":24,"column":2},"end":{"line":24,"column":14}},"7":{"start":{"line":28,"column":0},"end":{"line":35,"column":1}},"8":{"start":{"line":29,"column":2},"end":{"line":29,"column":46}},"9":{"start":{"line":29,"column":29},"end":{"line":29,"column":46}},"10":{"start":{"line":31,"column":39},"end":{"line":31,"column":47}},"11":{"start":{"line":32,"column":16},"end":{"line":32,"column":59}},"12":{"start":{"line":34,"column":2},"end":{"line":34,"column":56}},"13":{"start":{"line":38,"column":0},"end":{"line":54,"column":1}},"14":{"start":{"line":39,"column":2},"end":{"line":39,"column":52}},"15":{"start":{"line":39,"column":29},"end":{"line":39,"column":52}},"16":{"start":{"line":41,"column":39},"end":{"line":41,"column":47}},"17":{"start":{"line":43,"column":22},"end":{"line":43,"column":41}},"18":{"start":{"line":44,"column":19},"end":{"line":44,"column":42}},"19":{"start":{"line":45,"column":19},"end":{"line":45,"column":91}},"20":{"start":{"line":47,"column":22},"end":{"line":51,"column":3}},"21":{"start":{"line":53,"column":2},"end":{"line":53,"column":49}},"22":{"start":{"line":58,"column":0},"end":{"line":62,"column":1}},"23":{"start":{"line":59,"column":27},"end":{"line":59,"column":76}},"24":{"start":{"line":60,"column":27},"end":{"line":60,"column":51}},"25":{"start":{"line":61,"column":2},"end":{"line":61,"column":80}},"26":{"start":{"line":65,"column":0},"end":{"line":75,"column":1}},"27":{"start":{"line":66,"column":17},"end":{"line":66,"column":29}},"28":{"start":{"line":68,"column":2},"end":{"line":72,"column":3}},"29":{"start":{"line":69,"column":41},"end":{"line":69,"column":49}},"30":{"start":{"line":70,"column":18},"end":{"line":70,"column":61}},"31":{"start":{"line":71,"column":4},"end":{"line":71,"column":74}},"32":{"start":{"line":74,"column":2},"end":{"line":74,"column":15}},"33":{"start":{"line":78,"column":0},"end":{"line":99,"column":4}},"34":{"start":{"line":87,"column":2},"end":{"line":99,"column":4}},"35":{"start":{"line":88,"column":40},"end":{"line":88,"column":53}},"36":{"start":{"line":90,"column":24},"end":{"line":90,"column":78}},"37":{"start":{"line":91,"column":24},"end":{"line":91,"column":72}},"38":{"start":{"line":93,"column":4},"end":{"line":98,"column":5}},"39":{"start":{"line":102,"column":0},"end":{"line":116,"column":1}},"40":{"start":{"line":103,"column":17},"end":{"line":103,"column":19}},"41":{"start":{"line":105,"column":2},"end":{"line":105,"column":51}},"42":{"start":{"line":105,"column":36},"end":{"line":105,"column":51}},"43":{"start":{"line":107,"column":2},"end":{"line":113,"column":3}},"44":{"start":{"line":108,"column":4},"end":{"line":112,"column":6}},"45":{"start":{"line":109,"column":6},"end":{"line":111,"column":63}},"46":{"start":{"line":111,"column":31},"end":{"line":111,"column":60}},"47":{"start":{"line":115,"column":2},"end":{"line":115,"column":15}},"48":{"start":{"line":120,"column":0},"end":{"line":133,"column":1}},"49":{"start":{"line":121,"column":19},"end":{"line":121,"column":38}},"50":{"start":{"line":122,"column":2},"end":{"line":124,"column":3}},"51":{"start":{"line":123,"column":4},"end":{"line":123,"column":72}},"52":{"start":{"line":126,"column":2},"end":{"line":132,"column":3}},"53":{"start":{"line":129,"column":6},"end":{"line":131,"column":48}},"54":{"start":{"line":131,"column":28},"end":{"line":131,"column":47}},"55":{"start":{"line":136,"column":0},"end":{"line":156,"column":5}},"56":{"start":{"line":145,"column":2},"end":{"line":156,"column":5}},"57":{"start":{"line":148,"column":44},"end":{"line":154,"column":7}},"58":{"start":{"line":152,"column":54},"end":{"line":152,"column":75}},"59":{"start":{"line":153,"column":51},"end":{"line":153,"column":69}},"60":{"start":{"line":160,"column":0},"end":{"line":166,"column":1}},"61":{"start":{"line":161,"column":49},"end":{"line":163,"column":90}},"62":{"start":{"line":163,"column":31},"end":{"line":163,"column":77}},"63":{"start":{"line":165,"column":2},"end":{"line":165,"column":72}},"64":{"start":{"line":170,"column":0},"end":{"line":175,"column":3}},"65":{"start":{"line":171,"column":2},"end":{"line":175,"column":3}},"66":{"start":{"line":174,"column":21},"end":{"line":174,"column":78}},"67":{"start":{"line":179,"column":0},"end":{"line":192,"column":1}},"68":{"start":{"line":180,"column":17},"end":{"line":180,"column":19}},"69":{"start":{"line":181,"column":2},"end":{"line":181,"column":44}},"70":{"start":{"line":183,"column":2},"end":{"line":185,"column":3}},"71":{"start":{"line":184,"column":4},"end":{"line":184,"column":56}},"72":{"start":{"line":187,"column":2},"end":{"line":189,"column":4}},"73":{"start":{"line":188,"column":4},"end":{"line":188,"column":52}},"74":{"start":{"line":191,"column":2},"end":{"line":191,"column":15}},"75":{"start":{"line":197,"column":0},"end":{"line":213,"column":1}},"76":{"start":{"line":198,"column":17},"end":{"line":198,"column":19}},"77":{"start":{"line":200,"column":2},"end":{"line":202,"column":3}},"78":{"start":{"line":201,"column":4},"end":{"line":201,"column":46}},"79":{"start":{"line":204,"column":2},"end":{"line":206,"column":3}},"80":{"start":{"line":205,"column":4},"end":{"line":205,"column":79}},"81":{"start":{"line":208,"column":2},"end":{"line":210,"column":4}},"82":{"start":{"line":209,"column":4},"end":{"line":209,"column":67}},"83":{"start":{"line":212,"column":2},"end":{"line":212,"column":15}},"84":{"start":{"line":216,"column":0},"end":{"line":220,"column":3}},"85":{"start":{"line":217,"column":2},"end":{"line":220,"column":3}},"86":{"start":{"line":219,"column":11},"end":{"line":219,"column":33}},"87":{"start":{"line":226,"column":0},"end":{"line":244,"column":1}},"88":{"start":{"line":227,"column":15},"end":{"line":227,"column":17}},"89":{"start":{"line":229,"column":2},"end":{"line":229,"column":54}},"90":{"start":{"line":229,"column":36},"end":{"line":229,"column":54}},"91":{"start":{"line":231,"column":2},"end":{"line":234,"column":3}},"92":{"start":{"line":232,"column":4},"end":{"line":232,"column":56}},"93":{"start":{"line":232,"column":43},"end":{"line":232,"column":56}},"94":{"start":{"line":233,"column":4},"end":{"line":233,"column":59}},"95":{"start":{"line":236,"column":2},"end":{"line":241,"column":4}},"96":{"start":{"line":238,"column":6},"end":{"line":238,"column":75}},"97":{"start":{"line":240,"column":4},"end":{"line":240,"column":58}},"98":{"start":{"line":243,"column":2},"end":{"line":243,"column":15}},"99":{"start":{"line":246,"column":24},"end":{"line":258,"column":1}},"100":{"start":{"line":247,"column":2},"end":{"line":250,"column":3}},"101":{"start":{"line":248,"column":4},"end":{"line":248,"column":71}},"102":{"start":{"line":248,"column":32},"end":{"line":248,"column":71}},"103":{"start":{"line":249,"column":4},"end":{"line":249,"column":49}},"104":{"start":{"line":252,"column":2},"end":{"line":257,"column":3}},"105":{"start":{"line":253,"column":4},"end":{"line":253,"column":45}},"106":{"start":{"line":255,"column":4},"end":{"line":255,"column":71}},"107":{"start":{"line":255,"column":32},"end":{"line":255,"column":71}},"108":{"start":{"line":256,"column":4},"end":{"line":256,"column":86}}},"fnMap":{"0":{"name":"(anonymous_0)","decl":{"start":{"line":6,"column":26},"end":{"line":6,"column":27}},"loc":{"start":{"line":16,"column":7},"end":{"line":16,"column":34}},"line":16},"1":{"name":"(anonymous_1)","decl":{"start":{"line":19,"column":22},"end":{"line":19,"column":23}},"loc":{"start":{"line":19,"column":41},"end":{"line":25,"column":1}},"line":19},"2":{"name":"(anonymous_2)","decl":{"start":{"line":28,"column":30},"end":{"line":28,"column":31}},"loc":{"start":{"line":28,"column":56},"end":{"line":35,"column":1}},"line":28},"3":{"name":"(anonymous_3)","decl":{"start":{"line":38,"column":34},"end":{"line":38,"column":35}},"loc":{"start":{"line":38,"column":78},"end":{"line":54,"column":1}},"line":38},"4":{"name":"(anonymous_4)","decl":{"start":{"line":58,"column":33},"end":{"line":58,"column":34}},"loc":{"start":{"line":58,"column":67},"end":{"line":62,"column":1}},"line":58},"5":{"name":"(anonymous_5)","decl":{"start":{"line":65,"column":37},"end":{"line":65,"column":38}},"loc":{"start":{"line":65,"column":63},"end":{"line":75,"column":1}},"line":65},"6":{"name":"(anonymous_6)","decl":{"start":{"line":78,"column":26},"end":{"line":78,"column":27}},"loc":{"start":{"line":87,"column":2},"end":{"line":99,"column":4}},"line":87},"7":{"name":"(anonymous_7)","decl":{"start":{"line":87,"column":55},"end":{"line":87,"column":56}},"loc":{"start":{"line":87,"column":72},"end":{"line":99,"column":3}},"line":87},"8":{"name":"(anonymous_8)","decl":{"start":{"line":102,"column":33},"end":{"line":102,"column":34}},"loc":{"start":{"line":102,"column":54},"end":{"line":116,"column":1}},"line":102},"9":{"name":"(anonymous_9)","decl":{"start":{"line":108,"column":32},"end":{"line":108,"column":33}},"loc":{"start":{"line":108,"column":46},"end":{"line":112,"column":5}},"line":108},"10":{"name":"(anonymous_10)","decl":{"start":{"line":111,"column":17},"end":{"line":111,"column":18}},"loc":{"start":{"line":111,"column":29},"end":{"line":111,"column":62}},"line":111},"11":{"name":"(anonymous_11)","decl":{"start":{"line":120,"column":34},"end":{"line":120,"column":35}},"loc":{"start":{"line":120,"column":48},"end":{"line":133,"column":1}},"line":120},"12":{"name":"(anonymous_12)","decl":{"start":{"line":128,"column":4},"end":{"line":128,"column":5}},"loc":{"start":{"line":129,"column":6},"end":{"line":131,"column":48}},"line":129},"13":{"name":"(anonymous_13)","decl":{"start":{"line":131,"column":13},"end":{"line":131,"column":14}},"loc":{"start":{"line":131,"column":28},"end":{"line":131,"column":47}},"line":131},"14":{"name":"(anonymous_14)","decl":{"start":{"line":136,"column":36},"end":{"line":136,"column":37}},"loc":{"start":{"line":145,"column":2},"end":{"line":156,"column":5}},"line":145},"15":{"name":"(anonymous_15)","decl":{"start":{"line":148,"column":6},"end":{"line":148,"column":7}},"loc":{"start":{"line":148,"column":44},"end":{"line":154,"column":7}},"line":148},"16":{"name":"(anonymous_16)","decl":{"start":{"line":152,"column":48},"end":{"line":152,"column":49}},"loc":{"start":{"line":152,"column":54},"end":{"line":152,"column":75}},"line":152},"17":{"name":"(anonymous_17)","decl":{"start":{"line":153,"column":45},"end":{"line":153,"column":46}},"loc":{"start":{"line":153,"column":51},"end":{"line":153,"column":69}},"line":153},"18":{"name":"(anonymous_18)","decl":{"start":{"line":160,"column":37},"end":{"line":160,"column":38}},"loc":{"start":{"line":160,"column":61},"end":{"line":166,"column":1}},"line":160},"19":{"name":"(anonymous_19)","decl":{"start":{"line":163,"column":12},"end":{"line":163,"column":13}},"loc":{"start":{"line":163,"column":31},"end":{"line":163,"column":77}},"line":163},"20":{"name":"(anonymous_20)","decl":{"start":{"line":170,"column":39},"end":{"line":170,"column":40}},"loc":{"start":{"line":171,"column":2},"end":{"line":175,"column":3}},"line":171},"21":{"name":"(anonymous_21)","decl":{"start":{"line":174,"column":4},"end":{"line":174,"column":5}},"loc":{"start":{"line":174,"column":21},"end":{"line":174,"column":78}},"line":174},"22":{"name":"(anonymous_22)","decl":{"start":{"line":179,"column":21},"end":{"line":179,"column":22}},"loc":{"start":{"line":179,"column":35},"end":{"line":192,"column":1}},"line":179},"23":{"name":"(anonymous_23)","decl":{"start":{"line":187,"column":30},"end":{"line":187,"column":31}},"loc":{"start":{"line":187,"column":39},"end":{"line":189,"column":3}},"line":187},"24":{"name":"(anonymous_24)","decl":{"start":{"line":197,"column":25},"end":{"line":197,"column":26}},"loc":{"start":{"line":197,"column":57},"end":{"line":213,"column":1}},"line":197},"25":{"name":"(anonymous_25)","decl":{"start":{"line":208,"column":30},"end":{"line":208,"column":31}},"loc":{"start":{"line":208,"column":39},"end":{"line":210,"column":3}},"line":208},"26":{"name":"(anonymous_26)","decl":{"start":{"line":216,"column":26},"end":{"line":216,"column":27}},"loc":{"start":{"line":217,"column":2},"end":{"line":220,"column":3}},"line":217},"27":{"name":"(anonymous_27)","decl":{"start":{"line":219,"column":4},"end":{"line":219,"column":5}},"loc":{"start":{"line":219,"column":11},"end":{"line":219,"column":33}},"line":219},"28":{"name":"(anonymous_28)","decl":{"start":{"line":226,"column":49},"end":{"line":226,"column":50}},"loc":{"start":{"line":226,"column":86},"end":{"line":244,"column":1}},"line":226},"29":{"name":"(anonymous_29)","decl":{"start":{"line":236,"column":30},"end":{"line":236,"column":31}},"loc":{"start":{"line":236,"column":39},"end":{"line":241,"column":3}},"line":236},"30":{"name":"(anonymous_30)","decl":{"start":{"line":246,"column":24},"end":{"line":246,"column":25}},"loc":{"start":{"line":246,"column":67},"end":{"line":258,"column":1}},"line":246}},"branchMap":{"0":{"loc":{"start":{"line":15,"column":2},"end":{"line":15,"column":15}},"type":"default-arg","locations":[{"start":{"line":15,"column":13},"end":{"line":15,"column":15}}],"line":15},"1":{"loc":{"start":{"line":21,"column":2},"end":{"line":23,"column":3}},"type":"if","locations":[{"start":{"line":21,"column":2},"end":{"line":23,"column":3}},{"start":{"line":21,"column":2},"end":{"line":23,"column":3}}],"line":21},"2":{"loc":{"start":{"line":29,"column":2},"end":{"line":29,"column":46}},"type":"if","locations":[{"start":{"line":29,"column":2},"end":{"line":29,"column":46}},{"start":{"line":29,"column":2},"end":{"line":29,"column":46}}],"line":29},"3":{"loc":{"start":{"line":39,"column":2},"end":{"line":39,"column":52}},"type":"if","locations":[{"start":{"line":39,"column":2},"end":{"line":39,"column":52}},{"start":{"line":39,"column":2},"end":{"line":39,"column":52}}],"line":39},"4":{"loc":{"start":{"line":68,"column":2},"end":{"line":72,"column":3}},"type":"if","locations":[{"start":{"line":68,"column":2},"end":{"line":72,"column":3}},{"start":{"line":68,"column":2},"end":{"line":72,"column":3}}],"line":68},"5":{"loc":{"start":{"line":90,"column":24},"end":{"line":90,"column":78}},"type":"cond-expr","locations":[{"start":{"line":90,"column":39},"end":{"line":90,"column":66}},{"start":{"line":90,"column":69},"end":{"line":90,"column":78}}],"line":90},"6":{"loc":{"start":{"line":90,"column":39},"end":{"line":90,"column":66}},"type":"binary-expr","locations":[{"start":{"line":90,"column":39},"end":{"line":90,"column":47}},{"start":{"line":90,"column":51},"end":{"line":90,"column":66}}],"line":90},"7":{"loc":{"start":{"line":105,"column":2},"end":{"line":105,"column":51}},"type":"if","locations":[{"start":{"line":105,"column":2},"end":{"line":105,"column":51}},{"start":{"line":105,"column":2},"end":{"line":105,"column":51}}],"line":105},"8":{"loc":{"start":{"line":107,"column":2},"end":{"line":113,"column":3}},"type":"if","locations":[{"start":{"line":107,"column":2},"end":{"line":113,"column":3}},{"start":{"line":107,"column":2},"end":{"line":113,"column":3}}],"line":107},"9":{"loc":{"start":{"line":122,"column":2},"end":{"line":124,"column":3}},"type":"if","locations":[{"start":{"line":122,"column":2},"end":{"line":124,"column":3}},{"start":{"line":122,"column":2},"end":{"line":124,"column":3}}],"line":122},"10":{"loc":{"start":{"line":152,"column":8},"end":{"line":152,"column":75}},"type":"cond-expr","locations":[{"start":{"line":152,"column":36},"end":{"line":152,"column":45}},{"start":{"line":152,"column":48},"end":{"line":152,"column":75}}],"line":152},"11":{"loc":{"start":{"line":153,"column":8},"end":{"line":153,"column":69}},"type":"cond-expr","locations":[{"start":{"line":153,"column":33},"end":{"line":153,"column":42}},{"start":{"line":153,"column":45},"end":{"line":153,"column":69}}],"line":153},"12":{"loc":{"start":{"line":183,"column":2},"end":{"line":185,"column":3}},"type":"if","locations":[{"start":{"line":183,"column":2},"end":{"line":185,"column":3}},{"start":{"line":183,"column":2},"end":{"line":185,"column":3}}],"line":183},"13":{"loc":{"start":{"line":197,"column":38},"end":{"line":197,"column":52}},"type":"default-arg","locations":[{"start":{"line":197,"column":50},"end":{"line":197,"column":52}}],"line":197},"14":{"loc":{"start":{"line":200,"column":2},"end":{"line":202,"column":3}},"type":"if","locations":[{"start":{"line":200,"column":2},"end":{"line":202,"column":3}},{"start":{"line":200,"column":2},"end":{"line":202,"column":3}}],"line":200},"15":{"loc":{"start":{"line":204,"column":2},"end":{"line":206,"column":3}},"type":"if","locations":[{"start":{"line":204,"column":2},"end":{"line":206,"column":3}},{"start":{"line":204,"column":2},"end":{"line":206,"column":3}}],"line":204},"16":{"loc":{"start":{"line":216,"column":39},"end":{"line":216,"column":53}},"type":"default-arg","locations":[{"start":{"line":216,"column":51},"end":{"line":216,"column":53}}],"line":216},"17":{"loc":{"start":{"line":226,"column":67},"end":{"line":226,"column":81}},"type":"default-arg","locations":[{"start":{"line":226,"column":79},"end":{"line":226,"column":81}}],"line":226},"18":{"loc":{"start":{"line":229,"column":2},"end":{"line":229,"column":54}},"type":"if","locations":[{"start":{"line":229,"column":2},"end":{"line":229,"column":54}},{"start":{"line":229,"column":2},"end":{"line":229,"column":54}}],"line":229},"19":{"loc":{"start":{"line":231,"column":2},"end":{"line":234,"column":3}},"type":"if","locations":[{"start":{"line":231,"column":2},"end":{"line":234,"column":3}},{"start":{"line":231,"column":2},"end":{"line":234,"column":3}}],"line":231},"20":{"loc":{"start":{"line":232,"column":4},"end":{"line":232,"column":56}},"type":"if","locations":[{"start":{"line":232,"column":4},"end":{"line":232,"column":56}},{"start":{"line":232,"column":4},"end":{"line":232,"column":56}}],"line":232},"21":{"loc":{"start":{"line":247,"column":2},"end":{"line":250,"column":3}},"type":"if","locations":[{"start":{"line":247,"column":2},"end":{"line":250,"column":3}},{"start":{"line":247,"column":2},"end":{"line":250,"column":3}}],"line":247},"22":{"loc":{"start":{"line":248,"column":4},"end":{"line":248,"column":71}},"type":"if","locations":[{"start":{"line":248,"column":4},"end":{"line":248,"column":71}},{"start":{"line":248,"column":4},"end":{"line":248,"column":71}}],"line":248},"23":{"loc":{"start":{"line":252,"column":2},"end":{"line":257,"column":3}},"type":"if","locations":[{"start":{"line":252,"column":2},"end":{"line":257,"column":3}},{"start":{"line":252,"column":2},"end":{"line":257,"column":3}}],"line":252},"24":{"loc":{"start":{"line":255,"column":4},"end":{"line":255,"column":71}},"type":"if","locations":[{"start":{"line":255,"column":4},"end":{"line":255,"column":71}},{"start":{"line":255,"column":4},"end":{"line":255,"column":71}}],"line":255}},"s":{"0":19,"1":1285,"2":19,"3":144,"4":144,"5":0,"6":144,"7":19,"8":255,"9":114,"10":141,"11":141,"12":141,"13":19,"14":137,"15":57,"16":80,"17":80,"18":80,"19":80,"20":80,"21":80,"22":19,"23":57,"24":57,"25":57,"26":19,"27":6,"28":6,"29":3,"30":3,"31":3,"32":6,"33":19,"34":55,"35":55,"36":55,"37":55,"38":55,"39":19,"40":291,"41":291,"42":102,"43":291,"44":284,"45":199,"46":144,"47":291,"48":19,"49":42,"50":42,"51":2,"52":40,"53":40,"54":42,"55":19,"56":44,"57":51,"58":3,"59":2,"60":19,"61":4,"62":4,"63":4,"64":19,"65":2,"66":2,"67":19,"68":17,"69":17,"70":17,"71":3,"72":17,"73":12,"74":17,"75":19,"76":102,"77":102,"78":90,"79":102,"80":13,"81":102,"82":68,"83":102,"84":19,"85":16,"86":41,"87":19,"88":131,"89":131,"90":45,"91":131,"92":13,"93":1,"94":12,"95":130,"96":92,"97":92,"98":130,"99":19,"100":55,"101":0,"102":0,"103":0,"104":55,"105":53,"106":2,"107":0,"108":2},"f":{"0":1285,"1":144,"2":255,"3":137,"4":57,"5":6,"6":55,"7":55,"8":291,"9":199,"10":144,"11":42,"12":40,"13":42,"14":44,"15":51,"16":3,"17":2,"18":4,"19":4,"20":2,"21":2,"22":17,"23":12,"24":102,"25":68,"26":16,"27":41,"28":131,"29":92,"30":55},"b":{"0":[50],"1":[0,144],"2":[114,141],"3":[57,80],"4":[3,3],"5":[3,52],"6":[3,3],"7":[102,189],"8":[284,7],"9":[2,40],"10":[38,13],"11":[38,13],"12":[3,14],"13":[18],"14":[90,12],"15":[13,89],"16":[16],"17":[39],"18":[45,86],"19":[13,118],"20":[1,12],"21":[0,55],"22":[0,0],"23":[53,2],"24":[0,2]},"_coverageSchema":"1a1c01bbd47fc00a2c39e90264f33305004495a9","hash":"18d5890dd08b8d338f4071acb5d1de4bd8276170"}
,"/home/runner/work/entail-core/entail-core/src/abstract-structures/index.js": {"path":"/home/runner/work/entail-core/entail-core/src/abstract-structures/index.js","statementMap":{},"fnMap":{},"branchMap":{},"s":{},"f":{},"b":{},"_coverageSchema":"1a1c01bbd47fc00a2c39e90264f33305004495a9","hash":"a2a7e2d6c607d384687981ce3d65b6787e17b6c8"}
,"/home/runner/work/entail-core/entail-core/src/abstract-structures/sym.js": {"path":"/home/runner/work/entail-core/entail-core/src/abstract-structures/sym.js","statementMap":{"0":{"start":{"line":3,"column":19},"end":{"line":20,"column":53}},"1":{"start":{"line":20,"column":12},"end":{"line":20,"column":52}},"2":{"start":{"line":22,"column":0},"end":{"line":23,"column":58}},"3":{"start":{"line":23,"column":2},"end":{"line":23,"column":58}},"4":{"start":{"line":25,"column":0},"end":{"line":25,"column":61}},"5":{"start":{"line":25,"column":25},"end":{"line":25,"column":61}},"6":{"start":{"line":26,"column":0},"end":{"line":26,"column":61}},"7":{"start":{"line":26,"column":25},"end":{"line":26,"column":61}},"8":{"start":{"line":27,"column":0},"end":{"line":27,"column":61}},"9":{"start":{"line":27,"column":25},"end":{"line":27,"column":61}},"10":{"start":{"line":28,"column":0},"end":{"line":28,"column":61}},"11":{"start":{"line":28,"column":25},"end":{"line":28,"column":61}},"12":{"start":{"line":30,"column":0},"end":{"line":49,"column":1}},"13":{"start":{"line":31,"column":2},"end":{"line":48,"column":3}},"14":{"start":{"line":33,"column":6},"end":{"line":38,"column":7}},"15":{"start":{"line":35,"column":10},"end":{"line":35,"column":28}},"16":{"start":{"line":37,"column":10},"end":{"line":37,"column":28}},"17":{"start":{"line":39,"column":6},"end":{"line":39,"column":11}},"18":{"start":{"line":41,"column":6},"end":{"line":46,"column":7}},"19":{"start":{"line":43,"column":10},"end":{"line":43,"column":28}},"20":{"start":{"line":45,"column":10},"end":{"line":45,"column":28}},"21":{"start":{"line":47,"column":6},"end":{"line":47,"column":11}},"22":{"start":{"line":51,"column":0},"end":{"line":58,"column":1}},"23":{"start":{"line":52,"column":2},"end":{"line":57,"column":3}},"24":{"start":{"line":54,"column":6},"end":{"line":54,"column":39}},"25":{"start":{"line":56,"column":6},"end":{"line":56,"column":39}},"26":{"start":{"line":60,"column":0},"end":{"line":83,"column":1}},"27":{"start":{"line":61,"column":2},"end":{"line":82,"column":3}},"28":{"start":{"line":63,"column":6},"end":{"line":66,"column":7}},"29":{"start":{"line":68,"column":6},"end":{"line":71,"column":7}},"30":{"start":{"line":73,"column":6},"end":{"line":76,"column":7}},"31":{"start":{"line":78,"column":6},"end":{"line":81,"column":7}},"32":{"start":{"line":85,"column":0},"end":{"line":85,"column":45}},"33":{"start":{"line":85,"column":28},"end":{"line":85,"column":45}},"34":{"start":{"line":87,"column":0},"end":{"line":87,"column":48}},"35":{"start":{"line":87,"column":29},"end":{"line":87,"column":48}},"36":{"start":{"line":89,"column":20},"end":{"line":92,"column":1}},"37":{"start":{"line":98,"column":24},"end":{"line":110,"column":1}},"38":{"start":{"line":124,"column":19},"end":{"line":129,"column":1}},"39":{"start":{"line":131,"column":21},"end":{"line":131,"column":92}},"40":{"start":{"line":131,"column":47},"end":{"line":131,"column":92}}},"fnMap":{"0":{"name":"(anonymous_0)","decl":{"start":{"line":3,"column":19},"end":{"line":3,"column":20}},"loc":{"start":{"line":20,"column":12},"end":{"line":20,"column":52}},"line":20},"1":{"name":"(anonymous_1)","decl":{"start":{"line":22,"column":19},"end":{"line":22,"column":20}},"loc":{"start":{"line":23,"column":2},"end":{"line":23,"column":58}},"line":23},"2":{"name":"(anonymous_2)","decl":{"start":{"line":25,"column":9},"end":{"line":25,"column":10}},"loc":{"start":{"line":25,"column":25},"end":{"line":25,"column":61}},"line":25},"3":{"name":"(anonymous_3)","decl":{"start":{"line":26,"column":9},"end":{"line":26,"column":10}},"loc":{"start":{"line":26,"column":25},"end":{"line":26,"column":61}},"line":26},"4":{"name":"(anonymous_4)","decl":{"start":{"line":27,"column":9},"end":{"line":27,"column":10}},"loc":{"start":{"line":27,"column":25},"end":{"line":27,"column":61}},"line":27},"5":{"name":"(anonymous_5)","decl":{"start":{"line":28,"column":9},"end":{"line":28,"column":10}},"loc":{"start":{"line":28,"column":25},"end":{"line":28,"column":61}},"line":28},"6":{"name":"(anonymous_6)","decl":{"start":{"line":30,"column":18},"end":{"line":30,"column":19}},"loc":{"start":{"line":30,"column":25},"end":{"line":49,"column":1}},"line":30},"7":{"name":"(anonymous_7)","decl":{"start":{"line":51,"column":28},"end":{"line":51,"column":29}},"loc":{"start":{"line":51,"column":36},"end":{"line":58,"column":1}},"line":51},"8":{"name":"(anonymous_8)","decl":{"start":{"line":60,"column":27},"end":{"line":60,"column":28}},"loc":{"start":{"line":60,"column":39},"end":{"line":83,"column":1}},"line":60},"9":{"name":"(anonymous_9)","decl":{"start":{"line":85,"column":12},"end":{"line":85,"column":13}},"loc":{"start":{"line":85,"column":28},"end":{"line":85,"column":45}},"line":85},"10":{"name":"(anonymous_10)","decl":{"start":{"line":87,"column":13},"end":{"line":87,"column":14}},"loc":{"start":{"line":87,"column":29},"end":{"line":87,"column":48}},"line":87},"11":{"name":"(anonymous_11)","decl":{"start":{"line":131,"column":21},"end":{"line":131,"column":22}},"loc":{"start":{"line":131,"column":47},"end":{"line":131,"column":92}},"line":131}},"branchMap":{"0":{"loc":{"start":{"line":3,"column":20},"end":{"line":20,"column":6}},"type":"default-arg","locations":[{"start":{"line":20,"column":4},"end":{"line":20,"column":6}}],"line":3},"1":{"loc":{"start":{"line":6,"column":2},"end":{"line":6,"column":8}},"type":"default-arg","locations":[{"start":{"line":6,"column":7},"end":{"line":6,"column":8}}],"line":6},"2":{"loc":{"start":{"line":10,"column":2},"end":{"line":10,"column":21}},"type":"default-arg","locations":[{"start":{"line":10,"column":9},"end":{"line":10,"column":21}}],"line":10},"3":{"loc":{"start":{"line":13,"column":2},"end":{"line":13,"column":29}},"type":"default-arg","locations":[{"start":{"line":13,"column":17},"end":{"line":13,"column":29}}],"line":13},"4":{"loc":{"start":{"line":16,"column":2},"end":{"line":16,"column":11}},"type":"default-arg","locations":[{"start":{"line":16,"column":10},"end":{"line":16,"column":11}}],"line":16},"5":{"loc":{"start":{"line":19,"column":2},"end":{"line":19,"column":15}},"type":"default-arg","locations":[{"start":{"line":19,"column":10},"end":{"line":19,"column":15}}],"line":19},"6":{"loc":{"start":{"line":22,"column":30},"end":{"line":22,"column":40}},"type":"default-arg","locations":[{"start":{"line":22,"column":38},"end":{"line":22,"column":40}}],"line":22},"7":{"loc":{"start":{"line":25,"column":10},"end":{"line":25,"column":20}},"type":"default-arg","locations":[{"start":{"line":25,"column":18},"end":{"line":25,"column":20}}],"line":25},"8":{"loc":{"start":{"line":26,"column":10},"end":{"line":26,"column":20}},"type":"default-arg","locations":[{"start":{"line":26,"column":18},"end":{"line":26,"column":20}}],"line":26},"9":{"loc":{"start":{"line":27,"column":10},"end":{"line":27,"column":20}},"type":"default-arg","locations":[{"start":{"line":27,"column":18},"end":{"line":27,"column":20}}],"line":27},"10":{"loc":{"start":{"line":28,"column":10},"end":{"line":28,"column":20}},"type":"default-arg","locations":[{"start":{"line":28,"column":18},"end":{"line":28,"column":20}}],"line":28},"11":{"loc":{"start":{"line":31,"column":2},"end":{"line":48,"column":3}},"type":"switch","locations":[{"start":{"line":32,"column":4},"end":{"line":39,"column":11}},{"start":{"line":40,"column":4},"end":{"line":47,"column":11}}],"line":31},"12":{"loc":{"start":{"line":33,"column":6},"end":{"line":38,"column":7}},"type":"switch","locations":[{"start":{"line":34,"column":8},"end":{"line":35,"column":28}},{"start":{"line":36,"column":8},"end":{"line":37,"column":28}}],"line":33},"13":{"loc":{"start":{"line":41,"column":6},"end":{"line":46,"column":7}},"type":"switch","locations":[{"start":{"line":42,"column":8},"end":{"line":43,"column":28}},{"start":{"line":44,"column":8},"end":{"line":45,"column":28}}],"line":41},"14":{"loc":{"start":{"line":52,"column":2},"end":{"line":57,"column":3}},"type":"switch","locations":[{"start":{"line":53,"column":4},"end":{"line":54,"column":39}},{"start":{"line":55,"column":4},"end":{"line":56,"column":39}}],"line":52},"15":{"loc":{"start":{"line":61,"column":2},"end":{"line":82,"column":3}},"type":"switch","locations":[{"start":{"line":62,"column":4},"end":{"line":66,"column":7}},{"start":{"line":67,"column":4},"end":{"line":71,"column":7}},{"start":{"line":72,"column":4},"end":{"line":76,"column":7}},{"start":{"line":77,"column":4},"end":{"line":81,"column":7}}],"line":61}},"s":{"0":20,"1":536,"2":20,"3":179,"4":20,"5":162,"6":20,"7":5,"8":20,"9":1,"10":20,"11":7,"12":20,"13":619,"14":536,"15":498,"16":38,"17":0,"18":83,"19":1,"20":82,"21":0,"22":20,"23":2,"24":1,"25":1,"26":20,"27":183,"28":164,"29":7,"30":3,"31":9,"32":20,"33":0,"34":20,"35":40,"36":20,"37":20,"38":20,"39":20,"40":0},"f":{"0":536,"1":179,"2":162,"3":5,"4":1,"5":7,"6":619,"7":2,"8":183,"9":0,"10":40,"11":0},"b":{"0":[0],"1":[12],"2":[0],"3":[0],"4":[46],"5":[145],"6":[4],"7":[1],"8":[1],"9":[1],"10":[1],"11":[536,83],"12":[498,38],"13":[1,82],"14":[1,1],"15":[164,7,3,9]},"_coverageSchema":"1a1c01bbd47fc00a2c39e90264f33305004495a9","hash":"7b2b91fba30afdfa456ccbf90426027aee2ce1c0"}
,"/home/runner/work/entail-core/entail-core/src/deduction-interface/deduction-interface-util.js": {"path":"/home/runner/work/entail-core/entail-core/src/deduction-interface/deduction-interface-util.js","statementMap":{"0":{"start":{"line":7,"column":53},"end":{"line":19,"column":1}},"1":{"start":{"line":8,"column":28},"end":{"line":8,"column":68}},"2":{"start":{"line":9,"column":2},"end":{"line":9,"column":53}},"3":{"start":{"line":9,"column":37},"end":{"line":9,"column":53}},"4":{"start":{"line":11,"column":2},"end":{"line":18,"column":3}},"5":{"start":{"line":12,"column":4},"end":{"line":12,"column":77}},"6":{"start":{"line":14,"column":4},"end":{"line":16,"column":5}},"7":{"start":{"line":15,"column":6},"end":{"line":15,"column":62}},"8":{"start":{"line":17,"column":4},"end":{"line":17,"column":11}},"9":{"start":{"line":23,"column":59},"end":{"line":39,"column":1}},"10":{"start":{"line":24,"column":18},"end":{"line":24,"column":34}},"11":{"start":{"line":25,"column":2},"end":{"line":25,"column":85}},"12":{"start":{"line":25,"column":29},"end":{"line":25,"column":85}},"13":{"start":{"line":27,"column":2},"end":{"line":38,"column":3}},"14":{"start":{"line":28,"column":43},"end":{"line":28,"column":83}},"15":{"start":{"line":29,"column":4},"end":{"line":29,"column":70}},"16":{"start":{"line":29,"column":52},"end":{"line":29,"column":70}},"17":{"start":{"line":30,"column":31},"end":{"line":30,"column":59}},"18":{"start":{"line":31,"column":20},"end":{"line":31,"column":73}},"19":{"start":{"line":32,"column":4},"end":{"line":32,"column":31}},"20":{"start":{"line":34,"column":4},"end":{"line":36,"column":5}},"21":{"start":{"line":35,"column":6},"end":{"line":35,"column":62}},"22":{"start":{"line":37,"column":4},"end":{"line":37,"column":11}}},"fnMap":{"0":{"name":"(anonymous_0)","decl":{"start":{"line":7,"column":53},"end":{"line":7,"column":54}},"loc":{"start":{"line":7,"column":75},"end":{"line":19,"column":1}},"line":7},"1":{"name":"(anonymous_1)","decl":{"start":{"line":23,"column":59},"end":{"line":23,"column":60}},"loc":{"start":{"line":23,"column":81},"end":{"line":39,"column":1}},"line":23}},"branchMap":{"0":{"loc":{"start":{"line":9,"column":2},"end":{"line":9,"column":53}},"type":"if","locations":[{"start":{"line":9,"column":2},"end":{"line":9,"column":53}},{"start":{"line":9,"column":2},"end":{"line":9,"column":53}}],"line":9},"1":{"loc":{"start":{"line":14,"column":4},"end":{"line":16,"column":5}},"type":"if","locations":[{"start":{"line":14,"column":4},"end":{"line":16,"column":5}},{"start":{"line":14,"column":4},"end":{"line":16,"column":5}}],"line":14},"2":{"loc":{"start":{"line":25,"column":2},"end":{"line":25,"column":85}},"type":"if","locations":[{"start":{"line":25,"column":2},"end":{"line":25,"column":85}},{"start":{"line":25,"column":2},"end":{"line":25,"column":85}}],"line":25},"3":{"loc":{"start":{"line":29,"column":4},"end":{"line":29,"column":70}},"type":"if","locations":[{"start":{"line":29,"column":4},"end":{"line":29,"column":70}},{"start":{"line":29,"column":4},"end":{"line":29,"column":70}}],"line":29},"4":{"loc":{"start":{"line":34,"column":4},"end":{"line":36,"column":5}},"type":"if","locations":[{"start":{"line":34,"column":4},"end":{"line":36,"column":5}},{"start":{"line":34,"column":4},"end":{"line":36,"column":5}}],"line":34}},"s":{"0":10,"1":18,"2":18,"3":0,"4":18,"5":18,"6":0,"7":0,"8":0,"9":10,"10":9,"11":9,"12":0,"13":9,"14":9,"15":9,"16":0,"17":9,"18":9,"19":9,"20":0,"21":0,"22":0},"f":{"0":18,"1":9},"b":{"0":[0,18],"1":[0,0],"2":[0,9],"3":[0,9],"4":[0,0]},"_coverageSchema":"1a1c01bbd47fc00a2c39e90264f33305004495a9","hash":"519caa9b29b3d471b720fb31c7c174aae43f1361"}
,"/home/runner/work/entail-core/entail-core/src/deduction-interface/deduction-interface.js": {"path":"/home/runner/work/entail-core/entail-core/src/deduction-interface/deduction-interface.js","statementMap":{"0":{"start":{"line":8,"column":30},"end":{"line":32,"column":1}},"1":{"start":{"line":9,"column":24},"end":{"line":23,"column":3}},"2":{"start":{"line":10,"column":34},"end":{"line":12,"column":6}},"3":{"start":{"line":10,"column":59},"end":{"line":12,"column":5}},"4":{"start":{"line":14,"column":4},"end":{"line":20,"column":5}},"5":{"start":{"line":15,"column":6},"end":{"line":19,"column":7}},"6":{"start":{"line":22,"column":4},"end":{"line":22,"column":47}},"7":{"start":{"line":22,"column":35},"end":{"line":22,"column":46}},"8":{"start":{"line":26,"column":22},"end":{"line":29,"column":3}},"9":{"start":{"line":27,"column":20},"end":{"line":27,"column":46}},"10":{"start":{"line":28,"column":4},"end":{"line":28,"column":48}},"11":{"start":{"line":31,"column":2},"end":{"line":31,"column":37}},"12":{"start":{"line":34,"column":26},"end":{"line":36,"column":1}}},"fnMap":{"0":{"name":"(anonymous_0)","decl":{"start":{"line":8,"column":30},"end":{"line":8,"column":31}},"loc":{"start":{"line":8,"column":59},"end":{"line":32,"column":1}},"line":8},"1":{"name":"(anonymous_1)","decl":{"start":{"line":9,"column":24},"end":{"line":9,"column":25}},"loc":{"start":{"line":9,"column":41},"end":{"line":23,"column":3}},"line":9},"2":{"name":"(anonymous_2)","decl":{"start":{"line":10,"column":48},"end":{"line":10,"column":49}},"loc":{"start":{"line":10,"column":59},"end":{"line":12,"column":5}},"line":10},"3":{"name":"(anonymous_3)","decl":{"start":{"line":22,"column":24},"end":{"line":22,"column":25}},"loc":{"start":{"line":22,"column":35},"end":{"line":22,"column":46}},"line":22},"4":{"name":"(anonymous_4)","decl":{"start":{"line":26,"column":22},"end":{"line":26,"column":23}},"loc":{"start":{"line":26,"column":39},"end":{"line":29,"column":3}},"line":26},"5":{"name":"(anonymous_5)","decl":{"start":{"line":34,"column":26},"end":{"line":34,"column":27}},"loc":{"start":{"line":34,"column":39},"end":{"line":36,"column":1}},"line":34}},"branchMap":{"0":{"loc":{"start":{"line":8,"column":31},"end":{"line":8,"column":54}},"type":"default-arg","locations":[{"start":{"line":8,"column":43},"end":{"line":8,"column":54}}],"line":8},"1":{"loc":{"start":{"line":11,"column":6},"end":{"line":11,"column":90}},"type":"binary-expr","locations":[{"start":{"line":11,"column":6},"end":{"line":11,"column":31}},{"start":{"line":11,"column":35},"end":{"line":11,"column":47}},{"start":{"line":11,"column":51},"end":{"line":11,"column":90}}],"line":11},"2":{"loc":{"start":{"line":14,"column":4},"end":{"line":20,"column":5}},"type":"if","locations":[{"start":{"line":14,"column":4},"end":{"line":20,"column":5}},{"start":{"line":14,"column":4},"end":{"line":20,"column":5}}],"line":14}},"s":{"0":10,"1":98,"2":77,"3":81,"4":77,"5":0,"6":77,"7":81,"8":98,"9":77,"10":77,"11":98,"12":10},"f":{"0":98,"1":77,"2":81,"3":81,"4":77,"5":0},"b":{"0":[9],"1":[81,81,81],"2":[0,77]},"_coverageSchema":"1a1c01bbd47fc00a2c39e90264f33305004495a9","hash":"be2c38f5d2206d4c08ab906ba549fa171214f5c0"}
,"/home/runner/work/entail-core/entail-core/src/deduction-interface/index.js": {"path":"/home/runner/work/entail-core/entail-core/src/deduction-interface/index.js","statementMap":{},"fnMap":{},"branchMap":{},"s":{},"f":{},"b":{},"_coverageSchema":"1a1c01bbd47fc00a2c39e90264f33305004495a9","hash":"c6ebf08e71ff88baa39991d9c4b6339c08b75ff9"}
,"/home/runner/work/entail-core/entail-core/src/deduction-interface/rules-interface/deduction-rule-interface.js": {"path":"/home/runner/work/entail-core/entail-core/src/deduction-interface/rules-interface/deduction-rule-interface.js","statementMap":{"0":{"start":{"line":5,"column":38},"end":{"line":19,"column":1}},"1":{"start":{"line":6,"column":16},"end":{"line":16,"column":3}},"2":{"start":{"line":7,"column":32},"end":{"line":12,"column":5}},"3":{"start":{"line":13,"column":25},"end":{"line":13,"column":76}},"4":{"start":{"line":15,"column":4},"end":{"line":15,"column":39}},"5":{"start":{"line":18,"column":2},"end":{"line":18,"column":20}}},"fnMap":{"0":{"name":"(anonymous_0)","decl":{"start":{"line":5,"column":38},"end":{"line":5,"column":39}},"loc":{"start":{"line":5,"column":86},"end":{"line":19,"column":1}},"line":5},"1":{"name":"(anonymous_1)","decl":{"start":{"line":6,"column":16},"end":{"line":6,"column":17}},"loc":{"start":{"line":6,"column":22},"end":{"line":16,"column":3}},"line":6}},"branchMap":{},"s":{"0":10,"1":13,"2":13,"3":13,"4":13,"5":13},"f":{"0":13,"1":13},"b":{},"_coverageSchema":"1a1c01bbd47fc00a2c39e90264f33305004495a9","hash":"7266951750b86ab2965db2901bebe612f3c7edbc"}
,"/home/runner/work/entail-core/entail-core/src/deduction-interface/rules-interface/index.js": {"path":"/home/runner/work/entail-core/entail-core/src/deduction-interface/rules-interface/index.js","statementMap":{},"fnMap":{},"branchMap":{},"s":{},"f":{},"b":{},"_coverageSchema":"1a1c01bbd47fc00a2c39e90264f33305004495a9","hash":"23a85b2ae5bf88c7a516948091c94f0188ba1a5c"}
,"/home/runner/work/entail-core/entail-core/src/deduction-interface/rules-interface/premise-rule-interface.js": {"path":"/home/runner/work/entail-core/entail-core/src/deduction-interface/rules-interface/premise-rule-interface.js","statementMap":{"0":{"start":{"line":5,"column":36},"end":{"line":13,"column":1}},"1":{"start":{"line":6,"column":16},"end":{"line":10,"column":3}},"2":{"start":{"line":7,"column":32},"end":{"line":7,"column":75}},"3":{"start":{"line":8,"column":25},"end":{"line":8,"column":76}},"4":{"start":{"line":9,"column":4},"end":{"line":9,"column":39}},"5":{"start":{"line":12,"column":2},"end":{"line":12,"column":20}}},"fnMap":{"0":{"name":"(anonymous_0)","decl":{"start":{"line":5,"column":36},"end":{"line":5,"column":37}},"loc":{"start":{"line":5,"column":49},"end":{"line":13,"column":1}},"line":5},"1":{"name":"(anonymous_1)","decl":{"start":{"line":6,"column":16},"end":{"line":6,"column":17}},"loc":{"start":{"line":6,"column":27},"end":{"line":10,"column":3}},"line":6}},"branchMap":{},"s":{"0":10,"1":15,"2":15,"3":15,"4":15,"5":15},"f":{"0":15,"1":15},"b":{},"_coverageSchema":"1a1c01bbd47fc00a2c39e90264f33305004495a9","hash":"31134767112172c88ebc351ea8a8d882af0a0a09"}
,"/home/runner/work/entail-core/entail-core/src/deduction-interface/rules-interface/quantification.js": {"path":"/home/runner/work/entail-core/entail-core/src/deduction-interface/rules-interface/quantification.js","statementMap":{"0":{"start":{"line":9,"column":54},"end":{"line":20,"column":1}},"1":{"start":{"line":10,"column":18},"end":{"line":10,"column":80}},"2":{"start":{"line":12,"column":2},"end":{"line":19,"column":4}},"3":{"start":{"line":13,"column":32},"end":{"line":15,"column":5}},"4":{"start":{"line":16,"column":25},"end":{"line":16,"column":76}},"5":{"start":{"line":18,"column":4},"end":{"line":18,"column":39}},"6":{"start":{"line":22,"column":53},"end":{"line":37,"column":1}},"7":{"start":{"line":23,"column":18},"end":{"line":23,"column":80}},"8":{"start":{"line":25,"column":2},"end":{"line":36,"column":3}},"9":{"start":{"line":29,"column":34},"end":{"line":31,"column":7}},"10":{"start":{"line":32,"column":27},"end":{"line":32,"column":78}},"11":{"start":{"line":34,"column":6},"end":{"line":34,"column":41}},"12":{"start":{"line":39,"column":42},"end":{"line":66,"column":1}},"13":{"start":{"line":40,"column":18},"end":{"line":40,"column":80}},"14":{"start":{"line":44,"column":16},"end":{"line":59,"column":3}},"15":{"start":{"line":45,"column":4},"end":{"line":56,"column":5}},"16":{"start":{"line":46,"column":6},"end":{"line":48,"column":7}},"17":{"start":{"line":47,"column":8},"end":{"line":47,"column":85}},"18":{"start":{"line":50,"column":22},"end":{"line":50,"column":38}},"19":{"start":{"line":51,"column":22},"end":{"line":51,"column":38}},"20":{"start":{"line":52,"column":24},"end":{"line":52,"column":86}},"21":{"start":{"line":53,"column":6},"end":{"line":55,"column":7}},"22":{"start":{"line":54,"column":8},"end":{"line":54,"column":74}},"23":{"start":{"line":58,"column":4},"end":{"line":58,"column":33}},"24":{"start":{"line":61,"column":2},"end":{"line":65,"column":4}},"25":{"start":{"line":64,"column":6},"end":{"line":64,"column":61}},"26":{"start":{"line":68,"column":52},"end":{"line":82,"column":1}},"27":{"start":{"line":69,"column":18},"end":{"line":69,"column":80}},"28":{"start":{"line":71,"column":2},"end":{"line":81,"column":4}},"29":{"start":{"line":72,"column":32},"end":{"line":77,"column":5}},"30":{"start":{"line":78,"column":25},"end":{"line":78,"column":76}},"31":{"start":{"line":80,"column":4},"end":{"line":80,"column":39}},"32":{"start":{"line":84,"column":51},"end":{"line":97,"column":1}},"33":{"start":{"line":85,"column":18},"end":{"line":85,"column":80}},"34":{"start":{"line":87,"column":2},"end":{"line":96,"column":4}},"35":{"start":{"line":88,"column":32},"end":{"line":92,"column":5}},"36":{"start":{"line":93,"column":25},"end":{"line":93,"column":76}},"37":{"start":{"line":95,"column":4},"end":{"line":95,"column":39}},"38":{"start":{"line":99,"column":43},"end":{"line":128,"column":1}},"39":{"start":{"line":100,"column":18},"end":{"line":100,"column":80}},"40":{"start":{"line":105,"column":16},"end":{"line":121,"column":3}},"41":{"start":{"line":106,"column":33},"end":{"line":106,"column":87}},"42":{"start":{"line":107,"column":4},"end":{"line":118,"column":5}},"43":{"start":{"line":108,"column":6},"end":{"line":110,"column":7}},"44":{"start":{"line":109,"column":8},"end":{"line":109,"column":69}},"45":{"start":{"line":112,"column":6},"end":{"line":117,"column":7}},"46":{"start":{"line":113,"column":26},"end":{"line":113,"column":90}},"47":{"start":{"line":114,"column":8},"end":{"line":116,"column":9}},"48":{"start":{"line":115,"column":10},"end":{"line":115,"column":79}},"49":{"start":{"line":120,"column":4},"end":{"line":120,"column":42}},"50":{"start":{"line":123,"column":2},"end":{"line":127,"column":3}},"51":{"start":{"line":126,"column":6},"end":{"line":126,"column":67}},"52":{"start":{"line":130,"column":43},"end":{"line":132,"column":2}},"53":{"start":{"line":130,"column":70},"end":{"line":132,"column":1}},"54":{"start":{"line":131,"column":20},"end":{"line":131,"column":67}}},"fnMap":{"0":{"name":"(anonymous_0)","decl":{"start":{"line":9,"column":54},"end":{"line":9,"column":55}},"loc":{"start":{"line":9,"column":80},"end":{"line":20,"column":1}},"line":9},"1":{"name":"(anonymous_1)","decl":{"start":{"line":12,"column":59},"end":{"line":12,"column":60}},"loc":{"start":{"line":12,"column":81},"end":{"line":19,"column":3}},"line":12},"2":{"name":"(anonymous_2)","decl":{"start":{"line":22,"column":53},"end":{"line":22,"column":54}},"loc":{"start":{"line":22,"column":79},"end":{"line":37,"column":1}},"line":22},"3":{"name":"(anonymous_3)","decl":{"start":{"line":28,"column":4},"end":{"line":28,"column":5}},"loc":{"start":{"line":28,"column":15},"end":{"line":35,"column":5}},"line":28},"4":{"name":"(anonymous_4)","decl":{"start":{"line":39,"column":42},"end":{"line":39,"column":43}},"loc":{"start":{"line":39,"column":83},"end":{"line":66,"column":1}},"line":39},"5":{"name":"(anonymous_5)","decl":{"start":{"line":44,"column":16},"end":{"line":44,"column":17}},"loc":{"start":{"line":44,"column":27},"end":{"line":59,"column":3}},"line":44},"6":{"name":"(anonymous_6)","decl":{"start":{"line":63,"column":39},"end":{"line":63,"column":40}},"loc":{"start":{"line":64,"column":6},"end":{"line":64,"column":61}},"line":64},"7":{"name":"(anonymous_7)","decl":{"start":{"line":68,"column":52},"end":{"line":68,"column":53}},"loc":{"start":{"line":68,"column":78},"end":{"line":82,"column":1}},"line":68},"8":{"name":"(anonymous_8)","decl":{"start":{"line":71,"column":59},"end":{"line":71,"column":60}},"loc":{"start":{"line":71,"column":81},"end":{"line":81,"column":3}},"line":71},"9":{"name":"(anonymous_9)","decl":{"start":{"line":84,"column":51},"end":{"line":84,"column":52}},"loc":{"start":{"line":84,"column":77},"end":{"line":97,"column":1}},"line":84},"10":{"name":"(anonymous_10)","decl":{"start":{"line":87,"column":58},"end":{"line":87,"column":59}},"loc":{"start":{"line":87,"column":69},"end":{"line":96,"column":3}},"line":87},"11":{"name":"(anonymous_11)","decl":{"start":{"line":99,"column":43},"end":{"line":99,"column":44}},"loc":{"start":{"line":99,"column":84},"end":{"line":128,"column":1}},"line":99},"12":{"name":"(anonymous_12)","decl":{"start":{"line":105,"column":16},"end":{"line":105,"column":17}},"loc":{"start":{"line":105,"column":38},"end":{"line":121,"column":3}},"line":105},"13":{"name":"(anonymous_13)","decl":{"start":{"line":125,"column":44},"end":{"line":125,"column":45}},"loc":{"start":{"line":126,"column":6},"end":{"line":126,"column":67}},"line":126},"14":{"name":"(anonymous_14)","decl":{"start":{"line":130,"column":43},"end":{"line":130,"column":44}},"loc":{"start":{"line":130,"column":70},"end":{"line":132,"column":1}},"line":130},"15":{"name":"(anonymous_15)","decl":{"start":{"line":131,"column":14},"end":{"line":131,"column":15}},"loc":{"start":{"line":131,"column":20},"end":{"line":131,"column":67}},"line":131}},"branchMap":{"0":{"loc":{"start":{"line":45,"column":4},"end":{"line":56,"column":5}},"type":"if","locations":[{"start":{"line":45,"column":4},"end":{"line":56,"column":5}},{"start":{"line":45,"column":4},"end":{"line":56,"column":5}}],"line":45},"1":{"loc":{"start":{"line":46,"column":6},"end":{"line":48,"column":7}},"type":"if","locations":[{"start":{"line":46,"column":6},"end":{"line":48,"column":7}},{"start":{"line":46,"column":6},"end":{"line":48,"column":7}}],"line":46},"2":{"loc":{"start":{"line":53,"column":6},"end":{"line":55,"column":7}},"type":"if","locations":[{"start":{"line":53,"column":6},"end":{"line":55,"column":7}},{"start":{"line":53,"column":6},"end":{"line":55,"column":7}}],"line":53},"3":{"loc":{"start":{"line":106,"column":33},"end":{"line":106,"column":87}},"type":"binary-expr","locations":[{"start":{"line":106,"column":33},"end":{"line":106,"column":54}},{"start":{"line":106,"column":58},"end":{"line":106,"column":87}}],"line":106},"4":{"loc":{"start":{"line":107,"column":4},"end":{"line":118,"column":5}},"type":"if","locations":[{"start":{"line":107,"column":4},"end":{"line":118,"column":5}},{"start":{"line":107,"column":4},"end":{"line":118,"column":5}}],"line":107},"5":{"loc":{"start":{"line":108,"column":6},"end":{"line":110,"column":7}},"type":"if","locations":[{"start":{"line":108,"column":6},"end":{"line":110,"column":7}},{"start":{"line":108,"column":6},"end":{"line":110,"column":7}}],"line":108},"6":{"loc":{"start":{"line":112,"column":6},"end":{"line":117,"column":7}},"type":"if","locations":[{"start":{"line":112,"column":6},"end":{"line":117,"column":7}},{"start":{"line":112,"column":6},"end":{"line":117,"column":7}}],"line":112},"7":{"loc":{"start":{"line":114,"column":8},"end":{"line":116,"column":9}},"type":"if","locations":[{"start":{"line":114,"column":8},"end":{"line":116,"column":9}},{"start":{"line":114,"column":8},"end":{"line":116,"column":9}}],"line":114}},"s":{"0":10,"1":10,"2":10,"3":8,"4":8,"5":8,"6":10,"7":13,"8":13,"9":11,"10":11,"11":11,"12":10,"13":27,"14":27,"15":27,"16":4,"17":2,"18":23,"19":23,"20":23,"21":23,"22":2,"23":23,"24":27,"25":13,"26":10,"27":8,"28":8,"29":8,"30":8,"31":6,"32":10,"33":14,"34":14,"35":12,"36":12,"37":12,"38":10,"39":18,"40":18,"41":18,"42":18,"43":13,"44":1,"45":12,"46":12,"47":12,"48":1,"49":16,"50":18,"51":6,"52":10,"53":90,"54":90},"f":{"0":10,"1":8,"2":13,"3":11,"4":27,"5":27,"6":13,"7":8,"8":8,"9":14,"10":12,"11":18,"12":18,"13":6,"14":90,"15":90},"b":{"0":[4,23],"1":[2,2],"2":[2,21],"3":[18,13],"4":[13,5],"5":[1,12],"6":[12,0],"7":[1,11]},"_coverageSchema":"1a1c01bbd47fc00a2c39e90264f33305004495a9","hash":"54287d37907f57845fd8c50efda8bb49e70da887"}
,"/home/runner/work/entail-core/entail-core/src/deduction-interface/rules-interface/rules-interface.js": {"path":"/home/runner/work/entail-core/entail-core/src/deduction-interface/rules-interface/rules-interface.js","statementMap":{"0":{"start":{"line":17,"column":30},"end":{"line":77,"column":2}},"1":{"start":{"line":17,"column":56},"end":{"line":77,"column":1}},"2":{"start":{"line":19,"column":4},"end":{"line":73,"column":5}},"3":{"start":{"line":21,"column":8},"end":{"line":21,"column":70}},"4":{"start":{"line":21,"column":32},"end":{"line":21,"column":70}},"5":{"start":{"line":22,"column":8},"end":{"line":22,"column":13}},"6":{"start":{"line":24,"column":8},"end":{"line":34,"column":9}},"7":{"start":{"line":25,"column":52},"end":{"line":25,"column":57}},"8":{"start":{"line":26,"column":42},"end":{"line":26,"column":89}},"9":{"start":{"line":26,"column":57},"end":{"line":26,"column":88}},"10":{"start":{"line":28,"column":37},"end":{"line":28,"column":91}},"11":{"start":{"line":29,"column":45},"end":{"line":29,"column":87}},"12":{"start":{"line":31,"column":10},"end":{"line":33,"column":11}},"13":{"start":{"line":32,"column":12},"end":{"line":32,"column":85}},"14":{"start":{"line":35,"column":8},"end":{"line":35,"column":13}},"15":{"start":{"line":37,"column":8},"end":{"line":37,"column":69}},"16":{"start":{"line":39,"column":8},"end":{"line":46,"column":9}},"17":{"start":{"line":40,"column":25},"end":{"line":40,"column":30}},"18":{"start":{"line":41,"column":26},"end":{"line":41,"column":68}},"19":{"start":{"line":43,"column":10},"end":{"line":45,"column":11}},"20":{"start":{"line":44,"column":12},"end":{"line":44,"column":71}},"21":{"start":{"line":47,"column":8},"end":{"line":47,"column":13}},"22":{"start":{"line":49,"column":8},"end":{"line":52,"column":9}},"23":{"start":{"line":50,"column":25},"end":{"line":50,"column":30}},"24":{"start":{"line":51,"column":10},"end":{"line":51,"column":70}},"25":{"start":{"line":53,"column":8},"end":{"line":53,"column":13}},"26":{"start":{"line":55,"column":8},"end":{"line":62,"column":9}},"27":{"start":{"line":56,"column":25},"end":{"line":56,"column":30}},"28":{"start":{"line":57,"column":26},"end":{"line":57,"column":68}},"29":{"start":{"line":59,"column":10},"end":{"line":61,"column":11}},"30":{"start":{"line":60,"column":12},"end":{"line":60,"column":73}},"31":{"start":{"line":63,"column":8},"end":{"line":63,"column":13}},"32":{"start":{"line":65,"column":8},"end":{"line":68,"column":9}},"33":{"start":{"line":66,"column":25},"end":{"line":66,"column":30}},"34":{"start":{"line":67,"column":10},"end":{"line":67,"column":72}},"35":{"start":{"line":69,"column":8},"end":{"line":69,"column":13}},"36":{"start":{"line":71,"column":8},"end":{"line":71,"column":70}},"37":{"start":{"line":71,"column":32},"end":{"line":71,"column":70}},"38":{"start":{"line":72,"column":8},"end":{"line":72,"column":13}},"39":{"start":{"line":75,"column":4},"end":{"line":75,"column":87}}},"fnMap":{"0":{"name":"(anonymous_0)","decl":{"start":{"line":17,"column":30},"end":{"line":17,"column":31}},"loc":{"start":{"line":17,"column":56},"end":{"line":77,"column":1}},"line":17},"1":{"name":"(anonymous_1)","decl":{"start":{"line":18,"column":2},"end":{"line":18,"column":3}},"loc":{"start":{"line":18,"column":19},"end":{"line":76,"column":3}},"line":18},"2":{"name":"(anonymous_2)","decl":{"start":{"line":26,"column":52},"end":{"line":26,"column":53}},"loc":{"start":{"line":26,"column":57},"end":{"line":26,"column":88}},"line":26}},"branchMap":{"0":{"loc":{"start":{"line":19,"column":4},"end":{"line":73,"column":5}},"type":"switch","locations":[{"start":{"line":20,"column":6},"end":{"line":22,"column":13}},{"start":{"line":23,"column":6},"end":{"line":35,"column":13}},{"start":{"line":36,"column":6},"end":{"line":37,"column":69}},{"start":{"line":38,"column":6},"end":{"line":47,"column":13}},{"start":{"line":48,"column":6},"end":{"line":53,"column":13}},{"start":{"line":54,"column":6},"end":{"line":63,"column":13}},{"start":{"line":64,"column":6},"end":{"line":69,"column":13}},{"start":{"line":70,"column":6},"end":{"line":72,"column":13}}],"line":19},"1":{"loc":{"start":{"line":21,"column":8},"end":{"line":21,"column":70}},"type":"if","locations":[{"start":{"line":21,"column":8},"end":{"line":21,"column":70}},{"start":{"line":21,"column":8},"end":{"line":21,"column":70}}],"line":21},"2":{"loc":{"start":{"line":24,"column":8},"end":{"line":34,"column":9}},"type":"if","locations":[{"start":{"line":24,"column":8},"end":{"line":34,"column":9}},{"start":{"line":24,"column":8},"end":{"line":34,"column":9}}],"line":24},"3":{"loc":{"start":{"line":31,"column":10},"end":{"line":33,"column":11}},"type":"if","locations":[{"start":{"line":31,"column":10},"end":{"line":33,"column":11}},{"start":{"line":31,"column":10},"end":{"line":33,"column":11}}],"line":31},"4":{"loc":{"start":{"line":31,"column":14},"end":{"line":31,"column":62}},"type":"binary-expr","locations":[{"start":{"line":31,"column":14},"end":{"line":31,"column":32}},{"start":{"line":31,"column":36},"end":{"line":31,"column":62}}],"line":31},"5":{"loc":{"start":{"line":39,"column":8},"end":{"line":46,"column":9}},"type":"if","locations":[{"start":{"line":39,"column":8},"end":{"line":46,"column":9}},{"start":{"line":39,"column":8},"end":{"line":46,"column":9}}],"line":39},"6":{"loc":{"start":{"line":43,"column":10},"end":{"line":45,"column":11}},"type":"if","locations":[{"start":{"line":43,"column":10},"end":{"line":45,"column":11}},{"start":{"line":43,"column":10},"end":{"line":45,"column":11}}],"line":43},"7":{"loc":{"start":{"line":49,"column":8},"end":{"line":52,"column":9}},"type":"if","locations":[{"start":{"line":49,"column":8},"end":{"line":52,"column":9}},{"start":{"line":49,"column":8},"end":{"line":52,"column":9}}],"line":49},"8":{"loc":{"start":{"line":55,"column":8},"end":{"line":62,"column":9}},"type":"if","locations":[{"start":{"line":55,"column":8},"end":{"line":62,"column":9}},{"start":{"line":55,"column":8},"end":{"line":62,"column":9}}],"line":55},"9":{"loc":{"start":{"line":59,"column":10},"end":{"line":61,"column":11}},"type":"if","locations":[{"start":{"line":59,"column":10},"end":{"line":61,"column":11}},{"start":{"line":59,"column":10},"end":{"line":61,"column":11}}],"line":59},"10":{"loc":{"start":{"line":65,"column":8},"end":{"line":68,"column":9}},"type":"if","locations":[{"start":{"line":65,"column":8},"end":{"line":68,"column":9}},{"start":{"line":65,"column":8},"end":{"line":68,"column":9}}],"line":65},"11":{"loc":{"start":{"line":71,"column":8},"end":{"line":71,"column":70}},"type":"if","locations":[{"start":{"line":71,"column":8},"end":{"line":71,"column":70}},{"start":{"line":71,"column":8},"end":{"line":71,"column":70}}],"line":71}},"s":{"0":10,"1":77,"2":77,"3":15,"4":15,"5":0,"6":13,"7":13,"8":13,"9":26,"10":13,"11":13,"12":13,"13":13,"14":0,"15":4,"16":14,"17":14,"18":14,"19":14,"20":14,"21":0,"22":8,"23":8,"24":8,"25":0,"26":13,"27":13,"28":13,"29":13,"30":13,"31":0,"32":10,"33":10,"34":10,"35":0,"36":0,"37":0,"38":0,"39":0},"f":{"0":77,"1":77,"2":26},"b":{"0":[15,13,4,14,8,13,10,0],"1":[15,0],"2":[13,0],"3":[13,0],"4":[13,13],"5":[14,0],"6":[14,0],"7":[8,0],"8":[13,0],"9":[13,0],"10":[10,0],"11":[0,0]},"_coverageSchema":"1a1c01bbd47fc00a2c39e90264f33305004495a9","hash":"81a594c2ad5b29c6b5f0cf639b4ac73061155d25"}
,"/home/runner/work/entail-core/entail-core/src/deduction-interface/rules-interface/tautological-implication-rule-interface.js": {"path":"/home/runner/work/entail-core/entail-core/src/deduction-interface/rules-interface/tautological-implication-rule-interface.js","statementMap":{"0":{"start":{"line":7,"column":52},"end":{"line":29,"column":1}},"1":{"start":{"line":8,"column":16},"end":{"line":26,"column":3}},"2":{"start":{"line":9,"column":24},"end":{"line":9,"column":85}},"3":{"start":{"line":9,"column":45},"end":{"line":9,"column":84}},"4":{"start":{"line":11,"column":4},"end":{"line":17,"column":5}},"5":{"start":{"line":12,"column":6},"end":{"line":16,"column":7}},"6":{"start":{"line":19,"column":32},"end":{"line":22,"column":5}},"7":{"start":{"line":23,"column":25},"end":{"line":23,"column":76}},"8":{"start":{"line":25,"column":4},"end":{"line":25,"column":39}},"9":{"start":{"line":28,"column":2},"end":{"line":28,"column":20}}},"fnMap":{"0":{"name":"(anonymous_0)","decl":{"start":{"line":7,"column":52},"end":{"line":7,"column":53}},"loc":{"start":{"line":7,"column":85},"end":{"line":29,"column":1}},"line":7},"1":{"name":"(anonymous_1)","decl":{"start":{"line":8,"column":16},"end":{"line":8,"column":17}},"loc":{"start":{"line":8,"column":27},"end":{"line":26,"column":3}},"line":8},"2":{"name":"(anonymous_2)","decl":{"start":{"line":9,"column":40},"end":{"line":9,"column":41}},"loc":{"start":{"line":9,"column":45},"end":{"line":9,"column":84}},"line":9}},"branchMap":{"0":{"loc":{"start":{"line":7,"column":64},"end":{"line":7,"column":80}},"type":"default-arg","locations":[{"start":{"line":7,"column":78},"end":{"line":7,"column":80}}],"line":7},"1":{"loc":{"start":{"line":11,"column":4},"end":{"line":17,"column":5}},"type":"if","locations":[{"start":{"line":11,"column":4},"end":{"line":17,"column":5}},{"start":{"line":11,"column":4},"end":{"line":17,"column":5}}],"line":11}},"s":{"0":10,"1":4,"2":4,"3":10,"4":4,"5":0,"6":4,"7":4,"8":4,"9":4},"f":{"0":4,"1":4,"2":10},"b":{"0":[0],"1":[0,4]},"_coverageSchema":"1a1c01bbd47fc00a2c39e90264f33305004495a9","hash":"09da4f079b1d1afeef9eff0814924ab092c92d5d"}
,"/home/runner/work/entail-core/entail-core/src/deduction-interface/rules-interface/theorem-rule-interface.js": {"path":"/home/runner/work/entail-core/entail-core/src/deduction-interface/rules-interface/theorem-rule-interface.js","statementMap":{"0":{"start":{"line":4,"column":36},"end":{"line":4,"column":93}},"1":{"start":{"line":4,"column":50},"end":{"line":4,"column":92}},"2":{"start":{"line":4,"column":65},"end":{"line":4,"column":90}}},"fnMap":{"0":{"name":"(anonymous_0)","decl":{"start":{"line":4,"column":36},"end":{"line":4,"column":37}},"loc":{"start":{"line":4,"column":50},"end":{"line":4,"column":92}},"line":4},"1":{"name":"(anonymous_1)","decl":{"start":{"line":4,"column":59},"end":{"line":4,"column":60}},"loc":{"start":{"line":4,"column":65},"end":{"line":4,"column":90}},"line":4}},"branchMap":{},"s":{"0":10,"1":0,"2":0},"f":{"0":0,"1":0},"b":{},"_coverageSchema":"1a1c01bbd47fc00a2c39e90264f33305004495a9","hash":"4e247b56364f72a8466a5f822f94f1072503ac55"}
[...]
,"/home/runner/work/entail-core/entail-core/src/propositional-logic/primitive-truth-functions.js": {"path":"/home/runner/work/entail-core/entail-core/src/propositional-logic/primitive-truth-functions.js","statementMap":{"0":{"start":{"line":4,"column":39},"end":{"line":10,"column":1}},"1":{"start":{"line":5,"column":22},"end":{"line":5,"column":24}},"2":{"start":{"line":6,"column":30},"end":{"line":6,"column":36}},"3":{"start":{"line":7,"column":30},"end":{"line":7,"column":36}},"4":{"start":{"line":8,"column":30},"end":{"line":8,"column":37}},"5":{"start":{"line":9,"column":30},"end":{"line":9,"column":37}},"6":{"start":{"line":12,"column":42},"end":{"line":21,"column":3}},"7":{"start":{"line":13,"column":2},"end":{"line":21,"column":3}},"8":{"start":{"line":17,"column":9},"end":{"line":20,"column":26}},"9":{"start":{"line":20,"column":16},"end":{"line":20,"column":25}}},"fnMap":{"0":{"name":"(anonymous_0)","decl":{"start":{"line":5,"column":17},"end":{"line":5,"column":18}},"loc":{"start":{"line":5,"column":22},"end":{"line":5,"column":24}},"line":5},"1":{"name":"(anonymous_1)","decl":{"start":{"line":6,"column":20},"end":{"line":6,"column":21}},"loc":{"start":{"line":6,"column":30},"end":{"line":6,"column":36}},"line":6},"2":{"name":"(anonymous_2)","decl":{"start":{"line":7,"column":20},"end":{"line":7,"column":21}},"loc":{"start":{"line":7,"column":30},"end":{"line":7,"column":36}},"line":7},"3":{"name":"(anonymous_3)","decl":{"start":{"line":8,"column":20},"end":{"line":8,"column":21}},"loc":{"start":{"line":8,"column":30},"end":{"line":8,"column":37}},"line":8},"4":{"name":"(anonymous_4)","decl":{"start":{"line":9,"column":20},"end":{"line":9,"column":21}},"loc":{"start":{"line":9,"column":30},"end":{"line":9,"column":37}},"line":9},"5":{"name":"(anonymous_5)","decl":{"start":{"line":12,"column":42},"end":{"line":12,"column":43}},"loc":{"start":{"line":13,"column":2},"end":{"line":21,"column":3}},"line":13},"6":{"name":"(anonymous_6)","decl":{"start":{"line":17,"column":4},"end":{"line":17,"column":5}},"loc":{"start":{"line":17,"column":9},"end":{"line":20,"column":26}},"line":17},"7":{"name":"(anonymous_7)","decl":{"start":{"line":20,"column":11},"end":{"line":20,"column":12}},"loc":{"start":{"line":20,"column":16},"end":{"line":20,"column":25}},"line":20}},"branchMap":{"0":{"loc":{"start":{"line":6,"column":30},"end":{"line":6,"column":36}},"type":"binary-expr","locations":[{"start":{"line":6,"column":30},"end":{"line":6,"column":31}},{"start":{"line":6,"column":35},"end":{"line":6,"column":36}}],"line":6},"1":{"loc":{"start":{"line":7,"column":30},"end":{"line":7,"column":36}},"type":"binary-expr","locations":[{"start":{"line":7,"column":30},"end":{"line":7,"column":31}},{"start":{"line":7,"column":35},"end":{"line":7,"column":36}}],"line":7},"2":{"loc":{"start":{"line":8,"column":30},"end":{"line":8,"column":37}},"type":"binary-expr","locations":[{"start":{"line":8,"column":30},"end":{"line":8,"column":32}},{"start":{"line":8,"column":36},"end":{"line":8,"column":37}}],"line":8}},"s":{"0":12,"1":31,"2":80,"3":8,"4":294,"5":0,"6":12,"7":110,"8":410,"9":790},"f":{"0":31,"1":80,"2":8,"3":294,"4":0,"5":110,"6":410,"7":790},"b":{"0":[80,40],"1":[8,4],"2":[294,148]},"_coverageSchema":"1a1c01bbd47fc00a2c39e90264f33305004495a9","hash":"cde83afb141ce213a1de11a30d9acdfe6a5d1ab2"}
,"/home/runner/work/entail-core/entail-core/src/propositional-logic/propositional-logic-util.js": {"path":"/home/runner/work/entail-core/entail-core/src/propositional-logic/propositional-logic-util.js","statementMap":{"0":{"start":{"line":5,"column":24},"end":{"line":20,"column":1}},"1":{"start":{"line":6,"column":28},"end":{"line":6,"column":35}},"2":{"start":{"line":8,"column":2},"end":{"line":8,"column":93}},"3":{"start":{"line":8,"column":44},"end":{"line":8,"column":93}},"4":{"start":{"line":10,"column":2},"end":{"line":14,"column":3}},"5":{"start":{"line":11,"column":18},"end":{"line":11,"column":40}},"6":{"start":{"line":12,"column":4},"end":{"line":12,"column":81}},"7":{"start":{"line":12,"column":29},"end":{"line":12,"column":81}},"8":{"start":{"line":13,"column":4},"end":{"line":13,"column":16}},"9":{"start":{"line":16,"column":25},"end":{"line":16,"column":79}},"10":{"start":{"line":16,"column":47},"end":{"line":16,"column":78}},"11":{"start":{"line":17,"column":24},"end":{"line":17,"column":45}},"12":{"start":{"line":19,"column":2},"end":{"line":19,"column":41}},"13":{"start":{"line":23,"column":35},"end":{"line":24,"column":64}},"14":{"start":{"line":24,"column":2},"end":{"line":24,"column":64}},"15":{"start":{"line":27,"column":55},"end":{"line":59,"column":1}},"16":{"start":{"line":32,"column":28},"end":{"line":32,"column":35}},"17":{"start":{"line":34,"column":2},"end":{"line":36,"column":3}},"18":{"start":{"line":35,"column":4},"end":{"line":35,"column":53}},"19":{"start":{"line":38,"column":2},"end":{"line":44,"column":3}},"20":{"start":{"line":39,"column":23},"end":{"line":39,"column":45}},"21":{"start":{"line":40,"column":4},"end":{"line":42,"column":5}},"22":{"start":{"line":41,"column":6},"end":{"line":41,"column":57}},"23":{"start":{"line":43,"column":4},"end":{"line":43,"column":51}},"24":{"start":{"line":46,"column":24},"end":{"line":46,"column":45}},"25":{"start":{"line":48,"column":2},"end":{"line":58,"column":100}},"26":{"start":{"line":49,"column":20},"end":{"line":49,"column":52}},"27":{"start":{"line":50,"column":17},"end":{"line":57,"column":5}},"28":{"start":{"line":51,"column":37},"end":{"line":55,"column":7}},"29":{"start":{"line":58,"column":53},"end":{"line":58,"column":95}},"30":{"start":{"line":62,"column":56},"end":{"line":69,"column":3}},"31":{"start":{"line":63,"column":2},"end":{"line":69,"column":3}},"32":{"start":{"line":65,"column":6},"end":{"line":67,"column":7}},"33":{"start":{"line":71,"column":25},"end":{"line":75,"column":1}},"34":{"start":{"line":72,"column":24},"end":{"line":72,"column":55}},"35":{"start":{"line":73,"column":2},"end":{"line":73,"column":87}},"36":{"start":{"line":73,"column":35},"end":{"line":73,"column":87}},"37":{"start":{"line":74,"column":2},"end":{"line":74,"column":22}}},"fnMap":{"0":{"name":"(anonymous_0)","decl":{"start":{"line":5,"column":24},"end":{"line":5,"column":25}},"loc":{"start":{"line":5,"column":58},"end":{"line":20,"column":1}},"line":5},"1":{"name":"(anonymous_1)","decl":{"start":{"line":16,"column":38},"end":{"line":16,"column":39}},"loc":{"start":{"line":16,"column":47},"end":{"line":16,"column":78}},"line":16},"2":{"name":"(anonymous_2)","decl":{"start":{"line":23,"column":35},"end":{"line":23,"column":36}},"loc":{"start":{"line":24,"column":2},"end":{"line":24,"column":64}},"line":24},"3":{"name":"(anonymous_3)","decl":{"start":{"line":27,"column":55},"end":{"line":27,"column":56}},"loc":{"start":{"line":31,"column":5},"end":{"line":59,"column":1}},"line":31},"4":{"name":"(anonymous_4)","decl":{"start":{"line":49,"column":12},"end":{"line":49,"column":13}},"loc":{"start":{"line":49,"column":20},"end":{"line":49,"column":52}},"line":49},"5":{"name":"(anonymous_5)","decl":{"start":{"line":50,"column":9},"end":{"line":50,"column":10}},"loc":{"start":{"line":50,"column":17},"end":{"line":57,"column":5}},"line":50},"6":{"name":"(anonymous_6)","decl":{"start":{"line":51,"column":6},"end":{"line":51,"column":7}},"loc":{"start":{"line":51,"column":37},"end":{"line":55,"column":7}},"line":51},"7":{"name":"(anonymous_7)","decl":{"start":{"line":58,"column":12},"end":{"line":58,"column":13}},"loc":{"start":{"line":58,"column":53},"end":{"line":58,"column":95}},"line":58},"8":{"name":"(anonymous_8)","decl":{"start":{"line":62,"column":56},"end":{"line":62,"column":57}},"loc":{"start":{"line":63,"column":2},"end":{"line":69,"column":3}},"line":63},"9":{"name":"(anonymous_9)","decl":{"start":{"line":64,"column":4},"end":{"line":64,"column":5}},"loc":{"start":{"line":65,"column":6},"end":{"line":67,"column":7}},"line":65},"10":{"name":"(anonymous_10)","decl":{"start":{"line":71,"column":25},"end":{"line":71,"column":26}},"loc":{"start":{"line":71,"column":32},"end":{"line":75,"column":1}},"line":71}},"branchMap":{"0":{"loc":{"start":{"line":5,"column":34},"end":{"line":5,"column":53}},"type":"default-arg","locations":[{"start":{"line":5,"column":51},"end":{"line":5,"column":53}}],"line":5},"1":{"loc":{"start":{"line":8,"column":2},"end":{"line":8,"column":93}},"type":"if","locations":[{"start":{"line":8,"column":2},"end":{"line":8,"column":93}},{"start":{"line":8,"column":2},"end":{"line":8,"column":93}}],"line":8},"2":{"loc":{"start":{"line":10,"column":2},"end":{"line":14,"column":3}},"type":"if","locations":[{"start":{"line":10,"column":2},"end":{"line":14,"column":3}},{"start":{"line":10,"column":2},"end":{"line":14,"column":3}}],"line":10},"3":{"loc":{"start":{"line":12,"column":4},"end":{"line":12,"column":81}},"type":"if","locations":[{"start":{"line":12,"column":4},"end":{"line":12,"column":81}},{"start":{"line":12,"column":4},"end":{"line":12,"column":81}}],"line":12},"4":{"loc":{"start":{"line":30,"column":2},"end":{"line":30,"column":21}},"type":"default-arg","locations":[{"start":{"line":30,"column":19},"end":{"line":30,"column":21}}],"line":30},"5":{"loc":{"start":{"line":34,"column":2},"end":{"line":36,"column":3}},"type":"if","locations":[{"start":{"line":34,"column":2},"end":{"line":36,"column":3}},{"start":{"line":34,"column":2},"end":{"line":36,"column":3}}],"line":34},"6":{"loc":{"start":{"line":34,"column":6},"end":{"line":34,"column":55}},"type":"binary-expr","locations":[{"start":{"line":34,"column":6},"end":{"line":34,"column":42}},{"start":{"line":34,"column":46},"end":{"line":34,"column":55}}],"line":34},"7":{"loc":{"start":{"line":38,"column":2},"end":{"line":44,"column":3}},"type":"if","locations":[{"start":{"line":38,"column":2},"end":{"line":44,"column":3}},{"start":{"line":38,"column":2},"end":{"line":44,"column":3}}],"line":38},"8":{"loc":{"start":{"line":40,"column":4},"end":{"line":42,"column":5}},"type":"if","locations":[{"start":{"line":40,"column":4},"end":{"line":42,"column":5}},{"start":{"line":40,"column":4},"end":{"line":42,"column":5}}],"line":40},"9":{"loc":{"start":{"line":41,"column":13},"end":{"line":41,"column":57}},"type":"cond-expr","locations":[{"start":{"line":41,"column":36},"end":{"line":41,"column":38}},{"start":{"line":41,"column":41},"end":{"line":41,"column":57}}],"line":41},"10":{"loc":{"start":{"line":73,"column":2},"end":{"line":73,"column":87}},"type":"if","locations":[{"start":{"line":73,"column":2},"end":{"line":73,"column":87}},{"start":{"line":73,"column":2},"end":{"line":73,"column":87}}],"line":73}},"s":{"0":12,"1":14,"2":14,"3":2,"4":12,"5":8,"6":8,"7":1,"8":7,"9":4,"10":6,"11":3,"12":3,"13":12,"14":33,"15":12,"16":354,"17":354,"18":0,"19":354,"20":244,"21":244,"22":129,"23":115,"24":110,"25":110,"26":410,"27":178,"28":341,"29":178,"30":12,"31":341,"32":321,"33":12,"34":113,"35":113,"36":0,"37":113},"f":{"0":14,"1":6,"2":33,"3":354,"4":410,"5":178,"6":341,"7":178,"8":341,"9":321,"10":113},"b":{"0":[0],"1":[2,12],"2":[8,4],"3":[1,7],"4":[33],"5":[0,354],"6":[354,354],"7":[244,110],"8":[129,115],"9":[79,50],"10":[0,113]},"_coverageSchema":"1a1c01bbd47fc00a2c39e90264f33305004495a9","hash":"0753017374f022000c9affd5b92cdb27af995e71"}
,"/home/runner/work/entail-core/entail-core/src/propositional-logic/propositional-logic.js": {"path":"/home/runner/work/entail-core/entail-core/src/propositional-logic/propositional-logic.js","statementMap":{"0":{"start":{"line":7,"column":29},"end":{"line":7,"column":73}},"1":{"start":{"line":7,"column":40},"end":{"line":7,"column":73}},"2":{"start":{"line":9,"column":29},"end":{"line":9,"column":74}},"3":{"start":{"line":9,"column":40},"end":{"line":9,"column":74}},"4":{"start":{"line":11,"column":28},"end":{"line":11,"column":87}},"5":{"start":{"line":11,"column":39},"end":{"line":11,"column":87}},"6":{"start":{"line":13,"column":27},"end":{"line":13,"column":61}},"7":{"start":{"line":13,"column":38},"end":{"line":13,"column":61}},"8":{"start":{"line":15,"column":31},"end":{"line":15,"column":65}},"9":{"start":{"line":15,"column":42},"end":{"line":15,"column":65}},"10":{"start":{"line":17,"column":36},"end":{"line":28,"column":1}},"11":{"start":{"line":18,"column":2},"end":{"line":18,"column":63}},"12":{"start":{"line":18,"column":32},"end":{"line":18,"column":63}},"13":{"start":{"line":19,"column":2},"end":{"line":26,"column":3}},"14":{"start":{"line":20,"column":4},"end":{"line":25,"column":5}},"15":{"start":{"line":27,"column":2},"end":{"line":27,"column":93}},"16":{"start":{"line":30,"column":27},"end":{"line":30,"column":93}},"17":{"start":{"line":30,"column":47},"end":{"line":30,"column":93}},"18":{"start":{"line":32,"column":28},"end":{"line":35,"column":1}},"19":{"start":{"line":33,"column":25},"end":{"line":33,"column":57}},"20":{"start":{"line":34,"column":2},"end":{"line":34,"column":56}}},"fnMap":{"0":{"name":"(anonymous_0)","decl":{"start":{"line":7,"column":29},"end":{"line":7,"column":30}},"loc":{"start":{"line":7,"column":40},"end":{"line":7,"column":73}},"line":7},"1":{"name":"(anonymous_1)","decl":{"start":{"line":9,"column":29},"end":{"line":9,"column":30}},"loc":{"start":{"line":9,"column":40},"end":{"line":9,"column":74}},"line":9},"2":{"name":"(anonymous_2)","decl":{"start":{"line":11,"column":28},"end":{"line":11,"column":29}},"loc":{"start":{"line":11,"column":39},"end":{"line":11,"column":87}},"line":11},"3":{"name":"(anonymous_3)","decl":{"start":{"line":13,"column":27},"end":{"line":13,"column":28}},"loc":{"start":{"line":13,"column":38},"end":{"line":13,"column":61}},"line":13},"4":{"name":"(anonymous_4)","decl":{"start":{"line":15,"column":31},"end":{"line":15,"column":32}},"loc":{"start":{"line":15,"column":42},"end":{"line":15,"column":65}},"line":15},"5":{"name":"(anonymous_5)","decl":{"start":{"line":17,"column":36},"end":{"line":17,"column":37}},"loc":{"start":{"line":17,"column":66},"end":{"line":28,"column":1}},"line":17},"6":{"name":"(anonymous_6)","decl":{"start":{"line":30,"column":27},"end":{"line":30,"column":28}},"loc":{"start":{"line":30,"column":47},"end":{"line":30,"column":93}},"line":30},"7":{"name":"(anonymous_7)","decl":{"start":{"line":32,"column":28},"end":{"line":32,"column":29}},"loc":{"start":{"line":32,"column":48},"end":{"line":35,"column":1}},"line":32}},"branchMap":{"0":{"loc":{"start":{"line":11,"column":39},"end":{"line":11,"column":87}},"type":"binary-expr","locations":[{"start":{"line":11,"column":39},"end":{"line":11,"column":61}},{"start":{"line":11,"column":65},"end":{"line":11,"column":87}}],"line":11},"1":{"loc":{"start":{"line":18,"column":2},"end":{"line":18,"column":63}},"type":"if","locations":[{"start":{"line":18,"column":2},"end":{"line":18,"column":63}},{"start":{"line":18,"column":2},"end":{"line":18,"column":63}}],"line":18},"2":{"loc":{"start":{"line":19,"column":2},"end":{"line":26,"column":3}},"type":"if","locations":[{"start":{"line":19,"column":2},"end":{"line":26,"column":3}},{"start":{"line":19,"column":2},"end":{"line":26,"column":3}}],"line":19}},"s":{"0":11,"1":0,"2":11,"3":27,"4":11,"5":0,"6":11,"7":27,"8":11,"9":0,"10":11,"11":16,"12":2,"13":14,"14":3,"15":11,"16":11,"17":27,"18":11,"19":27,"20":27},"f":{"0":0,"1":27,"2":0,"3":27,"4":0,"5":16,"6":27,"7":27},"b":{"0":[0,0],"1":[2,14],"2":[3,11]},"_coverageSchema":"1a1c01bbd47fc00a2c39e90264f33305004495a9","hash":"7dfff02f400d0f31ceda0b4ecba6978b5ec54030"}
,"/home/runner/work/entail-core/entail-core/src/propositional-logic/reduce-to-truth-functional.js": {"path":"/home/runner/work/entail-core/entail-core/src/propositional-logic/reduce-to-truth-functional.js","statementMap":{"0":{"start":{"line":6,"column":39},"end":{"line":7,"column":54}},"1":{"start":{"line":7,"column":2},"end":{"line":7,"column":54}},"2":{"start":{"line":9,"column":49},"end":{"line":40,"column":1}},"3":{"start":{"line":10,"column":28},"end":{"line":10,"column":35}},"4":{"start":{"line":12,"column":2},"end":{"line":24,"column":3}},"5":{"start":{"line":13,"column":42},"end":{"line":21,"column":29}},"6":{"start":{"line":18,"column":12},"end":{"line":18,"column":79}},"7":{"start":{"line":20,"column":8},"end":{"line":20,"column":63}},"8":{"start":{"line":23,"column":4},"end":{"line":23,"column":71}},"9":{"start":{"line":26,"column":28},"end":{"line":26,"column":41}},"10":{"start":{"line":28,"column":21},"end":{"line":28,"column":44}},"11":{"start":{"line":30,"column":23},"end":{"line":30,"column":48}},"12":{"start":{"line":31,"column":2},"end":{"line":37,"column":3}},"13":{"start":{"line":32,"column":4},"end":{"line":32,"column":81}},"14":{"start":{"line":33,"column":4},"end":{"line":36,"column":5}},"15":{"start":{"line":39,"column":2},"end":{"line":39,"column":67}}},"fnMap":{"0":{"name":"(anonymous_0)","decl":{"start":{"line":6,"column":39},"end":{"line":6,"column":40}},"loc":{"start":{"line":7,"column":2},"end":{"line":7,"column":54}},"line":7},"1":{"name":"(anonymous_1)","decl":{"start":{"line":9,"column":49},"end":{"line":9,"column":50}},"loc":{"start":{"line":9,"column":82},"end":{"line":40,"column":1}},"line":9},"2":{"name":"(anonymous_2)","decl":{"start":{"line":14,"column":6},"end":{"line":14,"column":7}},"loc":{"start":{"line":14,"column":56},"end":{"line":21,"column":7}},"line":14}},"branchMap":{"0":{"loc":{"start":{"line":9,"column":59},"end":{"line":9,"column":77}},"type":"default-arg","locations":[{"start":{"line":9,"column":75},"end":{"line":9,"column":77}}],"line":9},"1":{"loc":{"start":{"line":12,"column":2},"end":{"line":24,"column":3}},"type":"if","locations":[{"start":{"line":12,"column":2},"end":{"line":24,"column":3}},{"start":{"line":12,"column":2},"end":{"line":24,"column":3}}],"line":12},"2":{"loc":{"start":{"line":12,"column":6},"end":{"line":12,"column":56}},"type":"binary-expr","locations":[{"start":{"line":12,"column":6},"end":{"line":12,"column":42}},{"start":{"line":12,"column":46},"end":{"line":12,"column":56}}],"line":12},"3":{"loc":{"start":{"line":31,"column":2},"end":{"line":37,"column":3}},"type":"if","locations":[{"start":{"line":31,"column":2},"end":{"line":37,"column":3}},{"start":{"line":31,"column":2},"end":{"line":37,"column":3}}],"line":31}},"s":{"0":11,"1":27,"2":11,"3":165,"4":165,"5":125,"6":138,"7":138,"8":125,"9":40,"10":40,"11":40,"12":40,"13":23,"14":23,"15":40},"f":{"0":27,"1":165,"2":138},"b":{"0":[27],"1":[125,40],"2":[165,130],"3":[23,17]},"_coverageSchema":"1a1c01bbd47fc00a2c39e90264f33305004495a9","hash":"775ed1c5c43ea86958b72acae4baf7e3dbe00561"}
}
