TN:
SF:src/error.js
FN:1,createError
FNF:1
FNH:1
FNDA:22,createError
DA:2,22
DA:3,22
DA:4,22
DA:5,22
DA:6,22
DA:9,25
LF:6
LH:6
BRDA:1,0,0,22
BRF:1
BRH:1
end_of_record
TN:
SF:src/formula-construction-util.js
FN:5,(anonymous_0)
FN:8,(anonymous_1)
FNF:2
FNH:2
FNDA:15,(anonymous_0)
FNDA:12,(anonymous_1)
DA:5,17
DA:6,15
DA:8,17
DA:9,12
LF:4
LH:4
BRDA:6,0,0,1
BRDA:6,0,1,14
BRF:2
BRH:2
end_of_record
TN:
SF:src/primitive-syms.js
FNF:0
FNH:0
DA:3,24
DA:4,24
DA:5,24
DA:6,24
DA:7,24
DA:8,24
DA:9,24
DA:11,24
LF:8
LH:8
BRF:0
BRH:0
end_of_record
TN:
SF:src/utils.js
FN:2,(anonymous_0)
FNF:1
FNH:0
FNDA:0,(anonymous_0)
DA:2,3
DA:3,0
DA:4,0
DA:6,0
DA:7,0
DA:8,0
DA:10,0
DA:14,0
LF:8
LH:1
BRDA:7,0,0,0
BRDA:7,0,1,0
BRF:2
BRH:0
end_of_record
TN:
SF:src/abstract-structures/expression-pointer.js
FN:7,(anonymous_0)
FN:9,(anonymous_1)
FN:11,(anonymous_2)
FN:15,(anonymous_3)
FN:23,(anonymous_4)
FN:37,(anonymous_5)
FN:42,(anonymous_6)
FN:46,(anonymous_7)
FN:51,(anonymous_8)
FN:55,(anonymous_9)
FN:65,(anonymous_10)
FNF:11
FNH:10
FNDA:24,(anonymous_0)
FNDA:63,(anonymous_1)
FNDA:26,(anonymous_2)
FNDA:25,(anonymous_3)
FNDA:11,(anonymous_4)
FNDA:1,(anonymous_5)
FNDA:1,(anonymous_6)
FNDA:2,(anonymous_7)
FNDA:1,(anonymous_8)
FNDA:0,(anonymous_9)
FNDA:27,(anonymous_10)
DA:7,24
DA:9,63
DA:11,24
DA:12,26
DA:15,24
DA:16,25
DA:17,24
DA:23,24
DA:24,11
DA:26,7
DA:28,7
DA:29,7
DA:31,7
DA:37,24
DA:38,1
DA:40,1
DA:42,1
DA:46,24
DA:47,2
DA:49,2
DA:51,1
DA:55,24
DA:56,0
DA:58,0
DA:65,24
DA:66,27
DA:67,16
DA:68,16
DA:70,16
DA:72,16
DA:73,9
DA:76,16
DA:78,16
LF:33
LH:31
BRDA:7,0,0,2
BRDA:16,1,0,1
BRDA:16,1,1,24
BRDA:24,2,0,4
BRDA:24,2,1,7
BRDA:26,3,0,7
BRDA:26,3,1,0
BRDA:31,4,0,3
BRDA:31,4,1,4
BRDA:66,5,0,11
BRDA:66,5,1,16
BRDA:72,6,0,9
BRDA:72,6,1,7
BRF:13
BRH:12
end_of_record
TN:
SF:src/abstract-structures/expression-util.js
FN:6,(anonymous_0)
FN:10,(anonymous_1)
FNF:2
FNH:2
FNDA:18,(anonymous_0)
FNDA:25,(anonymous_1)
DA:6,24
DA:7,18
DA:8,16
DA:10,25
DA:12,16
LF:5
LH:5
BRDA:7,0,0,2
BRDA:7,0,1,16
BRF:2
BRH:2
end_of_record
TN:
SF:src/abstract-structures/expression.js
FN:6,(anonymous_0)
FN:19,(anonymous_1)
FN:28,(anonymous_2)
FN:38,(anonymous_3)
FN:58,(anonymous_4)
FN:65,(anonymous_5)
FN:78,(anonymous_6)
FN:87,(anonymous_7)
FN:102,(anonymous_8)
FN:108,(anonymous_9)
FN:111,(anonymous_10)
FN:120,(anonymous_11)
FN:128,(anonymous_12)
FN:131,(anonymous_13)
FN:136,(anonymous_14)
FN:148,(anonymous_15)
FN:152,(anonymous_16)
FN:153,(anonymous_17)
FN:160,(anonymous_18)
FN:163,(anonymous_19)
FN:170,(anonymous_20)
FN:174,(anonymous_21)
FN:179,(anonymous_22)
FN:187,(anonymous_23)
FN:197,(anonymous_24)
FN:208,(anonymous_25)
FN:216,(anonymous_26)
FN:219,(anonymous_27)
FN:226,(anonymous_28)
FN:236,(anonymous_29)
FN:246,(anonymous_30)
FNF:31
FNH:31
FNDA:1618,(anonymous_0)
FNDA:176,(anonymous_1)
FNDA:306,(anonymous_2)
FNDA:166,(anonymous_3)
FNDA:68,(anonymous_4)
FNDA:6,(anonymous_5)
FNDA:66,(anonymous_6)
FNDA:66,(anonymous_7)
FNDA:374,(anonymous_8)
FNDA:263,(anonymous_9)
FNDA:176,(anonymous_10)
FNDA:50,(anonymous_11)
FNDA:48,(anonymous_12)
FNDA:50,(anonymous_13)
FNDA:55,(anonymous_14)
FNDA:62,(anonymous_15)
FNDA:3,(anonymous_16)
FNDA:2,(anonymous_17)
FNDA:4,(anonymous_18)
FNDA:4,(anonymous_19)
FNDA:2,(anonymous_20)
FNDA:2,(anonymous_21)
FNDA:17,(anonymous_22)
FNDA:12,(anonymous_23)
FNDA:152,(anonymous_24)
FNDA:106,(anonymous_25)
FNDA:25,(anonymous_26)
FNDA:73,(anonymous_27)
FNDA:177,(anonymous_28)
FNDA:127,(anonymous_29)
FNDA:66,(anonymous_30)
DA:6,24
DA:16,1618
DA:19,24
DA:20,176
DA:21,176
DA:22,0
DA:24,176
DA:28,24
DA:29,306
DA:31,173
DA:32,173
DA:34,173
DA:38,24
DA:39,166
DA:41,98
DA:43,98
DA:44,98
DA:45,98
DA:47,98
DA:53,98
DA:58,24
DA:59,68
DA:60,68
DA:61,68
DA:65,24
DA:66,6
DA:68,6
DA:69,3
DA:70,3
DA:71,3
DA:74,6
DA:78,24
DA:87,66
DA:88,66
DA:90,66
DA:91,66
DA:93,66
DA:102,24
DA:103,374
DA:105,374
DA:107,374
DA:108,367
DA:109,263
DA:111,176
DA:115,374
DA:120,24
DA:121,50
DA:122,50
DA:123,2
DA:126,48
DA:129,48
DA:131,50
DA:136,24
DA:145,55
DA:148,62
DA:152,3
DA:153,2
DA:160,24
DA:161,4
DA:163,4
DA:165,4
DA:170,24
DA:171,2
DA:174,2
DA:179,24
DA:180,17
DA:181,17
DA:183,17
DA:184,3
DA:187,17
DA:188,12
DA:191,17
DA:197,24
DA:198,152
DA:200,152
DA:201,132
DA:204,152
DA:205,21
DA:208,152
DA:209,106
DA:212,152
DA:216,24
DA:217,25
DA:219,73
DA:226,24
DA:227,177
DA:229,177
DA:231,177
DA:232,20
DA:233,19
DA:236,176
DA:238,127
DA:240,127
DA:243,176
DA:246,24
DA:247,66
DA:248,0
DA:249,0
DA:252,66
DA:253,64
DA:255,2
DA:256,2
LF:102
LH:99
BRDA:15,0,0,50
BRDA:21,1,0,0
BRDA:21,1,1,176
BRDA:29,2,0,133
BRDA:29,2,1,173
BRDA:39,3,0,68
BRDA:39,3,1,98
BRDA:68,4,0,3
BRDA:68,4,1,3
BRDA:90,5,0,3
BRDA:90,5,1,63
BRDA:90,6,0,3
BRDA:90,6,1,3
BRDA:105,7,0,121
BRDA:105,7,1,253
BRDA:107,8,0,367
BRDA:107,8,1,7
BRDA:122,9,0,2
BRDA:122,9,1,48
BRDA:152,10,0,49
BRDA:152,10,1,13
BRDA:153,11,0,49
BRDA:153,11,1,13
BRDA:183,12,0,3
BRDA:183,12,1,14
BRDA:197,13,0,21
BRDA:200,14,0,132
BRDA:200,14,1,20
BRDA:204,15,0,21
BRDA:204,15,1,131
BRDA:216,16,0,25
BRDA:226,17,0,50
BRDA:229,18,0,56
BRDA:229,18,1,121
BRDA:231,19,0,20
BRDA:231,19,1,157
BRDA:232,20,0,1
BRDA:232,20,1,19
BRDA:247,21,0,0
BRDA:247,21,1,66
BRDA:248,22,0,0
BRDA:248,22,1,0
BRDA:252,23,0,64
BRDA:252,23,1,2
BRDA:255,24,0,0
BRDA:255,24,1,2
BRF:46
BRH:41
end_of_record
TN:
SF:src/abstract-structures/index.js
FNF:0
FNH:0
LF:0
LH:0
BRF:0
BRH:0
end_of_record
TN:
SF:src/abstract-structures/sym.js
FN:3,(anonymous_0)
FN:22,(anonymous_1)
FN:25,(anonymous_2)
FN:26,(anonymous_3)
FN:27,(anonymous_4)
FN:28,(anonymous_5)
FN:30,(anonymous_6)
FN:51,(anonymous_7)
FN:60,(anonymous_8)
FN:85,(anonymous_9)
FN:87,(anonymous_10)
FN:131,(anonymous_11)
FN:133,(anonymous_12)
FNF:13
FNH:11
FNDA:665,(anonymous_0)
FNDA:220,(anonymous_1)
FNDA:198,(anonymous_2)
FNDA:6,(anonymous_3)
FNDA:2,(anonymous_4)
FNDA:10,(anonymous_5)
FNDA:638,(anonymous_6)
FNDA:2,(anonymous_7)
FNDA:224,(anonymous_8)
FNDA:0,(anonymous_9)
FNDA:111,(anonymous_10)
FNDA:6,(anonymous_11)
FNDA:0,(anonymous_12)
DA:3,25
DA:20,665
DA:22,25
DA:23,220
DA:25,198
DA:26,25
DA:27,25
DA:28,25
DA:30,25
DA:31,638
DA:33,538
DA:35,499
DA:37,39
DA:39,0
DA:41,100
DA:43,2
DA:45,98
DA:47,0
DA:51,25
DA:52,2
DA:54,1
DA:56,1
DA:60,25
DA:61,224
DA:63,200
DA:68,8
DA:73,4
DA:78,12
DA:85,25
DA:87,111
DA:89,25
DA:98,25
DA:124,25
DA:131,25
DA:133,25
LF:35
LH:33
BRDA:3,0,0,0
BRDA:6,1,0,18
BRDA:10,2,0,0
BRDA:13,3,0,0
BRDA:16,4,0,50
BRDA:19,5,0,176
BRDA:22,6,0,4
BRDA:25,7,0,2
BRDA:26,8,0,2
BRDA:27,9,0,2
BRDA:28,10,0,2
BRDA:31,11,0,538
BRDA:31,11,1,100
BRDA:33,12,0,499
BRDA:33,12,1,39
BRDA:41,13,0,2
BRDA:41,13,1,98
BRDA:52,14,0,1
BRDA:52,14,1,1
BRDA:61,15,0,200
BRDA:61,15,1,8
BRDA:61,15,2,4
BRDA:61,15,3,12
BRDA:131,16,0,6
BRDA:131,16,1,3
BRF:25
BRH:22
end_of_record
TN:
SF:src/deduction-interface/deduction-interface-util.js
FN:7,(anonymous_0)
FN:23,(anonymous_1)
FNF:2
FNH:2
FNDA:26,(anonymous_0)
FNDA:9,(anonymous_1)
DA:7,15
DA:8,26
DA:9,26
DA:11,26
DA:12,26
DA:14,0
DA:15,0
DA:17,0
DA:23,15
DA:24,9
DA:25,9
DA:27,9
DA:28,9
DA:29,9
DA:30,9
DA:31,9
DA:32,9
DA:34,0
DA:35,0
DA:37,0
LF:20
LH:14
BRDA:9,0,0,0
BRDA:9,0,1,26
BRDA:14,1,0,0
BRDA:14,1,1,0
BRDA:25,2,0,0
BRDA:25,2,1,9
BRDA:29,3,0,0
BRDA:29,3,1,9
BRDA:34,4,0,0
BRDA:34,4,1,0
BRF:10
BRH:3
end_of_record
TN:
SF:src/deduction-interface/deduction-interface.js
FN:9,(anonymous_0)
FN:10,(anonymous_1)
FN:11,(anonymous_2)
FN:23,(anonymous_3)
FN:27,(anonymous_4)
FN:32,(anonymous_5)
FN:49,(anonymous_6)
FN:52,(anonymous_7)
FN:60,(anonymous_8)
FNF:9
FNH:9
FNDA:156,(anonymous_0)
FNDA:109,(anonymous_1)
FNDA:130,(anonymous_2)
FNDA:130,(anonymous_3)
FNDA:109,(anonymous_4)
FNDA:2,(anonymous_5)
FNDA:2,(anonymous_6)
FNDA:2,(anonymous_7)
FNDA:3,(anonymous_8)
DA:9,15
DA:10,156
DA:11,130
DA:15,109
DA:16,0
DA:23,130
DA:27,156
DA:28,109
DA:29,109
DA:32,156
DA:33,2
DA:35,2
DA:42,2
DA:44,2
DA:47,2
DA:50,2
DA:51,2
DA:52,2
DA:53,2
DA:58,2
DA:59,2
DA:60,2
DA:61,3
DA:64,2
DA:65,0
DA:67,2
DA:71,2
DA:77,2
DA:80,156
LF:29
LH:27
BRDA:9,0,0,13
BRDA:12,1,0,130
BRDA:12,1,1,130
BRDA:12,1,2,130
BRDA:15,2,0,0
BRDA:15,2,1,109
BRDA:35,3,0,0
BRDA:35,3,1,2
BRDA:58,4,0,2
BRDA:58,4,1,0
BRDA:64,5,0,0
BRDA:64,5,1,2
BRF:12
BRH:8
end_of_record
TN:
SF:src/deduction-interface/index.js
FNF:0
FNH:0
LF:0
LH:0
BRF:0
BRH:0
end_of_record
TN:
SF:src/deduction-interface/rules-interface/conditional-elimination-rule-interface.js
FN:5,(anonymous_0)
FN:10,(anonymous_1)
FNF:2
FNH:2
FNDA:4,(anonymous_0)
FNDA:4,(anonymous_1)
DA:5,15
DA:10,4
DA:11,4
DA:12,4
DA:14,4
DA:19,4
DA:21,4
DA:24,4
LF:8
LH:8
BRF:0
BRH:0
end_of_record
TN:
SF:src/deduction-interface/rules-interface/conjunction-introduction-rule-interface.js
FN:7,(anonymous_0)
FN:8,(anonymous_1)
FNF:2
FNH:2
FNDA:2,(anonymous_0)
FNDA:2,(anonymous_1)
DA:7,15
DA:8,2
DA:9,2
DA:20,2
DA:22,2
DA:25,2
LF:6
LH:6
BRF:0
BRH:0
end_of_record
TN:
SF:src/deduction-interface/rules-interface/deduction-rule-interface.js
FN:7,(anonymous_0)
FN:8,(anonymous_1)
FNF:2
FNH:2
FNDA:14,(anonymous_0)
FNDA:14,(anonymous_1)
DA:7,15
DA:8,14
DA:9,14
DA:27,14
DA:29,14
DA:32,14
LF:6
LH:6
BRF:0
BRH:0
end_of_record
TN:
SF:src/deduction-interface/rules-interface/double-negation-elimination-rule-interface.js
FN:5,(anonymous_0)
FN:6,(anonymous_1)
FNF:2
FNH:2
FNDA:1,(anonymous_0)
FNDA:1,(anonymous_1)
DA:5,15
DA:6,1
DA:7,1
DA:9,1
DA:14,1
DA:16,1
DA:19,1
LF:7
LH:7
BRF:0
BRH:0
end_of_record
TN:
SF:src/deduction-interface/rules-interface/index.js
FNF:0
FNH:0
LF:0
LH:0
BRF:0
BRH:0
end_of_record
TN:
SF:src/deduction-interface/rules-interface/negation-introduction-rule-interface.js
FN:7,(anonymous_0)
FN:13,(anonymous_1)
FNF:2
FNH:2
FNDA:6,(anonymous_0)
FNDA:6,(anonymous_1)
DA:7,15
DA:13,6
DA:14,6
DA:23,6
DA:25,6
DA:28,6
LF:6
LH:6
BRF:0
BRH:0
end_of_record
TN:
SF:src/deduction-interface/rules-interface/premise-rule-interface.js
FN:5,(anonymous_0)
FN:6,(anonymous_1)
FNF:2
FNH:2
FNDA:21,(anonymous_0)
FNDA:21,(anonymous_1)
DA:5,15
DA:6,21
DA:7,21
DA:11,21
DA:13,21
DA:16,21
LF:6
LH:6
BRF:0
BRH:0
end_of_record
TN:
SF:src/deduction-interface/rules-interface/quantification.js
FN:10,(anonymous_0)
FN:13,(anonymous_1)
FN:34,(anonymous_2)
FN:40,(anonymous_3)
FN:51,(anonymous_4)
FN:70,(anonymous_5)
FN:75,(anonymous_6)
FN:94,(anonymous_7)
FN:99,(anonymous_8)
FN:102,(anonymous_9)
FN:112,(anonymous_10)
FN:134,(anonymous_11)
FN:137,(anonymous_12)
FN:158,(anonymous_13)
FN:164,(anonymous_14)
FN:184,(anonymous_15)
FN:189,(anonymous_16)
FN:190,(anonymous_17)
FNF:18
FNH:18
FNDA:10,(anonymous_0)
FNDA:8,(anonymous_1)
FNDA:21,(anonymous_2)
FNDA:19,(anonymous_3)
FNDA:11,(anonymous_4)
FNDA:35,(anonymous_5)
FNDA:35,(anonymous_6)
FNDA:21,(anonymous_7)
FNDA:8,(anonymous_8)
FNDA:8,(anonymous_9)
FNDA:2,(anonymous_10)
FNDA:14,(anonymous_11)
FNDA:12,(anonymous_12)
FNDA:18,(anonymous_13)
FNDA:18,(anonymous_14)
FNDA:6,(anonymous_15)
FNDA:106,(anonymous_16)
FNDA:106,(anonymous_17)
DA:10,15
DA:11,10
DA:13,10
DA:14,8
DA:18,8
DA:28,8
DA:30,8
DA:34,15
DA:35,21
DA:37,21
DA:41,19
DA:42,19
DA:47,19
DA:48,18
DA:49,18
DA:51,18
DA:53,18
DA:56,19
DA:63,19
DA:65,19
DA:70,15
DA:71,35
DA:75,35
DA:76,35
DA:77,4
DA:78,2
DA:81,31
DA:82,31
DA:83,31
DA:84,31
DA:85,2
DA:89,31
DA:92,35
DA:95,21
DA:99,15
DA:100,8
DA:102,8
DA:103,8
DA:108,8
DA:109,7
DA:110,7
DA:112,7
DA:114,7
DA:117,8
DA:128,8
DA:130,6
DA:134,15
DA:135,14
DA:137,14
DA:138,12
DA:140,12
DA:142,12
DA:146,12
DA:152,12
DA:154,12
DA:158,15
DA:159,18
DA:164,18
DA:165,18
DA:166,18
DA:167,16
DA:168,1
DA:171,15
DA:172,15
DA:173,15
DA:174,1
DA:179,16
DA:182,18
DA:185,6
DA:189,106
DA:190,106
LF:71
LH:71
BRDA:14,0,0,7
BRDA:14,0,1,1
BRDA:42,1,0,18
BRDA:42,1,1,1
BRDA:47,2,0,18
BRDA:47,2,1,1
BRDA:76,3,0,4
BRDA:76,3,1,31
BRDA:77,4,0,2
BRDA:77,4,1,2
BRDA:84,5,0,2
BRDA:84,5,1,29
BRDA:103,6,0,7
BRDA:103,6,1,1
BRDA:108,7,0,7
BRDA:108,7,1,1
BRDA:142,8,0,11
BRDA:142,8,1,1
BRDA:165,9,0,18
BRDA:165,9,1,16
BRDA:166,10,0,16
BRDA:166,10,1,2
BRDA:167,11,0,1
BRDA:167,11,1,15
BRDA:171,12,0,15
BRDA:171,12,1,0
BRDA:173,13,0,1
BRDA:173,13,1,14
BRF:28
BRH:27
end_of_record
TN:
SF:src/deduction-interface/rules-interface/rules-interface.js
FN:27,(anonymous_0)
FN:28,(anonymous_1)
FN:37,(anonymous_2)
FN:103,(anonymous_3)
FN:161,(anonymous_4)
FN:175,(anonymous_5)
FNF:6
FNH:6
FNDA:109,(anonymous_0)
FNDA:109,(anonymous_1)
FNDA:28,(anonymous_2)
FNDA:18,(anonymous_3)
FNDA:8,(anonymous_4)
FNDA:8,(anonymous_5)
DA:27,109
DA:29,109
DA:31,21
DA:32,0
DA:35,14
DA:36,14
DA:37,28
DA:39,14
DA:40,14
DA:42,14
DA:43,13
DA:46,1
DA:47,1
DA:49,1
DA:50,1
DA:53,0
DA:56,4
DA:59,14
DA:60,14
DA:61,14
DA:63,14
DA:64,14
DA:67,0
DA:70,8
DA:71,8
DA:72,8
DA:74,0
DA:77,21
DA:78,21
DA:79,21
DA:81,21
DA:82,21
DA:85,0
DA:88,10
DA:89,10
DA:90,10
DA:92,0
DA:95,0
DA:96,0
DA:99,6
DA:101,6
DA:103,6
DA:104,18
DA:105,18
DA:107,18
DA:108,6
DA:110,12
DA:114,6
DA:116,6
DA:118,6
DA:119,6
DA:121,6
DA:122,6
DA:124,6
DA:125,6
DA:127,6
DA:128,4
DA:136,2
DA:137,2
DA:145,0
DA:148,1
DA:149,1
DA:150,1
DA:152,1
DA:153,1
DA:156,0
DA:159,4
DA:160,4
DA:161,8
DA:163,4
DA:164,2
DA:167,2
DA:168,2
DA:171,0
DA:173,4
DA:174,4
DA:175,8
DA:177,4
DA:178,2
DA:181,2
DA:182,2
DA:185,0
DA:187,2
DA:188,2
DA:189,2
DA:191,0
DA:193,0
DA:195,0
DA:197,0
DA:199,0
DA:201,0
DA:204,0
LF:92
LH:73
BRDA:29,0,0,21
BRDA:29,0,1,14
BRDA:29,0,2,4
BRDA:29,0,3,14
BRDA:29,0,4,8
BRDA:29,0,5,21
BRDA:29,0,6,10
BRDA:29,0,7,0
BRDA:29,0,8,6
BRDA:29,0,9,1
BRDA:29,0,10,4
BRDA:29,0,11,4
BRDA:29,0,12,2
BRDA:29,0,13,0
BRDA:29,0,14,0
BRDA:29,0,15,0
BRDA:29,0,16,0
BRDA:29,0,17,0
BRDA:31,1,0,21
BRDA:31,1,1,0
BRDA:35,2,0,14
BRDA:35,2,1,0
BRDA:42,3,0,13
BRDA:42,3,1,1
BRDA:42,4,0,14
BRDA:42,4,1,13
BRDA:49,5,0,1
BRDA:49,5,1,0
BRDA:49,6,0,1
BRDA:49,6,1,1
BRDA:59,7,0,14
BRDA:59,7,1,0
BRDA:63,8,0,14
BRDA:63,8,1,0
BRDA:70,9,0,8
BRDA:70,9,1,0
BRDA:77,10,0,21
BRDA:77,10,1,0
BRDA:81,11,0,21
BRDA:81,11,1,0
BRDA:88,12,0,10
BRDA:88,12,1,0
BRDA:95,13,0,0
BRDA:95,13,1,0
BRDA:99,14,0,6
BRDA:99,14,1,0
BRDA:107,15,0,6
BRDA:107,15,1,12
BRDA:114,16,0,0
BRDA:114,16,1,6
BRDA:114,17,0,6
BRDA:114,17,1,6
BRDA:122,18,0,0
BRDA:122,18,1,6
BRDA:125,19,0,0
BRDA:125,19,1,6
BRDA:127,20,0,4
BRDA:127,20,1,2
BRDA:136,21,0,2
BRDA:136,21,1,0
BRDA:148,22,0,1
BRDA:148,22,1,0
BRDA:152,23,0,1
BRDA:152,23,1,0
BRDA:159,24,0,4
BRDA:159,24,1,0
BRDA:163,25,0,2
BRDA:163,25,1,2
BRDA:167,26,0,2
BRDA:167,26,1,0
BRDA:173,27,0,4
BRDA:173,27,1,0
BRDA:177,28,0,2
BRDA:177,28,1,2
BRDA:181,29,0,2
BRDA:181,29,1,0
BRDA:187,30,0,2
BRDA:187,30,1,0
BRF:78
BRH:49
end_of_record
TN:
SF:src/deduction-interface/rules-interface/tautological-implication-rule-interface.js
FN:7,(anonymous_0)
FN:8,(anonymous_1)
FN:9,(anonymous_2)
FNF:3
FNH:3
FNDA:4,(anonymous_0)
FNDA:4,(anonymous_1)
FNDA:10,(anonymous_2)
DA:7,15
DA:8,4
DA:9,10
DA:11,4
DA:12,0
DA:19,4
DA:25,4
DA:27,4
DA:30,4
LF:9
LH:8
BRDA:7,0,0,0
BRDA:11,1,0,0
BRDA:11,1,1,4
BRF:3
BRH:1
end_of_record
TN:
SF:src/deduction-interface/rules-interface/theorem-rule-interface.js
FN:4,(anonymous_0)
FN:4,(anonymous_1)
FNF:2
FNH:0
FNDA:0,(anonymous_0)
FNDA:0,(anonymous_1)
DA:4,15
LF:1
LH:1
BRF:0
BRH:0
end_of_record
TN:
SF:src/deduction-interface/rules-interface/weak-negation-elimination-rule-interface.js
FN:5,(anonymous_0)
FN:10,(anonymous_1)
FNF:2
FNH:2
FNDA:4,(anonymous_0)
FNDA:4,(anonymous_1)
DA:5,15
DA:10,4
DA:11,4
DA:16,4
DA:18,4
DA:21,4
LF:6
LH:6
BRF:0
BRH:0
end_of_record
TN:
SF:src/deduction-structure/deduction.js
FN:8,(anonymous_0)
FN:15,(anonymous_1)
FN:19,(anonymous_2)
FN:22,(anonymous_3)
FN:29,(anonymous_4)
FN:31,(anonymous_5)
FN:36,(anonymous_6)
FN:43,(anonymous_7)
FN:49,(anonymous_8)
FN:55,(anonymous_9)
FN:91,(anonymous_10)
FN:100,(anonymous_11)
FN:113,(anonymous_12)
FN:115,(anonymous_13)
FN:120,(anonymous_14)
FN:123,(anonymous_15)
FN:132,(anonymous_16)
FN:136,(anonymous_17)
FNF:18
FNH:15
FNDA:53,(anonymous_0)
FNDA:183,(anonymous_1)
FNDA:43,(anonymous_2)
FNDA:436,(anonymous_3)
FNDA:0,(anonymous_4)
FNDA:0,(anonymous_5)
FNDA:84,(anonymous_6)
FNDA:103,(anonymous_7)
FNDA:0,(anonymous_8)
FNDA:103,(anonymous_9)
FNDA:25,(anonymous_10)
FNDA:2,(anonymous_11)
FNDA:101,(anonymous_12)
FNDA:101,(anonymous_13)
FNDA:103,(anonymous_14)
FNDA:124,(anonymous_15)
FNDA:68,(anonymous_16)
FNDA:103,(anonymous_17)
DA:8,16
DA:13,53
DA:15,183
DA:19,43
DA:22,16
DA:23,436
DA:24,436
DA:25,436
DA:29,16
DA:30,0
DA:31,0
DA:33,0
DA:36,16
DA:37,84
DA:38,84
DA:39,84
DA:43,16
DA:44,103
DA:49,16
DA:50,0
DA:51,0
DA:52,0
DA:55,16
DA:62,103
DA:64,103
DA:66,103
DA:67,25
DA:70,101
DA:77,101
DA:83,101
DA:84,101
DA:86,101
DA:91,16
DA:92,25
DA:94,25
DA:96,25
DA:101,2
DA:102,2
DA:103,2
DA:104,2
DA:106,2
DA:110,23
DA:113,101
DA:115,101
DA:120,16
DA:121,103
DA:123,103
DA:124,124
DA:126,124
DA:128,124
DA:129,71
DA:132,124
DA:135,103
DA:136,103
DA:139,103
LF:55
LH:49
BRDA:8,0,0,13
BRDA:10,1,0,13
BRDA:12,2,0,49
BRDA:24,3,0,0
BRDA:24,3,1,436
BRDA:38,4,0,0
BRDA:38,4,1,84
BRDA:44,5,0,0
BRDA:44,5,1,103
BRDA:66,6,0,25
BRDA:66,6,1,78
BRDA:102,7,0,2
BRDA:102,7,1,0
BRDA:128,8,0,71
BRDA:128,8,1,53
BRDA:128,9,0,124
BRDA:128,9,1,53
BRDA:135,10,0,103
BRDA:135,10,1,0
BRF:19
BRH:14
end_of_record
TN:
SF:src/deduction-structure/index.js
FNF:0
FNH:0
LF:0
LH:0
BRF:0
BRH:0
end_of_record
TN:
SF:src/deduction-structure/rule.js
FN:35,(anonymous_0)
FN:36,(anonymous_1)
FNF:2
FNH:2
FNDA:6,(anonymous_0)
FNDA:53,(anonymous_1)
DA:2,16
DA:35,16
DA:36,53
DA:38,16
DA:70,16
LF:5
LH:5
BRF:0
BRH:0
end_of_record
TN:
SF:src/deduction-structure/step.js
FN:5,(anonymous_0)
FN:17,(anonymous_1)
FN:26,(anonymous_2)
FNF:3
FNH:2
FNDA:209,(anonymous_0)
FNDA:209,(anonymous_1)
FNDA:0,(anonymous_2)
DA:5,16
DA:15,209
DA:17,16
DA:24,209
DA:26,16
LF:5
LH:5
BRDA:5,0,0,0
BRDA:7,1,0,60
BRDA:14,2,0,0
BRDA:17,3,0,0
BRDA:18,4,0,0
BRDA:19,5,0,51
BRDA:23,6,0,186
BRF:7
BRH:3
end_of_record
TN:
SF:src/deduction-structure/rule-application-spec/index.js
FNF:0
FNH:0
LF:0
LH:0
BRF:0
BRH:0
end_of_record
TN:
SF:src/deduction-structure/rule-application-spec/regular-rule-application-spec.js
FN:15,(anonymous_0)
FNF:1
FNH:1
FNDA:103,(anonymous_0)
DA:15,15
DA:25,103
LF:2
LH:2
BRDA:16,0,0,0
BRDA:18,1,0,21
BRF:2
BRH:1
end_of_record
TN:
SF:src/deduction-structure/rule-application-spec/theorem-rule-application-spec.js
FN:5,(anonymous_0)
FNF:1
FNH:0
FNDA:0,(anonymous_0)
DA:5,15
DA:9,0
LF:2
LH:1
BRF:0
BRH:0
end_of_record
TN:
SF:src/deduction-structure/term-dependency-graph/index.js
FNF:0
FNH:0
LF:0
LH:0
BRF:0
BRH:0
end_of_record
TN:
SF:src/deduction-structure/term-dependency-graph/term-dependency-graph.js
FN:7,(anonymous_0)
FN:11,(anonymous_1)
FN:17,(anonymous_2)
FN:24,(anonymous_3)
FN:39,(anonymous_4)
FN:53,(anonymous_5)
FN:59,(anonymous_6)
FN:62,(anonymous_7)
FN:63,(anonymous_8)
FN:66,(anonymous_9)
FN:74,(anonymous_10)
FN:83,(anonymous_11)
FN:89,(anonymous_12)
FN:96,(anonymous_13)
FN:107,(anonymous_14)
FN:120,(anonymous_15)
FN:130,(anonymous_16)
FN:141,(anonymous_17)
FN:148,(anonymous_18)
FNF:19
FNH:19
FNDA:250,(anonymous_0)
FNDA:32,(anonymous_1)
FNDA:20,(anonymous_2)
FNDA:17,(anonymous_3)
FNDA:34,(anonymous_4)
FNDA:9,(anonymous_5)
FNDA:25,(anonymous_6)
FNDA:49,(anonymous_7)
FNDA:10,(anonymous_8)
FNDA:6,(anonymous_9)
FNDA:4,(anonymous_10)
FNDA:9,(anonymous_11)
FNDA:6,(anonymous_12)
FNDA:4,(anonymous_13)
FNDA:17,(anonymous_14)
FNDA:4,(anonymous_15)
FNDA:24,(anonymous_16)
FNDA:3,(anonymous_17)
FNDA:4,(anonymous_18)
DA:7,250
DA:11,17
DA:12,32
DA:13,2
DA:16,30
DA:17,20
DA:19,30
DA:20,3
DA:23,27
DA:24,27
DA:25,17
DA:27,17
DA:28,1
DA:31,17
DA:34,27
DA:39,17
DA:45,34
DA:46,34
DA:48,34
DA:49,34
DA:50,17
DA:52,10
DA:54,9
DA:59,17
DA:60,25
DA:62,49
DA:63,10
DA:66,17
DA:67,6
DA:68,6
DA:70,6
DA:71,6
DA:73,3
DA:74,3
DA:75,4
DA:80,3
DA:83,17
DA:84,9
DA:85,9
DA:86,9
DA:89,17
DA:90,6
DA:91,6
DA:93,6
DA:95,6
DA:96,6
DA:97,4
DA:102,6
DA:107,17
DA:108,17
DA:117,17
DA:119,17
DA:121,4
DA:130,17
DA:131,24
DA:132,4
DA:133,4
DA:136,20
DA:138,20
DA:140,6
DA:142,3
DA:148,17
DA:149,4
DA:150,4
DA:152,4
DA:153,4
DA:155,4
DA:157,4
DA:158,1
DA:160,3
DA:163,4
LF:71
LH:71
BRDA:7,0,0,236
BRDA:11,1,0,0
BRDA:12,2,0,2
BRDA:12,2,1,30
BRDA:19,3,0,3
BRDA:19,3,1,27
BRDA:27,4,0,1
BRDA:27,4,1,16
BRDA:43,5,0,25
BRDA:45,6,0,0
BRDA:45,6,1,34
BRDA:49,7,0,17
BRDA:49,7,1,17
BRDA:50,8,0,7
BRDA:50,8,1,10
BRDA:66,9,0,2
BRDA:67,10,0,0
BRDA:67,10,1,6
BRDA:71,11,0,3
BRDA:71,11,1,3
BRDA:85,12,0,0
BRDA:85,12,1,9
BRDA:89,13,0,2
BRDA:90,14,0,0
BRDA:90,14,1,6
BRDA:130,15,0,7
BRDA:131,16,0,4
BRDA:131,16,1,20
BRDA:131,17,0,24
BRDA:131,17,1,7
BRDA:138,18,0,14
BRDA:138,18,1,6
BRDA:150,19,0,0
BRDA:150,19,1,4
BRDA:157,20,0,1
BRDA:157,20,1,3
BRF:36
BRH:30
end_of_record
TN:
SF:src/deduction-util/deduction-inflate-deflate.js
FN:9,(anonymous_0)
FN:10,(anonymous_1)
FN:13,(anonymous_2)
FN:72,(anonymous_3)
FN:75,(anonymous_4)
FNF:5
FNH:5
FNDA:2,(anonymous_0)
FNDA:17,(anonymous_1)
FNDA:19,(anonymous_2)
FNDA:2,(anonymous_3)
FNDA:17,(anonymous_4)
DA:9,1
DA:10,2
DA:11,17
DA:13,19
DA:15,17
DA:17,4
DA:18,4
DA:21,0
DA:22,0
DA:25,1
DA:26,1
DA:29,4
DA:32,1
DA:37,1
DA:38,1
DA:39,1
DA:40,1
DA:43,2
DA:48,2
DA:49,2
DA:51,2
DA:54,3
DA:58,3
DA:61,2
DA:65,2
DA:69,17
DA:72,1
DA:73,2
DA:75,2
DA:76,17
DA:77,17
DA:79,4
DA:80,4
DA:82,0
DA:83,0
DA:85,1
DA:86,1
DA:88,4
DA:89,4
DA:91,1
DA:92,1
DA:94,2
DA:95,2
DA:97,3
DA:98,3
DA:100,2
DA:101,2
DA:105,2
LF:48
LH:44
BRDA:15,0,0,4
BRDA:15,0,1,0
BRDA:15,0,2,1
BRDA:15,0,3,4
BRDA:15,0,4,1
BRDA:15,0,5,2
BRDA:15,0,6,3
BRDA:15,0,7,2
BRDA:77,1,0,4
BRDA:77,1,1,0
BRDA:77,1,2,1
BRDA:77,1,3,4
BRDA:77,1,4,1
BRDA:77,1,5,2
BRDA:77,1,6,3
BRDA:77,1,7,2
BRF:16
BRH:14
end_of_record
TN:
SF:src/parsers/deduction-parser/ast-processor.js
FN:12,(anonymous_0)
FN:17,(anonymous_1)
FN:23,(anonymous_2)
FN:30,(anonymous_3)
FN:112,(anonymous_4)
FN:136,(anonymous_5)
FN:149,(anonymous_6)
FNF:7
FNH:7
FNDA:8,(anonymous_0)
FNDA:10,(anonymous_1)
FNDA:53,(anonymous_2)
FNDA:53,(anonymous_3)
FNDA:43,(anonymous_4)
FNDA:53,(anonymous_5)
FNDA:53,(anonymous_6)
DA:12,3
DA:13,8
DA:15,8
DA:17,8
DA:18,10
DA:20,10
DA:22,10
DA:23,53
DA:27,10
DA:30,8
DA:31,53
DA:33,53
DA:35,53
DA:37,53
DA:38,53
DA:39,53
DA:41,53
DA:48,53
DA:50,16
DA:51,0
DA:53,16
DA:54,16
DA:57,8
DA:58,0
DA:60,8
DA:61,8
DA:64,2
DA:65,0
DA:67,2
DA:68,2
DA:71,7
DA:72,0
DA:74,7
DA:75,7
DA:76,7
DA:79,2
DA:80,0
DA:82,2
DA:83,2
DA:84,2
DA:87,14
DA:88,0
DA:90,14
DA:91,14
DA:92,14
DA:95,4
DA:96,0
DA:98,4
DA:99,4
DA:100,4
DA:102,0
DA:103,0
DA:105,0
DA:106,0
DA:110,53
DA:112,53
DA:113,53
DA:114,0
DA:119,53
DA:120,0
DA:123,53
DA:126,8
DA:136,3
DA:137,53
DA:138,0
DA:149,3
DA:150,53
DA:152,53
DA:153,0
DA:160,53
DA:162,53
DA:163,43
DA:164,0
DA:171,43
DA:176,43
DA:177,0
LF:76
LH:59
BRDA:48,0,0,16
BRDA:48,0,1,8
BRDA:48,0,2,2
BRDA:48,0,3,7
BRDA:48,0,4,2
BRDA:48,0,5,14
BRDA:48,0,6,4
BRDA:48,0,7,0
BRDA:50,1,0,0
BRDA:50,1,1,16
BRDA:57,2,0,0
BRDA:57,2,1,8
BRDA:64,3,0,0
BRDA:64,3,1,2
BRDA:71,4,0,0
BRDA:71,4,1,7
BRDA:79,5,0,0
BRDA:79,5,1,2
BRDA:87,6,0,0
BRDA:87,6,1,14
BRDA:95,7,0,0
BRDA:95,7,1,4
BRDA:102,8,0,0
BRDA:102,8,1,0
BRDA:113,9,0,0
BRDA:113,9,1,53
BRDA:119,10,0,0
BRDA:119,10,1,53
BRDA:137,11,0,0
BRDA:137,11,1,53
BRDA:137,12,0,53
BRDA:137,12,1,53
BRDA:152,13,0,0
BRDA:152,13,1,53
BRDA:163,14,0,0
BRDA:163,14,1,43
BRDA:176,15,0,0
BRDA:176,15,1,43
BRDA:176,16,0,43
BRDA:176,16,1,0
BRF:40
BRH:23
end_of_record
TN:
SF:src/parsers/deduction-parser/deduction-parser.js
FN:4,(anonymous_0)
FN:7,(anonymous_1)
FNF:2
FNH:2
FNDA:8,(anonymous_0)
FNDA:10,(anonymous_1)
DA:4,3
DA:5,8
DA:7,8
DA:8,10
DA:9,10
DA:20,8
DA:22,8
LF:7
LH:7
BRF:0
BRH:0
end_of_record
TN:
SF:src/parsers/deduction-parser/index.js
FNF:0
FNH:0
LF:0
LH:0
BRF:0
BRH:0
end_of_record
TN:
SF:src/parsers/formula-parser/ast-processor.js
FN:15,(anonymous_0)
FN:28,(anonymous_1)
FN:90,(anonymous_2)
FN:95,(anonymous_3)
FN:104,(anonymous_4)
FN:120,(anonymous_5)
FN:121,(anonymous_6)
FN:122,(anonymous_7)
FN:123,(anonymous_8)
FN:124,(anonymous_9)
FN:128,(anonymous_10)
FN:142,(anonymous_11)
FN:143,(anonymous_12)
FNF:13
FNH:12
FNDA:202,(anonymous_0)
FNDA:1362,(anonymous_1)
FNDA:936,(anonymous_2)
FNDA:444,(anonymous_3)
FNDA:441,(anonymous_4)
FNDA:123,(anonymous_5)
FNDA:7,(anonymous_6)
FNDA:2,(anonymous_7)
FNDA:0,(anonymous_8)
FNDA:8,(anonymous_9)
FNDA:441,(anonymous_10)
FNDA:285,(anonymous_11)
FNDA:352,(anonymous_12)
DA:15,22
DA:28,202
DA:29,1362
DA:31,1360
DA:32,1360
DA:34,1360
DA:37,1360
DA:39,1360
DA:40,0
DA:47,1360
DA:48,0
DA:54,1360
DA:55,2
DA:63,1358
DA:64,185
DA:66,185
DA:67,95
DA:68,1
DA:75,94
DA:76,0
DA:83,90
DA:87,1357
DA:90,936
DA:95,202
DA:96,444
DA:97,444
DA:98,444
DA:99,444
DA:104,202
DA:105,441
DA:106,441
DA:107,441
DA:108,441
DA:110,441
DA:112,441
DA:115,202
DA:120,123
DA:121,7
DA:122,2
DA:123,0
DA:124,8
DA:128,22
DA:129,441
DA:131,285
DA:132,196
DA:133,0
DA:136,156
DA:137,0
DA:142,285
DA:143,352
LF:50
LH:44
BRDA:21,0,0,202
BRDA:23,1,0,202
BRDA:28,2,0,424
BRDA:29,3,0,2
BRDA:29,3,1,1360
BRDA:34,4,0,1360
BRDA:34,4,1,351
BRDA:39,5,0,0
BRDA:39,5,1,1360
BRDA:47,6,0,0
BRDA:47,6,1,1360
BRDA:54,7,0,2
BRDA:54,7,1,1358
BRDA:63,8,0,185
BRDA:63,8,1,1173
BRDA:66,9,0,95
BRDA:66,9,1,90
BRDA:67,10,0,1
BRDA:67,10,1,94
BRDA:75,11,0,0
BRDA:75,11,1,94
BRDA:129,12,0,285
BRDA:129,12,1,156
BRDA:131,13,0,89
BRDA:131,13,1,196
BRDA:132,14,0,196
BRDA:132,14,1,0
BRDA:136,15,0,156
BRDA:136,15,1,0
BRF:29
BRH:24
end_of_record
TN:
SF:src/parsers/formula-parser/formula-parser.js
FN:4,(anonymous_0)
FN:7,(anonymous_1)
FNF:2
FNH:2
FNDA:194,(anonymous_0)
FNDA:371,(anonymous_1)
DA:4,20
DA:5,194
DA:7,194
DA:8,371
DA:9,371
DA:20,194
DA:22,194
LF:7
LH:7
BRF:0
BRH:0
end_of_record
TN:
SF:src/parsers/formula-parser/index.js
FNF:0
FNH:0
LF:0
LH:0
BRF:0
BRH:0
end_of_record
TN:
SF:src/parsers/peg/ast-formula.js
FN:1,(anonymous_0)
FNF:1
FNH:1
FNDA:1362,(anonymous_0)
DA:1,1362
LF:1
LH:1
BRF:0
BRH:0
end_of_record
TN:
SF:src/parsers/peg/index.js
FN:3,(anonymous_0)
FN:4,(anonymous_1)
FNF:2
FNH:2
FNDA:378,(anonymous_0)
FNDA:11,(anonymous_1)
DA:3,378
DA:4,24
LF:2
LH:2
BRF:0
BRH:0
end_of_record
TN:
SF:src/presentation/sym-presentation/index.js
FNF:0
FNH:0
LF:0
LH:0
BRF:0
BRH:0
end_of_record
TN:
SF:src/presentation/sym-presentation/presentations.js
FN:9,(anonymous_0)
FN:13,(anonymous_1)
FN:17,(anonymous_2)
FN:19,(anonymous_3)
FNF:4
FNH:4
FNDA:202,(anonymous_0)
FNDA:1424,(anonymous_1)
FNDA:202,(anonymous_2)
FNDA:1424,(anonymous_3)
DA:9,24
DA:10,202
DA:13,1424
DA:17,24
DA:18,202
DA:19,1424
LF:6
LH:6
BRDA:19,0,0,0
BRDA:19,0,1,202
BRF:2
BRH:1
end_of_record
TN:
SF:src/presentation/sym-presentation/primitive-presentations.js
FNF:0
FNH:0
DA:13,24
LF:1
LH:1
BRF:0
BRH:0
end_of_record
TN:
SF:src/presentation/sym-presentation/sym-presentation.js
FN:5,(anonymous_0)
FN:8,(anonymous_1)
FN:11,(anonymous_2)
FN:13,(anonymous_3)
FN:15,(anonymous_4)
FN:17,(anonymous_5)
FN:19,(anonymous_6)
FNF:7
FNH:4
FNDA:612,(anonymous_0)
FNDA:0,(anonymous_1)
FNDA:0,(anonymous_2)
FNDA:780,(anonymous_3)
FNDA:147,(anonymous_4)
FNDA:192,(anonymous_5)
FNDA:0,(anonymous_6)
DA:5,612
DA:7,24
DA:8,0
DA:10,24
DA:11,0
DA:13,780
DA:15,147
DA:17,192
DA:19,24
DA:20,0
DA:22,0
DA:24,0
DA:29,24
LF:13
LH:8
BRDA:8,0,0,0
BRDA:8,0,1,0
BRDA:11,1,0,0
BRDA:13,2,0,0
BRDA:19,3,0,0
BRDA:20,4,0,0
BRDA:20,4,1,0
BRF:7
BRH:0
end_of_record
TN:
SF:src/propositional-logic/primitive-truth-functions.js
FN:5,(anonymous_0)
FN:6,(anonymous_1)
FN:7,(anonymous_2)
FN:8,(anonymous_3)
FN:9,(anonymous_4)
FN:12,(anonymous_5)
FN:17,(anonymous_6)
FN:20,(anonymous_7)
FNF:8
FNH:7
FNDA:31,(anonymous_0)
FNDA:80,(anonymous_1)
FNDA:8,(anonymous_2)
FNDA:294,(anonymous_3)
FNDA:0,(anonymous_4)
FNDA:110,(anonymous_5)
FNDA:410,(anonymous_6)
FNDA:790,(anonymous_7)
DA:4,17
DA:5,31
DA:6,80
DA:7,8
DA:8,294
DA:9,0
DA:12,17
DA:13,110
DA:17,410
DA:20,790
LF:10
LH:9
BRDA:6,0,0,80
BRDA:6,0,1,40
BRDA:7,1,0,8
BRDA:7,1,1,4
BRDA:8,2,0,294
BRDA:8,2,1,148
BRF:6
BRH:6
end_of_record
TN:
SF:src/propositional-logic/propositional-logic-util.js
FN:7,(anonymous_0)
FN:18,(anonymous_1)
FN:25,(anonymous_2)
FN:29,(anonymous_3)
FN:51,(anonymous_4)
FN:52,(anonymous_5)
FN:53,(anonymous_6)
FN:60,(anonymous_7)
FN:64,(anonymous_8)
FN:66,(anonymous_9)
FN:73,(anonymous_10)
FN:80,(anonymous_11)
FN:87,(anonymous_12)
FN:92,(anonymous_13)
FN:101,(anonymous_14)
FN:112,(anonymous_15)
FN:119,(anonymous_16)
FN:126,(anonymous_17)
FN:133,(anonymous_18)
FNF:19
FNH:19
FNDA:14,(anonymous_0)
FNDA:6,(anonymous_1)
FNDA:33,(anonymous_2)
FNDA:354,(anonymous_3)
FNDA:410,(anonymous_4)
FNDA:178,(anonymous_5)
FNDA:341,(anonymous_6)
FNDA:178,(anonymous_7)
FNDA:341,(anonymous_8)
FNDA:321,(anonymous_9)
FNDA:113,(anonymous_10)
FNDA:26,(anonymous_11)
FNDA:7,(anonymous_12)
FNDA:2,(anonymous_13)
FNDA:3,(anonymous_14)
FNDA:6,(anonymous_15)
FNDA:6,(anonymous_16)
FNDA:10,(anonymous_17)
FNDA:4,(anonymous_18)
DA:7,17
DA:8,14
DA:10,14
DA:12,12
DA:13,8
DA:14,8
DA:15,7
DA:18,6
DA:19,3
DA:21,3
DA:25,17
DA:26,33
DA:29,17
DA:34,354
DA:36,354
DA:37,0
DA:40,354
DA:41,244
DA:42,244
DA:43,129
DA:45,115
DA:48,110
DA:50,110
DA:51,410
DA:52,178
DA:53,341
DA:60,178
DA:64,17
DA:65,341
DA:67,321
DA:73,17
DA:74,113
DA:75,113
DA:76,113
DA:80,17
DA:81,26
DA:82,17
DA:83,17
DA:87,17
DA:88,7
DA:92,17
DA:93,2
DA:94,2
DA:96,1
DA:98,1
DA:101,17
DA:102,3
DA:104,3
DA:106,3
DA:108,3
DA:112,17
DA:113,6
DA:114,5
DA:115,5
DA:119,17
DA:120,6
DA:121,5
DA:122,5
DA:126,17
DA:127,10
DA:128,7
DA:129,7
DA:133,17
DA:134,4
DA:135,3
DA:136,3
LF:66
LH:65
BRDA:7,0,0,0
BRDA:10,1,0,2
BRDA:10,1,1,12
BRDA:12,2,0,8
BRDA:12,2,1,4
BRDA:14,3,0,1
BRDA:14,3,1,7
BRDA:32,4,0,33
BRDA:36,5,0,0
BRDA:36,5,1,354
BRDA:36,6,0,354
BRDA:36,6,1,354
BRDA:40,7,0,244
BRDA:40,7,1,110
BRDA:42,8,0,129
BRDA:42,8,1,115
BRDA:43,9,0,79
BRDA:43,9,1,50
BRDA:75,10,0,0
BRDA:75,10,1,113
BRDA:81,11,0,9
BRDA:81,11,1,17
BRDA:88,12,0,7
BRDA:88,12,1,5
BRDA:94,13,0,1
BRDA:94,13,1,1
BRDA:104,14,0,0
BRDA:104,14,1,3
BRDA:113,15,0,1
BRDA:113,15,1,5
BRDA:115,16,0,5
BRDA:115,16,1,3
BRDA:120,17,0,1
BRDA:120,17,1,5
BRDA:122,18,0,5
BRDA:122,18,1,3
BRDA:127,19,0,3
BRDA:127,19,1,7
BRDA:134,20,0,1
BRDA:134,20,1,3
BRF:40
BRH:36
end_of_record
TN:
SF:src/propositional-logic/propositional-logic.js
FN:7,(anonymous_0)
FN:9,(anonymous_1)
FN:11,(anonymous_2)
FN:13,(anonymous_3)
FN:15,(anonymous_4)
FN:17,(anonymous_5)
FN:30,(anonymous_6)
FN:32,(anonymous_7)
FNF:8
FNH:5
FNDA:0,(anonymous_0)
FNDA:27,(anonymous_1)
FNDA:0,(anonymous_2)
FNDA:27,(anonymous_3)
FNDA:0,(anonymous_4)
FNDA:16,(anonymous_5)
FNDA:27,(anonymous_6)
FNDA:27,(anonymous_7)
DA:7,16
DA:9,27
DA:11,16
DA:13,27
DA:15,16
DA:17,16
DA:18,16
DA:19,14
DA:20,3
DA:27,11
DA:30,27
DA:32,16
DA:33,27
DA:34,27
LF:14
LH:14
BRDA:11,0,0,0
BRDA:11,0,1,0
BRDA:18,1,0,2
BRDA:18,1,1,14
BRDA:19,2,0,3
BRDA:19,2,1,11
BRF:6
BRH:4
end_of_record
TN:
SF:src/propositional-logic/reduce-to-truth-functional.js
FN:6,(anonymous_0)
FN:9,(anonymous_1)
FN:14,(anonymous_2)
FNF:3
FNH:3
FNDA:27,(anonymous_0)
FNDA:165,(anonymous_1)
FNDA:138,(anonymous_2)
DA:6,16
DA:7,27
DA:9,16
DA:10,165
DA:12,165
DA:13,125
DA:18,138
DA:20,138
DA:23,125
DA:26,40
DA:28,40
DA:30,40
DA:31,40
DA:32,23
DA:33,23
DA:39,40
LF:16
LH:16
BRDA:9,0,0,27
BRDA:12,1,0,125
BRDA:12,1,1,40
BRDA:12,2,0,165
BRDA:12,2,1,130
BRDA:31,3,0,23
BRDA:31,3,1,17
BRF:7
BRH:7
end_of_record
