TN:
SF:src/error.js
FN:1,createError
FNF:1
FNH:1
FNDA:22,createError
DA:2,22
DA:3,22
DA:4,22
DA:5,22
DA:6,22
DA:9,29
LF:6
LH:6
BRDA:1,0,0,22
BRF:1
BRH:1
end_of_record
TN:
SF:src/formula-construction-util.js
FN:5,(anonymous_0)
FN:8,(anonymous_1)
FNF:2
FNH:2
FNDA:15,(anonymous_0)
FNDA:12,(anonymous_1)
DA:5,25
DA:6,15
DA:8,25
DA:9,12
LF:4
LH:4
BRDA:6,0,0,1
BRDA:6,0,1,14
BRF:2
BRH:2
end_of_record
TN:
SF:src/primitive-syms.js
FNF:0
FNH:0
DA:3,28
DA:4,28
DA:5,28
DA:6,28
DA:7,28
DA:8,28
DA:9,28
DA:11,28
LF:8
LH:8
BRF:0
BRH:0
end_of_record
TN:
SF:src/utils.js
FN:5,(anonymous_0)
FN:25,(anonymous_1)
FN:26,(anonymous_2)
FN:33,(anonymous_3)
FN:35,(anonymous_4)
FN:36,(anonymous_5)
FNF:6
FNH:4
FNDA:0,(anonymous_0)
FNDA:333,(anonymous_1)
FNDA:3992,(anonymous_2)
FNDA:902,(anonymous_3)
FNDA:0,(anonymous_4)
FNDA:444,(anonymous_5)
DA:5,30
DA:6,0
DA:7,0
DA:9,0
DA:10,0
DA:11,0
DA:13,0
DA:17,0
DA:25,30
DA:26,333
DA:27,3992
DA:28,3992
DA:29,3992
DA:30,3139
DA:33,30
DA:34,902
DA:35,902
DA:36,902
DA:37,444
LF:19
LH:12
BRDA:10,0,0,0
BRDA:10,0,1,0
BRDA:27,1,0,0
BRDA:27,1,1,3992
BRDA:28,2,0,0
BRDA:28,2,1,3992
BRDA:29,3,0,853
BRDA:29,3,1,3139
BRDA:29,4,0,3992
BRDA:29,4,1,853
BRDA:34,5,0,902
BRDA:34,5,1,30
BRDA:36,6,0,0
BRF:13
BRH:8
end_of_record
TN:
SF:src/abstract-structures/expression-pointer.js
FN:10,(anonymous_0)
FN:15,(anonymous_1)
FN:17,(anonymous_2)
FN:22,(anonymous_3)
FN:30,(anonymous_4)
FN:42,(anonymous_5)
FN:45,(anonymous_6)
FN:49,(anonymous_7)
FN:52,(anonymous_8)
FN:59,(anonymous_9)
FNF:10
FNH:10
FNDA:48,(anonymous_0)
FNDA:63,(anonymous_1)
FNDA:26,(anonymous_2)
FNDA:25,(anonymous_3)
FNDA:11,(anonymous_4)
FNDA:1,(anonymous_5)
FNDA:1,(anonymous_6)
FNDA:2,(anonymous_7)
FNDA:1,(anonymous_8)
FNDA:27,(anonymous_9)
DA:8,28
DA:11,48
DA:12,48
DA:15,63
DA:18,26
DA:23,25
DA:24,24
DA:31,11
DA:33,7
DA:35,7
DA:36,7
DA:38,7
DA:43,1
DA:45,1
DA:50,2
DA:52,1
DA:60,27
DA:61,16
DA:62,16
DA:64,16
DA:66,16
DA:67,9
DA:70,16
DA:72,16
LF:24
LH:24
BRDA:10,0,0,26
BRDA:23,1,0,1
BRDA:23,1,1,24
BRDA:31,2,0,4
BRDA:31,2,1,7
BRDA:33,3,0,7
BRDA:33,3,1,0
BRDA:38,4,0,3
BRDA:38,4,1,4
BRDA:60,5,0,11
BRDA:60,5,1,16
BRDA:66,6,0,9
BRDA:66,6,1,7
BRF:13
BRH:12
end_of_record
TN:
SF:src/abstract-structures/expression.js
FN:13,(anonymous_0)
FN:17,(anonymous_1)
FN:22,(anonymous_2)
FN:41,(anonymous_3)
FN:50,(anonymous_4)
FN:57,(anonymous_5)
FN:73,(anonymous_6)
FN:79,(anonymous_7)
FN:91,(anonymous_8)
FN:101,(anonymous_9)
FN:120,(anonymous_10)
FN:126,(anonymous_11)
FN:129,(anonymous_12)
FN:138,(anonymous_13)
FN:145,(anonymous_14)
FN:148,(anonymous_15)
FN:153,(anonymous_16)
FN:164,(anonymous_17)
FN:168,(anonymous_18)
FN:169,(anonymous_19)
FN:177,(anonymous_20)
FN:181,(anonymous_21)
FN:188,(anonymous_22)
FN:191,(anonymous_23)
FN:197,(anonymous_24)
FN:205,(anonymous_25)
FN:213,(anonymous_26)
FN:227,(anonymous_27)
FN:233,(anonymous_28)
FN:236,(anonymous_29)
FN:244,(anonymous_30)
FN:254,(anonymous_31)
FN:265,(anonymous_32)
FN:288,(anonymous_33)
FN:306,(anonymous_34)
FN:321,(anonymous_35)
FN:324,(anonymous_36)
FNF:37
FNH:37
FNDA:20,(anonymous_0)
FNDA:27,(anonymous_1)
FNDA:1821,(anonymous_2)
FNDA:176,(anonymous_3)
FNDA:306,(anonymous_4)
FNDA:166,(anonymous_5)
FNDA:68,(anonymous_6)
FNDA:6,(anonymous_7)
FNDA:66,(anonymous_8)
FNDA:66,(anonymous_9)
FNDA:374,(anonymous_10)
FNDA:263,(anonymous_11)
FNDA:176,(anonymous_12)
FNDA:50,(anonymous_13)
FNDA:48,(anonymous_14)
FNDA:50,(anonymous_15)
FNDA:55,(anonymous_16)
FNDA:62,(anonymous_17)
FNDA:3,(anonymous_18)
FNDA:2,(anonymous_19)
FNDA:4,(anonymous_20)
FNDA:4,(anonymous_21)
FNDA:2,(anonymous_22)
FNDA:2,(anonymous_23)
FNDA:17,(anonymous_24)
FNDA:12,(anonymous_25)
FNDA:152,(anonymous_26)
FNDA:106,(anonymous_27)
FNDA:25,(anonymous_28)
FNDA:73,(anonymous_29)
FNDA:177,(anonymous_30)
FNDA:127,(anonymous_31)
FNDA:12,(anonymous_32)
FNDA:7,(anonymous_33)
FNDA:66,(anonymous_34)
FNDA:7,(anonymous_35)
FNDA:46,(anonymous_36)
DA:8,28
DA:14,20
DA:15,18
DA:17,27
DA:19,18
DA:35,1821
DA:36,1821
DA:37,1821
DA:42,176
DA:43,176
DA:44,0
DA:46,176
DA:51,306
DA:52,173
DA:53,173
DA:58,166
DA:60,98
DA:62,98
DA:68,98
DA:74,68
DA:75,68
DA:80,6
DA:82,6
DA:83,3
DA:84,3
DA:87,6
DA:101,66
DA:106,66
DA:108,66
DA:109,66
DA:111,66
DA:121,374
DA:123,374
DA:125,374
DA:126,367
DA:127,263
DA:129,176
DA:133,374
DA:139,50
DA:140,2
DA:143,48
DA:146,48
DA:148,50
DA:161,55
DA:165,62
DA:168,3
DA:169,2
DA:178,4
DA:181,4
DA:189,2
DA:191,2
DA:198,17
DA:199,17
DA:201,17
DA:202,3
DA:205,17
DA:207,17
DA:214,152
DA:216,152
DA:217,132
DA:220,152
DA:221,21
DA:227,152
DA:229,152
DA:234,25
DA:236,73
DA:245,177
DA:247,177
DA:249,177
DA:250,20
DA:251,19
DA:254,176
DA:255,127
DA:258,176
DA:266,12
DA:268,12
DA:269,5
DA:270,5
DA:271,5
DA:278,12
DA:279,2
DA:280,2
DA:281,2
DA:287,12
DA:288,12
DA:289,7
DA:290,7
DA:291,7
DA:294,12
DA:306,28
DA:307,66
DA:308,0
DA:309,0
DA:312,66
DA:313,64
DA:315,2
DA:316,2
DA:321,28
DA:322,7
DA:324,46
LF:100
LH:97
BRDA:14,0,0,2
BRDA:14,0,1,18
BRDA:33,1,0,244
BRDA:43,2,0,0
BRDA:43,2,1,176
BRDA:51,3,0,133
BRDA:51,3,1,173
BRDA:58,4,0,68
BRDA:58,4,1,98
BRDA:82,5,0,3
BRDA:82,5,1,3
BRDA:108,6,0,3
BRDA:108,6,1,63
BRDA:108,7,0,3
BRDA:108,7,1,3
BRDA:123,8,0,121
BRDA:123,8,1,253
BRDA:125,9,0,367
BRDA:125,9,1,7
BRDA:139,10,0,2
BRDA:139,10,1,48
BRDA:168,11,0,49
BRDA:168,11,1,13
BRDA:169,12,0,49
BRDA:169,12,1,13
BRDA:201,13,0,3
BRDA:201,13,1,14
BRDA:213,14,0,21
BRDA:216,15,0,132
BRDA:216,15,1,20
BRDA:220,16,0,21
BRDA:220,16,1,131
BRDA:233,17,0,25
BRDA:244,18,0,50
BRDA:247,19,0,56
BRDA:247,19,1,121
BRDA:249,20,0,20
BRDA:249,20,1,157
BRDA:250,21,0,1
BRDA:250,21,1,19
BRDA:265,22,0,0
BRDA:268,23,0,5
BRDA:268,23,1,7
BRDA:278,24,0,2
BRDA:278,24,1,10
BRDA:300,25,0,2
BRDA:300,25,1,10
BRDA:307,26,0,0
BRDA:307,26,1,66
BRDA:308,27,0,0
BRDA:308,27,1,0
BRDA:312,28,0,64
BRDA:312,28,1,2
BRDA:315,29,0,0
BRDA:315,29,1,2
BRDA:322,30,0,1
BRDA:322,30,1,6
BRF:57
BRH:51
end_of_record
TN:
SF:src/abstract-structures/index.js
FNF:0
FNH:0
LF:0
LH:0
BRF:0
BRH:0
end_of_record
TN:
SF:src/abstract-structures/sym.js
FN:10,(anonymous_0)
FN:13,(anonymous_1)
FN:14,(anonymous_2)
FN:15,(anonymous_3)
FN:16,(anonymous_4)
FN:17,(anonymous_5)
FN:25,(anonymous_6)
FN:50,(anonymous_7)
FN:82,(anonymous_8)
FN:104,(anonymous_9)
FN:108,(anonymous_10)
FN:109,(anonymous_11)
FNF:12
FNH:11
FNDA:277,(anonymous_0)
FNDA:238,(anonymous_1)
FNDA:12,(anonymous_2)
FNDA:2,(anonymous_3)
FNDA:21,(anonymous_4)
FNDA:2,(anonymous_5)
FNDA:281,(anonymous_6)
FNDA:733,(anonymous_7)
FNDA:638,(anonymous_8)
FNDA:6,(anonymous_9)
FNDA:969,(anonymous_10)
FNDA:0,(anonymous_11)
DA:7,29
DA:11,277
DA:13,238
DA:14,12
DA:15,2
DA:16,21
DA:18,2
DA:20,1
DA:22,1
DA:26,281
DA:28,240
DA:33,14
DA:38,4
DA:43,23
DA:75,733
DA:76,733
DA:77,733
DA:78,733
DA:79,733
DA:83,638
DA:85,538
DA:87,499
DA:89,39
DA:91,0
DA:93,100
DA:95,2
DA:97,98
DA:99,0
DA:105,6
DA:108,969
DA:109,0
DA:113,29
DA:122,29
LF:33
LH:30
BRDA:10,0,0,4
BRDA:13,1,0,2
BRDA:14,2,0,2
BRDA:15,3,0,2
BRDA:16,4,0,2
BRDA:18,5,0,1
BRDA:18,5,1,1
BRDA:26,6,0,240
BRDA:26,6,1,14
BRDA:26,6,2,4
BRDA:26,6,3,23
BRDA:54,7,0,25
BRDA:60,8,0,7
BRDA:64,9,0,7
BRDA:68,10,0,86
BRDA:73,11,0,232
BRDA:83,12,0,538
BRDA:83,12,1,100
BRDA:85,13,0,499
BRDA:85,13,1,39
BRDA:93,14,0,2
BRDA:93,14,1,98
BRDA:105,15,0,6
BRDA:105,15,1,3
BRF:24
BRH:24
end_of_record
TN:
SF:src/deduction-interface/deduction-interface-util.js
FN:6,(anonymous_0)
FN:22,(anonymous_1)
FNF:2
FNH:2
FNDA:26,(anonymous_0)
FNDA:9,(anonymous_1)
DA:6,24
DA:7,26
DA:8,26
DA:10,26
DA:11,26
DA:13,0
DA:14,0
DA:16,0
DA:22,24
DA:23,9
DA:24,9
DA:26,9
DA:27,9
DA:28,9
DA:29,9
DA:30,9
DA:31,9
DA:33,0
DA:34,0
DA:36,0
LF:20
LH:14
BRDA:8,0,0,0
BRDA:8,0,1,26
BRDA:13,1,0,0
BRDA:13,1,1,0
BRDA:24,2,0,0
BRDA:24,2,1,9
BRDA:28,3,0,0
BRDA:28,3,1,9
BRDA:33,4,0,0
BRDA:33,4,1,0
BRF:10
BRH:3
end_of_record
TN:
SF:src/deduction-interface/deduction-interface.js
FN:9,(anonymous_0)
FN:10,(anonymous_1)
FN:11,(anonymous_2)
FN:23,(anonymous_3)
FN:27,(anonymous_4)
FN:32,(anonymous_5)
FN:49,(anonymous_6)
FN:53,(anonymous_7)
FN:63,(anonymous_8)
FNF:9
FNH:9
FNDA:156,(anonymous_0)
FNDA:109,(anonymous_1)
FNDA:123,(anonymous_2)
FNDA:123,(anonymous_3)
FNDA:109,(anonymous_4)
FNDA:2,(anonymous_5)
FNDA:2,(anonymous_6)
FNDA:2,(anonymous_7)
FNDA:3,(anonymous_8)
DA:9,24
DA:10,156
DA:11,123
DA:15,109
DA:16,0
DA:23,123
DA:27,156
DA:28,109
DA:29,109
DA:32,156
DA:33,2
DA:35,2
DA:42,2
DA:44,2
DA:47,2
DA:51,2
DA:52,2
DA:53,2
DA:54,2
DA:59,2
DA:60,2
DA:63,2
DA:64,3
DA:67,2
DA:68,0
DA:73,2
DA:77,2
DA:83,2
DA:86,156
LF:29
LH:27
BRDA:9,0,0,13
BRDA:12,1,0,123
BRDA:12,1,1,123
BRDA:12,1,2,123
BRDA:15,2,0,0
BRDA:15,2,1,109
BRDA:35,3,0,0
BRDA:35,3,1,2
BRDA:59,4,0,2
BRDA:59,4,1,0
BRDA:67,5,0,0
BRDA:67,5,1,2
BRF:12
BRH:8
end_of_record
TN:
SF:src/deduction-interface/index.js
FNF:0
FNH:0
LF:0
LH:0
BRF:0
BRH:0
end_of_record
TN:
SF:src/deduction-interface/rules-interface/biconditional-elimination-rule-interface.js
FN:11,(anonymous_0)
FN:16,(anonymous_1)
FNF:2
FNH:2
FNDA:2,(anonymous_0)
FNDA:2,(anonymous_1)
DA:9,24
DA:12,2
DA:13,2
DA:17,2
DA:19,2
DA:20,2
DA:22,2
DA:28,2
DA:30,2
LF:9
LH:9
BRDA:16,0,0,0
BRDA:20,1,0,1
BRDA:20,1,1,1
BRF:3
BRH:2
end_of_record
TN:
SF:src/deduction-interface/rules-interface/biconditional-introduction-rule-interface.js
FN:11,(anonymous_0)
FN:21,(anonymous_1)
FNF:2
FNH:2
FNDA:2,(anonymous_0)
FNDA:2,(anonymous_1)
DA:9,24
DA:16,2
DA:17,2
DA:18,2
DA:22,2
DA:30,2
DA:32,2
LF:7
LH:7
BRF:0
BRH:0
end_of_record
TN:
SF:src/deduction-interface/rules-interface/conditional-elimination-rule-interface.js
FN:9,(anonymous_0)
FN:19,(anonymous_1)
FNF:2
FNH:2
FNDA:1,(anonymous_0)
FNDA:1,(anonymous_1)
DA:7,24
DA:14,1
DA:15,1
DA:16,1
DA:20,1
DA:21,1
DA:23,1
DA:28,1
DA:30,1
LF:9
LH:9
BRF:0
BRH:0
end_of_record
TN:
SF:src/deduction-interface/rules-interface/conditional-introduction-rule-interface.js
FN:11,(anonymous_0)
FN:17,(anonymous_1)
FNF:2
FNH:2
FNDA:13,(anonymous_0)
FNDA:13,(anonymous_1)
DA:9,24
DA:12,13
DA:13,13
DA:14,13
DA:18,13
DA:30,13
DA:32,13
LF:7
LH:7
BRF:0
BRH:0
end_of_record
TN:
SF:src/deduction-interface/rules-interface/conjunction-elimination-rule-interface.js
FN:9,(anonymous_0)
FN:15,(anonymous_1)
FNF:2
FNH:2
FNDA:2,(anonymous_0)
FNDA:2,(anonymous_1)
DA:7,24
DA:10,2
DA:11,2
DA:16,2
DA:17,2
DA:19,2
DA:24,2
DA:26,2
LF:8
LH:8
BRF:0
BRH:0
end_of_record
TN:
SF:src/deduction-interface/rules-interface/conjunction-introduction-rule-interface.js
FN:11,(anonymous_0)
FN:17,(anonymous_1)
FNF:2
FNH:2
FNDA:1,(anonymous_0)
FNDA:1,(anonymous_1)
DA:9,24
DA:12,1
DA:13,1
DA:14,1
DA:18,1
DA:29,1
DA:31,1
LF:7
LH:7
BRF:0
BRH:0
end_of_record
TN:
SF:src/deduction-interface/rules-interface/disjunction-elimination-rule-interface.js
FN:9,(anonymous_0)
FN:23,(anonymous_1)
FNF:2
FNH:2
FNDA:1,(anonymous_0)
FNDA:1,(anonymous_1)
DA:7,24
DA:16,1
DA:17,1
DA:18,1
DA:19,1
DA:20,1
DA:24,1
DA:34,1
DA:36,1
LF:9
LH:9
BRF:0
BRH:0
end_of_record
TN:
SF:src/deduction-interface/rules-interface/disjunction-introduction-rule-interface.js
FN:11,(anonymous_0)
FN:16,(anonymous_1)
FNF:2
FNH:2
FNDA:2,(anonymous_0)
FNDA:2,(anonymous_1)
DA:9,24
DA:12,2
DA:13,2
DA:17,2
DA:19,2
DA:21,2
DA:26,2
DA:31,2
DA:33,2
LF:9
LH:9
BRDA:16,0,0,0
BRDA:19,1,0,1
BRDA:19,1,1,1
BRF:3
BRH:2
end_of_record
TN:
SF:src/deduction-interface/rules-interface/explosion-rule-interface.js
FN:9,(anonymous_0)
FN:19,(anonymous_1)
FNF:2
FNH:2
FNDA:2,(anonymous_0)
FNDA:2,(anonymous_1)
DA:7,24
DA:14,2
DA:15,2
DA:16,2
DA:20,2
DA:25,2
DA:27,2
LF:7
LH:7
BRF:0
BRH:0
end_of_record
TN:
SF:src/deduction-interface/rules-interface/index.js
FNF:0
FNH:0
LF:0
LH:0
BRF:0
BRH:0
end_of_record
TN:
SF:src/deduction-interface/rules-interface/negation-elimination-rule-interface.js
FN:9,(anonymous_0)
FN:14,(anonymous_1)
FNF:2
FNH:2
FNDA:1,(anonymous_0)
FNDA:1,(anonymous_1)
DA:7,24
DA:10,1
DA:11,1
DA:15,1
DA:17,1
DA:22,1
DA:24,1
LF:7
LH:7
BRF:0
BRH:0
end_of_record
TN:
SF:src/deduction-interface/rules-interface/negation-introduction-rule-interface.js
FN:11,(anonymous_0)
FN:23,(anonymous_1)
FNF:2
FNH:2
FNDA:4,(anonymous_0)
FNDA:4,(anonymous_1)
DA:9,24
DA:17,4
DA:18,4
DA:19,4
DA:20,4
DA:24,4
DA:33,4
DA:35,4
LF:8
LH:8
BRF:0
BRH:0
end_of_record
TN:
SF:src/deduction-interface/rules-interface/premise-rule-interface.js
FN:9,(anonymous_0)
FN:13,(anonymous_1)
FNF:2
FNH:2
FNDA:21,(anonymous_0)
FNDA:21,(anonymous_1)
DA:7,24
DA:10,21
DA:14,21
DA:19,21
DA:21,21
LF:5
LH:5
BRF:0
BRH:0
end_of_record
TN:
SF:src/deduction-interface/rules-interface/rules-interface.js
FN:40,(anonymous_0)
FN:42,(anonymous_1)
FN:47,(anonymous_2)
FN:51,(anonymous_3)
FN:60,(anonymous_4)
FN:64,(anonymous_5)
FN:73,(anonymous_6)
FN:80,(anonymous_7)
FN:89,(anonymous_8)
FN:96,(anonymous_9)
FN:101,(anonymous_10)
FN:114,(anonymous_11)
FN:130,(anonymous_12)
FN:140,(anonymous_13)
FN:144,(anonymous_14)
FN:154,(anonymous_15)
FN:158,(anonymous_16)
FN:168,(anonymous_17)
FN:179,(anonymous_18)
FN:189,(anonymous_19)
FN:196,(anonymous_20)
FN:209,(anonymous_21)
FN:235,(anonymous_22)
FN:238,(anonymous_23)
FN:255,(anonymous_24)
FN:269,(anonymous_25)
FNF:26
FNH:25
FNDA:109,(anonymous_0)
FNDA:21,(anonymous_1)
FNDA:13,(anonymous_2)
FNDA:26,(anonymous_3)
FNDA:4,(anonymous_4)
FNDA:14,(anonymous_5)
FNDA:8,(anonymous_6)
FNDA:21,(anonymous_7)
FNDA:10,(anonymous_8)
FNDA:0,(anonymous_9)
FNDA:4,(anonymous_10)
FNDA:12,(anonymous_11)
FNDA:1,(anonymous_12)
FNDA:2,(anonymous_13)
FNDA:4,(anonymous_14)
FNDA:1,(anonymous_15)
FNDA:2,(anonymous_16)
FNDA:1,(anonymous_17)
FNDA:2,(anonymous_18)
FNDA:2,(anonymous_19)
FNDA:1,(anonymous_20)
FNDA:3,(anonymous_21)
FNDA:2,(anonymous_22)
FNDA:4,(anonymous_23)
FNDA:2,(anonymous_24)
FNDA:109,(anonymous_25)
DA:40,24
DA:41,109
DA:43,21
DA:45,21
DA:48,13
DA:50,13
DA:51,26
DA:53,13
DA:54,13
DA:56,13
DA:58,13
DA:60,4
DA:65,14
DA:67,14
DA:68,14
DA:69,14
DA:71,14
DA:74,8
DA:76,8
DA:78,8
DA:81,21
DA:83,21
DA:84,21
DA:85,21
DA:87,21
DA:90,10
DA:92,10
DA:94,10
DA:97,0
DA:99,0
DA:102,4
DA:108,4
DA:114,12
DA:116,4
DA:118,4
DA:119,4
DA:121,4
DA:123,4
DA:131,1
DA:133,1
DA:134,1
DA:136,1
DA:138,1
DA:141,2
DA:143,2
DA:144,4
DA:146,2
DA:148,2
DA:155,1
DA:157,1
DA:158,2
DA:160,1
DA:162,1
DA:169,1
DA:171,1
DA:173,1
DA:180,2
DA:182,2
DA:183,2
DA:185,2
DA:187,2
DA:190,2
DA:192,2
DA:194,2
DA:197,1
DA:203,1
DA:209,3
DA:211,1
DA:212,1
DA:213,1
DA:215,1
DA:216,1
DA:218,1
DA:220,1
DA:224,0
DA:227,1
DA:236,2
DA:238,4
DA:240,2
DA:241,2
DA:243,2
DA:244,2
DA:246,2
DA:247,2
DA:249,2
DA:256,2
DA:258,2
DA:260,2
DA:262,2
DA:264,2
DA:268,109
DA:270,109
DA:272,109
DA:273,0
DA:276,109
LF:95
LH:91
BRDA:43,0,0,0
BRDA:43,0,1,21
BRDA:48,1,0,0
BRDA:48,1,1,13
BRDA:56,2,0,0
BRDA:56,2,1,13
BRDA:56,3,0,13
BRDA:56,3,1,13
BRDA:65,4,0,0
BRDA:65,4,1,14
BRDA:69,5,0,0
BRDA:69,5,1,14
BRDA:74,6,0,0
BRDA:74,6,1,8
BRDA:81,7,0,0
BRDA:81,7,1,21
BRDA:85,8,0,0
BRDA:85,8,1,21
BRDA:90,9,0,0
BRDA:90,9,1,10
BRDA:97,10,0,0
BRDA:97,10,1,0
BRDA:102,11,0,0
BRDA:102,11,1,4
BRDA:116,12,0,0
BRDA:116,12,1,4
BRDA:118,13,0,0
BRDA:118,13,1,4
BRDA:119,14,0,0
BRDA:119,14,1,4
BRDA:121,15,0,0
BRDA:121,15,1,4
BRDA:131,16,0,0
BRDA:131,16,1,1
BRDA:136,17,0,0
BRDA:136,17,1,1
BRDA:141,18,0,0
BRDA:141,18,1,2
BRDA:146,19,0,0
BRDA:146,19,1,2
BRDA:155,20,0,0
BRDA:155,20,1,1
BRDA:160,21,0,0
BRDA:160,21,1,1
BRDA:169,22,0,0
BRDA:169,22,1,1
BRDA:180,23,0,0
BRDA:180,23,1,2
BRDA:185,24,0,0
BRDA:185,24,1,2
BRDA:190,25,0,0
BRDA:190,25,1,2
BRDA:197,26,0,0
BRDA:197,26,1,1
BRDA:211,27,0,0
BRDA:211,27,1,1
BRDA:212,28,0,0
BRDA:212,28,1,1
BRDA:213,29,0,0
BRDA:213,29,1,1
BRDA:216,30,0,0
BRDA:216,30,1,1
BRDA:220,31,0,0
BRDA:220,31,1,1
BRDA:221,32,0,1
BRDA:221,32,1,1
BRDA:236,33,0,0
BRDA:236,33,1,2
BRDA:240,34,0,0
BRDA:240,34,1,2
BRDA:241,35,0,0
BRDA:241,35,1,2
BRDA:246,36,0,0
BRDA:246,36,1,2
BRDA:247,37,0,0
BRDA:247,37,1,2
BRDA:256,38,0,0
BRDA:256,38,1,2
BRDA:262,39,0,0
BRDA:262,39,1,2
BRDA:272,40,0,0
BRDA:272,40,1,109
BRF:82
BRH:42
end_of_record
TN:
SF:src/deduction-interface/rules-interface/tautological-implication-rule-interface.js
FN:11,(anonymous_0)
FN:16,(anonymous_1)
FN:17,(anonymous_2)
FNF:3
FNH:3
FNDA:4,(anonymous_0)
FNDA:4,(anonymous_1)
FNDA:10,(anonymous_2)
DA:9,24
DA:12,4
DA:13,4
DA:17,10
DA:19,4
DA:20,0
DA:27,4
DA:33,4
DA:35,4
LF:9
LH:8
BRDA:19,0,0,0
BRDA:19,0,1,4
BRF:2
BRH:1
end_of_record
TN:
SF:src/deduction-interface/rules-interface/theorem-rule-interface.js
FN:8,(anonymous_0)
FN:12,(anonymous_1)
FNF:2
FNH:0
FNDA:0,(anonymous_0)
FNDA:0,(anonymous_1)
DA:6,24
DA:9,0
DA:12,0
LF:3
LH:1
BRF:0
BRH:0
end_of_record
TN:
SF:src/deduction-interface/rules-interface/quantification/existential-generalization-rule-interface.js
FN:12,(anonymous_0)
FNF:1
FNH:1
FNDA:8,(anonymous_0)
DA:9,24
DA:13,8
DA:15,8
DA:19,8
DA:29,8
DA:31,8
LF:6
LH:6
BRDA:15,0,0,7
BRDA:15,0,1,1
BRF:2
BRH:2
end_of_record
TN:
SF:src/deduction-interface/rules-interface/quantification/existential-instantiation-rule-interface.js
FN:10,(anonymous_0)
FN:23,(anonymous_1)
FNF:2
FNH:2
FNDA:19,(anonymous_0)
FNDA:11,(anonymous_1)
DA:7,24
DA:11,19
DA:13,19
DA:14,19
DA:19,19
DA:20,18
DA:21,18
DA:23,18
DA:25,18
DA:28,19
DA:35,19
DA:37,19
LF:12
LH:12
BRDA:14,0,0,18
BRDA:14,0,1,1
BRDA:19,1,0,18
BRDA:19,1,1,1
BRF:4
BRH:4
end_of_record
TN:
SF:src/deduction-interface/rules-interface/quantification/generalization-rule-interface.js
FN:12,(anonymous_0)
FN:32,(anonymous_1)
FNF:2
FNH:2
FNDA:18,(anonymous_0)
FNDA:6,(anonymous_1)
DA:7,24
DA:13,18
DA:15,18
DA:16,18
DA:17,16
DA:18,1
DA:21,15
DA:22,15
DA:23,15
DA:24,1
DA:29,16
DA:33,6
DA:34,6
LF:13
LH:13
BRDA:15,0,0,18
BRDA:15,0,1,16
BRDA:16,1,0,16
BRDA:16,1,1,2
BRDA:17,2,0,1
BRDA:17,2,1,15
BRDA:21,3,0,15
BRDA:21,3,1,0
BRDA:23,4,0,1
BRDA:23,4,1,14
BRF:10
BRH:9
end_of_record
TN:
SF:src/deduction-interface/rules-interface/quantification/index.js
FNF:0
FNH:0
LF:0
LH:0
BRF:0
BRH:0
end_of_record
TN:
SF:src/deduction-interface/rules-interface/quantification/instantiation-rule-interface.js
FN:12,(anonymous_0)
FN:31,(anonymous_1)
FNF:2
FNH:2
FNDA:35,(anonymous_0)
FNDA:21,(anonymous_1)
DA:7,24
DA:13,35
DA:15,35
DA:16,4
DA:17,2
DA:20,31
DA:21,31
DA:22,31
DA:23,31
DA:24,2
DA:28,31
DA:32,21
DA:33,21
LF:13
LH:13
BRDA:15,0,0,4
BRDA:15,0,1,31
BRDA:16,1,0,2
BRDA:16,1,1,2
BRDA:23,2,0,2
BRDA:23,2,1,29
BRF:6
BRH:6
end_of_record
TN:
SF:src/deduction-interface/rules-interface/quantification/quantification-rule-interface.js
FN:6,(anonymous_0)
FN:11,(anonymous_1)
FNF:2
FNH:2
FNDA:53,(anonymous_0)
FNDA:127,(anonymous_1)
DA:4,24
DA:7,53
DA:8,53
DA:11,127
LF:4
LH:4
BRF:0
BRH:0
end_of_record
TN:
SF:src/deduction-interface/rules-interface/quantification/universal-generalization-rule-interface.js
FN:12,(anonymous_0)
FN:24,(anonymous_1)
FNF:2
FNH:2
FNDA:8,(anonymous_0)
FNDA:2,(anonymous_1)
DA:9,24
DA:13,8
DA:15,8
DA:20,8
DA:21,7
DA:22,7
DA:24,7
DA:26,7
DA:29,8
DA:40,8
DA:42,6
LF:11
LH:11
BRDA:15,0,0,7
BRDA:15,0,1,1
BRDA:20,1,0,7
BRDA:20,1,1,1
BRF:4
BRH:4
end_of_record
TN:
SF:src/deduction-interface/rules-interface/quantification/universal-instantiation-rule-interface.js
FN:10,(anonymous_0)
FNF:1
FNH:1
FNDA:12,(anonymous_0)
DA:7,24
DA:11,12
DA:13,12
DA:15,12
DA:19,12
DA:25,12
DA:27,12
LF:7
LH:7
BRDA:15,0,0,11
BRDA:15,0,1,1
BRF:2
BRH:2
end_of_record
TN:
SF:src/deduction-structure/deduction.js
FN:11,(anonymous_0)
FN:21,(anonymous_1)
FN:25,(anonymous_2)
FN:28,(anonymous_3)
FN:35,(anonymous_4)
FN:37,(anonymous_5)
FN:41,(anonymous_6)
FN:48,(anonymous_7)
FN:54,(anonymous_8)
FN:66,(anonymous_9)
FN:100,(anonymous_10)
FN:111,(anonymous_11)
FN:124,(anonymous_12)
FN:128,(anonymous_13)
FN:136,(anonymous_14)
FN:139,(anonymous_15)
FN:151,(anonymous_16)
FN:155,(anonymous_17)
FNF:18
FNH:15
FNDA:255,(anonymous_0)
FNDA:176,(anonymous_1)
FNDA:43,(anonymous_2)
FNDA:430,(anonymous_3)
FNDA:0,(anonymous_4)
FNDA:0,(anonymous_5)
FNDA:84,(anonymous_6)
FNDA:103,(anonymous_7)
FNDA:0,(anonymous_8)
FNDA:103,(anonymous_9)
FNDA:25,(anonymous_10)
FNDA:2,(anonymous_11)
FNDA:101,(anonymous_12)
FNDA:101,(anonymous_13)
FNDA:103,(anonymous_14)
FNDA:117,(anonymous_15)
FNDA:63,(anonymous_16)
FNDA:103,(anonymous_17)
DA:9,25
DA:17,255
DA:18,255
DA:21,176
DA:25,43
DA:29,430
DA:30,430
DA:31,430
DA:36,0
DA:37,0
DA:38,0
DA:42,84
DA:43,84
DA:44,84
DA:49,103
DA:58,0
DA:59,0
DA:63,0
DA:73,103
DA:75,103
DA:77,103
DA:78,25
DA:81,101
DA:88,101
DA:94,101
DA:104,25
DA:106,25
DA:108,25
DA:112,2
DA:113,2
DA:114,2
DA:115,2
DA:117,2
DA:121,23
DA:125,101
DA:129,101
DA:137,103
DA:139,103
DA:140,117
DA:145,117
DA:147,117
DA:148,69
DA:151,117
DA:154,103
DA:155,103
DA:158,103
LF:46
LH:40
BRDA:13,0,0,215
BRDA:15,1,0,251
BRDA:30,2,0,0
BRDA:30,2,1,430
BRDA:43,3,0,0
BRDA:43,3,1,84
BRDA:49,4,0,0
BRDA:49,4,1,103
BRDA:77,5,0,25
BRDA:77,5,1,78
BRDA:113,6,0,2
BRDA:113,6,1,0
BRDA:147,7,0,69
BRDA:147,7,1,48
BRDA:147,8,0,117
BRDA:147,8,1,48
BRDA:154,9,0,103
BRDA:154,9,1,0
BRF:18
BRH:13
end_of_record
TN:
SF:src/deduction-structure/index.js
FNF:0
FNH:0
LF:0
LH:0
BRF:0
BRH:0
end_of_record
TN:
SF:src/deduction-structure/rule.js
FN:32,(anonymous_0)
FN:33,(anonymous_1)
FNF:2
FNH:2
FNDA:6,(anonymous_0)
FNDA:53,(anonymous_1)
DA:2,25
DA:32,25
DA:33,53
DA:35,25
DA:65,25
LF:5
LH:5
BRF:0
BRH:0
end_of_record
TN:
SF:src/deduction-structure/step.js
FN:9,(anonymous_0)
FN:28,(anonymous_1)
FN:45,(anonymous_2)
FNF:3
FNH:2
FNDA:202,(anonymous_0)
FNDA:202,(anonymous_1)
FNDA:0,(anonymous_2)
DA:7,25
DA:20,202
DA:21,202
DA:22,202
DA:26,25
DA:36,202
DA:37,202
DA:38,202
DA:39,202
DA:43,25
DA:46,0
DA:47,0
LF:12
LH:10
BRDA:11,0,0,55
BRDA:18,1,0,0
BRDA:29,2,0,0
BRDA:30,3,0,49
BRDA:34,4,0,179
BRF:5
BRH:3
end_of_record
TN:
SF:src/deduction-structure/rule-application-spec/index.js
FNF:0
FNH:0
LF:0
LH:0
BRF:0
BRH:0
end_of_record
TN:
SF:src/deduction-structure/rule-application-spec/regular-rule-application-spec.js
FN:19,(anonymous_0)
FNF:1
FNH:1
FNDA:103,(anonymous_0)
DA:17,24
DA:30,103
DA:31,103
DA:32,103
DA:33,103
DA:34,103
LF:6
LH:6
BRDA:20,0,0,0
BRDA:22,1,0,21
BRF:2
BRH:1
end_of_record
TN:
SF:src/deduction-structure/rule-application-spec/theorem-rule-application-spec.js
FN:8,(anonymous_0)
FNF:1
FNH:0
FNDA:0,(anonymous_0)
DA:6,24
DA:13,0
DA:14,0
DA:15,0
LF:4
LH:1
BRF:0
BRH:0
end_of_record
TN:
SF:src/deduction-structure/term-dependency-graph/index.js
FNF:0
FNH:0
LF:0
LH:0
BRF:0
BRH:0
end_of_record
TN:
SF:src/deduction-structure/term-dependency-graph/term-dependency-graph.js
FN:11,(anonymous_0)
FN:15,(anonymous_1)
FN:19,(anonymous_2)
FN:23,(anonymous_3)
FN:29,(anonymous_4)
FN:35,(anonymous_5)
FN:42,(anonymous_6)
FN:57,(anonymous_7)
FN:70,(anonymous_8)
FN:74,(anonymous_9)
FN:79,(anonymous_10)
FN:82,(anonymous_11)
FN:83,(anonymous_12)
FN:88,(anonymous_13)
FN:96,(anonymous_14)
FN:103,(anonymous_15)
FN:109,(anonymous_16)
FN:116,(anonymous_17)
FN:125,(anonymous_18)
FN:136,(anonymous_19)
FN:146,(anonymous_20)
FN:157,(anonymous_21)
FN:169,(anonymous_22)
FNF:23
FNH:23
FNDA:509,(anonymous_0)
FNDA:145,(anonymous_1)
FNDA:8,(anonymous_2)
FNDA:3,(anonymous_3)
FNDA:32,(anonymous_4)
FNDA:20,(anonymous_5)
FNDA:17,(anonymous_6)
FNDA:34,(anonymous_7)
FNDA:9,(anonymous_8)
FNDA:27,(anonymous_9)
FNDA:25,(anonymous_10)
FNDA:49,(anonymous_11)
FNDA:10,(anonymous_12)
FNDA:6,(anonymous_13)
FNDA:4,(anonymous_14)
FNDA:9,(anonymous_15)
FNDA:6,(anonymous_16)
FNDA:4,(anonymous_17)
FNDA:17,(anonymous_18)
FNDA:4,(anonymous_19)
FNDA:24,(anonymous_20)
FNDA:3,(anonymous_21)
FNDA:4,(anonymous_22)
DA:9,26
DA:12,509
DA:16,145
DA:20,8
DA:24,3
DA:30,32
DA:31,2
DA:34,30
DA:35,20
DA:37,30
DA:38,3
DA:41,27
DA:42,27
DA:43,17
DA:45,17
DA:46,1
DA:49,17
DA:52,27
DA:62,34
DA:63,34
DA:65,34
DA:66,34
DA:67,17
DA:69,10
DA:70,9
DA:75,27
DA:80,25
DA:82,49
DA:83,10
DA:89,6
DA:90,6
DA:92,6
DA:93,6
DA:95,3
DA:96,3
DA:97,4
DA:100,3
DA:104,9
DA:105,9
DA:106,9
DA:110,6
DA:111,6
DA:113,6
DA:115,6
DA:116,6
DA:117,4
DA:120,6
DA:126,17
DA:133,17
DA:135,17
DA:137,4
DA:147,24
DA:148,4
DA:149,4
DA:152,20
DA:153,20
DA:155,6
DA:158,3
DA:170,4
DA:171,4
DA:173,4
DA:174,4
DA:176,4
DA:178,4
DA:179,1
DA:181,3
DA:184,4
LF:67
LH:67
BRDA:29,0,0,0
BRDA:30,1,0,2
BRDA:30,1,1,30
BRDA:37,2,0,3
BRDA:37,2,1,27
BRDA:45,3,0,1
BRDA:45,3,1,16
BRDA:60,4,0,25
BRDA:62,5,0,0
BRDA:62,5,1,34
BRDA:66,6,0,17
BRDA:66,6,1,17
BRDA:67,7,0,7
BRDA:67,7,1,10
BRDA:88,8,0,2
BRDA:89,9,0,0
BRDA:89,9,1,6
BRDA:93,10,0,3
BRDA:93,10,1,3
BRDA:105,11,0,0
BRDA:105,11,1,9
BRDA:109,12,0,2
BRDA:110,13,0,0
BRDA:110,13,1,6
BRDA:146,14,0,7
BRDA:147,15,0,4
BRDA:147,15,1,20
BRDA:147,16,0,24
BRDA:147,16,1,7
BRDA:153,17,0,14
BRDA:153,17,1,6
BRDA:171,18,0,0
BRDA:171,18,1,4
BRDA:178,19,0,1
BRDA:178,19,1,3
BRF:35
BRH:29
end_of_record
TN:
SF:src/deduction-util/deduction-deflated.js
FN:6,(anonymous_0)
FN:10,(anonymous_1)
FN:14,(anonymous_2)
FN:32,(anonymous_3)
FN:46,(anonymous_4)
FNF:5
FNH:2
FNDA:2,(anonymous_0)
FNDA:0,(anonymous_1)
FNDA:0,(anonymous_2)
FNDA:17,(anonymous_3)
FNDA:0,(anonymous_4)
DA:4,1
DA:7,2
DA:11,0
DA:12,0
DA:14,0
DA:15,0
DA:16,0
DA:17,0
DA:20,0
DA:25,0
DA:30,1
DA:39,17
DA:40,17
DA:41,17
DA:42,17
DA:43,17
DA:50,0
DA:52,0
DA:54,0
DA:55,0
DA:58,0
DA:59,0
DA:62,0
LF:23
LH:8
BRDA:54,0,0,0
BRDA:54,0,1,0
BRDA:58,1,0,0
BRDA:58,1,1,0
BRF:4
BRH:0
end_of_record
TN:
SF:src/deduction-util/deduction-inflate-deflate.js
FN:10,(anonymous_0)
FN:11,(anonymous_1)
FN:14,(anonymous_2)
FN:76,(anonymous_3)
FN:79,(anonymous_4)
FNF:5
FNH:5
FNDA:2,(anonymous_0)
FNDA:17,(anonymous_1)
FNDA:19,(anonymous_2)
FNDA:2,(anonymous_3)
FNDA:17,(anonymous_4)
DA:10,1
DA:11,2
DA:12,17
DA:14,19
DA:16,17
DA:18,4
DA:19,4
DA:22,0
DA:23,0
DA:26,1
DA:27,1
DA:30,4
DA:33,1
DA:38,1
DA:39,1
DA:40,1
DA:41,1
DA:44,2
DA:49,2
DA:50,2
DA:52,2
DA:55,3
DA:59,3
DA:62,2
DA:66,2
DA:70,17
DA:73,2
DA:76,1
DA:77,2
DA:79,2
DA:80,17
DA:81,17
DA:83,4
DA:84,4
DA:86,0
DA:87,0
DA:89,1
DA:90,1
DA:92,4
DA:93,4
DA:95,1
DA:96,1
DA:98,2
DA:99,2
DA:101,3
DA:102,3
DA:104,2
DA:105,2
DA:109,2
LF:49
LH:45
BRDA:16,0,0,4
BRDA:16,0,1,0
BRDA:16,0,2,1
BRDA:16,0,3,4
BRDA:16,0,4,1
BRDA:16,0,5,2
BRDA:16,0,6,3
BRDA:16,0,7,2
BRDA:81,1,0,4
BRDA:81,1,1,0
BRDA:81,1,2,1
BRDA:81,1,3,4
BRDA:81,1,4,1
BRDA:81,1,5,2
BRDA:81,1,6,3
BRDA:81,1,7,2
BRF:16
BRH:14
end_of_record
TN:
SF:src/parsers/index.js
FNF:0
FNH:0
LF:0
LH:0
BRF:0
BRH:0
end_of_record
TN:
SF:src/parsers/validators.js
FN:8,(anonymous_0)
FN:9,(anonymous_1)
FN:10,(anonymous_2)
FN:11,(anonymous_3)
FNF:4
FNH:0
FNDA:0,(anonymous_0)
FNDA:0,(anonymous_1)
FNDA:0,(anonymous_2)
FNDA:0,(anonymous_3)
DA:3,23
DA:4,23
DA:5,23
DA:6,23
DA:8,23
DA:9,23
DA:10,23
DA:11,23
LF:8
LH:8
BRF:0
BRH:0
end_of_record
TN:
SF:src/parsers/deduction-parser/ast-processor.js
FN:13,(anonymous_0)
FN:17,(anonymous_1)
FN:23,(anonymous_2)
FN:30,(anonymous_3)
FN:112,(anonymous_4)
FN:125,(anonymous_5)
FN:126,(anonymous_6)
FN:127,(anonymous_7)
FN:128,(anonymous_8)
FN:129,(anonymous_9)
FN:133,(anonymous_10)
FN:146,(anonymous_11)
FNF:12
FNH:10
FNDA:8,(anonymous_0)
FNDA:10,(anonymous_1)
FNDA:53,(anonymous_2)
FNDA:53,(anonymous_3)
FNDA:43,(anonymous_4)
FNDA:4,(anonymous_5)
FNDA:2,(anonymous_6)
FNDA:2,(anonymous_7)
FNDA:0,(anonymous_8)
FNDA:0,(anonymous_9)
FNDA:53,(anonymous_10)
FNDA:53,(anonymous_11)
DA:11,24
DA:14,8
DA:18,10
DA:20,10
DA:22,10
DA:23,53
DA:27,10
DA:31,53
DA:33,53
DA:35,53
DA:37,53
DA:38,53
DA:39,53
DA:41,53
DA:48,53
DA:50,16
DA:51,0
DA:53,16
DA:54,16
DA:57,8
DA:58,0
DA:60,8
DA:61,8
DA:64,2
DA:65,0
DA:67,2
DA:68,2
DA:71,7
DA:72,0
DA:74,7
DA:75,7
DA:76,7
DA:79,2
DA:80,0
DA:82,2
DA:83,2
DA:84,2
DA:87,14
DA:88,0
DA:90,14
DA:91,14
DA:92,14
DA:95,4
DA:96,0
DA:98,4
DA:99,4
DA:100,4
DA:102,0
DA:103,0
DA:105,0
DA:106,0
DA:110,53
DA:112,53
DA:113,53
DA:114,0
DA:119,53
DA:120,0
DA:123,53
DA:125,4
DA:126,2
DA:127,2
DA:128,0
DA:129,0
DA:133,24
DA:134,53
DA:135,0
DA:146,24
DA:147,53
DA:149,53
DA:150,0
DA:157,53
DA:159,53
DA:160,43
DA:161,0
DA:168,43
DA:173,43
DA:174,0
LF:77
LH:58
BRDA:48,0,0,16
BRDA:48,0,1,8
BRDA:48,0,2,2
BRDA:48,0,3,7
BRDA:48,0,4,2
BRDA:48,0,5,14
BRDA:48,0,6,4
BRDA:48,0,7,0
BRDA:50,1,0,0
BRDA:50,1,1,16
BRDA:57,2,0,0
BRDA:57,2,1,8
BRDA:64,3,0,0
BRDA:64,3,1,2
BRDA:71,4,0,0
BRDA:71,4,1,7
BRDA:79,5,0,0
BRDA:79,5,1,2
BRDA:87,6,0,0
BRDA:87,6,1,14
BRDA:95,7,0,0
BRDA:95,7,1,4
BRDA:102,8,0,0
BRDA:102,8,1,0
BRDA:113,9,0,0
BRDA:113,9,1,53
BRDA:119,10,0,0
BRDA:119,10,1,53
BRDA:134,11,0,0
BRDA:134,11,1,53
BRDA:134,12,0,53
BRDA:134,12,1,53
BRDA:149,13,0,0
BRDA:149,13,1,53
BRDA:160,14,0,0
BRDA:160,14,1,43
BRDA:173,15,0,0
BRDA:173,15,1,43
BRDA:173,16,0,43
BRDA:173,16,1,0
BRF:40
BRH:23
end_of_record
TN:
SF:src/parsers/deduction-parser/deduction-parser.js
FN:8,(anonymous_0)
FN:12,(anonymous_1)
FN:16,(anonymous_2)
FN:17,(anonymous_3)
FN:18,(anonymous_4)
FN:19,(anonymous_5)
FN:20,(anonymous_6)
FNF:7
FNH:5
FNDA:8,(anonymous_0)
FNDA:10,(anonymous_1)
FNDA:4,(anonymous_2)
FNDA:2,(anonymous_3)
FNDA:2,(anonymous_4)
FNDA:0,(anonymous_5)
FNDA:0,(anonymous_6)
DA:6,24
DA:9,8
DA:13,10
DA:14,10
DA:16,4
DA:17,2
DA:18,2
DA:19,0
DA:20,0
LF:9
LH:7
BRF:0
BRH:0
end_of_record
TN:
SF:src/parsers/deduction-parser/index.js
FNF:0
FNH:0
LF:0
LH:0
BRF:0
BRH:0
end_of_record
TN:
SF:src/parsers/formula-parser/ast-processor.js
FN:19,(anonymous_0)
FN:38,(anonymous_1)
FN:100,(anonymous_2)
FN:105,(anonymous_3)
FN:114,(anonymous_4)
FN:126,(anonymous_5)
FN:127,(anonymous_6)
FN:128,(anonymous_7)
FN:129,(anonymous_8)
FN:130,(anonymous_9)
FN:134,(anonymous_10)
FN:148,(anonymous_11)
FN:149,(anonymous_12)
FNF:13
FNH:12
FNDA:207,(anonymous_0)
FNDA:1359,(anonymous_1)
FNDA:938,(anonymous_2)
FNDA:448,(anonymous_3)
FNDA:445,(anonymous_4)
FNDA:123,(anonymous_5)
FNDA:7,(anonymous_6)
FNDA:2,(anonymous_7)
FNDA:0,(anonymous_8)
FNDA:8,(anonymous_9)
FNDA:445,(anonymous_10)
FNDA:289,(anonymous_11)
FNDA:356,(anonymous_12)
DA:17,26
DA:29,207
DA:30,207
DA:31,207
DA:32,207
DA:39,1359
DA:41,1357
DA:42,1357
DA:44,1357
DA:47,1357
DA:49,1357
DA:50,0
DA:57,1357
DA:58,0
DA:64,1357
DA:65,2
DA:73,1355
DA:74,185
DA:76,185
DA:77,95
DA:78,1
DA:85,94
DA:86,0
DA:93,90
DA:97,1354
DA:100,938
DA:106,448
DA:107,448
DA:108,448
DA:109,448
DA:115,445
DA:116,445
DA:117,445
DA:118,445
DA:120,445
DA:122,445
DA:126,123
DA:127,7
DA:128,2
DA:129,0
DA:130,8
DA:134,26
DA:135,445
DA:137,289
DA:138,200
DA:139,0
DA:142,156
DA:143,0
DA:148,289
DA:149,356
LF:50
LH:44
BRDA:25,0,0,207
BRDA:27,1,0,207
BRDA:38,2,0,419
BRDA:39,3,0,2
BRDA:39,3,1,1357
BRDA:44,4,0,1357
BRDA:44,4,1,355
BRDA:49,5,0,0
BRDA:49,5,1,1357
BRDA:57,6,0,0
BRDA:57,6,1,1357
BRDA:64,7,0,2
BRDA:64,7,1,1355
BRDA:73,8,0,185
BRDA:73,8,1,1170
BRDA:76,9,0,95
BRDA:76,9,1,90
BRDA:77,10,0,1
BRDA:77,10,1,94
BRDA:85,11,0,0
BRDA:85,11,1,94
BRDA:135,12,0,289
BRDA:135,12,1,156
BRDA:137,13,0,89
BRDA:137,13,1,200
BRDA:138,14,0,200
BRDA:138,14,1,0
BRDA:142,15,0,156
BRDA:142,15,1,0
BRF:29
BRH:24
end_of_record
TN:
SF:src/parsers/formula-parser/formula-parser.js
FN:8,(anonymous_0)
FN:12,(anonymous_1)
FN:16,(anonymous_2)
FN:19,(anonymous_3)
FN:22,(anonymous_4)
FN:23,(anonymous_5)
FN:24,(anonymous_6)
FN:25,(anonymous_7)
FN:26,(anonymous_8)
FNF:9
FNH:6
FNDA:199,(anonymous_0)
FNDA:366,(anonymous_1)
FNDA:0,(anonymous_2)
FNDA:3,(anonymous_3)
FNDA:119,(anonymous_4)
FNDA:5,(anonymous_5)
FNDA:0,(anonymous_6)
FNDA:0,(anonymous_7)
FNDA:8,(anonymous_8)
DA:6,26
DA:9,199
DA:13,366
DA:14,366
DA:17,0
DA:20,3
DA:22,119
DA:23,5
DA:24,0
DA:25,0
DA:26,8
LF:11
LH:8
BRF:0
BRH:0
end_of_record
TN:
SF:src/parsers/formula-parser/index.js
FNF:0
FNH:0
LF:0
LH:0
BRF:0
BRH:0
end_of_record
TN:
SF:src/parsers/peg/ast-formula.js
FN:1,(anonymous_0)
FNF:1
FNH:1
FNDA:1359,(anonymous_0)
DA:1,1359
LF:1
LH:1
BRF:0
BRH:0
end_of_record
TN:
SF:src/parsers/peg/index.js
FN:3,(anonymous_0)
FN:4,(anonymous_1)
FNF:2
FNH:2
FNDA:373,(anonymous_0)
FNDA:11,(anonymous_1)
DA:3,373
DA:4,28
LF:2
LH:2
BRF:0
BRH:0
end_of_record
TN:
SF:src/presentation/sym-presentation/index.js
FNF:0
FNH:0
LF:0
LH:0
BRF:0
BRH:0
end_of_record
TN:
SF:src/presentation/sym-presentation/presentations.js
FN:9,(anonymous_0)
FN:13,(anonymous_1)
FN:17,(anonymous_2)
FN:19,(anonymous_3)
FNF:4
FNH:4
FNDA:207,(anonymous_0)
FNDA:1459,(anonymous_1)
FNDA:207,(anonymous_2)
FNDA:1459,(anonymous_3)
DA:9,28
DA:10,207
DA:13,1459
DA:17,28
DA:18,207
DA:19,1459
LF:6
LH:6
BRDA:19,0,0,0
BRDA:19,0,1,207
BRF:2
BRH:1
end_of_record
TN:
SF:src/presentation/sym-presentation/primitive-presentations.js
FNF:0
FNH:0
DA:13,28
LF:1
LH:1
BRF:0
BRH:0
end_of_record
TN:
SF:src/presentation/sym-presentation/sym-presentation.js
FN:9,(anonymous_0)
FN:14,(anonymous_1)
FN:17,(anonymous_2)
FN:26,(anonymous_3)
FN:27,(anonymous_4)
FN:29,(anonymous_5)
FN:34,(anonymous_6)
FNF:7
FNH:4
FNDA:644,(anonymous_0)
FNDA:0,(anonymous_1)
FNDA:0,(anonymous_2)
FNDA:171,(anonymous_3)
FNDA:224,(anonymous_4)
FNDA:840,(anonymous_5)
FNDA:0,(anonymous_6)
DA:7,28
DA:10,644
DA:11,644
DA:15,0
DA:18,0
DA:23,28
DA:26,171
DA:27,224
DA:30,840
DA:31,840
DA:35,0
DA:37,0
DA:39,0
DA:46,28
LF:14
LH:9
BRDA:15,0,0,0
BRDA:15,0,1,0
BRDA:17,1,0,0
BRDA:29,2,0,0
BRDA:34,3,0,0
BRDA:35,4,0,0
BRDA:35,4,1,0
BRF:7
BRH:0
end_of_record
TN:
SF:src/propositional-logic/primitive-truth-functions.js
FN:5,(anonymous_0)
FN:6,(anonymous_1)
FN:7,(anonymous_2)
FN:8,(anonymous_3)
FN:9,(anonymous_4)
FN:12,(anonymous_5)
FN:17,(anonymous_6)
FN:20,(anonymous_7)
FNF:8
FNH:7
FNDA:31,(anonymous_0)
FNDA:80,(anonymous_1)
FNDA:8,(anonymous_2)
FNDA:294,(anonymous_3)
FNDA:0,(anonymous_4)
FNDA:110,(anonymous_5)
FNDA:410,(anonymous_6)
FNDA:790,(anonymous_7)
DA:4,25
DA:5,31
DA:6,80
DA:7,8
DA:8,294
DA:9,0
DA:12,25
DA:13,110
DA:17,410
DA:20,790
LF:10
LH:9
BRDA:6,0,0,80
BRDA:6,0,1,40
BRDA:7,1,0,8
BRDA:7,1,1,4
BRDA:8,2,0,294
BRDA:8,2,1,148
BRF:6
BRH:6
end_of_record
TN:
SF:src/propositional-logic/propositional-logic-util.js
FN:7,(anonymous_0)
FN:18,(anonymous_1)
FN:25,(anonymous_2)
FN:29,(anonymous_3)
FN:51,(anonymous_4)
FN:52,(anonymous_5)
FN:53,(anonymous_6)
FN:60,(anonymous_7)
FN:64,(anonymous_8)
FN:66,(anonymous_9)
FN:73,(anonymous_10)
FN:80,(anonymous_11)
FN:87,(anonymous_12)
FN:92,(anonymous_13)
FN:101,(anonymous_14)
FN:112,(anonymous_15)
FN:119,(anonymous_16)
FN:126,(anonymous_17)
FN:133,(anonymous_18)
FNF:19
FNH:19
FNDA:14,(anonymous_0)
FNDA:6,(anonymous_1)
FNDA:33,(anonymous_2)
FNDA:354,(anonymous_3)
FNDA:410,(anonymous_4)
FNDA:178,(anonymous_5)
FNDA:341,(anonymous_6)
FNDA:178,(anonymous_7)
FNDA:341,(anonymous_8)
FNDA:321,(anonymous_9)
FNDA:113,(anonymous_10)
FNDA:18,(anonymous_11)
FNDA:7,(anonymous_12)
FNDA:2,(anonymous_13)
FNDA:3,(anonymous_14)
FNDA:6,(anonymous_15)
FNDA:6,(anonymous_16)
FNDA:7,(anonymous_17)
FNDA:5,(anonymous_18)
DA:7,25
DA:8,14
DA:10,14
DA:12,12
DA:13,8
DA:14,8
DA:15,7
DA:18,6
DA:19,3
DA:21,3
DA:25,25
DA:26,33
DA:29,25
DA:34,354
DA:36,354
DA:37,0
DA:40,354
DA:41,244
DA:42,244
DA:43,129
DA:45,115
DA:48,110
DA:50,110
DA:51,410
DA:52,178
DA:53,341
DA:60,178
DA:64,25
DA:65,341
DA:67,321
DA:73,25
DA:74,113
DA:75,113
DA:76,113
DA:80,25
DA:81,18
DA:82,13
DA:83,13
DA:87,25
DA:88,7
DA:92,25
DA:93,2
DA:94,2
DA:96,1
DA:98,1
DA:101,25
DA:102,3
DA:104,3
DA:106,3
DA:108,3
DA:112,25
DA:113,6
DA:114,5
DA:115,5
DA:119,25
DA:120,6
DA:121,5
DA:122,5
DA:126,25
DA:127,7
DA:128,6
DA:129,6
DA:133,25
DA:134,5
DA:135,4
DA:136,4
LF:66
LH:65
BRDA:7,0,0,0
BRDA:10,1,0,2
BRDA:10,1,1,12
BRDA:12,2,0,8
BRDA:12,2,1,4
BRDA:14,3,0,1
BRDA:14,3,1,7
BRDA:32,4,0,33
BRDA:36,5,0,0
BRDA:36,5,1,354
BRDA:36,6,0,354
BRDA:36,6,1,354
BRDA:40,7,0,244
BRDA:40,7,1,110
BRDA:42,8,0,129
BRDA:42,8,1,115
BRDA:43,9,0,79
BRDA:43,9,1,50
BRDA:75,10,0,0
BRDA:75,10,1,113
BRDA:81,11,0,5
BRDA:81,11,1,13
BRDA:88,12,0,7
BRDA:88,12,1,5
BRDA:94,13,0,1
BRDA:94,13,1,1
BRDA:104,14,0,0
BRDA:104,14,1,3
BRDA:113,15,0,1
BRDA:113,15,1,5
BRDA:115,16,0,5
BRDA:115,16,1,3
BRDA:120,17,0,1
BRDA:120,17,1,5
BRDA:122,18,0,5
BRDA:122,18,1,3
BRDA:127,19,0,1
BRDA:127,19,1,6
BRDA:134,20,0,1
BRDA:134,20,1,4
BRF:40
BRH:36
end_of_record
TN:
SF:src/propositional-logic/propositional-logic.js
FN:7,(anonymous_0)
FN:9,(anonymous_1)
FN:11,(anonymous_2)
FN:13,(anonymous_3)
FN:15,(anonymous_4)
FN:17,(anonymous_5)
FN:30,(anonymous_6)
FN:32,(anonymous_7)
FNF:8
FNH:5
FNDA:0,(anonymous_0)
FNDA:27,(anonymous_1)
FNDA:0,(anonymous_2)
FNDA:27,(anonymous_3)
FNDA:0,(anonymous_4)
FNDA:16,(anonymous_5)
FNDA:27,(anonymous_6)
FNDA:27,(anonymous_7)
DA:7,25
DA:9,27
DA:11,25
DA:13,27
DA:15,25
DA:17,25
DA:18,16
DA:19,14
DA:20,3
DA:27,11
DA:30,27
DA:32,25
DA:33,27
DA:34,27
LF:14
LH:14
BRDA:11,0,0,0
BRDA:11,0,1,0
BRDA:18,1,0,2
BRDA:18,1,1,14
BRDA:19,2,0,3
BRDA:19,2,1,11
BRF:6
BRH:4
end_of_record
TN:
SF:src/propositional-logic/reduce-to-truth-functional.js
FN:6,(anonymous_0)
FN:9,(anonymous_1)
FN:14,(anonymous_2)
FNF:3
FNH:3
FNDA:27,(anonymous_0)
FNDA:165,(anonymous_1)
FNDA:138,(anonymous_2)
DA:6,25
DA:7,27
DA:9,25
DA:10,165
DA:12,165
DA:13,125
DA:18,138
DA:20,138
DA:23,125
DA:26,40
DA:28,40
DA:30,40
DA:31,40
DA:32,23
DA:33,23
DA:39,40
LF:16
LH:16
BRDA:9,0,0,27
BRDA:12,1,0,125
BRDA:12,1,1,40
BRDA:12,2,0,165
BRDA:12,2,1,130
BRDA:31,3,0,23
BRDA:31,3,1,17
BRF:7
BRH:7
end_of_record
